{"C:\\Users\\ala\\Desktop\\Nouveau dossier (2)\\Esprit-PIDEV-4TWIN1-2026-Artisant\\front\\src\\App.jsx": {"path":"C:\\Users\\ala\\Desktop\\Nouveau dossier (2)\\Esprit-PIDEV-4TWIN1-2026-Artisant\\front\\src\\App.jsx","statementMap":{"0":{"start":{"line":49,"column":8},"end":{"line":49,"column":69}},"1":{"start":{"line":49,"column":45},"end":{"line":49,"column":69}},"2":{"start":{"line":51,"column":2},"end":{"line":154,"column":null}},"3":{"start":{"line":159,"column":2},"end":{"line":162,"column":null}}},"fnMap":{"0":{"name":"AppContent","decl":{"start":{"line":48,"column":9},"end":{"line":48,"column":22}},"loc":{"start":{"line":48,"column":22},"end":{"line":154,"column":null}},"line":48},"1":{"name":"(anonymous_1)","decl":{"start":{"line":49,"column":26},"end":{"line":49,"column":39}},"loc":{"start":{"line":49,"column":45},"end":{"line":49,"column":69}},"line":49},"2":{"name":"App","decl":{"start":{"line":158,"column":9},"end":{"line":158,"column":15}},"loc":{"start":{"line":158,"column":15},"end":{"line":162,"column":null}},"line":158}},"branchMap":{"0":{"loc":{"start":{"line":151,"column":7},"end":{"line":151,"column":null}},"type":"binary-expr","locations":[{"start":{"line":151,"column":7},"end":{"line":151,"column":26}},{"start":{"line":151,"column":26},"end":{"line":151,"column":null}}],"line":151},"1":{"loc":{"start":{"line":152,"column":7},"end":{"line":152,"column":null}},"type":"binary-expr","locations":[{"start":{"line":152,"column":7},"end":{"line":152,"column":26}},{"start":{"line":152,"column":26},"end":{"line":152,"column":null}}],"line":152},"2":{"loc":{"start":{"line":153,"column":7},"end":{"line":153,"column":null}},"type":"binary-expr","locations":[{"start":{"line":153,"column":7},"end":{"line":153,"column":26}},{"start":{"line":153,"column":26},"end":{"line":153,"column":null}}],"line":153}},"s":{"0":0,"1":0,"2":0,"3":0},"f":{"0":0,"1":0,"2":0},"b":{"0":[0,0],"1":[0,0],"2":[0,0]},"meta":{"lastBranch":3,"lastFunction":3,"lastStatement":4,"seen":{"f:48:9:48:22":0,"s:49:8:49:69":0,"f:49:26:49:39":1,"s:49:45:49:69":1,"s:51:2:154:Infinity":2,"b:151:7:151:26:151:26:151:Infinity":0,"b:152:7:152:26:152:26:152:Infinity":1,"b:153:7:153:26:153:26:153:Infinity":2,"f:158:9:158:15":2,"s:159:2:162:Infinity":3}}}
,"C:\\Users\\ala\\Desktop\\Nouveau dossier (2)\\Esprit-PIDEV-4TWIN1-2026-Artisant\\front\\src\\components\\ConfirmModal.jsx": {"path":"C:\\Users\\ala\\Desktop\\Nouveau dossier (2)\\Esprit-PIDEV-4TWIN1-2026-Artisant\\front\\src\\components\\ConfirmModal.jsx","statementMap":{"0":{"start":{"line":20,"column":14},"end":{"line":42,"column":null}},"1":{"start":{"line":44,"column":6},"end":{"line":122,"column":null}},"2":{"start":{"line":45,"column":2},"end":{"line":45,"column":null}},"3":{"start":{"line":45,"column":15},"end":{"line":45,"column":null}},"4":{"start":{"line":47,"column":85},"end":{"line":47,"column":null}},"5":{"start":{"line":48,"column":16},"end":{"line":48,"column":null}},"6":{"start":{"line":50,"column":8},"end":{"line":52,"column":null}},"7":{"start":{"line":51,"column":4},"end":{"line":51,"column":null}},"8":{"start":{"line":52,"column":4},"end":{"line":52,"column":null}},"9":{"start":{"line":55,"column":2},"end":{"line":122,"column":null}},"10":{"start":{"line":58,"column":22},"end":{"line":58,"column":63}}},"fnMap":{"0":{"name":"(anonymous_0)","decl":{"start":{"line":44,"column":6},"end":{"line":44,"column":22}},"loc":{"start":{"line":44,"column":46},"end":{"line":122,"column":null}},"line":44},"1":{"name":"(anonymous_1)","decl":{"start":{"line":50,"column":8},"end":{"line":50,"column":30}},"loc":{"start":{"line":50,"column":30},"end":{"line":52,"column":null}},"line":50},"2":{"name":"(anonymous_2)","decl":{"start":{"line":58,"column":6},"end":{"line":58,"column":16}},"loc":{"start":{"line":58,"column":22},"end":{"line":58,"column":63}},"line":58}},"branchMap":{"0":{"loc":{"start":{"line":45,"column":2},"end":{"line":45,"column":null}},"type":"if","locations":[{"start":{"line":45,"column":2},"end":{"line":45,"column":null}},{"start":{},"end":{}}],"line":45},"1":{"loc":{"start":{"line":47,"column":10},"end":{"line":47,"column":27}},"type":"default-arg","locations":[{"start":{"line":47,"column":17},"end":{"line":47,"column":27}}],"line":47},"2":{"loc":{"start":{"line":47,"column":43},"end":{"line":47,"column":71}},"type":"default-arg","locations":[{"start":{"line":47,"column":58},"end":{"line":47,"column":71}}],"line":47},"3":{"loc":{"start":{"line":48,"column":16},"end":{"line":48,"column":null}},"type":"binary-expr","locations":[{"start":{"line":48,"column":16},"end":{"line":48,"column":31}},{"start":{"line":48,"column":31},"end":{"line":48,"column":null}}],"line":48},"4":{"loc":{"start":{"line":58,"column":22},"end":{"line":58,"column":63}},"type":"binary-expr","locations":[{"start":{"line":58,"column":22},"end":{"line":58,"column":54}},{"start":{"line":58,"column":54},"end":{"line":58,"column":63}}],"line":58},"5":{"loc":{"start":{"line":113,"column":26},"end":{"line":113,"column":null}},"type":"cond-expr","locations":[{"start":{"line":113,"column":46},"end":{"line":113,"column":58}},{"start":{"line":113,"column":58},"end":{"line":113,"column":null}}],"line":113},"6":{"loc":{"start":{"line":113,"column":58},"end":{"line":113,"column":null}},"type":"cond-expr","locations":[{"start":{"line":113,"column":79},"end":{"line":113,"column":91}},{"start":{"line":113,"column":91},"end":{"line":113,"column":null}}],"line":113},"7":{"loc":{"start":{"line":115,"column":25},"end":{"line":115,"column":null}},"type":"cond-expr","locations":[{"start":{"line":115,"column":45},"end":{"line":115,"column":81}},{"start":{"line":115,"column":81},"end":{"line":115,"column":null}}],"line":115}},"s":{"0":0,"1":0,"2":0,"3":0,"4":0,"5":0,"6":0,"7":0,"8":0,"9":0,"10":0},"f":{"0":0,"1":0,"2":0},"b":{"0":[0,0],"1":[0],"2":[0],"3":[0,0],"4":[0,0],"5":[0,0],"6":[0,0],"7":[0,0]},"meta":{"lastBranch":8,"lastFunction":3,"lastStatement":11,"seen":{"s:20:14:42:Infinity":0,"s:44:6:122:Infinity":1,"f:44:6:44:22":0,"b:45:2:45:Infinity:undefined:undefined:undefined:undefined":0,"s:45:2:45:Infinity":2,"s:45:15:45:Infinity":3,"s:47:85:47:Infinity":4,"b:47:17:47:27":1,"b:47:58:47:71":2,"s:48:16:48:Infinity":5,"b:48:16:48:31:48:31:48:Infinity":3,"s:50:8:52:Infinity":6,"f:50:8:50:30":1,"s:51:4:51:Infinity":7,"s:52:4:52:Infinity":8,"s:55:2:122:Infinity":9,"f:58:6:58:16":2,"s:58:22:58:63":10,"b:58:22:58:54:58:54:58:63":4,"b:113:46:113:58:113:58:113:Infinity":5,"b:113:79:113:91:113:91:113:Infinity":6,"b:115:45:115:81:115:81:115:Infinity":7}}}
,"C:\\Users\\ala\\Desktop\\Nouveau dossier (2)\\Esprit-PIDEV-4TWIN1-2026-Artisant\\front\\src\\components\\auth\\FaceCapture.jsx": {"path":"C:\\Users\\ala\\Desktop\\Nouveau dossier (2)\\Esprit-PIDEV-4TWIN1-2026-Artisant\\front\\src\\components\\auth\\FaceCapture.jsx","statementMap":{"0":{"start":{"line":9,"column":6},"end":{"line":165,"column":null}},"1":{"start":{"line":10,"column":8},"end":{"line":10,"column":31}},"2":{"start":{"line":11,"column":8},"end":{"line":11,"column":32}},"3":{"start":{"line":12,"column":8},"end":{"line":12,"column":32}},"4":{"start":{"line":13,"column":8},"end":{"line":13,"column":34}},"5":{"start":{"line":15,"column":16},"end":{"line":15,"column":44}},"6":{"start":{"line":16,"column":18},"end":{"line":16,"column":44}},"7":{"start":{"line":17,"column":20},"end":{"line":17,"column":50}},"8":{"start":{"line":19,"column":8},"end":{"line":25,"column":8}},"9":{"start":{"line":20,"column":4},"end":{"line":20,"column":null}},"10":{"start":{"line":20,"column":29},"end":{"line":20,"column":null}},"11":{"start":{"line":21,"column":4},"end":{"line":23,"column":null}},"12":{"start":{"line":22,"column":6},"end":{"line":22,"column":null}},"13":{"start":{"line":22,"column":51},"end":{"line":22,"column":59}},"14":{"start":{"line":23,"column":6},"end":{"line":23,"column":null}},"15":{"start":{"line":27,"column":2},"end":{"line":27,"column":null}},"16":{"start":{"line":27,"column":2},"end":{"line":27,"column":36}},"17":{"start":{"line":27,"column":24},"end":{"line":27,"column":36}},"18":{"start":{"line":29,"column":22},"end":{"line":44,"column":null}},"19":{"start":{"line":30,"column":4},"end":{"line":30,"column":null}},"20":{"start":{"line":31,"column":4},"end":{"line":31,"column":null}},"21":{"start":{"line":32,"column":4},"end":{"line":44,"column":null}},"22":{"start":{"line":33,"column":6},"end":{"line":33,"column":null}},"23":{"start":{"line":34,"column":21},"end":{"line":36,"column":8}},"24":{"start":{"line":37,"column":6},"end":{"line":37,"column":null}},"25":{"start":{"line":38,"column":6},"end":{"line":38,"column":null}},"26":{"start":{"line":38,"column":28},"end":{"line":38,"column":null}},"27":{"start":{"line":39,"column":6},"end":{"line":39,"column":null}},"28":{"start":{"line":40,"column":6},"end":{"line":40,"column":null}},"29":{"start":{"line":41,"column":6},"end":{"line":41,"column":null}},"30":{"start":{"line":43,"column":6},"end":{"line":43,"column":null}},"31":{"start":{"line":44,"column":6},"end":{"line":44,"column":null}},"32":{"start":{"line":48,"column":8},"end":{"line":83,"column":null}},"33":{"start":{"line":49,"column":17},"end":{"line":49,"column":null}},"34":{"start":{"line":50,"column":4},"end":{"line":83,"column":null}},"35":{"start":{"line":51,"column":6},"end":{"line":51,"column":null}},"36":{"start":{"line":51,"column":64},"end":{"line":51,"column":null}},"37":{"start":{"line":52,"column":24},"end":{"line":55,"column":29}},"38":{"start":{"line":57,"column":21},"end":{"line":57,"column":null}},"39":{"start":{"line":58,"column":6},"end":{"line":58,"column":null}},"40":{"start":{"line":58,"column":19},"end":{"line":58,"column":null}},"41":{"start":{"line":59,"column":18},"end":{"line":59,"column":41}},"42":{"start":{"line":60,"column":6},"end":{"line":60,"column":null}},"43":{"start":{"line":62,"column":6},"end":{"line":81,"column":null}},"44":{"start":{"line":63,"column":24},"end":{"line":63,"column":null}},"45":{"start":{"line":65,"column":8},"end":{"line":65,"column":null}},"46":{"start":{"line":66,"column":8},"end":{"line":66,"column":null}},"47":{"start":{"line":67,"column":8},"end":{"line":67,"column":null}},"48":{"start":{"line":68,"column":8},"end":{"line":68,"column":null}},"49":{"start":{"line":69,"column":8},"end":{"line":69,"column":null}},"50":{"start":{"line":70,"column":8},"end":{"line":76,"column":null}},"51":{"start":{"line":71,"column":10},"end":{"line":71,"column":null}},"52":{"start":{"line":72,"column":10},"end":{"line":72,"column":null}},"53":{"start":{"line":73,"column":10},"end":{"line":73,"column":null}},"54":{"start":{"line":74,"column":10},"end":{"line":74,"column":null}},"55":{"start":{"line":75,"column":10},"end":{"line":75,"column":null}},"56":{"start":{"line":76,"column":10},"end":{"line":76,"column":null}},"57":{"start":{"line":79,"column":8},"end":{"line":79,"column":null}},"58":{"start":{"line":80,"column":8},"end":{"line":80,"column":null}},"59":{"start":{"line":81,"column":8},"end":{"line":81,"column":null}},"60":{"start":{"line":86,"column":8},"end":{"line":88,"column":null}},"61":{"start":{"line":87,"column":4},"end":{"line":87,"column":null}},"62":{"start":{"line":88,"column":4},"end":{"line":88,"column":null}},"63":{"start":{"line":91,"column":2},"end":{"line":165,"column":null}}},"fnMap":{"0":{"name":"(anonymous_0)","decl":{"start":{"line":9,"column":6},"end":{"line":9,"column":21}},"loc":{"start":{"line":9,"column":47},"end":{"line":165,"column":null}},"line":9},"1":{"name":"(anonymous_1)","decl":{"start":{"line":19,"column":21},"end":{"line":19,"column":39}},"loc":{"start":{"line":19,"column":39},"end":{"line":25,"column":7}},"line":19},"2":{"name":"(anonymous_2)","decl":{"start":{"line":22,"column":36},"end":{"line":22,"column":45}},"loc":{"start":{"line":22,"column":51},"end":{"line":22,"column":59}},"line":22},"3":{"name":"(anonymous_3)","decl":{"start":{"line":27,"column":2},"end":{"line":27,"column":24}},"loc":{"start":{"line":27,"column":2},"end":{"line":27,"column":36}},"line":27},"4":{"name":"(anonymous_4)","decl":{"start":{"line":29,"column":22},"end":{"line":29,"column":34}},"loc":{"start":{"line":29,"column":34},"end":{"line":44,"column":null}},"line":29},"5":{"name":"(anonymous_5)","decl":{"start":{"line":48,"column":8},"end":{"line":48,"column":35}},"loc":{"start":{"line":48,"column":35},"end":{"line":83,"column":null}},"line":48},"6":{"name":"(anonymous_6)","decl":{"start":{"line":50,"column":38},"end":{"line":50,"column":50}},"loc":{"start":{"line":50,"column":50},"end":{"line":83,"column":11}},"line":50},"7":{"name":"(anonymous_7)","decl":{"start":{"line":86,"column":8},"end":{"line":86,"column":27}},"loc":{"start":{"line":86,"column":27},"end":{"line":88,"column":null}},"line":86}},"branchMap":{"0":{"loc":{"start":{"line":20,"column":4},"end":{"line":20,"column":null}},"type":"if","locations":[{"start":{"line":20,"column":4},"end":{"line":20,"column":null}},{"start":{},"end":{}}],"line":20},"1":{"loc":{"start":{"line":21,"column":4},"end":{"line":23,"column":null}},"type":"if","locations":[{"start":{"line":21,"column":4},"end":{"line":23,"column":null}},{"start":{},"end":{}}],"line":21},"2":{"loc":{"start":{"line":38,"column":6},"end":{"line":38,"column":null}},"type":"if","locations":[{"start":{"line":38,"column":6},"end":{"line":38,"column":null}},{"start":{},"end":{}}],"line":38},"3":{"loc":{"start":{"line":51,"column":6},"end":{"line":51,"column":null}},"type":"if","locations":[{"start":{"line":51,"column":6},"end":{"line":51,"column":null}},{"start":{},"end":{}}],"line":51},"4":{"loc":{"start":{"line":51,"column":10},"end":{"line":51,"column":64}},"type":"binary-expr","locations":[{"start":{"line":51,"column":10},"end":{"line":51,"column":31}},{"start":{"line":51,"column":31},"end":{"line":51,"column":64}}],"line":51},"5":{"loc":{"start":{"line":58,"column":6},"end":{"line":58,"column":null}},"type":"if","locations":[{"start":{"line":58,"column":6},"end":{"line":58,"column":null}},{"start":{},"end":{}}],"line":58},"6":{"loc":{"start":{"line":62,"column":6},"end":{"line":81,"column":null}},"type":"if","locations":[{"start":{"line":62,"column":6},"end":{"line":81,"column":null}},{"start":{"line":78,"column":13},"end":{"line":81,"column":null}}],"line":62},"7":{"loc":{"start":{"line":70,"column":8},"end":{"line":76,"column":null}},"type":"if","locations":[{"start":{"line":70,"column":8},"end":{"line":76,"column":null}},{"start":{},"end":{}}],"line":70},"8":{"loc":{"start":{"line":105,"column":7},"end":{"line":115,"column":null}},"type":"binary-expr","locations":[{"start":{"line":105,"column":7},"end":{"line":105,"column":null}},{"start":{"line":106,"column":8},"end":{"line":115,"column":null}}],"line":105},"9":{"loc":{"start":{"line":119,"column":8},"end":{"line":154,"column":null}},"type":"binary-expr","locations":[{"start":{"line":119,"column":8},"end":{"line":119,"column":31}},{"start":{"line":119,"column":31},"end":{"line":119,"column":56}},{"start":{"line":119,"column":56},"end":{"line":119,"column":null}},{"start":{"line":120,"column":8},"end":{"line":154,"column":null}}],"line":119},"10":{"loc":{"start":{"line":129,"column":32},"end":{"line":129,"column":74}},"type":"cond-expr","locations":[{"start":{"line":129,"column":56},"end":{"line":129,"column":66}},{"start":{"line":129,"column":66},"end":{"line":129,"column":74}}],"line":129},"11":{"loc":{"start":{"line":137,"column":13},"end":{"line":140,"column":null}},"type":"binary-expr","locations":[{"start":{"line":137,"column":13},"end":{"line":137,"column":null}},{"start":{"line":138,"column":14},"end":{"line":140,"column":null}}],"line":137},"12":{"loc":{"start":{"line":145,"column":58},"end":{"line":145,"column":125}},"type":"cond-expr","locations":[{"start":{"line":145,"column":78},"end":{"line":145,"column":100}},{"start":{"line":145,"column":100},"end":{"line":145,"column":125}}],"line":145},"13":{"loc":{"start":{"line":147,"column":13},"end":{"line":148,"column":null}},"type":"binary-expr","locations":[{"start":{"line":147,"column":13},"end":{"line":147,"column":35}},{"start":{"line":147,"column":35},"end":{"line":147,"column":null}},{"start":{"line":148,"column":14},"end":{"line":148,"column":null}}],"line":147},"14":{"loc":{"start":{"line":158,"column":7},"end":{"line":165,"column":null}},"type":"binary-expr","locations":[{"start":{"line":158,"column":7},"end":{"line":158,"column":null}},{"start":{"line":159,"column":8},"end":{"line":165,"column":null}}],"line":158}},"s":{"0":0,"1":0,"2":0,"3":0,"4":0,"5":0,"6":0,"7":0,"8":0,"9":0,"10":0,"11":0,"12":0,"13":0,"14":0,"15":0,"16":0,"17":0,"18":0,"19":0,"20":0,"21":0,"22":0,"23":0,"24":0,"25":0,"26":0,"27":0,"28":0,"29":0,"30":0,"31":0,"32":0,"33":0,"34":0,"35":0,"36":0,"37":0,"38":0,"39":0,"40":0,"41":0,"42":0,"43":0,"44":0,"45":0,"46":0,"47":0,"48":0,"49":0,"50":0,"51":0,"52":0,"53":0,"54":0,"55":0,"56":0,"57":0,"58":0,"59":0,"60":0,"61":0,"62":0,"63":0},"f":{"0":0,"1":0,"2":0,"3":0,"4":0,"5":0,"6":0,"7":0},"b":{"0":[0,0],"1":[0,0],"2":[0,0],"3":[0,0],"4":[0,0],"5":[0,0],"6":[0,0],"7":[0,0],"8":[0,0],"9":[0,0,0,0],"10":[0,0],"11":[0,0],"12":[0,0],"13":[0,0,0],"14":[0,0]},"meta":{"lastBranch":15,"lastFunction":8,"lastStatement":64,"seen":{"s:9:6:165:Infinity":0,"f:9:6:9:21":0,"s:10:8:10:31":1,"s:11:8:11:32":2,"s:12:8:12:32":3,"s:13:8:13:34":4,"s:15:16:15:44":5,"s:16:18:16:44":6,"s:17:20:17:50":7,"s:19:8:25:8":8,"f:19:21:19:39":1,"b:20:4:20:Infinity:undefined:undefined:undefined:undefined":0,"s:20:4:20:Infinity":9,"s:20:29:20:Infinity":10,"b:21:4:23:Infinity:undefined:undefined:undefined:undefined":1,"s:21:4:23:Infinity":11,"s:22:6:22:Infinity":12,"f:22:36:22:45":2,"s:22:51:22:59":13,"s:23:6:23:Infinity":14,"s:27:2:27:Infinity":15,"f:27:2:27:24":3,"s:27:2:27:36":16,"s:27:24:27:36":17,"s:29:22:44:Infinity":18,"f:29:22:29:34":4,"s:30:4:30:Infinity":19,"s:31:4:31:Infinity":20,"s:32:4:44:Infinity":21,"s:33:6:33:Infinity":22,"s:34:21:36:8":23,"s:37:6:37:Infinity":24,"b:38:6:38:Infinity:undefined:undefined:undefined:undefined":2,"s:38:6:38:Infinity":25,"s:38:28:38:Infinity":26,"s:39:6:39:Infinity":27,"s:40:6:40:Infinity":28,"s:41:6:41:Infinity":29,"s:43:6:43:Infinity":30,"s:44:6:44:Infinity":31,"s:48:8:83:Infinity":32,"f:48:8:48:35":5,"s:49:17:49:Infinity":33,"s:50:4:83:Infinity":34,"f:50:38:50:50":6,"b:51:6:51:Infinity:undefined:undefined:undefined:undefined":3,"s:51:6:51:Infinity":35,"b:51:10:51:31:51:31:51:64":4,"s:51:64:51:Infinity":36,"s:52:24:55:29":37,"s:57:21:57:Infinity":38,"b:58:6:58:Infinity:undefined:undefined:undefined:undefined":5,"s:58:6:58:Infinity":39,"s:58:19:58:Infinity":40,"s:59:18:59:41":41,"s:60:6:60:Infinity":42,"b:62:6:81:Infinity:78:13:81:Infinity":6,"s:62:6:81:Infinity":43,"s:63:24:63:Infinity":44,"s:65:8:65:Infinity":45,"s:66:8:66:Infinity":46,"s:67:8:67:Infinity":47,"s:68:8:68:Infinity":48,"s:69:8:69:Infinity":49,"b:70:8:76:Infinity:undefined:undefined:undefined:undefined":7,"s:70:8:76:Infinity":50,"s:71:10:71:Infinity":51,"s:72:10:72:Infinity":52,"s:73:10:73:Infinity":53,"s:74:10:74:Infinity":54,"s:75:10:75:Infinity":55,"s:76:10:76:Infinity":56,"s:79:8:79:Infinity":57,"s:80:8:80:Infinity":58,"s:81:8:81:Infinity":59,"s:86:8:88:Infinity":60,"f:86:8:86:27":7,"s:87:4:87:Infinity":61,"s:88:4:88:Infinity":62,"s:91:2:165:Infinity":63,"b:105:7:105:Infinity:106:8:115:Infinity":8,"b:119:8:119:31:119:31:119:56:119:56:119:Infinity:120:8:154:Infinity":9,"b:129:56:129:66:129:66:129:74":10,"b:137:13:137:Infinity:138:14:140:Infinity":11,"b:145:78:145:100:145:100:145:125":12,"b:147:13:147:35:147:35:147:Infinity:148:14:148:Infinity":13,"b:158:7:158:Infinity:159:8:165:Infinity":14}}}
,"C:\\Users\\ala\\Desktop\\Nouveau dossier (2)\\Esprit-PIDEV-4TWIN1-2026-Artisant\\front\\src\\components\\auth\\FaceLogin.jsx": {"path":"C:\\Users\\ala\\Desktop\\Nouveau dossier (2)\\Esprit-PIDEV-4TWIN1-2026-Artisant\\front\\src\\components\\auth\\FaceLogin.jsx","statementMap":{"0":{"start":{"line":9,"column":6},"end":{"line":162,"column":null}},"1":{"start":{"line":10,"column":8},"end":{"line":10,"column":31}},"2":{"start":{"line":11,"column":8},"end":{"line":11,"column":32}},"3":{"start":{"line":12,"column":8},"end":{"line":12,"column":32}},"4":{"start":{"line":13,"column":8},"end":{"line":13,"column":34}},"5":{"start":{"line":15,"column":16},"end":{"line":15,"column":47}},"6":{"start":{"line":16,"column":18},"end":{"line":16,"column":70}},"7":{"start":{"line":17,"column":20},"end":{"line":17,"column":47}},"8":{"start":{"line":19,"column":8},"end":{"line":25,"column":8}},"9":{"start":{"line":20,"column":4},"end":{"line":20,"column":null}},"10":{"start":{"line":20,"column":29},"end":{"line":20,"column":null}},"11":{"start":{"line":21,"column":4},"end":{"line":23,"column":null}},"12":{"start":{"line":22,"column":6},"end":{"line":22,"column":null}},"13":{"start":{"line":22,"column":51},"end":{"line":22,"column":59}},"14":{"start":{"line":23,"column":6},"end":{"line":23,"column":null}},"15":{"start":{"line":27,"column":2},"end":{"line":49,"column":null}},"16":{"start":{"line":28,"column":20},"end":{"line":28,"column":null}},"17":{"start":{"line":29,"column":17},"end":{"line":43,"column":null}},"18":{"start":{"line":30,"column":6},"end":{"line":43,"column":null}},"19":{"start":{"line":31,"column":8},"end":{"line":31,"column":null}},"20":{"start":{"line":32,"column":8},"end":{"line":32,"column":null}},"21":{"start":{"line":32,"column":23},"end":{"line":32,"column":null}},"22":{"start":{"line":33,"column":23},"end":{"line":35,"column":10}},"23":{"start":{"line":36,"column":8},"end":{"line":36,"column":null}},"24":{"start":{"line":36,"column":25},"end":{"line":36,"column":70}},"25":{"start":{"line":36,"column":59},"end":{"line":36,"column":67}},"26":{"start":{"line":36,"column":70},"end":{"line":36,"column":null}},"27":{"start":{"line":37,"column":8},"end":{"line":37,"column":null}},"28":{"start":{"line":38,"column":8},"end":{"line":38,"column":null}},"29":{"start":{"line":38,"column":30},"end":{"line":38,"column":null}},"30":{"start":{"line":39,"column":8},"end":{"line":39,"column":null}},"31":{"start":{"line":40,"column":8},"end":{"line":40,"column":null}},"32":{"start":{"line":41,"column":8},"end":{"line":41,"column":null}},"33":{"start":{"line":43,"column":8},"end":{"line":43,"column":null}},"34":{"start":{"line":43,"column":26},"end":{"line":43,"column":45}},"35":{"start":{"line":43,"column":45},"end":{"line":43,"column":null}},"36":{"start":{"line":46,"column":4},"end":{"line":46,"column":null}},"37":{"start":{"line":47,"column":4},"end":{"line":47,"column":null}},"38":{"start":{"line":47,"column":19},"end":{"line":47,"column":37}},"39":{"start":{"line":47,"column":37},"end":{"line":47,"column":null}},"40":{"start":{"line":51,"column":8},"end":{"line":80,"column":null}},"41":{"start":{"line":52,"column":24},"end":{"line":52,"column":null}},"42":{"start":{"line":53,"column":4},"end":{"line":80,"column":null}},"43":{"start":{"line":54,"column":6},"end":{"line":54,"column":null}},"44":{"start":{"line":54,"column":64},"end":{"line":54,"column":null}},"45":{"start":{"line":55,"column":24},"end":{"line":58,"column":29}},"46":{"start":{"line":60,"column":21},"end":{"line":60,"column":null}},"47":{"start":{"line":61,"column":6},"end":{"line":61,"column":null}},"48":{"start":{"line":61,"column":19},"end":{"line":61,"column":null}},"49":{"start":{"line":62,"column":18},"end":{"line":62,"column":41}},"50":{"start":{"line":63,"column":6},"end":{"line":63,"column":null}},"51":{"start":{"line":65,"column":6},"end":{"line":78,"column":null}},"52":{"start":{"line":66,"column":24},"end":{"line":66,"column":null}},"53":{"start":{"line":67,"column":8},"end":{"line":67,"column":null}},"54":{"start":{"line":68,"column":8},"end":{"line":68,"column":null}},"55":{"start":{"line":69,"column":8},"end":{"line":69,"column":null}},"56":{"start":{"line":70,"column":8},"end":{"line":70,"column":null}},"57":{"start":{"line":71,"column":8},"end":{"line":71,"column":null}},"58":{"start":{"line":72,"column":8},"end":{"line":74,"column":null}},"59":{"start":{"line":73,"column":10},"end":{"line":73,"column":null}},"60":{"start":{"line":74,"column":10},"end":{"line":74,"column":null}},"61":{"start":{"line":77,"column":8},"end":{"line":77,"column":null}},"62":{"start":{"line":78,"column":8},"end":{"line":78,"column":null}},"63":{"start":{"line":83,"column":8},"end":{"line":85,"column":null}},"64":{"start":{"line":84,"column":4},"end":{"line":84,"column":null}},"65":{"start":{"line":85,"column":4},"end":{"line":85,"column":null}},"66":{"start":{"line":88,"column":2},"end":{"line":162,"column":null}},"67":{"start":{"line":89,"column":56},"end":{"line":89,"column":101}}},"fnMap":{"0":{"name":"(anonymous_0)","decl":{"start":{"line":9,"column":6},"end":{"line":9,"column":19}},"loc":{"start":{"line":9,"column":44},"end":{"line":162,"column":null}},"line":9},"1":{"name":"(anonymous_1)","decl":{"start":{"line":19,"column":21},"end":{"line":19,"column":39}},"loc":{"start":{"line":19,"column":39},"end":{"line":25,"column":7}},"line":19},"2":{"name":"(anonymous_2)","decl":{"start":{"line":22,"column":36},"end":{"line":22,"column":45}},"loc":{"start":{"line":22,"column":51},"end":{"line":22,"column":59}},"line":22},"3":{"name":"(anonymous_3)","decl":{"start":{"line":27,"column":2},"end":{"line":27,"column":18}},"loc":{"start":{"line":27,"column":18},"end":{"line":49,"column":7}},"line":27},"4":{"name":"(anonymous_4)","decl":{"start":{"line":29,"column":17},"end":{"line":29,"column":29}},"loc":{"start":{"line":29,"column":29},"end":{"line":43,"column":null}},"line":29},"5":{"name":"(anonymous_5)","decl":{"start":{"line":36,"column":44},"end":{"line":36,"column":53}},"loc":{"start":{"line":36,"column":59},"end":{"line":36,"column":67}},"line":36},"6":{"name":"(anonymous_6)","decl":{"start":{"line":47,"column":4},"end":{"line":47,"column":17}},"loc":{"start":{"line":47,"column":17},"end":{"line":47,"column":null}},"line":47},"7":{"name":"(anonymous_7)","decl":{"start":{"line":51,"column":8},"end":{"line":51,"column":26}},"loc":{"start":{"line":51,"column":26},"end":{"line":80,"column":null}},"line":51},"8":{"name":"(anonymous_8)","decl":{"start":{"line":53,"column":38},"end":{"line":53,"column":50}},"loc":{"start":{"line":53,"column":50},"end":{"line":80,"column":11}},"line":53},"9":{"name":"(anonymous_9)","decl":{"start":{"line":83,"column":8},"end":{"line":83,"column":28}},"loc":{"start":{"line":83,"column":28},"end":{"line":85,"column":null}},"line":83},"10":{"name":"(anonymous_10)","decl":{"start":{"line":89,"column":40},"end":{"line":89,"column":50}},"loc":{"start":{"line":89,"column":56},"end":{"line":89,"column":101}},"line":89}},"branchMap":{"0":{"loc":{"start":{"line":20,"column":4},"end":{"line":20,"column":null}},"type":"if","locations":[{"start":{"line":20,"column":4},"end":{"line":20,"column":null}},{"start":{},"end":{}}],"line":20},"1":{"loc":{"start":{"line":21,"column":4},"end":{"line":23,"column":null}},"type":"if","locations":[{"start":{"line":21,"column":4},"end":{"line":23,"column":null}},{"start":{},"end":{}}],"line":21},"2":{"loc":{"start":{"line":32,"column":8},"end":{"line":32,"column":null}},"type":"if","locations":[{"start":{"line":32,"column":8},"end":{"line":32,"column":null}},{"start":{},"end":{}}],"line":32},"3":{"loc":{"start":{"line":36,"column":8},"end":{"line":36,"column":null}},"type":"if","locations":[{"start":{"line":36,"column":8},"end":{"line":36,"column":null}},{"start":{},"end":{}}],"line":36},"4":{"loc":{"start":{"line":38,"column":8},"end":{"line":38,"column":null}},"type":"if","locations":[{"start":{"line":38,"column":8},"end":{"line":38,"column":null}},{"start":{},"end":{}}],"line":38},"5":{"loc":{"start":{"line":43,"column":8},"end":{"line":43,"column":null}},"type":"if","locations":[{"start":{"line":43,"column":8},"end":{"line":43,"column":null}},{"start":{},"end":{}}],"line":43},"6":{"loc":{"start":{"line":54,"column":6},"end":{"line":54,"column":null}},"type":"if","locations":[{"start":{"line":54,"column":6},"end":{"line":54,"column":null}},{"start":{},"end":{}}],"line":54},"7":{"loc":{"start":{"line":54,"column":10},"end":{"line":54,"column":64}},"type":"binary-expr","locations":[{"start":{"line":54,"column":10},"end":{"line":54,"column":31}},{"start":{"line":54,"column":31},"end":{"line":54,"column":64}}],"line":54},"8":{"loc":{"start":{"line":61,"column":6},"end":{"line":61,"column":null}},"type":"if","locations":[{"start":{"line":61,"column":6},"end":{"line":61,"column":null}},{"start":{},"end":{}}],"line":61},"9":{"loc":{"start":{"line":65,"column":6},"end":{"line":78,"column":null}},"type":"if","locations":[{"start":{"line":65,"column":6},"end":{"line":78,"column":null}},{"start":{"line":76,"column":13},"end":{"line":78,"column":null}}],"line":65},"10":{"loc":{"start":{"line":72,"column":8},"end":{"line":74,"column":null}},"type":"if","locations":[{"start":{"line":72,"column":8},"end":{"line":74,"column":null}},{"start":{},"end":{}}],"line":72},"11":{"loc":{"start":{"line":89,"column":56},"end":{"line":89,"column":101}},"type":"binary-expr","locations":[{"start":{"line":89,"column":56},"end":{"line":89,"column":88}},{"start":{"line":89,"column":88},"end":{"line":89,"column":101}}],"line":89},"12":{"loc":{"start":{"line":111,"column":11},"end":{"line":114,"column":null}},"type":"binary-expr","locations":[{"start":{"line":111,"column":11},"end":{"line":111,"column":null}},{"start":{"line":112,"column":12},"end":{"line":114,"column":null}}],"line":111},"13":{"loc":{"start":{"line":118,"column":11},"end":{"line":121,"column":null}},"type":"binary-expr","locations":[{"start":{"line":118,"column":11},"end":{"line":118,"column":null}},{"start":{"line":119,"column":12},"end":{"line":121,"column":null}}],"line":118},"14":{"loc":{"start":{"line":124,"column":55},"end":{"line":124,"column":96}},"type":"cond-expr","locations":[{"start":{"line":124,"column":78},"end":{"line":124,"column":88}},{"start":{"line":124,"column":88},"end":{"line":124,"column":96}}],"line":124},"15":{"loc":{"start":{"line":149,"column":11},"end":{"line":155,"column":null}},"type":"binary-expr","locations":[{"start":{"line":149,"column":11},"end":{"line":149,"column":null}},{"start":{"line":150,"column":12},"end":{"line":155,"column":null}}],"line":149}},"s":{"0":0,"1":0,"2":0,"3":0,"4":0,"5":0,"6":0,"7":0,"8":0,"9":0,"10":0,"11":0,"12":0,"13":0,"14":0,"15":0,"16":0,"17":0,"18":0,"19":0,"20":0,"21":0,"22":0,"23":0,"24":0,"25":0,"26":0,"27":0,"28":0,"29":0,"30":0,"31":0,"32":0,"33":0,"34":0,"35":0,"36":0,"37":0,"38":0,"39":0,"40":0,"41":0,"42":0,"43":0,"44":0,"45":0,"46":0,"47":0,"48":0,"49":0,"50":0,"51":0,"52":0,"53":0,"54":0,"55":0,"56":0,"57":0,"58":0,"59":0,"60":0,"61":0,"62":0,"63":0,"64":0,"65":0,"66":0,"67":0},"f":{"0":0,"1":0,"2":0,"3":0,"4":0,"5":0,"6":0,"7":0,"8":0,"9":0,"10":0},"b":{"0":[0,0],"1":[0,0],"2":[0,0],"3":[0,0],"4":[0,0],"5":[0,0],"6":[0,0],"7":[0,0],"8":[0,0],"9":[0,0],"10":[0,0],"11":[0,0],"12":[0,0],"13":[0,0],"14":[0,0],"15":[0,0]},"meta":{"lastBranch":16,"lastFunction":11,"lastStatement":68,"seen":{"s:9:6:162:Infinity":0,"f:9:6:9:19":0,"s:10:8:10:31":1,"s:11:8:11:32":2,"s:12:8:12:32":3,"s:13:8:13:34":4,"s:15:16:15:47":5,"s:16:18:16:70":6,"s:17:20:17:47":7,"s:19:8:25:8":8,"f:19:21:19:39":1,"b:20:4:20:Infinity:undefined:undefined:undefined:undefined":0,"s:20:4:20:Infinity":9,"s:20:29:20:Infinity":10,"b:21:4:23:Infinity:undefined:undefined:undefined:undefined":1,"s:21:4:23:Infinity":11,"s:22:6:22:Infinity":12,"f:22:36:22:45":2,"s:22:51:22:59":13,"s:23:6:23:Infinity":14,"s:27:2:49:Infinity":15,"f:27:2:27:18":3,"s:28:20:28:Infinity":16,"s:29:17:43:Infinity":17,"f:29:17:29:29":4,"s:30:6:43:Infinity":18,"s:31:8:31:Infinity":19,"b:32:8:32:Infinity:undefined:undefined:undefined:undefined":2,"s:32:8:32:Infinity":20,"s:32:23:32:Infinity":21,"s:33:23:35:10":22,"b:36:8:36:Infinity:undefined:undefined:undefined:undefined":3,"s:36:8:36:Infinity":23,"s:36:25:36:70":24,"f:36:44:36:53":5,"s:36:59:36:67":25,"s:36:70:36:Infinity":26,"s:37:8:37:Infinity":27,"b:38:8:38:Infinity:undefined:undefined:undefined:undefined":4,"s:38:8:38:Infinity":28,"s:38:30:38:Infinity":29,"s:39:8:39:Infinity":30,"s:40:8:40:Infinity":31,"s:41:8:41:Infinity":32,"b:43:8:43:Infinity:undefined:undefined:undefined:undefined":5,"s:43:8:43:Infinity":33,"s:43:26:43:45":34,"s:43:45:43:Infinity":35,"s:46:4:46:Infinity":36,"s:47:4:47:Infinity":37,"f:47:4:47:17":6,"s:47:19:47:37":38,"s:47:37:47:Infinity":39,"s:51:8:80:Infinity":40,"f:51:8:51:26":7,"s:52:24:52:Infinity":41,"s:53:4:80:Infinity":42,"f:53:38:53:50":8,"b:54:6:54:Infinity:undefined:undefined:undefined:undefined":6,"s:54:6:54:Infinity":43,"b:54:10:54:31:54:31:54:64":7,"s:54:64:54:Infinity":44,"s:55:24:58:29":45,"s:60:21:60:Infinity":46,"b:61:6:61:Infinity:undefined:undefined:undefined:undefined":8,"s:61:6:61:Infinity":47,"s:61:19:61:Infinity":48,"s:62:18:62:41":49,"s:63:6:63:Infinity":50,"b:65:6:78:Infinity:76:13:78:Infinity":9,"s:65:6:78:Infinity":51,"s:66:24:66:Infinity":52,"s:67:8:67:Infinity":53,"s:68:8:68:Infinity":54,"s:69:8:69:Infinity":55,"s:70:8:70:Infinity":56,"s:71:8:71:Infinity":57,"b:72:8:74:Infinity:undefined:undefined:undefined:undefined":10,"s:72:8:74:Infinity":58,"s:73:10:73:Infinity":59,"s:74:10:74:Infinity":60,"s:77:8:77:Infinity":61,"s:78:8:78:Infinity":62,"s:83:8:85:Infinity":63,"f:83:8:83:28":9,"s:84:4:84:Infinity":64,"s:85:4:85:Infinity":65,"s:88:2:162:Infinity":66,"f:89:40:89:50":10,"s:89:56:89:101":67,"b:89:56:89:88:89:88:89:101":11,"b:111:11:111:Infinity:112:12:114:Infinity":12,"b:118:11:118:Infinity:119:12:121:Infinity":13,"b:124:78:124:88:124:88:124:96":14,"b:149:11:149:Infinity:150:12:155:Infinity":15}}}
,"C:\\Users\\ala\\Desktop\\Nouveau dossier (2)\\Esprit-PIDEV-4TWIN1-2026-Artisant\\front\\src\\components\\auth\\PrivateRoute.jsx": {"path":"C:\\Users\\ala\\Desktop\\Nouveau dossier (2)\\Esprit-PIDEV-4TWIN1-2026-Artisant\\front\\src\\components\\auth\\PrivateRoute.jsx","statementMap":{"0":{"start":{"line":4,"column":6},"end":{"line":6,"column":null}},"1":{"start":{"line":5,"column":10},"end":{"line":5,"column":56}},"2":{"start":{"line":5,"column":49},"end":{"line":5,"column":56}},"3":{"start":{"line":6,"column":2},"end":{"line":6,"column":null}}},"fnMap":{"0":{"name":"(anonymous_0)","decl":{"start":{"line":4,"column":6},"end":{"line":4,"column":22}},"loc":{"start":{"line":4,"column":39},"end":{"line":6,"column":null}},"line":4},"1":{"name":"(anonymous_1)","decl":{"start":{"line":5,"column":30},"end":{"line":5,"column":43}},"loc":{"start":{"line":5,"column":49},"end":{"line":5,"column":56}},"line":5}},"branchMap":{"0":{"loc":{"start":{"line":6,"column":9},"end":{"line":6,"column":null}},"type":"cond-expr","locations":[{"start":{"line":6,"column":27},"end":{"line":6,"column":38}},{"start":{"line":6,"column":38},"end":{"line":6,"column":null}}],"line":6}},"s":{"0":0,"1":0,"2":0,"3":0},"f":{"0":0,"1":0},"b":{"0":[0,0]},"meta":{"lastBranch":1,"lastFunction":2,"lastStatement":4,"seen":{"s:4:6:6:Infinity":0,"f:4:6:4:22":0,"s:5:10:5:56":1,"f:5:30:5:43":1,"s:5:49:5:56":2,"s:6:2:6:Infinity":3,"b:6:27:6:38:6:38:6:Infinity":0}}}
,"C:\\Users\\ala\\Desktop\\Nouveau dossier (2)\\Esprit-PIDEV-4TWIN1-2026-Artisant\\front\\src\\components\\auth\\RoleRoute.jsx": {"path":"C:\\Users\\ala\\Desktop\\Nouveau dossier (2)\\Esprit-PIDEV-4TWIN1-2026-Artisant\\front\\src\\components\\auth\\RoleRoute.jsx","statementMap":{"0":{"start":{"line":4,"column":6},"end":{"line":9,"column":null}},"1":{"start":{"line":5,"column":10},"end":{"line":5,"column":45}},"2":{"start":{"line":5,"column":38},"end":{"line":5,"column":45}},"3":{"start":{"line":6,"column":2},"end":{"line":7,"column":null}},"4":{"start":{"line":7,"column":4},"end":{"line":7,"column":null}},"5":{"start":{"line":9,"column":2},"end":{"line":9,"column":null}}},"fnMap":{"0":{"name":"(anonymous_0)","decl":{"start":{"line":4,"column":6},"end":{"line":4,"column":19}},"loc":{"start":{"line":4,"column":43},"end":{"line":9,"column":null}},"line":4},"1":{"name":"(anonymous_1)","decl":{"start":{"line":5,"column":19},"end":{"line":5,"column":32}},"loc":{"start":{"line":5,"column":38},"end":{"line":5,"column":45}},"line":5}},"branchMap":{"0":{"loc":{"start":{"line":6,"column":2},"end":{"line":7,"column":null}},"type":"if","locations":[{"start":{"line":6,"column":2},"end":{"line":7,"column":null}},{"start":{},"end":{}}],"line":6},"1":{"loc":{"start":{"line":6,"column":6},"end":{"line":6,"column":41}},"type":"binary-expr","locations":[{"start":{"line":6,"column":6},"end":{"line":6,"column":15}},{"start":{"line":6,"column":15},"end":{"line":6,"column":41}}],"line":6}},"s":{"0":0,"1":0,"2":0,"3":0,"4":0,"5":0},"f":{"0":0,"1":0},"b":{"0":[0,0],"1":[0,0]},"meta":{"lastBranch":2,"lastFunction":2,"lastStatement":6,"seen":{"s:4:6:9:Infinity":0,"f:4:6:4:19":0,"s:5:10:5:45":1,"f:5:19:5:32":1,"s:5:38:5:45":2,"b:6:2:7:Infinity:undefined:undefined:undefined:undefined":0,"s:6:2:7:Infinity":3,"b:6:6:6:15:6:15:6:41":1,"s:7:4:7:Infinity":4,"s:9:2:9:Infinity":5}}}
,"C:\\Users\\ala\\Desktop\\Nouveau dossier (2)\\Esprit-PIDEV-4TWIN1-2026-Artisant\\front\\src\\components\\catalog\\AiProductRecommender.jsx": {"path":"C:\\Users\\ala\\Desktop\\Nouveau dossier (2)\\Esprit-PIDEV-4TWIN1-2026-Artisant\\front\\src\\components\\catalog\\AiProductRecommender.jsx","statementMap":{"0":{"start":{"line":6,"column":17},"end":{"line":6,"column":null}},"1":{"start":{"line":7,"column":0},"end":{"line":25,"column":null}},"2":{"start":{"line":8,"column":16},"end":{"line":8,"column":47}},"3":{"start":{"line":9,"column":2},"end":{"line":9,"column":null}},"4":{"start":{"line":10,"column":2},"end":{"line":10,"column":null}},"5":{"start":{"line":25,"column":2},"end":{"line":25,"column":null}},"6":{"start":{"line":28,"column":6},"end":{"line":414,"column":null}},"7":{"start":{"line":29,"column":15},"end":{"line":29,"column":38}},"8":{"start":{"line":30,"column":18},"end":{"line":30,"column":47}},"9":{"start":{"line":31,"column":17},"end":{"line":31,"column":45}},"10":{"start":{"line":34,"column":19},"end":{"line":36,"column":4}},"11":{"start":{"line":38,"column":8},"end":{"line":38,"column":29}},"12":{"start":{"line":39,"column":8},"end":{"line":39,"column":31}},"13":{"start":{"line":42,"column":2},"end":{"line":44,"column":null}},"14":{"start":{"line":43,"column":4},"end":{"line":43,"column":null}},"15":{"start":{"line":47,"column":2},"end":{"line":49,"column":null}},"16":{"start":{"line":48,"column":4},"end":{"line":48,"column":null}},"17":{"start":{"line":48,"column":16},"end":{"line":48,"column":null}},"18":{"start":{"line":48,"column":33},"end":{"line":48,"column":58}},"19":{"start":{"line":51,"column":26},"end":{"line":114,"column":null}},"20":{"start":{"line":52,"column":17},"end":{"line":52,"column":28}},"21":{"start":{"line":53,"column":4},"end":{"line":53,"column":null}},"22":{"start":{"line":53,"column":15},"end":{"line":53,"column":null}},"23":{"start":{"line":55,"column":4},"end":{"line":55,"column":null}},"24":{"start":{"line":55,"column":24},"end":{"line":55,"column":73}},"25":{"start":{"line":56,"column":4},"end":{"line":56,"column":null}},"26":{"start":{"line":57,"column":4},"end":{"line":57,"column":null}},"27":{"start":{"line":59,"column":4},"end":{"line":114,"column":null}},"28":{"start":{"line":61,"column":27},"end":{"line":61,"column":null}},"29":{"start":{"line":62,"column":20},"end":{"line":62,"column":null}},"30":{"start":{"line":63,"column":6},"end":{"line":92,"column":null}},"31":{"start":{"line":64,"column":23},"end":{"line":74,"column":10}},"32":{"start":{"line":76,"column":24},"end":{"line":76,"column":null}},"33":{"start":{"line":77,"column":26},"end":{"line":77,"column":null}},"34":{"start":{"line":78,"column":8},"end":{"line":79,"column":null}},"35":{"start":{"line":79,"column":10},"end":{"line":79,"column":null}},"36":{"start":{"line":81,"column":8},"end":{"line":90,"column":null}},"37":{"start":{"line":82,"column":10},"end":{"line":90,"column":null}},"38":{"start":{"line":96,"column":18},"end":{"line":96,"column":89}},"39":{"start":{"line":97,"column":6},"end":{"line":106,"column":null}},"40":{"start":{"line":98,"column":8},"end":{"line":101,"column":null}},"41":{"start":{"line":98,"column":28},"end":{"line":101,"column":10}},"42":{"start":{"line":103,"column":8},"end":{"line":106,"column":null}},"43":{"start":{"line":103,"column":28},"end":{"line":106,"column":10}},"44":{"start":{"line":109,"column":6},"end":{"line":112,"column":null}},"45":{"start":{"line":109,"column":26},"end":{"line":112,"column":8}},"46":{"start":{"line":114,"column":6},"end":{"line":114,"column":null}},"47":{"start":{"line":119,"column":8},"end":{"line":126,"column":null}},"48":{"start":{"line":120,"column":4},"end":{"line":126,"column":null}},"49":{"start":{"line":129,"column":8},"end":{"line":143,"column":null}},"50":{"start":{"line":130,"column":4},"end":{"line":143,"column":null}},"51":{"start":{"line":138,"column":10},"end":{"line":141,"column":null}},"52":{"start":{"line":147,"column":8},"end":{"line":273,"column":null}},"53":{"start":{"line":148,"column":4},"end":{"line":158,"column":null}},"54":{"start":{"line":149,"column":6},"end":{"line":158,"column":null}},"55":{"start":{"line":163,"column":4},"end":{"line":273,"column":null}},"56":{"start":{"line":186,"column":18},"end":{"line":193,"column":null}},"57":{"start":{"line":186,"column":51},"end":{"line":186,"column":66}},"58":{"start":{"line":191,"column":41},"end":{"line":191,"column":null}},"59":{"start":{"line":192,"column":41},"end":{"line":192,"column":null}},"60":{"start":{"line":208,"column":16},"end":{"line":268,"column":null}},"61":{"start":{"line":219,"column":24},"end":{"line":264,"column":null}},"62":{"start":{"line":225,"column":47},"end":{"line":225,"column":null}},"63":{"start":{"line":226,"column":47},"end":{"line":226,"column":null}},"64":{"start":{"line":261,"column":49},"end":{"line":261,"column":null}},"65":{"start":{"line":262,"column":49},"end":{"line":262,"column":null}},"66":{"start":{"line":278,"column":2},"end":{"line":414,"column":null}},"67":{"start":{"line":283,"column":25},"end":{"line":283,"column":40}},"68":{"start":{"line":297,"column":12},"end":{"line":297,"column":null}},"69":{"start":{"line":298,"column":12},"end":{"line":298,"column":null}},"70":{"start":{"line":301,"column":12},"end":{"line":301,"column":null}},"71":{"start":{"line":302,"column":12},"end":{"line":302,"column":null}},"72":{"start":{"line":352,"column":35},"end":{"line":352,"column":51}},"73":{"start":{"line":359,"column":35},"end":{"line":359,"column":null}},"74":{"start":{"line":360,"column":35},"end":{"line":360,"column":null}},"75":{"start":{"line":385,"column":29},"end":{"line":385,"column":52}},"76":{"start":{"line":386,"column":32},"end":{"line":386,"column":null}},"77":{"start":{"line":386,"column":55},"end":{"line":386,"column":null}}},"fnMap":{"0":{"name":"(anonymous_0)","decl":{"start":{"line":28,"column":6},"end":{"line":28,"column":35}},"loc":{"start":{"line":28,"column":35},"end":{"line":414,"column":null}},"line":28},"1":{"name":"(anonymous_1)","decl":{"start":{"line":42,"column":2},"end":{"line":42,"column":18}},"loc":{"start":{"line":42,"column":18},"end":{"line":44,"column":6}},"line":42},"2":{"name":"(anonymous_2)","decl":{"start":{"line":47,"column":2},"end":{"line":47,"column":18}},"loc":{"start":{"line":47,"column":18},"end":{"line":49,"column":6}},"line":47},"3":{"name":"(anonymous_3)","decl":{"start":{"line":48,"column":16},"end":{"line":48,"column":33}},"loc":{"start":{"line":48,"column":33},"end":{"line":48,"column":58}},"line":48},"4":{"name":"(anonymous_4)","decl":{"start":{"line":51,"column":26},"end":{"line":51,"column":38}},"loc":{"start":{"line":51,"column":38},"end":{"line":114,"column":null}},"line":51},"5":{"name":"(anonymous_5)","decl":{"start":{"line":55,"column":4},"end":{"line":55,"column":16}},"loc":{"start":{"line":55,"column":24},"end":{"line":55,"column":73}},"line":55},"6":{"name":"(anonymous_6)","decl":{"start":{"line":98,"column":8},"end":{"line":98,"column":20}},"loc":{"start":{"line":98,"column":28},"end":{"line":101,"column":10}},"line":98},"7":{"name":"(anonymous_7)","decl":{"start":{"line":103,"column":8},"end":{"line":103,"column":20}},"loc":{"start":{"line":103,"column":28},"end":{"line":106,"column":10}},"line":103},"8":{"name":"(anonymous_8)","decl":{"start":{"line":109,"column":6},"end":{"line":109,"column":18}},"loc":{"start":{"line":109,"column":26},"end":{"line":112,"column":8}},"line":109},"9":{"name":"(anonymous_9)","decl":{"start":{"line":119,"column":8},"end":{"line":119,"column":null}},"loc":{"start":{"line":120,"column":4},"end":{"line":126,"column":null}},"line":120},"10":{"name":"(anonymous_10)","decl":{"start":{"line":129,"column":8},"end":{"line":129,"column":null}},"loc":{"start":{"line":130,"column":4},"end":{"line":143,"column":null}},"line":130},"11":{"name":"(anonymous_11)","decl":{"start":{"line":137,"column":24},"end":{"line":137,"column":29}},"loc":{"start":{"line":138,"column":10},"end":{"line":141,"column":null}},"line":138},"12":{"name":"(anonymous_12)","decl":{"start":{"line":147,"column":8},"end":{"line":147,"column":25}},"loc":{"start":{"line":147,"column":33},"end":{"line":273,"column":null}},"line":147},"13":{"name":"(anonymous_13)","decl":{"start":{"line":185,"column":93},"end":{"line":185,"column":97}},"loc":{"start":{"line":186,"column":18},"end":{"line":193,"column":null}},"line":186},"14":{"name":"(anonymous_14)","decl":{"start":{"line":186,"column":34},"end":{"line":186,"column":49}},"loc":{"start":{"line":186,"column":49},"end":{"line":186,"column":66}},"line":186},"15":{"name":"(anonymous_15)","decl":{"start":{"line":191,"column":20},"end":{"line":191,"column":34}},"loc":{"start":{"line":191,"column":39},"end":{"line":191,"column":null}},"line":191},"16":{"name":"(anonymous_16)","decl":{"start":{"line":192,"column":20},"end":{"line":192,"column":34}},"loc":{"start":{"line":192,"column":39},"end":{"line":192,"column":null}},"line":192},"17":{"name":"(anonymous_17)","decl":{"start":{"line":207,"column":35},"end":{"line":207,"column":40}},"loc":{"start":{"line":208,"column":16},"end":{"line":268,"column":null}},"line":208},"18":{"name":"(anonymous_18)","decl":{"start":{"line":218,"column":36},"end":{"line":218,"column":40}},"loc":{"start":{"line":219,"column":24},"end":{"line":264,"column":null}},"line":219},"19":{"name":"(anonymous_19)","decl":{"start":{"line":225,"column":26},"end":{"line":225,"column":40}},"loc":{"start":{"line":225,"column":45},"end":{"line":225,"column":null}},"line":225},"20":{"name":"(anonymous_20)","decl":{"start":{"line":226,"column":26},"end":{"line":226,"column":40}},"loc":{"start":{"line":226,"column":45},"end":{"line":226,"column":null}},"line":226},"21":{"name":"(anonymous_21)","decl":{"start":{"line":261,"column":28},"end":{"line":261,"column":42}},"loc":{"start":{"line":261,"column":47},"end":{"line":261,"column":null}},"line":261},"22":{"name":"(anonymous_22)","decl":{"start":{"line":262,"column":28},"end":{"line":262,"column":42}},"loc":{"start":{"line":262,"column":47},"end":{"line":262,"column":null}},"line":262},"23":{"name":"(anonymous_23)","decl":{"start":{"line":283,"column":10},"end":{"line":283,"column":25}},"loc":{"start":{"line":283,"column":25},"end":{"line":283,"column":40}},"line":283},"24":{"name":"(anonymous_24)","decl":{"start":{"line":296,"column":10},"end":{"line":296,"column":24}},"loc":{"start":{"line":296,"column":29},"end":{"line":298,"column":null}},"line":296},"25":{"name":"(anonymous_25)","decl":{"start":{"line":300,"column":10},"end":{"line":300,"column":24}},"loc":{"start":{"line":300,"column":29},"end":{"line":302,"column":null}},"line":300},"26":{"name":"(anonymous_26)","decl":{"start":{"line":352,"column":20},"end":{"line":352,"column":35}},"loc":{"start":{"line":352,"column":35},"end":{"line":352,"column":51}},"line":352},"27":{"name":"(anonymous_27)","decl":{"start":{"line":359,"column":14},"end":{"line":359,"column":28}},"loc":{"start":{"line":359,"column":33},"end":{"line":359,"column":null}},"line":359},"28":{"name":"(anonymous_28)","decl":{"start":{"line":360,"column":14},"end":{"line":360,"column":28}},"loc":{"start":{"line":360,"column":33},"end":{"line":360,"column":null}},"line":360},"29":{"name":"(anonymous_29)","decl":{"start":{"line":385,"column":14},"end":{"line":385,"column":24}},"loc":{"start":{"line":385,"column":29},"end":{"line":385,"column":52}},"line":385},"30":{"name":"(anonymous_30)","decl":{"start":{"line":386,"column":14},"end":{"line":386,"column":25}},"loc":{"start":{"line":386,"column":30},"end":{"line":386,"column":null}},"line":386}},"branchMap":{"0":{"loc":{"start":{"line":7,"column":0},"end":{"line":25,"column":null}},"type":"if","locations":[{"start":{"line":7,"column":0},"end":{"line":25,"column":null}},{"start":{},"end":{}}],"line":7},"1":{"loc":{"start":{"line":7,"column":4},"end":{"line":7,"column":73}},"type":"binary-expr","locations":[{"start":{"line":7,"column":4},"end":{"line":7,"column":39}},{"start":{"line":7,"column":39},"end":{"line":7,"column":73}}],"line":7},"2":{"loc":{"start":{"line":48,"column":4},"end":{"line":48,"column":null}},"type":"if","locations":[{"start":{"line":48,"column":4},"end":{"line":48,"column":null}},{"start":{},"end":{}}],"line":48},"3":{"loc":{"start":{"line":53,"column":4},"end":{"line":53,"column":null}},"type":"if","locations":[{"start":{"line":53,"column":4},"end":{"line":53,"column":null}},{"start":{},"end":{}}],"line":53},"4":{"loc":{"start":{"line":78,"column":8},"end":{"line":79,"column":null}},"type":"if","locations":[{"start":{"line":78,"column":8},"end":{"line":79,"column":null}},{"start":{},"end":{}}],"line":78},"5":{"loc":{"start":{"line":78,"column":12},"end":{"line":78,"column":61}},"type":"binary-expr","locations":[{"start":{"line":78,"column":12},"end":{"line":78,"column":45}},{"start":{"line":78,"column":45},"end":{"line":78,"column":61}}],"line":78},"6":{"loc":{"start":{"line":81,"column":8},"end":{"line":90,"column":null}},"type":"if","locations":[{"start":{"line":81,"column":8},"end":{"line":90,"column":null}},{"start":{},"end":{}}],"line":81},"7":{"loc":{"start":{"line":97,"column":6},"end":{"line":106,"column":null}},"type":"if","locations":[{"start":{"line":97,"column":6},"end":{"line":106,"column":null}},{"start":{"line":102,"column":13},"end":{"line":106,"column":null}}],"line":97},"8":{"loc":{"start":{"line":97,"column":10},"end":{"line":97,"column":53}},"type":"binary-expr","locations":[{"start":{"line":97,"column":10},"end":{"line":97,"column":30}},{"start":{"line":97,"column":30},"end":{"line":97,"column":53}}],"line":97},"9":{"loc":{"start":{"line":105,"column":16},"end":{"line":105,"column":null}},"type":"binary-expr","locations":[{"start":{"line":105,"column":16},"end":{"line":105,"column":36}},{"start":{"line":105,"column":36},"end":{"line":105,"column":null}}],"line":105},"10":{"loc":{"start":{"line":111,"column":14},"end":{"line":111,"column":null}},"type":"binary-expr","locations":[{"start":{"line":111,"column":14},"end":{"line":111,"column":45}},{"start":{"line":111,"column":45},"end":{"line":111,"column":null}}],"line":111},"11":{"loc":{"start":{"line":148,"column":4},"end":{"line":158,"column":null}},"type":"if","locations":[{"start":{"line":148,"column":4},"end":{"line":158,"column":null}},{"start":{},"end":{}}],"line":148},"12":{"loc":{"start":{"line":167,"column":22},"end":{"line":167,"column":null}},"type":"cond-expr","locations":[{"start":{"line":167,"column":45},"end":{"line":167,"column":57}},{"start":{"line":167,"column":57},"end":{"line":167,"column":null}}],"line":167},"13":{"loc":{"start":{"line":168,"column":31},"end":{"line":168,"column":null}},"type":"cond-expr","locations":[{"start":{"line":168,"column":54},"end":{"line":168,"column":66}},{"start":{"line":168,"column":66},"end":{"line":168,"column":null}}],"line":168},"14":{"loc":{"start":{"line":169,"column":19},"end":{"line":169,"column":null}},"type":"cond-expr","locations":[{"start":{"line":169,"column":52},"end":{"line":169,"column":61}},{"start":{"line":169,"column":61},"end":{"line":169,"column":null}}],"line":169},"15":{"loc":{"start":{"line":172,"column":17},"end":{"line":172,"column":null}},"type":"cond-expr","locations":[{"start":{"line":172,"column":40},"end":{"line":172,"column":52}},{"start":{"line":172,"column":52},"end":{"line":172,"column":null}}],"line":172},"16":{"loc":{"start":{"line":175,"column":11},"end":{"line":196,"column":null}},"type":"binary-expr","locations":[{"start":{"line":175,"column":11},"end":{"line":175,"column":null}},{"start":{"line":176,"column":12},"end":{"line":196,"column":null}}],"line":175},"17":{"loc":{"start":{"line":199,"column":11},"end":{"line":199,"column":null}},"type":"binary-expr","locations":[{"start":{"line":199,"column":11},"end":{"line":199,"column":34}},{"start":{"line":199,"column":34},"end":{"line":199,"column":null}}],"line":199},"18":{"loc":{"start":{"line":200,"column":11},"end":{"line":200,"column":null}},"type":"binary-expr","locations":[{"start":{"line":200,"column":11},"end":{"line":200,"column":35}},{"start":{"line":200,"column":35},"end":{"line":200,"column":null}}],"line":200},"19":{"loc":{"start":{"line":202,"column":11},"end":{"line":270,"column":null}},"type":"binary-expr","locations":[{"start":{"line":202,"column":11},"end":{"line":202,"column":null}},{"start":{"line":203,"column":12},"end":{"line":270,"column":null}}],"line":202},"20":{"loc":{"start":{"line":208,"column":54},"end":{"line":208,"column":101}},"type":"cond-expr","locations":[{"start":{"line":208,"column":93},"end":{"line":208,"column":98}},{"start":{"line":208,"column":98},"end":{"line":208,"column":101}}],"line":208},"21":{"loc":{"start":{"line":216,"column":19},"end":{"line":266,"column":null}},"type":"binary-expr","locations":[{"start":{"line":216,"column":19},"end":{"line":216,"column":null}},{"start":{"line":217,"column":20},"end":{"line":266,"column":null}}],"line":216},"22":{"loc":{"start":{"line":232,"column":29},"end":{"line":240,"column":null}},"type":"cond-expr","locations":[{"start":{"line":233,"column":30},"end":{"line":236,"column":31}},{"start":{"line":236,"column":30},"end":{"line":240,"column":null}}],"line":232},"23":{"loc":{"start":{"line":281,"column":7},"end":{"line":313,"column":null}},"type":"binary-expr","locations":[{"start":{"line":281,"column":7},"end":{"line":281,"column":null}},{"start":{"line":282,"column":8},"end":{"line":313,"column":null}}],"line":281},"24":{"loc":{"start":{"line":313,"column":7},"end":{"line":414,"column":null}},"type":"binary-expr","locations":[{"start":{"line":313,"column":7},"end":{"line":313,"column":null}},{"start":{"line":314,"column":8},"end":{"line":414,"column":null}}],"line":313},"25":{"loc":{"start":{"line":370,"column":13},"end":{"line":370,"column":null}},"type":"binary-expr","locations":[{"start":{"line":370,"column":13},"end":{"line":370,"column":24}},{"start":{"line":370,"column":24},"end":{"line":370,"column":null}}],"line":370},"26":{"loc":{"start":{"line":386,"column":32},"end":{"line":386,"column":null}},"type":"if","locations":[{"start":{"line":386,"column":32},"end":{"line":386,"column":null}},{"start":{},"end":{}}],"line":386},"27":{"loc":{"start":{"line":396,"column":24},"end":{"line":396,"column":47}},"type":"binary-expr","locations":[{"start":{"line":396,"column":24},"end":{"line":396,"column":35}},{"start":{"line":396,"column":35},"end":{"line":396,"column":47}}],"line":396},"28":{"loc":{"start":{"line":399,"column":29},"end":{"line":399,"column":null}},"type":"cond-expr","locations":[{"start":{"line":399,"column":56},"end":{"line":399,"column":68}},{"start":{"line":399,"column":68},"end":{"line":399,"column":null}}],"line":399},"29":{"loc":{"start":{"line":399,"column":29},"end":{"line":399,"column":52}},"type":"binary-expr","locations":[{"start":{"line":399,"column":29},"end":{"line":399,"column":40}},{"start":{"line":399,"column":40},"end":{"line":399,"column":52}}],"line":399},"30":{"loc":{"start":{"line":401,"column":25},"end":{"line":401,"column":null}},"type":"cond-expr","locations":[{"start":{"line":401,"column":52},"end":{"line":401,"column":68}},{"start":{"line":401,"column":68},"end":{"line":401,"column":null}}],"line":401},"31":{"loc":{"start":{"line":401,"column":25},"end":{"line":401,"column":48}},"type":"binary-expr","locations":[{"start":{"line":401,"column":25},"end":{"line":401,"column":36}},{"start":{"line":401,"column":36},"end":{"line":401,"column":48}}],"line":401}},"s":{"0":0,"1":0,"2":0,"3":0,"4":0,"5":0,"6":0,"7":0,"8":0,"9":0,"10":0,"11":0,"12":0,"13":0,"14":0,"15":0,"16":0,"17":0,"18":0,"19":0,"20":0,"21":0,"22":0,"23":0,"24":0,"25":0,"26":0,"27":0,"28":0,"29":0,"30":0,"31":0,"32":0,"33":0,"34":0,"35":0,"36":0,"37":0,"38":0,"39":0,"40":0,"41":0,"42":0,"43":0,"44":0,"45":0,"46":0,"47":0,"48":0,"49":0,"50":0,"51":0,"52":0,"53":0,"54":0,"55":0,"56":0,"57":0,"58":0,"59":0,"60":0,"61":0,"62":0,"63":0,"64":0,"65":0,"66":0,"67":0,"68":0,"69":0,"70":0,"71":0,"72":0,"73":0,"74":0,"75":0,"76":0,"77":0},"f":{"0":0,"1":0,"2":0,"3":0,"4":0,"5":0,"6":0,"7":0,"8":0,"9":0,"10":0,"11":0,"12":0,"13":0,"14":0,"15":0,"16":0,"17":0,"18":0,"19":0,"20":0,"21":0,"22":0,"23":0,"24":0,"25":0,"26":0,"27":0,"28":0,"29":0,"30":0},"b":{"0":[0,0],"1":[0,0],"2":[0,0],"3":[0,0],"4":[0,0],"5":[0,0],"6":[0,0],"7":[0,0],"8":[0,0],"9":[0,0],"10":[0,0],"11":[0,0],"12":[0,0],"13":[0,0],"14":[0,0],"15":[0,0],"16":[0,0],"17":[0,0],"18":[0,0],"19":[0,0],"20":[0,0],"21":[0,0],"22":[0,0],"23":[0,0],"24":[0,0],"25":[0,0],"26":[0,0],"27":[0,0],"28":[0,0],"29":[0,0],"30":[0,0],"31":[0,0]},"meta":{"lastBranch":32,"lastFunction":31,"lastStatement":78,"seen":{"s:6:17:6:Infinity":0,"b:7:0:25:Infinity:undefined:undefined:undefined:undefined":0,"s:7:0:25:Infinity":1,"b:7:4:7:39:7:39:7:73":1,"s:8:16:8:47":2,"s:9:2:9:Infinity":3,"s:10:2:10:Infinity":4,"s:25:2:25:Infinity":5,"s:28:6:414:Infinity":6,"f:28:6:28:35":0,"s:29:15:29:38":7,"s:30:18:30:47":8,"s:31:17:31:45":9,"s:34:19:36:4":10,"s:38:8:38:29":11,"s:39:8:39:31":12,"s:42:2:44:Infinity":13,"f:42:2:42:18":1,"s:43:4:43:Infinity":14,"s:47:2:49:Infinity":15,"f:47:2:47:18":2,"b:48:4:48:Infinity:undefined:undefined:undefined:undefined":2,"s:48:4:48:Infinity":16,"s:48:16:48:Infinity":17,"f:48:16:48:33":3,"s:48:33:48:58":18,"s:51:26:114:Infinity":19,"f:51:26:51:38":4,"s:52:17:52:28":20,"b:53:4:53:Infinity:undefined:undefined:undefined:undefined":3,"s:53:4:53:Infinity":21,"s:53:15:53:Infinity":22,"s:55:4:55:Infinity":23,"f:55:4:55:16":5,"s:55:24:55:73":24,"s:56:4:56:Infinity":25,"s:57:4:57:Infinity":26,"s:59:4:114:Infinity":27,"s:61:27:61:Infinity":28,"s:62:20:62:Infinity":29,"s:63:6:92:Infinity":30,"s:64:23:74:10":31,"s:76:24:76:Infinity":32,"s:77:26:77:Infinity":33,"b:78:8:79:Infinity:undefined:undefined:undefined:undefined":4,"s:78:8:79:Infinity":34,"b:78:12:78:45:78:45:78:61":5,"s:79:10:79:Infinity":35,"b:81:8:90:Infinity:undefined:undefined:undefined:undefined":6,"s:81:8:90:Infinity":36,"s:82:10:90:Infinity":37,"s:96:18:96:89":38,"b:97:6:106:Infinity:102:13:106:Infinity":7,"s:97:6:106:Infinity":39,"b:97:10:97:30:97:30:97:53":8,"s:98:8:101:Infinity":40,"f:98:8:98:20":6,"s:98:28:101:10":41,"s:103:8:106:Infinity":42,"f:103:8:103:20":7,"s:103:28:106:10":43,"b:105:16:105:36:105:36:105:Infinity":9,"s:109:6:112:Infinity":44,"f:109:6:109:18":8,"s:109:26:112:8":45,"b:111:14:111:45:111:45:111:Infinity":10,"s:114:6:114:Infinity":46,"s:119:8:126:Infinity":47,"f:119:8:119:Infinity":9,"s:120:4:126:Infinity":48,"s:129:8:143:Infinity":49,"f:129:8:129:Infinity":10,"s:130:4:143:Infinity":50,"f:137:24:137:29":11,"s:138:10:141:Infinity":51,"s:147:8:273:Infinity":52,"f:147:8:147:25":12,"b:148:4:158:Infinity:undefined:undefined:undefined:undefined":11,"s:148:4:158:Infinity":53,"s:149:6:158:Infinity":54,"s:163:4:273:Infinity":55,"b:167:45:167:57:167:57:167:Infinity":12,"b:168:54:168:66:168:66:168:Infinity":13,"b:169:52:169:61:169:61:169:Infinity":14,"b:172:40:172:52:172:52:172:Infinity":15,"b:175:11:175:Infinity:176:12:196:Infinity":16,"f:185:93:185:97":13,"s:186:18:193:Infinity":56,"f:186:34:186:49":14,"s:186:51:186:66":57,"f:191:20:191:34":15,"s:191:41:191:Infinity":58,"f:192:20:192:34":16,"s:192:41:192:Infinity":59,"b:199:11:199:34:199:34:199:Infinity":17,"b:200:11:200:35:200:35:200:Infinity":18,"b:202:11:202:Infinity:203:12:270:Infinity":19,"f:207:35:207:40":17,"s:208:16:268:Infinity":60,"b:208:93:208:98:208:98:208:101":20,"b:216:19:216:Infinity:217:20:266:Infinity":21,"f:218:36:218:40":18,"s:219:24:264:Infinity":61,"f:225:26:225:40":19,"s:225:47:225:Infinity":62,"f:226:26:226:40":20,"s:226:47:226:Infinity":63,"b:233:30:236:31:236:30:240:Infinity":22,"f:261:28:261:42":21,"s:261:49:261:Infinity":64,"f:262:28:262:42":22,"s:262:49:262:Infinity":65,"s:278:2:414:Infinity":66,"b:281:7:281:Infinity:282:8:313:Infinity":23,"f:283:10:283:25":23,"s:283:25:283:40":67,"f:296:10:296:24":24,"s:297:12:297:Infinity":68,"s:298:12:298:Infinity":69,"f:300:10:300:24":25,"s:301:12:301:Infinity":70,"s:302:12:302:Infinity":71,"b:313:7:313:Infinity:314:8:414:Infinity":24,"f:352:20:352:35":26,"s:352:35:352:51":72,"f:359:14:359:28":27,"s:359:35:359:Infinity":73,"f:360:14:360:28":28,"s:360:35:360:Infinity":74,"b:370:13:370:24:370:24:370:Infinity":25,"f:385:14:385:24":29,"s:385:29:385:52":75,"f:386:14:386:25":30,"b:386:32:386:Infinity:undefined:undefined:undefined:undefined":26,"s:386:32:386:Infinity":76,"s:386:55:386:Infinity":77,"b:396:24:396:35:396:35:396:47":27,"b:399:56:399:68:399:68:399:Infinity":28,"b:399:29:399:40:399:40:399:52":29,"b:401:52:401:68:401:68:401:Infinity":30,"b:401:25:401:36:401:36:401:48":31}}}
,"C:\\Users\\ala\\Desktop\\Nouveau dossier (2)\\Esprit-PIDEV-4TWIN1-2026-Artisant\\front\\src\\components\\catalog\\BatiBot2Chat.jsx": {"path":"C:\\Users\\ala\\Desktop\\Nouveau dossier (2)\\Esprit-PIDEV-4TWIN1-2026-Artisant\\front\\src\\components\\catalog\\BatiBot2Chat.jsx","statementMap":{"0":{"start":{"line":4,"column":20},"end":{"line":9,"column":null}},"1":{"start":{"line":12,"column":2},"end":{"line":15,"column":null}},"2":{"start":{"line":19,"column":12},"end":{"line":19,"column":41}},"3":{"start":{"line":20,"column":19},"end":{"line":22,"column":null}},"4":{"start":{"line":21,"column":41},"end":{"line":21,"column":101}},"5":{"start":{"line":24,"column":2},"end":{"line":25,"column":null}},"6":{"start":{"line":25,"column":4},"end":{"line":25,"column":null}},"7":{"start":{"line":27,"column":2},"end":{"line":27,"column":null}},"8":{"start":{"line":31,"column":15},"end":{"line":31,"column":41}},"9":{"start":{"line":32,"column":16},"end":{"line":32,"column":40}},"10":{"start":{"line":33,"column":17},"end":{"line":33,"column":45}},"11":{"start":{"line":34,"column":26},"end":{"line":34,"column":62}},"12":{"start":{"line":35,"column":19},"end":{"line":43,"column":4}},"13":{"start":{"line":45,"column":8},"end":{"line":45,"column":32}},"14":{"start":{"line":46,"column":8},"end":{"line":46,"column":31}},"15":{"start":{"line":48,"column":2},"end":{"line":50,"column":null}},"16":{"start":{"line":49,"column":4},"end":{"line":49,"column":null}},"17":{"start":{"line":49,"column":14},"end":{"line":49,"column":null}},"18":{"start":{"line":49,"column":31},"end":{"line":49,"column":56}},"19":{"start":{"line":52,"column":2},"end":{"line":54,"column":null}},"20":{"start":{"line":53,"column":4},"end":{"line":53,"column":null}},"21":{"start":{"line":56,"column":22},"end":{"line":158,"column":null}},"22":{"start":{"line":57,"column":17},"end":{"line":57,"column":48}},"23":{"start":{"line":58,"column":4},"end":{"line":58,"column":null}},"24":{"start":{"line":58,"column":15},"end":{"line":58,"column":null}},"25":{"start":{"line":60,"column":20},"end":{"line":60,"column":null}},"26":{"start":{"line":61,"column":25},"end":{"line":61,"column":47}},"27":{"start":{"line":62,"column":4},"end":{"line":62,"column":null}},"28":{"start":{"line":63,"column":4},"end":{"line":63,"column":null}},"29":{"start":{"line":64,"column":4},"end":{"line":64,"column":null}},"30":{"start":{"line":65,"column":4},"end":{"line":65,"column":null}},"31":{"start":{"line":67,"column":4},"end":{"line":158,"column":null}},"32":{"start":{"line":68,"column":26},"end":{"line":75,"column":11}},"33":{"start":{"line":70,"column":26},"end":{"line":70,"column":57}},"34":{"start":{"line":71,"column":23},"end":{"line":71,"column":67}},"35":{"start":{"line":72,"column":21},"end":{"line":75,"column":11}},"36":{"start":{"line":77,"column":12},"end":{"line":77,"column":102}},"37":{"start":{"line":78,"column":20},"end":{"line":78,"column":49}},"38":{"start":{"line":79,"column":22},"end":{"line":82,"column":null}},"39":{"start":{"line":84,"column":38},"end":{"line":95,"column":8}},"40":{"start":{"line":97,"column":34},"end":{"line":97,"column":36}},"41":{"start":{"line":98,"column":6},"end":{"line":102,"column":null}},"42":{"start":{"line":99,"column":23},"end":{"line":99,"column":null}},"43":{"start":{"line":100,"column":24},"end":{"line":100,"column":61}},"44":{"start":{"line":100,"column":57},"end":{"line":100,"column":59}},"45":{"start":{"line":101,"column":8},"end":{"line":102,"column":null}},"46":{"start":{"line":102,"column":10},"end":{"line":102,"column":null}},"47":{"start":{"line":106,"column":6},"end":{"line":120,"column":null}},"48":{"start":{"line":107,"column":20},"end":{"line":107,"column":null}},"49":{"start":{"line":108,"column":21},"end":{"line":108,"column":55}},"50":{"start":{"line":108,"column":51},"end":{"line":108,"column":53}},"51":{"start":{"line":109,"column":8},"end":{"line":109,"column":null}},"52":{"start":{"line":109,"column":21},"end":{"line":109,"column":null}},"53":{"start":{"line":110,"column":29},"end":{"line":110,"column":110}},"54":{"start":{"line":111,"column":8},"end":{"line":114,"column":null}},"55":{"start":{"line":111,"column":30},"end":{"line":113,"column":null}},"56":{"start":{"line":116,"column":30},"end":{"line":116,"column":82}},"57":{"start":{"line":117,"column":8},"end":{"line":120,"column":null}},"58":{"start":{"line":117,"column":30},"end":{"line":119,"column":null}},"59":{"start":{"line":123,"column":6},"end":{"line":144,"column":null}},"60":{"start":{"line":124,"column":8},"end":{"line":133,"column":null}},"61":{"start":{"line":124,"column":30},"end":{"line":132,"column":null}},"62":{"start":{"line":135,"column":8},"end":{"line":144,"column":null}},"63":{"start":{"line":135,"column":30},"end":{"line":143,"column":null}},"64":{"start":{"line":147,"column":6},"end":{"line":156,"column":null}},"65":{"start":{"line":147,"column":28},"end":{"line":155,"column":null}},"66":{"start":{"line":158,"column":6},"end":{"line":158,"column":null}},"67":{"start":{"line":162,"column":8},"end":{"line":172,"column":null}},"68":{"start":{"line":163,"column":4},"end":{"line":163,"column":null}},"69":{"start":{"line":164,"column":4},"end":{"line":172,"column":null}},"70":{"start":{"line":175,"column":8},"end":{"line":175,"column":90}},"71":{"start":{"line":175,"column":21},"end":{"line":175,"column":90}},"72":{"start":{"line":177,"column":2},"end":{"line":407,"column":null}},"73":{"start":{"line":180,"column":23},"end":{"line":180,"column":41}},"74":{"start":{"line":180,"column":38},"end":{"line":180,"column":41}},"75":{"start":{"line":249,"column":31},"end":{"line":249,"column":45}},"76":{"start":{"line":259,"column":14},"end":{"line":335,"column":null}},"77":{"start":{"line":277,"column":24},"end":{"line":327,"column":null}},"78":{"start":{"line":281,"column":28},"end":{"line":325,"column":null}},"79":{"start":{"line":348,"column":18},"end":{"line":362,"column":null}},"80":{"start":{"line":350,"column":35},"end":{"line":350,"column":49}},"81":{"start":{"line":373,"column":31},"end":{"line":373,"column":55}},"82":{"start":{"line":375,"column":16},"end":{"line":377,"column":null}},"83":{"start":{"line":376,"column":18},"end":{"line":376,"column":null}},"84":{"start":{"line":377,"column":18},"end":{"line":377,"column":null}},"85":{"start":{"line":390,"column":29},"end":{"line":390,"column":42}}},"fnMap":{"0":{"name":"cleanBotText","decl":{"start":{"line":11,"column":9},"end":{"line":11,"column":22}},"loc":{"start":{"line":11,"column":28},"end":{"line":15,"column":null}},"line":11},"1":{"name":"buildSmartFallbackReply","decl":{"start":{"line":18,"column":9},"end":{"line":18,"column":33}},"loc":{"start":{"line":18,"column":60},"end":{"line":27,"column":null}},"line":18},"2":{"name":"(anonymous_2)","decl":{"start":{"line":21,"column":22},"end":{"line":21,"column":30}},"loc":{"start":{"line":21,"column":41},"end":{"line":21,"column":101}},"line":21},"3":{"name":"BatiBot2Chat","decl":{"start":{"line":30,"column":24},"end":{"line":30,"column":39}},"loc":{"start":{"line":30,"column":39},"end":{"line":407,"column":null}},"line":30},"4":{"name":"(anonymous_4)","decl":{"start":{"line":48,"column":2},"end":{"line":48,"column":18}},"loc":{"start":{"line":48,"column":18},"end":{"line":50,"column":6}},"line":48},"5":{"name":"(anonymous_5)","decl":{"start":{"line":49,"column":14},"end":{"line":49,"column":31}},"loc":{"start":{"line":49,"column":31},"end":{"line":49,"column":56}},"line":49},"6":{"name":"(anonymous_6)","decl":{"start":{"line":52,"column":2},"end":{"line":52,"column":18}},"loc":{"start":{"line":52,"column":18},"end":{"line":54,"column":6}},"line":52},"7":{"name":"(anonymous_7)","decl":{"start":{"line":56,"column":22},"end":{"line":56,"column":29}},"loc":{"start":{"line":56,"column":41},"end":{"line":158,"column":null}},"line":56},"8":{"name":"(anonymous_8)","decl":{"start":{"line":70,"column":9},"end":{"line":70,"column":17}},"loc":{"start":{"line":70,"column":26},"end":{"line":70,"column":57}},"line":70},"9":{"name":"(anonymous_9)","decl":{"start":{"line":71,"column":9},"end":{"line":71,"column":17}},"loc":{"start":{"line":71,"column":23},"end":{"line":71,"column":67}},"line":71},"10":{"name":"(anonymous_10)","decl":{"start":{"line":72,"column":9},"end":{"line":72,"column":14}},"loc":{"start":{"line":72,"column":21},"end":{"line":75,"column":11}},"line":72},"11":{"name":"(anonymous_11)","decl":{"start":{"line":100,"column":44},"end":{"line":100,"column":57}},"loc":{"start":{"line":100,"column":57},"end":{"line":100,"column":59}},"line":100},"12":{"name":"(anonymous_12)","decl":{"start":{"line":108,"column":38},"end":{"line":108,"column":51}},"loc":{"start":{"line":108,"column":51},"end":{"line":108,"column":53}},"line":108},"13":{"name":"(anonymous_13)","decl":{"start":{"line":111,"column":8},"end":{"line":111,"column":21}},"loc":{"start":{"line":111,"column":30},"end":{"line":113,"column":null}},"line":111},"14":{"name":"(anonymous_14)","decl":{"start":{"line":117,"column":8},"end":{"line":117,"column":21}},"loc":{"start":{"line":117,"column":30},"end":{"line":119,"column":null}},"line":117},"15":{"name":"(anonymous_15)","decl":{"start":{"line":124,"column":8},"end":{"line":124,"column":21}},"loc":{"start":{"line":124,"column":30},"end":{"line":132,"column":null}},"line":124},"16":{"name":"(anonymous_16)","decl":{"start":{"line":135,"column":8},"end":{"line":135,"column":21}},"loc":{"start":{"line":135,"column":30},"end":{"line":143,"column":null}},"line":135},"17":{"name":"(anonymous_17)","decl":{"start":{"line":147,"column":6},"end":{"line":147,"column":19}},"loc":{"start":{"line":147,"column":28},"end":{"line":155,"column":null}},"line":147},"18":{"name":"(anonymous_18)","decl":{"start":{"line":162,"column":8},"end":{"line":162,"column":26}},"loc":{"start":{"line":162,"column":26},"end":{"line":172,"column":null}},"line":162},"19":{"name":"(anonymous_19)","decl":{"start":{"line":175,"column":8},"end":{"line":175,"column":15}},"loc":{"start":{"line":175,"column":21},"end":{"line":175,"column":90}},"line":175},"20":{"name":"(anonymous_20)","decl":{"start":{"line":180,"column":8},"end":{"line":180,"column":23}},"loc":{"start":{"line":180,"column":23},"end":{"line":180,"column":41}},"line":180},"21":{"name":"(anonymous_21)","decl":{"start":{"line":180,"column":23},"end":{"line":180,"column":32}},"loc":{"start":{"line":180,"column":38},"end":{"line":180,"column":41}},"line":180},"22":{"name":"(anonymous_22)","decl":{"start":{"line":249,"column":16},"end":{"line":249,"column":31}},"loc":{"start":{"line":249,"column":31},"end":{"line":249,"column":45}},"line":249},"23":{"name":"(anonymous_23)","decl":{"start":{"line":258,"column":22},"end":{"line":258,"column":27}},"loc":{"start":{"line":259,"column":14},"end":{"line":335,"column":null}},"line":259},"24":{"name":"(anonymous_24)","decl":{"start":{"line":276,"column":44},"end":{"line":276,"column":49}},"loc":{"start":{"line":277,"column":24},"end":{"line":327,"column":null}},"line":277},"25":{"name":"(anonymous_25)","decl":{"start":{"line":280,"column":41},"end":{"line":280,"column":46}},"loc":{"start":{"line":281,"column":28},"end":{"line":325,"column":null}},"line":281},"26":{"name":"(anonymous_26)","decl":{"start":{"line":347,"column":29},"end":{"line":347,"column":34}},"loc":{"start":{"line":348,"column":18},"end":{"line":362,"column":null}},"line":348},"27":{"name":"(anonymous_27)","decl":{"start":{"line":350,"column":20},"end":{"line":350,"column":35}},"loc":{"start":{"line":350,"column":35},"end":{"line":350,"column":49}},"line":350},"28":{"name":"(anonymous_28)","decl":{"start":{"line":373,"column":14},"end":{"line":373,"column":25}},"loc":{"start":{"line":373,"column":31},"end":{"line":373,"column":55}},"line":373},"29":{"name":"(anonymous_29)","decl":{"start":{"line":374,"column":14},"end":{"line":374,"column":26}},"loc":{"start":{"line":374,"column":32},"end":{"line":377,"column":null}},"line":374},"30":{"name":"(anonymous_30)","decl":{"start":{"line":390,"column":14},"end":{"line":390,"column":29}},"loc":{"start":{"line":390,"column":29},"end":{"line":390,"column":42}},"line":390}},"branchMap":{"0":{"loc":{"start":{"line":12,"column":16},"end":{"line":12,"column":27}},"type":"binary-expr","locations":[{"start":{"line":12,"column":16},"end":{"line":12,"column":24}},{"start":{"line":12,"column":24},"end":{"line":12,"column":27}}],"line":12},"1":{"loc":{"start":{"line":19,"column":19},"end":{"line":19,"column":34}},"type":"binary-expr","locations":[{"start":{"line":19,"column":19},"end":{"line":19,"column":31}},{"start":{"line":19,"column":31},"end":{"line":19,"column":34}}],"line":19},"2":{"loc":{"start":{"line":20,"column":19},"end":{"line":22,"column":null}},"type":"cond-expr","locations":[{"start":{"line":21,"column":6},"end":{"line":21,"column":103}},{"start":{"line":22,"column":6},"end":{"line":22,"column":null}}],"line":20},"3":{"loc":{"start":{"line":21,"column":48},"end":{"line":21,"column":101}},"type":"cond-expr","locations":[{"start":{"line":21,"column":77},"end":{"line":21,"column":97}},{"start":{"line":21,"column":97},"end":{"line":21,"column":101}}],"line":21},"4":{"loc":{"start":{"line":24,"column":2},"end":{"line":25,"column":null}},"type":"if","locations":[{"start":{"line":24,"column":2},"end":{"line":25,"column":null}},{"start":{},"end":{}}],"line":24},"5":{"loc":{"start":{"line":49,"column":4},"end":{"line":49,"column":null}},"type":"if","locations":[{"start":{"line":49,"column":4},"end":{"line":49,"column":null}},{"start":{},"end":{}}],"line":49},"6":{"loc":{"start":{"line":57,"column":24},"end":{"line":57,"column":41}},"type":"binary-expr","locations":[{"start":{"line":57,"column":24},"end":{"line":57,"column":35}},{"start":{"line":57,"column":35},"end":{"line":57,"column":41}}],"line":57},"7":{"loc":{"start":{"line":58,"column":4},"end":{"line":58,"column":null}},"type":"if","locations":[{"start":{"line":58,"column":4},"end":{"line":58,"column":null}},{"start":{},"end":{}}],"line":58},"8":{"loc":{"start":{"line":70,"column":28},"end":{"line":70,"column":57}},"type":"binary-expr","locations":[{"start":{"line":70,"column":28},"end":{"line":70,"column":39}},{"start":{"line":70,"column":39},"end":{"line":70,"column":57}}],"line":70},"9":{"loc":{"start":{"line":71,"column":23},"end":{"line":71,"column":67}},"type":"binary-expr","locations":[{"start":{"line":71,"column":23},"end":{"line":71,"column":54}},{"start":{"line":71,"column":54},"end":{"line":71,"column":67}}],"line":71},"10":{"loc":{"start":{"line":73,"column":16},"end":{"line":73,"column":null}},"type":"cond-expr","locations":[{"start":{"line":73,"column":35},"end":{"line":73,"column":45}},{"start":{"line":73,"column":45},"end":{"line":73,"column":null}}],"line":73},"11":{"loc":{"start":{"line":77,"column":23},"end":{"line":77,"column":84}},"type":"binary-expr","locations":[{"start":{"line":77,"column":23},"end":{"line":77,"column":55}},{"start":{"line":77,"column":55},"end":{"line":77,"column":84}}],"line":77},"12":{"loc":{"start":{"line":81,"column":12},"end":{"line":81,"column":null}},"type":"cond-expr","locations":[{"start":{"line":81,"column":20},"end":{"line":81,"column":56}},{"start":{"line":81,"column":59},"end":{"line":81,"column":null}}],"line":81},"13":{"loc":{"start":{"line":98,"column":6},"end":{"line":102,"column":null}},"type":"if","locations":[{"start":{"line":98,"column":6},"end":{"line":102,"column":null}},{"start":{},"end":{}}],"line":98},"14":{"loc":{"start":{"line":101,"column":8},"end":{"line":102,"column":null}},"type":"if","locations":[{"start":{"line":101,"column":8},"end":{"line":102,"column":null}},{"start":{},"end":{}}],"line":101},"15":{"loc":{"start":{"line":101,"column":12},"end":{"line":101,"column":102}},"type":"binary-expr","locations":[{"start":{"line":101,"column":12},"end":{"line":101,"column":25}},{"start":{"line":101,"column":25},"end":{"line":101,"column":45}},{"start":{"line":101,"column":45},"end":{"line":101,"column":73}},{"start":{"line":101,"column":77},"end":{"line":101,"column":102}}],"line":101},"16":{"loc":{"start":{"line":106,"column":6},"end":{"line":120,"column":null}},"type":"if","locations":[{"start":{"line":106,"column":6},"end":{"line":120,"column":null}},{"start":{"line":115,"column":13},"end":{"line":120,"column":null}}],"line":106},"17":{"loc":{"start":{"line":109,"column":8},"end":{"line":109,"column":null}},"type":"if","locations":[{"start":{"line":109,"column":8},"end":{"line":109,"column":null}},{"start":{},"end":{}}],"line":109},"18":{"loc":{"start":{"line":109,"column":37},"end":{"line":109,"column":65}},"type":"binary-expr","locations":[{"start":{"line":109,"column":37},"end":{"line":109,"column":52}},{"start":{"line":109,"column":52},"end":{"line":109,"column":65}}],"line":109},"19":{"loc":{"start":{"line":110,"column":42},"end":{"line":110,"column":109}},"type":"binary-expr","locations":[{"start":{"line":110,"column":42},"end":{"line":110,"column":57}},{"start":{"line":110,"column":57},"end":{"line":110,"column":109}}],"line":110},"20":{"loc":{"start":{"line":123,"column":6},"end":{"line":144,"column":null}},"type":"if","locations":[{"start":{"line":123,"column":6},"end":{"line":144,"column":null}},{"start":{"line":134,"column":13},"end":{"line":144,"column":null}}],"line":123},"21":{"loc":{"start":{"line":201,"column":9},"end":{"line":206,"column":null}},"type":"cond-expr","locations":[{"start":{"line":202,"column":10},"end":{"line":204,"column":11}},{"start":{"line":204,"column":10},"end":{"line":206,"column":null}}],"line":201},"22":{"loc":{"start":{"line":210,"column":7},"end":{"line":407,"column":null}},"type":"binary-expr","locations":[{"start":{"line":210,"column":7},"end":{"line":210,"column":null}},{"start":{"line":211,"column":8},"end":{"line":407,"column":null}}],"line":210},"23":{"loc":{"start":{"line":259,"column":95},"end":{"line":259,"column":144}},"type":"cond-expr","locations":[{"start":{"line":259,"column":117},"end":{"line":259,"column":130}},{"start":{"line":259,"column":130},"end":{"line":259,"column":144}}],"line":259},"24":{"loc":{"start":{"line":263,"column":34},"end":{"line":263,"column":null}},"type":"cond-expr","locations":[{"start":{"line":263,"column":56},"end":{"line":263,"column":79}},{"start":{"line":263,"column":79},"end":{"line":263,"column":null}}],"line":263},"25":{"loc":{"start":{"line":265,"column":32},"end":{"line":265,"column":null}},"type":"cond-expr","locations":[{"start":{"line":265,"column":54},"end":{"line":265,"column":98}},{"start":{"l
[...]
":{"line":282,"column":2},"end":{"line":282,"column":null}},"58":{"start":{"line":282,"column":17},"end":{"line":282,"column":null}},"59":{"start":{"line":283,"column":2},"end":{"line":283,"column":null}},"60":{"start":{"line":283,"column":16},"end":{"line":283,"column":null}},"61":{"start":{"line":284,"column":2},"end":{"line":284,"column":null}},"62":{"start":{"line":284,"column":15},"end":{"line":284,"column":null}},"63":{"start":{"line":285,"column":2},"end":{"line":285,"column":null}},"64":{"start":{"line":289,"column":13},"end":{"line":289,"column":28}},"65":{"start":{"line":290,"column":13},"end":{"line":290,"column":28}},"66":{"start":{"line":291,"column":2},"end":{"line":291,"column":null}},"67":{"start":{"line":291,"column":17},"end":{"line":291,"column":null}},"68":{"start":{"line":292,"column":2},"end":{"line":292,"column":null}},"69":{"start":{"line":296,"column":16},"end":{"line":303,"column":null}},"70":{"start":{"line":305,"column":2},"end":{"line":305,"column":null}},"71":{"start":{"line":305,"column":37},"end":{"line":305,"column":null}},"72":{"start":{"line":307,"column":14},"end":{"line":307,"column":30}},"73":{"start":{"line":308,"column":2},"end":{"line":308,"column":null}},"74":{"start":{"line":308,"column":12},"end":{"line":308,"column":null}},"75":{"start":{"line":310,"column":21},"end":{"line":310,"column":38}},"76":{"start":{"line":311,"column":14},"end":{"line":311,"column":49}},"77":{"start":{"line":312,"column":13},"end":{"line":312,"column":41}},"78":{"start":{"line":313,"column":23},"end":{"line":313,"column":null}},"79":{"start":{"line":314,"column":2},"end":{"line":314,"column":null}},"80":{"start":{"line":314,"column":20},"end":{"line":314,"column":null}},"81":{"start":{"line":316,"column":14},"end":{"line":316,"column":109}},"82":{"start":{"line":316,"column":47},"end":{"line":316,"column":65}},"83":{"start":{"line":318,"column":18},"end":{"line":318,"column":20}},"84":{"start":{"line":319,"column":16},"end":{"line":319,"column":18}},"85":{"start":{"line":320,"column":14},"end":{"line":320,"column":16}},"86":{"start":{"line":321,"column":17},"end":{"line":321,"column":null}},"87":{"start":{"line":322,"column":17},"end":{"line":322,"column":null}},"88":{"start":{"line":323,"column":17},"end":{"line":323,"column":null}},"89":{"start":{"line":324,"column":17},"end":{"line":324,"column":null}},"90":{"start":{"line":325,"column":21},"end":{"line":325,"column":null}},"91":{"start":{"line":326,"column":21},"end":{"line":326,"column":null}},"92":{"start":{"line":327,"column":20},"end":{"line":327,"column":null}},"93":{"start":{"line":328,"column":20},"end":{"line":328,"column":null}},"94":{"start":{"line":330,"column":2},"end":{"line":343,"column":null}},"95":{"start":{"line":331,"column":14},"end":{"line":331,"column":null}},"96":{"start":{"line":332,"column":4},"end":{"line":332,"column":null}},"97":{"start":{"line":333,"column":4},"end":{"line":333,"column":null}},"98":{"start":{"line":334,"column":4},"end":{"line":334,"column":null}},"99":{"start":{"line":335,"column":4},"end":{"line":335,"column":null}},"100":{"start":{"line":336,"column":4},"end":{"line":336,"column":null}},"101":{"start":{"line":337,"column":4},"end":{"line":337,"column":null}},"102":{"start":{"line":338,"column":4},"end":{"line":338,"column":null}},"103":{"start":{"line":339,"column":4},"end":{"line":339,"column":null}},"104":{"start":{"line":340,"column":4},"end":{"line":340,"column":null}},"105":{"start":{"line":341,"column":4},"end":{"line":341,"column":null}},"106":{"start":{"line":342,"column":4},"end":{"line":342,"column":null}},"107":{"start":{"line":345,"column":12},"end":{"line":345,"column":null}},"108":{"start":{"line":346,"column":2},"end":{"line":347,"column":null}},"109":{"start":{"line":347,"column":4},"end":{"line":347,"column":null}},"110":{"start":{"line":350,"column":2},"end":{"line":350,"column":null}},"111":{"start":{"line":351,"column":2},"end":{"line":351,"column":null}},"112":{"start":{"line":352,"column":2},"end":{"line":352,"column":null}},"113":{"start":{"line":354,"column":16},"end":{"line":354,"column":36}},"114":{"start":{"line":355,"column":22},"end":{"line":355,"column":null}},"115":{"start":{"line":356,"column":22},"end":{"line":356,"column":null}},"116":{"start":{"line":357,"column":26},"end":{"line":357,"column":null}},"117":{"start":{"line":359,"column":18},"end":{"line":359,"column":null}},"118":{"start":{"line":360,"column":18},"end":{"line":360,"column":null}},"119":{"start":{"line":362,"column":18},"end":{"line":362,"column":null}},"120":{"start":{"line":363,"column":18},"end":{"line":363,"column":null}},"121":{"start":{"line":365,"column":24},"end":{"line":365,"column":125}},"122":{"start":{"line":365,"column":106},"end":{"line":365,"column":124}},"123":{"start":{"line":367,"column":2},"end":{"line":374,"column":null}}},"fnMap":{"0":{"name":"clampQuantity","decl":{"start":{"line":200,"column":9},"end":{"line":200,"column":23}},"loc":{"start":{"line":200,"column":26},"end":{"line":202,"column":null}},"line":200},"1":{"name":"extractQuantityFromDescription","decl":{"start":{"line":205,"column":16},"end":{"line":205,"column":47}},"loc":{"start":{"line":205,"column":53},"end":{"line":225,"column":null}},"line":205},"2":{"name":"tokenize","decl":{"start":{"line":228,"column":9},"end":{"line":228,"column":18}},"loc":{"start":{"line":228,"column":30},"end":{"line":229,"column":null}},"line":228},"3":{"name":"detectCategories","decl":{"start":{"line":232,"column":16},"end":{"line":232,"column":33}},"loc":{"start":{"line":232,"column":45},"end":{"line":248,"column":null}},"line":232},"4":{"name":"(anonymous_4)","decl":{"start":{"line":241,"column":22},"end":{"line":241,"column":28}},"loc":{"start":{"line":241,"column":35},"end":{"line":244,"column":null}},"line":241},"5":{"name":"uniqueOrdered","decl":{"start":{"line":251,"column":9},"end":{"line":251,"column":23}},"loc":{"start":{"line":251,"column":30},"end":{"line":260,"column":null}},"line":251},"6":{"name":"capitalize","decl":{"start":{"line":263,"column":9},"end":{"line":263,"column":20}},"loc":{"start":{"line":263,"column":26},"end":{"line":264,"column":null}},"line":263},"7":{"name":"formatCategoryLabel","decl":{"start":{"line":267,"column":9},"end":{"line":267,"column":29}},"loc":{"start":{"line":267,"column":35},"end":{"line":270,"column":null}},"line":267},"8":{"name":"synergyFactor","decl":{"start":{"line":273,"column":9},"end":{"line":273,"column":23}},"loc":{"start":{"line":273,"column":38},"end":{"line":275,"column":null}},"line":273},"9":{"name":"formatDurationRange","decl":{"start":{"line":278,"column":9},"end":{"line":278,"column":29}},"loc":{"start":{"line":278,"column":47},"end":{"line":285,"column":null}},"line":278},"10":{"name":"formatCostRange","decl":{"start":{"line":288,"column":9},"end":{"line":288,"column":25}},"loc":{"start":{"line":288,"column":40},"end":{"line":292,"column":null}},"line":288},"11":{"name":"generateProjectPlan","decl":{"start":{"line":295,"column":16},"end":{"line":295,"column":36}},"loc":{"start":{"line":295,"column":47},"end":{"line":374,"column":null}},"line":295},"12":{"name":"(anonymous_12)","decl":{"start":{"line":316,"column":33},"end":{"line":316,"column":41}},"loc":{"start":{"line":316,"column":47},"end":{"line":316,"column":65}},"line":316},"13":{"name":"(anonymous_13)","decl":{"start":{"line":330,"column":7},"end":{"line":330,"column":16}},"loc":{"start":{"line":330,"column":22},"end":{"line":343,"column":null}},"line":330},"14":{"name":"(anonymous_14)","decl":{"start":{"line":365,"column":92},"end":{"line":365,"column":100}},"loc":{"start":{"line":365,"column":106},"end":{"line":365,"column":124}},"line":365}},"branchMap":{"0":{"loc":{"start":{"line":201,"column":2},"end":{"line":201,"column":null}},"type":"if","locations":[{"start":{"line":201,"column":2},"end":{"line":201,"column":null}},{"start":{},"end":{}}],"line":201},"1":{"loc":{"start":{"line":201,"column":6},"end":{"line":201,"column":36}},"type":"binary-expr","locations":[{"start":{"line":201,"column":6},"end":{"line":201,"column":25}},{"start":{"line":201,"column":29},"end":{"line":201,"column":36}}],"line":201},"2":{"loc":{"start":{"line":209,"column":2},"end":{"line":209,"column":null}},"type":"if","locations":[{"start":{"line":209,"column":2},"end":{"line":209,"column":null}},{"start":{},"end":{}}],"line":209},"3":{"loc":{"start":{"line":212,"column":2},"end":{"line":212,"column":null}},"type":"if","locations":[{"start":{"line":212,"column":2},"end":{"line":212,"column":null}},{"start":{},"end":{}}],"line":212},"4":{"loc":{"start":{"line":215,"column":2},"end":{"line":215,"column":null}},"type":"if","locations":[{"start":{"line":215,"column":2},"end":{"line":215,"column":null}},{"start":{},"end":{}}],"line":215},"5":{"loc":{"start":{"line":220,"column":2},"end":{"line":220,"column":null}},"type":"if","locations":[{"start":{"line":220,"column":2},"end":{"line":220,"column":null}},{"start":{},"end":{}}],"line":220},"6":{"loc":{"start":{"line":223,"column":2},"end":{"line":223,"column":null}},"type":"if","locations":[{"start":{"line":223,"column":2},"end":{"line":223,"column":null}},{"start":{},"end":{}}],"line":223},"7":{"loc":{"start":{"line":239,"column":4},"end":{"line":239,"column":null}},"type":"if","locations":[{"start":{"line":239,"column":4},"end":{"line":239,"column":null}},{"start":{},"end":{}}],"line":239},"8":{"loc":{"start":{"line":242,"column":6},"end":{"line":242,"column":null}},"type":"if","locations":[{"start":{"line":242,"column":6},"end":{"line":242,"column":null}},{"start":{},"end":{}}],"line":242},"9":{"loc":{"start":{"line":245,"column":4},"end":{"line":245,"column":null}},"type":"if","locations":[{"start":{"line":245,"column":4},"end":{"line":245,"column":null}},{"start":{},"end":{}}],"line":245},"10":{"loc":{"start":{"line":256,"column":4},"end":{"line":256,"column":null}},"type":"if","locations":[{"start":{"line":256,"column":4},"end":{"line":256,"column":null}},{"start":{},"end":{}}],"line":256},"11":{"loc":{"start":{"line":268,"column":2},"end":{"line":268,"column":null}},"type":"if","locations":[{"start":{"line":268,"column":2},"end":{"line":268,"column":null}},{"start":{},"end":{}}],"line":268},"12":{"loc":{"start":{"line":269,"column":2},"end":{"line":269,"column":null}},"type":"if","locations":[{"start":{"line":269,"column":2},"end":{"line":269,"column":null}},{"start":{},"end":{}}],"line":269},"13":{"loc":{"start":{"line":274,"column":2},"end":{"line":274,"column":null}},"type":"if","locations":[{"start":{"line":274,"column":2},"end":{"line":274,"column":null}},{"start":{},"end":{}}],"line":274},"14":{"loc":{"start":{"line":282,"column":2},"end":{"line":282,"column":null}},"type":"if","locations":[{"start":{"line":282,"column":2},"end":{"line":282,"column":null}},{"start":{},"end":{}}],"line":282},"15":{"loc":{"start":{"line":283,"column":2},"end":{"line":283,"column":null}},"type":"if","locations":[{"start":{"line":283,"column":2},"end":{"line":283,"column":null}},{"start":{},"end":{}}],"line":283},"16":{"loc":{"start":{"line":284,"column":2},"end":{"line":284,"column":null}},"type":"if","locations":[{"start":{"line":284,"column":2},"end":{"line":284,"column":null}},{"start":{},"end":{}}],"line":284},"17":{"loc":{"start":{"line":291,"column":2},"end":{"line":291,"column":null}},"type":"if","locations":[{"start":{"line":291,"column":2},"end":{"line":291,"column":null}},{"start":{},"end":{}}],"line":291},"18":{"loc":{"start":{"line":305,"column":2},"end":{"line":305,"column":null}},"type":"if","locations":[{"start":{"line":305,"column":2},"end":{"line":305,"column":null}},{"start":{},"end":{}}],"line":305},"19":{"loc":{"start":{"line":308,"column":2},"end":{"line":308,"column":null}},"type":"if","locations":[{"start":{"line":308,"column":2},"end":{"line":308,"column":null}},{"start":{},"end":{}}],"line":308},"20":{"loc":{"start":{"line":314,"column":2},"end":{"line":314,"column":null}},"type":"if","locations":[{"start":{"line":314,"column":2},"end":{"line":314,"column":null}},{"start":{},"end":{}}],"line":314},"21":{"loc":{"start":{"line":316,"column":28},"end":{"line":316,"column":109}},"type":"binary-expr","locations":[{"start":{"line":316,"column":28},"end":{"line":316,"column":77}},{"start":{"line":316,"column":77},"end":{"line":316,"column":109}}],"line":316},"22":{"loc":{"start":{"line":316,"column":77},"end":{"line":316,"column":109}},"type":"cond-expr","locations":[{"start":{"line":316,"column":92},"end":{"line":316,"column":96}},{"start":{"line":316,"column":96},"end":{"line":316,"column":109}}],"line":316},"23":{"loc":{"start":{"line":346,"column":2},"end":{"line":347,"column":null}},"type":"if","locations":[{"start":{"line":346,"column":2},"end":{"line":347,"column":null}},{"start":{},"end":{}}],"line":346},"24":{"loc":{"start":{"line":357,"column":26},"end":{"line":357,"column":null}},"type":"cond-expr","locations":[{"start":{"line":357,"column":38},"end":{"line":357,"column":45}},{"start":{"line":357,"column":45},"end":{"line":357,"column":null}}],"line":357},"25":{"loc":{"start":{"line":357,"column":45},"end":{"line":357,"column":null}},"type":"cond-expr","locations":[{"start":{"line":357,"column":56},"end":{"line":357,"column":62}},{"start":{"line":357,"column":62},"end":{"line":357,"column":null}}],"line":357},"26":{"loc":{"start":{"line":365,"column":24},"end":{"line":365,"column":125}},"type":"cond-expr","locations":[{"start":{"line":365,"column":39},"end":{"line":365,"column":67}},{"start":{"line":365,"column":67},"end":{"line":365,"column":125}}],"line":365}},"s":{"0":1,"1":1,"2":4,"3":0,"4":4,"5":8,"6":8,"7":8,"8":1,"9":7,"10":7,"11":1,"12":6,"13":6,"14":1,"15":5,"16":5,"17":1,"18":4,"19":4,"20":0,"21":4,"22":6,"23":6,"24":6,"25":6,"26":6,"27":42,"28":6,"29":36,"30":36,"31":516,"32":24,"33":492,"34":36,"35":7,"36":6,"37":6,"38":6,"39":6,"40":46,"41":46,"42":0,"43":46,"44":46,"45":6,"46":2,"47":2,"48":0,"49":2,"50":1,"51":1,"52":2,"53":1,"54":1,"55":6,"56":6,"57":6,"58":0,"59":6,"60":6,"61":0,"62":0,"63":0,"64":6,"65":6,"66":6,"67":0,"68":6,"69":4,"70":4,"71":1,"72":3,"73":3,"74":1,"75":2,"76":2,"77":2,"78":2,"79":2,"80":0,"81":2,"82":3,"83":4,"84":4,"85":4,"86":4,"87":4,"88":4,"89":4,"90":4,"91":4,"92":4,"93":4,"94":4,"95":3,"96":3,"97":3,"98":3,"99":3,"100":3,"101":3,"102":3,"103":3,"104":3,"105":3,"106":3,"107":4,"108":4,"109":1,"110":2,"111":2,"112":2,"113":2,"114":2,"115":2,"116":2,"117":4,"118":4,"119":4,"120":4,"121":4,"122":3,"123":4},"f":{"0":4,"1":8,"2":6,"3":6,"4":516,"5":6,"6":2,"7":2,"8":2,"9":6,"10":6,"11":4,"12":3,"13":3,"14":3},"b":{"0":[0,4],"1":[4,4],"2":[1,7],"3":[1,6],"4":[1,5],"5":[1,4],"6":[0,4],"7":[6,36],"8":[24,492],"9":[7,29],"10":[0,46],"11":[0,2],"12":[1,1],"13":[1,1],"14":[0,6],"15":[6,0],"16":[0,0],"17":[0,6],"18":[1,3],"19":[1,2],"20":[0,2],"21":[2,0],"22":[0,0],"23":[1,3],"24":[0,2],"25":[0,2],"26":[0,2]},"meta":{"lastBranch":27,"lastFunction":15,"lastStatement":124,"seen":{"s:1:20:1:Infinity":0,"s:3:38:198:Infinity":1,"f:200:9:200:23":0,"b:201:2:201:Infinity:undefined:undefined:undefined:undefined":0,"s:201:2:201:Infinity":2,"b:201:6:201:25:201:29:201:36":1,"s:201:36:201:Infinity":3,"s:202:2:202:Infinity":4,"f:205:16:205:47":1,"s:206:12:206:30":5,"s:208:18:208:70":6,"b:209:2:209:Infinity:undefined:undefined:undefined:undefined":2,"s:209:2:209:Infinity":7,"s:209:15:209:Infinity":8,"s:211:18:211:70":9,"b:212:2:212:Infinity:undefined:undefined:undefined:undefined":3,"s:212:2:212:Infinity":10,"s:212:15:212:Infinity":11,"s:214:22:214:66":12,"b:215:2:215:Infinity:undefined:undefined:undefined:undefined":4,"s:215:2:215:Infinity":13,"s:215:19:215:Infinity":14,"s:217:19:218:Infinity":15,"b:220:2:220:Infinity:undefined:undefined:undefined:undefined":5,"s:220:2:220:Infinity":16,"s:220:16:220:Infinity":17,"s:222:19:222:66":18,"b:223:2:223:Infinity:undefined:undefined:undefined:undefined":6,"s:223:2:223:Infinity":19,"s:223:16:223:Infinity":20,"s:225:2:225:Infinity":21,"f:228:9:228:18":2,"s:229:2:229:Infinity":22,"f:232:16:232:33":3,"s:233:17:233:46":23,"s:234:19:234:Infinity":24,"s:236:16:236:18":25,"s:238:2:245:Infinity":26,"b:239:4:239:Infinity:undefined:undefined:undefined:undefined":7,"s:239:4:239:Infinity":27,"s:239:29:239:Infinity":28,"s:240:22:240:Infinity":29,"s:241:16:244:Infinity":30,"f:241:22:241:28":4,"b:242:6:242:Infinity:undefined:undefined:undefined:undefined":8,"s:242:6:242:Infinity":31,"s:242:26:242:Infinity":32,"s:243:6:243:Infinity":33,"b:245:4:245:Infinity:undefined:undefined:undefined:undefined":9,"s:245:4:245:Infinity":34,"s:245:13:245:Infinity":35,"s:248:2:248:Infinity":36,"f:251:9:251:23":5,"s:252:15:252:24":37,"s:253:14:253:16":38,"s:254:2:258:Infinity":39,"s:255:14:255:29":40,"b:256:4:256:Infinity:undefined:undefined:undefined:undefined":10,"s:256:4:256:Infinity":41,"s:256:21:256:Infinity":42,"s:257:4:257:Infinity":43,"s:258:4:258:Infinity":44,"s:260:2:260:Infinity":45,"f:263:9:263:20":6,"s:264:2:264:Infinity":46,"f:267:9:267:29":7,"b:268:2:268:Infinity:undefined:undefined:undefined:undefined":11,"s:268:2:268:Infinity":47,"s:268:20:268:Infinity":48,"b:269:2:269:Infinity:undefined:undefined:undefined:undefined":12,"s:269:2:269:Infinity":49,"s:269:25:269:Infinity":50,"s:270:2:270:Infinity":51,"f:273:9:273:23":8,"b:274:2:274:Infinity:undefined:undefined:undefined:undefined":13,"s:274:2:274:Infinity":52,"s:274:26:274:Infinity":53,"s:275:2:275:Infinity":54,"f:278:9:278:29":9,"s:279:12:279:35":55,"s:280:12:280:32":56,"b:282:2:282:Infinity:undefined:undefined:undefined:undefined":14,"s:282:2:282:Infinity":57,"s:282:17:282:Infinity":58,"b:283:2:283:Infinity:undefined:undefined:undefined:undefined":15,"s:283:2:283:Infinity":59,"s:283:16:283:Infinity":60,"b:284:2:284:Infinity:undefined:undefined:undefined:undefined":16,"s:284:2:284:Infinity":61,"s:284:15:284:Infinity":62,"s:285:2:285:Infinity":63,"f:288:9:288:25":10,"s:289:13:289:28":64,"s:290:13:290:28":65,"b:291:2:291:Infinity:undefined:undefined:undefined:undefined":17,"s:291:2:291:Infinity":66,"s:291:17:291:Infinity":67,"s:292:2:292:Infinity":68,"f:295:16:295:36":11,"s:296:16:303:Infinity":69,"b:305:2:305:Infinity:undefined:undefined:undefined:undefined":18,"s:305:2:305:Infinity":70,"s:305:37:305:Infinity":71,"s:307:14:307:30":72,"b:308:2:308:Infinity:undefined:undefined:undefined:undefined":19,"s:308:2:308:Infinity":73,"s:308:12:308:Infinity":74,"s:310:21:310:38":75,"s:311:14:311:49":76,"s:312:13:312:41":77,"s:313:23:313:Infinity":78,"b:314:2:314:Infinity:undefined:undefined:undefined:undefined":20,"s:314:2:314:Infinity":79,"s:314:20:314:Infinity":80,"s:316:14:316:109":81,"b:316:28:316:77:316:77:316:109":21,"f:316:33:316:41":12,"s:316:47:316:65":82,"b:316:92:316:96:316:96:316:109":22,"s:318:18:318:20":83,"s:319:16:319:18":84,"s:320:14:320:16":85,"s:321:17:321:Infinity":86,"s:322:17:322:Infinity":87,"s:323:17:323:Infinity":88,"s:324:17:324:Infinity":89,"s:325:21:325:Infinity":90,"s:326:21:326:Infinity":91,"s:327:20:327:Infinity":92,"s:328:20:328:Infinity":93,"s:330:2:343:Infinity":94,"f:330:7:330:16":13,"s:331:14:331:Infinity":95,"s:332:4:332:Infinity":96,"s:333:4:333:Infinity":97,"s:334:4:334:Infinity":98,"s:335:4:335:Infinity":99,"s:336:4:336:Infinity":100,"s:337:4:337:Infinity":101,"s:338:4:338:Infinity":102,"s:339:4:339:Infinity":103,"s:340:4:340:Infinity":104,"s:341:4:341:Infinity":105,"s:342:4:342:Infinity":106,"s:345:12:345:Infinity":107,"b:346:2:347:Infinity:undefined:undefined:undefined:undefined":23,"s:346:2:347:Infinity":108,"s:347:4:347:Infinity":109,"s:350:2:350:Infinity":110,"s:351:2:351:Infinity":111,"s:352:2:352:Infinity":112,"s:354:16:354:36":113,"s:355:22:355:Infinity":114,"s:356:22:356:Infinity":115,"s:357:26:357:Infinity":116,"b:357:38:357:45:357:45:357:Infinity":24,"b:357:56:357:62:357:62:357:Infinity":25,"s:359:18:359:Infinity":117,"s:360:18:360:Infinity":118,"s:362:18:362:Infinity":119,"s:363:18:363:Infinity":120,"s:365:24:365:125":121,"b:365:39:365:67:365:67:365:125":26,"f:365:92:365:100":14,"s:365:106:365:124":122,"s:367:2:374:Infinity":123}}}
}
