<?xml version="1.0" encoding="UTF-8"?>
<coverage generated="1777211728014" clover="3.2.0">
  <project timestamp="1777211728014" name="All files">
    <metrics statements="4" coveredstatements="4" conditionals="5" coveredconditionals="5" methods="1" coveredmethods="1" elements="10" coveredelements="10" complexity="0" loc="4" ncloc="4" packages="1" files="1" classes="1"/>
    <file name="math.js" path="C:\Users\ala\Desktop\piweb\server\src\utils\math.js">
      <metrics statements="4" coveredstatements="4" conditionals="5" coveredconditionals="5" methods="1" coveredmethods="1"/>
      <line num="4" count="1" type="cond" truecount="1" falsecount="0"/>
      <line num="5" count="4" type="cond" truecount="4" falsecount="0"/>
      <line num="6" count="2" type="stmt"/>
      <line num="7" count="2" type="stmt"/>
    </file>
  </project>
</coverage>
