{"C:\\Users\\ala\\Desktop\\Nouveau dossier (2)\\Esprit-PIDEV-4TWIN1-2026-Artisant\\server\\src\\controllers\\admin.controller.js": {"path":"C:\\Users\\ala\\Desktop\\Nouveau dossier (2)\\Esprit-PIDEV-4TWIN1-2026-Artisant\\server\\src\\controllers\\admin.controller.js","statementMap":{"0":{"start":{"line":16,"column":28},"end":{"line":68,"column":2}},"1":{"start":{"line":27,"column":6},"end":{"line":53,"column":4}},"2":{"start":{"line":55,"column":2},"end":{"line":67,"column":5}},"3":{"start":{"line":70,"column":27},"end":{"line":96,"column":2}},"4":{"start":{"line":71,"column":71},"end":{"line":71,"column":80}},"5":{"start":{"line":73,"column":17},"end":{"line":73,"column":19}},"6":{"start":{"line":74,"column":2},"end":{"line":74,"column":43}},"7":{"start":{"line":74,"column":18},"end":{"line":74,"column":43}},"8":{"start":{"line":75,"column":2},"end":{"line":75,"column":70}},"9":{"start":{"line":75,"column":30},"end":{"line":75,"column":70}},"10":{"start":{"line":76,"column":2},"end":{"line":76,"column":74}},"11":{"start":{"line":76,"column":32},"end":{"line":76,"column":74}},"12":{"start":{"line":77,"column":2},"end":{"line":83,"column":3}},"13":{"start":{"line":78,"column":4},"end":{"line":82,"column":6}},"14":{"start":{"line":85,"column":15},"end":{"line":85,"column":49}},"15":{"start":{"line":86,"column":25},"end":{"line":89,"column":4}},"16":{"start":{"line":91,"column":2},"end":{"line":95,"column":5}},"17":{"start":{"line":98,"column":26},"end":{"line":107,"column":2}},"18":{"start":{"line":99,"column":15},"end":{"line":103,"column":3}},"19":{"start":{"line":104,"column":2},"end":{"line":104,"column":97}},"20":{"start":{"line":104,"column":13},"end":{"line":104,"column":97}},"21":{"start":{"line":106,"column":2},"end":{"line":106,"column":91}},"22":{"start":{"line":109,"column":32},"end":{"line":121,"column":2}},"23":{"start":{"line":110,"column":15},"end":{"line":110,"column":49}},"24":{"start":{"line":111,"column":2},"end":{"line":111,"column":97}},"25":{"start":{"line":111,"column":13},"end":{"line":111,"column":97}},"26":{"start":{"line":113,"column":2},"end":{"line":113,"column":33}},"27":{"start":{"line":114,"column":2},"end":{"line":114,"column":49}},"28":{"start":{"line":116,"column":2},"end":{"line":120,"column":5}},"29":{"start":{"line":123,"column":26},"end":{"line":132,"column":2}},"30":{"start":{"line":124,"column":15},"end":{"line":124,"column":49}},"31":{"start":{"line":125,"column":2},"end":{"line":125,"column":97}},"32":{"start":{"line":125,"column":13},"end":{"line":125,"column":97}},"33":{"start":{"line":126,"column":2},"end":{"line":128,"column":3}},"34":{"start":{"line":127,"column":4},"end":{"line":127,"column":102}},"35":{"start":{"line":130,"column":2},"end":{"line":130,"column":25}},"36":{"start":{"line":131,"column":2},"end":{"line":131,"column":63}}},"fnMap":{"0":{"name":"(anonymous_0)","decl":{"start":{"line":16,"column":41},"end":{"line":16,"column":42}},"loc":{"start":{"line":16,"column":61},"end":{"line":68,"column":1}},"line":16},"1":{"name":"(anonymous_1)","decl":{"start":{"line":70,"column":40},"end":{"line":70,"column":41}},"loc":{"start":{"line":70,"column":60},"end":{"line":96,"column":1}},"line":70},"2":{"name":"(anonymous_2)","decl":{"start":{"line":98,"column":39},"end":{"line":98,"column":40}},"loc":{"start":{"line":98,"column":59},"end":{"line":107,"column":1}},"line":98},"3":{"name":"(anonymous_3)","decl":{"start":{"line":109,"column":45},"end":{"line":109,"column":46}},"loc":{"start":{"line":109,"column":65},"end":{"line":121,"column":1}},"line":109},"4":{"name":"(anonymous_4)","decl":{"start":{"line":123,"column":39},"end":{"line":123,"column":40}},"loc":{"start":{"line":123,"column":59},"end":{"line":132,"column":1}},"line":123}},"branchMap":{"0":{"loc":{"start":{"line":71,"column":46},"end":{"line":71,"column":54}},"type":"default-arg","locations":[{"start":{"line":71,"column":53},"end":{"line":71,"column":54}}],"line":71},"1":{"loc":{"start":{"line":71,"column":56},"end":{"line":71,"column":66}},"type":"default-arg","locations":[{"start":{"line":71,"column":64},"end":{"line":71,"column":66}}],"line":71},"2":{"loc":{"start":{"line":74,"column":2},"end":{"line":74,"column":43}},"type":"if","locations":[{"start":{"line":74,"column":2},"end":{"line":74,"column":43}},{"start":{},"end":{}}],"line":74},"3":{"loc":{"start":{"line":75,"column":2},"end":{"line":75,"column":70}},"type":"if","locations":[{"start":{"line":75,"column":2},"end":{"line":75,"column":70}},{"start":{},"end":{}}],"line":75},"4":{"loc":{"start":{"line":76,"column":2},"end":{"line":76,"column":74}},"type":"if","locations":[{"start":{"line":76,"column":2},"end":{"line":76,"column":74}},{"start":{},"end":{}}],"line":76},"5":{"loc":{"start":{"line":77,"column":2},"end":{"line":83,"column":3}},"type":"if","locations":[{"start":{"line":77,"column":2},"end":{"line":83,"column":3}},{"start":{},"end":{}}],"line":77},"6":{"loc":{"start":{"line":104,"column":2},"end":{"line":104,"column":97}},"type":"if","locations":[{"start":{"line":104,"column":2},"end":{"line":104,"column":97}},{"start":{},"end":{}}],"line":104},"7":{"loc":{"start":{"line":111,"column":2},"end":{"line":111,"column":97}},"type":"if","locations":[{"start":{"line":111,"column":2},"end":{"line":111,"column":97}},{"start":{},"end":{}}],"line":111},"8":{"loc":{"start":{"line":118,"column":23},"end":{"line":118,"column":61}},"type":"cond-expr","locations":[{"start":{"line":118,"column":39},"end":{"line":118,"column":47}},{"start":{"line":118,"column":50},"end":{"line":118,"column":61}}],"line":118},"9":{"loc":{"start":{"line":125,"column":2},"end":{"line":125,"column":97}},"type":"if","locations":[{"start":{"line":125,"column":2},"end":{"line":125,"column":97}},{"start":{},"end":{}}],"line":125},"10":{"loc":{"start":{"line":126,"column":2},"end":{"line":128,"column":3}},"type":"if","locations":[{"start":{"line":126,"column":2},"end":{"line":128,"column":3}},{"start":{},"end":{}}],"line":126}},"s":{"0":1,"1":0,"2":0,"3":1,"4":1,"5":1,"6":1,"7":0,"8":1,"9":0,"10":1,"11":0,"12":1,"13":0,"14":1,"15":1,"16":1,"17":1,"18":0,"19":0,"20":0,"21":0,"22":1,"23":1,"24":1,"25":0,"26":1,"27":1,"28":1,"29":1,"30":0,"31":0,"32":0,"33":0,"34":0,"35":0,"36":0},"f":{"0":0,"1":1,"2":0,"3":1,"4":0},"b":{"0":[1],"1":[1],"2":[0,1],"3":[0,1],"4":[0,1],"5":[0,1],"6":[0,0],"7":[0,1],"8":[0,1],"9":[0,0],"10":[0,0]},"_coverageSchema":"1a1c01bbd47fc00a2c39e90264f33305004495a9","hash":"5e8847bd349101a9e002acd0364e574b4fe9d777"}
,"C:\\Users\\ala\\Desktop\\Nouveau dossier (2)\\Esprit-PIDEV-4TWIN1-2026-Artisant\\server\\src\\controllers\\aiChantierBrain.controller.js": {"path":"C:\\Users\\ala\\Desktop\\Nouveau dossier (2)\\Esprit-PIDEV-4TWIN1-2026-Artisant\\server\\src\\controllers\\aiChantierBrain.controller.js","statementMap":{"0":{"start":{"line":12,"column":22},"end":{"line":26,"column":1}},"1":{"start":{"line":13,"column":16},"end":{"line":13,"column":40}},"2":{"start":{"line":14,"column":2},"end":{"line":14,"column":26}},"3":{"start":{"line":14,"column":14},"end":{"line":14,"column":26}},"4":{"start":{"line":15,"column":12},"end":{"line":15,"column":20}},"5":{"start":{"line":16,"column":2},"end":{"line":25,"column":3}},"6":{"start":{"line":17,"column":4},"end":{"line":17,"column":27}},"7":{"start":{"line":19,"column":4},"end":{"line":23,"column":39}},"8":{"start":{"line":24,"column":4},"end":{"line":24,"column":63}},"9":{"start":{"line":24,"column":10},"end":{"line":24,"column":33}},"10":{"start":{"line":24,"column":49},"end":{"line":24,"column":61}},"11":{"start":{"line":28,"column":14},"end":{"line":28,"column":69}},"12":{"start":{"line":28,"column":22},"end":{"line":28,"column":69}},"13":{"start":{"line":28,"column":45},"end":{"line":28,"column":68}},"14":{"start":{"line":30,"column":18},"end":{"line":56,"column":1}},"15":{"start":{"line":31,"column":27},"end":{"line":31,"column":38}},"16":{"start":{"line":32,"column":15},"end":{"line":32,"column":61}},"17":{"start":{"line":34,"column":2},"end":{"line":55,"column":3}},"18":{"start":{"line":35,"column":16},"end":{"line":43,"column":6}},"19":{"start":{"line":45,"column":16},"end":{"line":45,"column":56}},"20":{"start":{"line":46,"column":19},"end":{"line":46,"column":37}},"21":{"start":{"line":48,"column":4},"end":{"line":50,"column":5}},"22":{"start":{"line":49,"column":6},"end":{"line":49,"column":83}},"23":{"start":{"line":51,"column":4},"end":{"line":51,"column":18}},"24":{"start":{"line":53,"column":4},"end":{"line":53,"column":64}},"25":{"start":{"line":54,"column":4},"end":{"line":54,"column":16}},"26":{"start":{"line":60,"column":23},"end":{"line":68,"column":1}},"27":{"start":{"line":61,"column":2},"end":{"line":67,"column":3}},"28":{"start":{"line":62,"column":4},"end":{"line":63,"column":85}},"29":{"start":{"line":65,"column":4},"end":{"line":65,"column":61}},"30":{"start":{"line":66,"column":4},"end":{"line":66,"column":14}},"31":{"start":{"line":70,"column":31},"end":{"line":80,"column":1}},"32":{"start":{"line":71,"column":2},"end":{"line":79,"column":3}},"33":{"start":{"line":72,"column":24},"end":{"line":72,"column":69}},"34":{"start":{"line":73,"column":4},"end":{"line":73,"column":32}},"35":{"start":{"line":73,"column":22},"end":{"line":73,"column":32}},"36":{"start":{"line":74,"column":4},"end":{"line":75,"column":58}},"37":{"start":{"line":77,"column":4},"end":{"line":77,"column":61}},"38":{"start":{"line":78,"column":4},"end":{"line":78,"column":14}},"39":{"start":{"line":84,"column":32},"end":{"line":143,"column":2}},"40":{"start":{"line":85,"column":51},"end":{"line":85,"column":59}},"41":{"start":{"line":87,"column":2},"end":{"line":87,"column":85}},"42":{"start":{"line":87,"column":27},"end":{"line":87,"column":85}},"43":{"start":{"line":90,"column":15},"end":{"line":90,"column":40}},"44":{"start":{"line":91,"column":2},"end":{"line":93,"column":3}},"45":{"start":{"line":92,"column":4},"end":{"line":92,"column":68}},"46":{"start":{"line":95,"column":14},"end":{"line":95,"column":77}},"47":{"start":{"line":98,"column":26},"end":{"line":98,"column":146}},"48":{"start":{"line":99,"column":2},"end":{"line":101,"column":3}},"49":{"start":{"line":100,"column":4},"end":{"line":100,"column":108}},"50":{"start":{"line":102,"column":17},"end":{"line":102,"column":99}},"51":{"start":{"line":104,"column":2},"end":{"line":104,"column":19}},"52":{"start":{"line":107,"column":20},"end":{"line":107,"column":68}},"53":{"start":{"line":107,"column":47},"end":{"line":107,"column":67}},"54":{"start":{"line":108,"column":19},"end":{"line":108,"column":58}},"55":{"start":{"line":110,"column":17},"end":{"line":110,"column":134}},"56":{"start":{"line":112,"column":2},"end":{"line":112,"column":19}},"57":{"start":{"line":116,"column":17},"end":{"line":116,"column":170}},"58":{"start":{"line":118,"column":2},"end":{"line":118,"column":19}},"59":{"start":{"line":121,"column":19},"end":{"line":121,"column":111}},"60":{"start":{"line":122,"column":23},"end":{"line":122,"column":132}},"61":{"start":{"line":122,"column":68},"end":{"line":122,"column":115}},"62":{"start":{"line":122,"column":83},"end":{"line":122,"column":114}},"63":{"start":{"line":122,"column":130},"end":{"line":122,"column":131}},"64":{"start":{"line":123,"column":19},"end":{"line":123,"column":87}},"65":{"start":{"line":124,"column":17},"end":{"line":124,"column":141}},"66":{"start":{"line":126,"column":2},"end":{"line":126,"column":19}},"67":{"start":{"line":129,"column":17},"end":{"line":129,"column":142}},"68":{"start":{"line":132,"column":2},"end":{"line":142,"column":5}}},"fnMap":{"0":{"name":"(anonymous_0)","decl":{"start":{"line":12,"column":22},"end":{"line":12,"column":23}},"loc":{"start":{"line":12,"column":31},"end":{"line":26,"column":1}},"line":12},"1":{"name":"(anonymous_1)","decl":{"start":{"line":28,"column":14},"end":{"line":28,"column":15}},"loc":{"start":{"line":28,"column":22},"end":{"line":28,"column":69}},"line":28},"2":{"name":"(anonymous_2)","decl":{"start":{"line":28,"column":34},"end":{"line":28,"column":35}},"loc":{"start":{"line":28,"column":45},"end":{"line":28,"column":68}},"line":28},"3":{"name":"(anonymous_3)","decl":{"start":{"line":30,"column":18},"end":{"line":30,"column":19}},"loc":{"start":{"line":30,"column":72},"end":{"line":56,"column":1}},"line":30},"4":{"name":"(anonymous_4)","decl":{"start":{"line":60,"column":23},"end":{"line":60,"column":24}},"loc":{"start":{"line":60,"column":47},"end":{"line":68,"column":1}},"line":60},"5":{"name":"(anonymous_5)","decl":{"start":{"line":70,"column":31},"end":{"line":70,"column":32}},"loc":{"start":{"line":70,"column":52},"end":{"line":80,"column":1}},"line":70},"6":{"name":"(anonymous_6)","decl":{"start":{"line":84,"column":45},"end":{"line":84,"column":46}},"loc":{"start":{"line":84,"column":65},"end":{"line":143,"column":1}},"line":84},"7":{"name":"(anonymous_7)","decl":{"start":{"line":107,"column":42},"end":{"line":107,"column":43}},"loc":{"start":{"line":107,"column":47},"end":{"line":107,"column":67}},"line":107},"8":{"name":"(anonymous_8)","decl":{"start":{"line":122,"column":55},"end":{"line":122,"column":56}},"loc":{"start":{"line":122,"column":68},"end":{"line":122,"column":115}},"line":122},"9":{"name":"(anonymous_9)","decl":{"start":{"line":122,"column":77},"end":{"line":122,"column":78}},"loc":{"start":{"line":122,"column":83},"end":{"line":122,"column":114}},"line":122},"10":{"name":"(anonymous_10)","decl":{"start":{"line":122,"column":121},"end":{"line":122,"column":122}},"loc":{"start":{"line":122,"column":130},"end":{"line":122,"column":131}},"line":122}},"branchMap":{"0":{"loc":{"start":{"line":14,"column":2},"end":{"line":14,"column":26}},"type":"if","locations":[{"start":{"line":14,"column":2},"end":{"line":14,"column":26}},{"start":{},"end":{}}],"line":14},"1":{"loc":{"start":{"line":30,"column":51},"end":{"line":30,"column":67}},"type":"default-arg","locations":[{"start":{"line":30,"column":63},"end":{"line":30,"column":67}}],"line":30},"2":{"loc":{"start":{"line":45,"column":16},"end":{"line":45,"column":56}},"type":"binary-expr","locations":[{"start":{"line":45,"column":16},"end":{"line":45,"column":48}},{"start":{"line":45,"column":52},"end":{"line":45,"column":56}}],"line":45},"3":{"loc":{"start":{"line":48,"column":4},"end":{"line":50,"column":5}},"type":"if","locations":[{"start":{"line":48,"column":4},"end":{"line":50,"column":5}},{"start":{},"end":{}}],"line":48},"4":{"loc":{"start":{"line":73,"column":4},"end":{"line":73,"column":32}},"type":"if","locations":[{"start":{"line":73,"column":4},"end":{"line":73,"column":32}},{"start":{},"end":{}}],"line":73},"5":{"loc":{"start":{"line":87,"column":2},"end":{"line":87,"column":85}},"type":"if","locations":[{"start":{"line":87,"column":2},"end":{"line":87,"column":85}},{"start":{},"end":{}}],"line":87},"6":{"loc":{"start":{"line":91,"column":2},"end":{"line":93,"column":3}},"type":"if","locations":[{"start":{"line":91,"column":2},"end":{"line":93,"column":3}},{"start":{},"end":{}}],"line":91},"7":{"loc":{"start":{"line":91,"column":6},"end":{"line":91,"column":85}},"type":"binary-expr","locations":[{"start":{"line":91,"column":6},"end":{"line":91,"column":21}},{"start":{"line":91,"column":25},"end":{"line":91,"column":47}},{"start":{"line":91,"column":51},"end":{"line":91,"column":85}}],"line":91},"8":{"loc":{"start":{"line":95,"column":54},"end":{"line":95,"column":75}},"type":"binary-expr","locations":[{"start":{"line":95,"column":54},"end":{"line":95,"column":62}},{"start":{"line":95,"column":66},"end":{"line":95,"column":75}}],"line":95},"9":{"loc":{"start":{"line":98,"column":113},"end":{"line":98,"column":140}},"type":"binary-expr","locations":[{"start":{"line":98,"column":113},"end":{"line":98,"column":123}},{"start":{"line":98,"column":127},"end":{"line":98,"column":140}}],"line":98},"10":{"loc":{"start":{"line":99,"column":2},"end":{"line":101,"column":3}},"type":"if","locations":[{"start":{"line":99,"column":2},"end":{"line":101,"column":3}},{"start":{},"end":{}}],"line":99},"11":{"loc":{"start":{"line":102,"column":17},"end":{"line":102,"column":99}},"type":"binary-expr","locations":[{"start":{"line":102,"column":17},"end":{"line":102,"column":32}},{"start":{"line":102,"column":36},"end":{"line":102,"column":99}}],"line":102},"12":{"loc":{"start":{"line":107,"column":47},"end":{"line":107,"column":67}},"type":"binary-expr","locations":[{"start":{"line":107,"column":47},"end":{"line":107,"column":61}},{"start":{"line":107,"column":65},"end":{"line":107,"column":67}}],"line":107},"13":{"loc":{"start":{"line":110,"column":17},"end":{"line":110,"column":134}},"type":"binary-expr","locations":[{"start":{"line":110,"column":17},"end":{"line":110,"column":128}},{"start":{"line":110,"column":132},"end":{"line":110,"column":134}}],"line":110},"14":{"loc":{"start":{"line":116,"column":17},"end":{"line":116,"column":170}},"type":"binary-expr","locations":[{"start":{"line":116,"column":17},"end":{"line":116,"column":164}},{"start":{"line":116,"column":168},"end":{"line":116,"column":170}}],"line":116},"15":{"loc":{"start":{"line":123,"column":40},"end":{"line":123,"column":86}},"type":"cond-expr","locations":[{"start":{"line":123,"column":62},"end":{"line":123,"column":74}},{"start":{"line":123,"column":77},"end":{"line":123,"column":86}}],"line":123},"16":{"loc":{"start":{"line":124,"column":17},"end":{"line":124,"column":141}},"type":"binary-expr","locations":[{"start":{"line":124,"column":17},"end":{"line":124,"column":135}},{"start":{"line":124,"column":139},"end":{"line":124,"column":141}}],"line":124},"17":{"loc":{"start":{"line":129,"column":17},"end":{"line":129,"column":142}},"type":"binary-expr","locations":[{"start":{"line":129,"column":17},"end":{"line":129,"column":136}},{"start":{"line":129,"column":140},"end":{"line":129,"column":142}}],"line":129}},"s":{"0":1,"1":5,"2":5,"3":0,"4":5,"5":5,"6":5,"7":0,"8":0,"9":0,"10":0,"11":1,"12":4,"13":4,"14":1,"15":5,"16":5,"17":5,"18":5,"19":5,"20":5,"21":5,"22":0,"23":5,"24":0,"25":0,"26":1,"27":1,"28":1,"29":0,"30":0,"31":1,"32":1,"33":1,"34":1,"35":1,"36":0,"37":0,"38":0,"39":1,"40":1,"41":1,"42":0,"43":1,"44":1,"45":0,"46":1,"47":1,"48":1,"49":0,"50":1,"51":1,"52":1,"53":0,"54":1,"55":1,"56":1,"57":1,"58":1,"59":1,"60":1,"61":3,"62":6,"63":0,"64":1,"65":1,"66":1,"67":1,"68":1},"f":{"0":5,"1":4,"2":4,"3":5,"4":1,"5":1,"6":1,"7":0,"8":3,"9":6,"10":0},"b":{"0":[0,5],"1":[4],"2":[5,0],"3":[0,5],"4":[1,0],"5":[0,1],"6":[0,1],"7":[1,1,1],"8":[1,1],"9":[1,0],"10":[0,1],"11":[1,0],"12":[0,0],"13":[1,0],"14":[1,0],"15":[0,1],"16":[1,0],"17":[1,0]},"_coverageSchema":"1a1c01bbd47fc00a2c39e90264f33305004495a9","hash":"af282a2c51058c2ebd46aa9580a02fd617fbc329"}
,"C:\\Users\\ala\\Desktop\\Nouveau dossier (2)\\Esprit-PIDEV-4TWIN1-2026-Artisant\\server\\src\\controllers\\auth.controller.js": {"path":"C:\\Users\\ala\\Desktop\\Nouveau dossier (2)\\Esprit-PIDEV-4TWIN1-2026-Artisant\\server\\src\\controllers\\auth.controller.js","statementMap":{"0":{"start":{"line":16,"column":22},"end":{"line":17,"column":89}},"1":{"start":{"line":17,"column":2},"end":{"line":17,"column":89}},"2":{"start":{"line":46,"column":24},"end":{"line":105,"column":2}},"3":{"start":{"line":47,"column":130},"end":{"line":47,"column":138}},"4":{"start":{"line":50,"column":2},"end":{"line":52,"column":3}},"5":{"start":{"line":51,"column":4},"end":{"line":51,"column":68}},"6":{"start":{"line":54,"column":21},"end":{"line":54,"column":50}},"7":{"start":{"line":55,"column":2},"end":{"line":55,"column":64}},"8":{"start":{"line":55,"column":18},"end":{"line":55,"column":64}},"9":{"start":{"line":57,"column":24},"end":{"line":63,"column":3}},"10":{"start":{"line":66,"column":2},"end":{"line":68,"column":3}},"11":{"start":{"line":67,"column":4},"end":{"line":67,"column":50}},"12":{"start":{"line":70,"column":15},"end":{"line":70,"column":47}},"13":{"start":{"line":73,"column":24},"end":{"line":73,"column":78}},"14":{"start":{"line":74,"column":2},"end":{"line":74,"column":37}},"15":{"start":{"line":75,"column":2},"end":{"line":75,"column":53}},"16":{"start":{"line":76,"column":2},"end":{"line":76,"column":49}},"17":{"start":{"line":78,"column":2},"end":{"line":78,"column":85}},"18":{"start":{"line":80,"column":2},"end":{"line":97,"column":18}},"19":{"start":{"line":81,"column":4},"end":{"line":96,"column":7}},"20":{"start":{"line":99,"column":2},"end":{"line":104,"column":5}},"21":{"start":{"line":128,"column":21},"end":{"line":207,"column":2}},"22":{"start":{"line":129,"column":30},"end":{"line":129,"column":38}},"23":{"start":{"line":131,"column":2},"end":{"line":133,"column":3}},"24":{"start":{"line":132,"column":4},"end":{"line":132,"column":60}},"25":{"start":{"line":136,"column":15},"end":{"line":136,"column":64}},"26":{"start":{"line":138,"column":2},"end":{"line":140,"column":3}},"27":{"start":{"line":139,"column":4},"end":{"line":139,"column":63}},"28":{"start":{"line":142,"column":2},"end":{"line":144,"column":3}},"29":{"start":{"line":143,"column":4},"end":{"line":143,"column":78}},"30":{"start":{"line":147,"column":2},"end":{"line":183,"column":3}},"31":{"start":{"line":149,"column":4},"end":{"line":175,"column":5}},"32":{"start":{"line":150,"column":22},"end":{"line":150,"column":76}},"33":{"start":{"line":151,"column":6},"end":{"line":151,"column":35}},"34":{"start":{"line":152,"column":6},"end":{"line":152,"column":57}},"35":{"start":{"line":153,"column":6},"end":{"line":153,"column":53}},"36":{"start":{"line":156,"column":6},"end":{"line":167,"column":67}},"37":{"start":{"line":157,"column":8},"end":{"line":166,"column":11}},"38":{"start":{"line":167,"column":22},"end":{"line":167,"column":65}},"39":{"start":{"line":169,"column":6},"end":{"line":174,"column":9}},"40":{"start":{"line":177,"column":4},"end":{"line":182,"column":7}},"41":{"start":{"line":186,"column":2},"end":{"line":186,"column":30}},"42":{"start":{"line":187,"column":2},"end":{"line":187,"column":49}},"43":{"start":{"line":189,"column":16},"end":{"line":189,"column":39}},"44":{"start":{"line":191,"column":2},"end":{"line":206,"column":5}},"45":{"start":{"line":226,"column":25},"end":{"line":274,"column":2}},"46":{"start":{"line":227,"column":26},"end":{"line":227,"column":34}},"47":{"start":{"line":229,"column":2},"end":{"line":231,"column":3}},"48":{"start":{"line":230,"column":4},"end":{"line":230,"column":68}},"49":{"start":{"line":233,"column":15},"end":{"line":233,"column":44}},"50":{"start":{"line":235,"column":2},"end":{"line":237,"column":3}},"51":{"start":{"line":236,"column":4},"end":{"line":236,"column":55}},"52":{"start":{"line":240,"column":2},"end":{"line":242,"column":3}},"53":{"start":{"line":241,"column":4},"end":{"line":241,"column":62}},"54":{"start":{"line":244,"column":2},"end":{"line":246,"column":3}},"55":{"start":{"line":245,"column":4},"end":{"line":245,"column":104}},"56":{"start":{"line":249,"column":2},"end":{"line":249,"column":33}},"57":{"start":{"line":250,"column":2},"end":{"line":250,"column":35}},"58":{"start":{"line":253,"column":2},"end":{"line":253,"column":30}},"59":{"start":{"line":254,"column":2},"end":{"line":254,"column":49}},"60":{"start":{"line":256,"column":16},"end":{"line":256,"column":39}},"61":{"start":{"line":258,"column":2},"end":{"line":273,"column":5}},"62":{"start":{"line":286,"column":21},"end":{"line":289,"column":2}},"63":{"start":{"line":287,"column":15},"end":{"line":287,"column":48}},"64":{"start":{"line":288,"column":2},"end":{"line":288,"column":36}},"65":{"start":{"line":291,"column":24},"end":{"line":305,"column":2}},"66":{"start":{"line":292,"column":20},"end":{"line":292,"column":85}},"67":{"start":{"line":293,"column":2},"end":{"line":293,"column":55}},"68":{"start":{"line":293,"column":31},"end":{"line":293,"column":53}},"69":{"start":{"line":295,"column":2},"end":{"line":295,"column":51}},"70":{"start":{"line":295,"column":29},"end":{"line":295,"column":51}},"71":{"start":{"line":296,"column":2},"end":{"line":296,"column":53}},"72":{"start":{"line":296,"column":27},"end":{"line":296,"column":53}},"73":{"start":{"line":297,"column":2},"end":{"line":297,"column":51}},"74":{"start":{"line":297,"column":26},"end":{"line":297,"column":51}},"75":{"start":{"line":299,"column":15},"end":{"line":302,"column":4}},"76":{"start":{"line":304,"column":2},"end":{"line":304,"column":36}},"77":{"start":{"line":307,"column":30},"end":{"line":320,"column":2}},"78":{"start":{"line":308,"column":43},"end":{"line":308,"column":51}},"79":{"start":{"line":309,"column":15},"end":{"line":309,"column":68}},"80":{"start":{"line":311,"column":2},"end":{"line":313,"column":3}},"81":{"start":{"line":312,"column":4},"end":{"line":312,"column":61}},"82":{"start":{"line":315,"column":2},"end":{"line":315,"column":30}},"83":{"start":{"line":316,"column":2},"end":{"line":316,"column":20}},"84":{"start":{"line":318,"column":16},"end":{"line":318,"column":39}},"85":{"start":{"line":319,"column":2},"end":{"line":319,"column":73}},"86":{"start":{"line":325,"column":30},"end":{"line":374,"column":2}},"87":{"start":{"line":326,"column":20},"end":{"line":326,"column":28}},"88":{"start":{"line":328,"column":4},"end":{"line":328,"column":84}},"89":{"start":{"line":330,"column":15},"end":{"line":330,"column":44}},"90":{"start":{"line":331,"column":2},"end":{"line":333,"column":3}},"91":{"start":{"line":332,"column":4},"end":{"line":332,"column":57}},"92":{"start":{"line":335,"column":21},"end":{"line":335,"column":59}},"93":{"start":{"line":336,"column":2},"end":{"line":336,"column":89}},"94":{"start":{"line":337,"column":2},"end":{"line":337,"column":62}},"95":{"start":{"line":338,"column":2},"end":{"line":338,"column":49}},"96":{"start":{"line":340,"column":18},"end":{"line":340,"column":88}},"97":{"start":{"line":341,"column":19},"end":{"line":341,"column":106}},"98":{"start":{"line":344,"column":4},"end":{"line":351,"column":10}},"99":{"start":{"line":353,"column":15},"end":{"line":367,"column":4}},"100":{"start":{"line":369,"column":2},"end":{"line":371,"column":3}},"101":{"start":{"line":370,"column":4},"end":{"line":370,"column":95}},"102":{"start":{"line":373,"column":2},"end":{"line":373,"column":48}},"103":{"start":{"line":379,"column":29},"end":{"line":410,"column":2}},"104":{"start":{"line":380,"column":30},"end":{"line":380,"column":38}},"105":{"start":{"line":381,"column":19},"end":{"line":381,"column":45}},"106":{"start":{"line":382,"column":2},"end":{"line":384,"column":3}},"107":{"start":{"line":383,"column":4},"end":{"line":383,"column":73}},"108":{"start":{"line":386,"column":17},"end":{"line":386,"column":75}},"109":{"start":{"line":387,"column":14},"end":{"line":387,"column":24}},"110":{"start":{"line":389,"column":15},"end":{"line":392,"column":4}},"111":{"start":{"line":394,"column":2},"end":{"line":399,"column":3}},"112":{"start":{"line":395,"column":4},"end":{"line":398,"column":6}},"113":{"start":{"line":401,"column":2},"end":{"line":401,"column":27}},"114":{"start":{"line":402,"column":2},"end":{"line":402,"column":38}},"115":{"start":{"line":403,"column":2},"end":{"line":403,"column":39}},"116":{"start":{"line":404,"column":2},"end":{"line":404,"column":20}},"117":{"start":{"line":406,"column":2},"end":{"line":409,"column":5}},"118":{"start":{"line":415,"column":38},"end":{"line":425,"column":2}},"119":{"start":{"line":416,"column":2},"end":{"line":416,"column":63}},"120":{"start":{"line":416,"column":17},"end":{"line":416,"column":63}},"121":{"start":{"line":418,"column":15},"end":{"line":422,"column":3}},"122":{"start":{"line":424,"column":2},"end":{"line":424,"column":36}},"123":{"start":{"line":432,"column":25},"end":{"line":498,"column":2}},"124":{"start":{"line":433,"column":25},"end":{"line":433,"column":33}},"125":{"start":{"line":435,"column":2},"end":{"line":437,"column":3}},"126":{"start":{"line":436,"column":4},"end":{"line":436,"column":59}},"127":{"start":{"line":440,"column":16},"end":{"line":440,"column":116}},"128":{"start":{"line":442,"column":2},"end":{"line":444,"column":3}},"129":{"start":{"line":443,"column":4},"end":{"line":443,"column":89}},"130":{"start":{"line":447,"column":20},"end":{"line":454,"column":3}},"131":{"start":{"line":448,"column":14},"end":{"line":448,"column":15}},"132":{"start":{"line":449,"column":4},"end":{"line":452,"column":5}},"133":{"start":{"line":449,"column":17},"end":{"line":449,"column":18}},"134":{"start":{"line":450,"column":19},"end":{"line":450,"column":30}},"135":{"start":{"line":451,"column":6},"end":{"line":451,"column":25}},"136":{"start":{"line":453,"column":4},"end":{"line":453,"column":26}},"137":{"start":{"line":456,"column":20},"end":{"line":456,"column":24}},"138":{"start":{"line":457,"column":18},"end":{"line":457,"column":22}},"139":{"start":{"line":458,"column":17},"end":{"line":458,"column":25}},"140":{"start":{"line":460,"column":2},"end":{"line":466,"column":3}},"141":{"start":{"line":461,"column":17},"end":{"line":461,"column":59}},"142":{"start":{"line":462,"column":4},"end":{"line":465,"column":5}},"143":{"start":{"line":463,"column":6},"end":{"line":463,"column":22}},"144":{"start":{"line":464,"column":6},"end":{"line":464,"column":23}},"145":{"start":{"line":468,"column":2},"end":{"line":470,"column":3}},"146":{"start":{"line":469,"column":4},"end":{"line":469,"column":89}},"147":{"start":{"line":472,"column":2},"end":{"line":474,"column":3}},"148":{"start":{"line":473,"column":4},"end":{"line":473,"column":78}},"149":{"start":{"line":477,"column":2},"end":{"line":477,"column":35}},"150":{"start":{"line":478,"column":2},"end":{"line":478,"column":54}},"151":{"start":{"line":480,"column":16},"end":{"line":480,"column":44}},"152":{"start":{"line":482,"column":2},"end":{"line":497,"column":5}}},"fnMap":{"0":{"name":"(anonymous_0)","decl":{"start":{"line":16,"column":22},"end":{"line":16,"column":23}},"loc":{"start":{"line":17,"column":2},"end":{"line":17,"column":89}},"line":17},"1":{"name":"(anonymous_1)","decl":{"start":{"line":46,"column":37},"end":{"line":46,"column":38}},"loc":{"start":{"line":46,"column":57},"end":{"line":105,"column":1}},"line":46},"2":{"name":"(anonymous_2)","decl":{"start":{"line":128,"column":34},"end":{"line":128,"column":35}},"loc":{"start":{"line":128,"column":54},"end":{"line":207,"column":1}},"line":128},"3":{"name":"(anonymous_3)","decl":{"start":{"line":226,"column":38},"end":{"line":226,"column":39}},"loc":{"start":{"line":226,"column":58},"end":{"line":274,"column":1}},"line":226},"4":{"name":"(anonymous_4)","decl":{"start":{"line":286,"column":34},"end":{"line":286,"column":35}},"loc":{"start":{"line":286,"column":54},"end":{"line":289,"column":1}},"line":286},"5":{"name":"(anonymous_5)","decl":{"start":{"line":291,"column":37},"end":{"line":291,"column":38}},"loc":{"start":{"line":291,"column":57},"end":{"line":305,"column":1}},"line":291},"6":{"name":"(anonymous_6)","decl":{"start":{"line":293,"column":20},"end":{"line":293,"column":21}},"loc":{"start":{"line":293,"column":31},"end":{"line":293,"column":53}},"line":293},"7":{"name":"(anonymous_7)","decl":{"start":{"line":307,"column":43},"end":{"line":307,"column":44}},"loc":{"start":{"line":307,"column":63},"end":{"line":320,"column":1}},"line":307},"8":{"name":"(anonymous_8)","decl":{"start":{"line":325,"column":43},"end":{"line":325,"column":44}},"loc":{"start":{"line":325,"column":63},"end":{"line":374,"column":1}},"line":325},"9":{"name":"(anonymous_9)","decl":{"start":{"line":379,"column":42},"end":{"line":379,"column":43}},"loc":{"start":{"line":379,"column":62},"end":{"line":410,"column":1}},"line":379},"10":{"name":"(anonymous_10)","decl":{"start":{"line":415,"column":51},"end":{"line":415,"column":52}},"loc":{"start":{"line":415,"column":71},"end":{"line":425,"column":1}},"line":415},"11":{"name":"(anonymous_11)","decl":{"start":{"line":432,"column":38},"end":{"line":432,"column":39}},"loc":{"start":{"line":432,"column":58},"end":{"line":498,"column":1}},"line":432},"12":{"name":"(anonymous_12)","decl":{"start":{"line":447,"column":20},"end":{"line":447,"column":21}},"loc":{"start":{"line":447,"column":30},"end":{"line":454,"column":3}},"line":447}},"branchMap":{"0":{"loc":{"start":{"line":17,"column":56},"end":{"line":17,"column":86}},"type":"binary-expr","locations":[{"start":{"line":17,"column":56},"end":{"line":17,"column":78}},{"start":{"line":17,"column":82},"end":{"line":17,"column":86}}],"line":17},"1":{"loc":{"start":{"line":50,"column":2},"end":{"line":52,"column":3}},"type":"if","locations":[{"start":{"line":50,"column":2},"end":{"line":52,"column":3}},{"start":{},"end":{}}],"line":50},"2":{"loc":{"start":{"line":55,"column":2},"end":{"line":55,"column":64}},"type":"if","locations":[{"start":{"line":55,"column":2},"end":{"line":55,"column":64}},{"start":{},"end":{}}],"line":55},"3":{"loc":{"start":{"line":66,"column":2},"end":{"line":68,"column":3}},"type":"if","locations":[{"start":{"line":66,"column":2},"end":{"line":68,"column":3}},{"start":{},"end":{}}],"line":66},"4":{"loc":{"start":{"line":66,"column":6},"end":{"line":66,"column":68}},"type":"binary-expr","locations":[{"start":{"line":66,"column":6},"end":{"line":66,"column":35}},{"start":{"line":66,"column":39},"end":{"line":66,"column":68}}],"line":66},"5":{"loc":{"start":{"line":131,"column":2},"end":{"line":133,"column":3}},"type":"if","locations":[{"start":{"line":131,"column":2},"end":{"line":133,"column":3}},{"start":{},"end":{}}],"line":131},"6":{"loc":{"start":{"line":131,"column":6},"end":{"line":131,"column":25}},"type":"binary-expr","locations":[{"start":{"line":131,"column":6},"end":{"line":131,"column":12}},{"start":{"line":131,"column":16},"end":{"line":131,"column":25}}],"line":131},"7":{"loc":{"start":{"line":138,"column":2},"end":{"line":140,"column":3}},"type":"if","locations":[{"start":{"line":138,"column":2},"end":{"line":140,"column":3}},{"start":{},"end":{}}],"line":138},"8":{"loc":{"start":{"line":138,"column":6},"end":{"line":138,"column":52}},"type":"binary-expr","locations":[{"start":{"line":138,"column":6},"end":{"line":138,"column":11}},{"start":{"line":138,"column":15},"end":{"line":138,"column":52}}],"line":138},"9":{"loc":{"start":{"line":142,"column":2},"end":{"line":144,"column":3}},"type":"if","locations":[{"start":{"line":142,"column":2},"end":{"line":144,"column":3}},{"start":{},"end":{}}],"line":142},"10":{"loc":{"start":{"line":147,"column":2},"end":{"line":183,"column":3}},"type":"if","locations":[{"start":{"line":147,"column":2},"end":{"line":183,"column":3}},{"start":{},"end":{}}],"line":147},"11":{"loc":{"start":{"line":149,"column":4},"end":{"line":175,"column":5}},"type":"if","locations":[{"start":{"line":149,"column":4},"end":{"line":175,"column":5}},{"start":{},"end":{}}],"line":149},"12":{"loc":{"start":{"line":229,"column":2},"end":{"line":231,"column":3}},"type":"if","locations":[{"start":{"line":229,"column":2},"end":{"line":231,"column":3}},{"start":{},"end":{}}],"line":229},"13":{"loc":{"start":{"line":229,"column":6},"end":{"line":229,"column":21}},"type":"binary-expr","locations":[{"start":{"line":229,"column":6},"end":{"line":229,"column":12}},{"start":{"line":229,"column":16},"end":{"line":229,"column":21}}],"line":229},"14":{"loc":{"start":{"line":235,"column":2},"end":{"line":237,"column":3}},"type":"if","locations":[{"start":{"line":235,"column":2},"end":{"line":237,"column":3}},{"start":{},"end":{}}],"line":235},"15":{"loc":{"start":{"line":240,"column":2},"end":{"line":242,"column":3}},"type":"if","locations":[{"start":{"line":240,"column":2},"end":{"line":242,"column":3}},{"start":{},"end":{}}],"line":240},"16":{"loc":{"start":{"line":244,"column":2},"end":{"line":246,"column":3}},"type":"if","locations":[{"start":{"line":244,"column":2},"end":{"line":246,"column":3}},{"start":{},"end":{}}],"line":244},"17":{"loc":{"start":{"line":295,"column":2},"end":{"line":295,"column":51}},"type":"if","locations":[{"start":{"line":295,"column":2},"end":{"line":295,"column":51}},{"start":{},"end":{}}],"line":295},"18":{"loc":{"start":{"line":296,"column":2},"end":{"line":296,"column":53}},"type":"if","locations":[{"start":{"line":296,"column":2},"end":{"line":296,"column":53}},{"start":{},"end":{}}],"line":296},"19":{"loc":{"start":{"line":297,"column":2},"end":{"line":297,"column":51}},"type":"if","locations":[{"start":{"line":297,"column":2},"end":{"line":297,"column":51}},{"start":{},"end":{}}],"line":297},"20":{"loc":{"start":{"line":311,"column":2},"end":{"line":313,"column":3}},"type":"if","locations":[{"start":{"line":311,"column":2},"end":{"line":313,"column":3}},{"start":{},"end":{}}],"line":311},"21":{"loc":{"start":{"line":331,"column":2},"end":{"line":333,"column":3}},"type":"if","locations":[{"start":{"line":331,"column":2},"end":{"line":333,"column":3}},{"start":{},"end":{}}],"line":331},"22":{"loc":{"start":{"line":340,"column":19},"end":{"line":340,"column":68}},"type":"binary-expr","locations":[{"start":{"line":340,"column":19},"end":{"line":340,"column":41}},{"start":{"line":340,"column":45},"end":{"line":340,"column":68}}],"line":340},"23":{"loc":{"start":{"line":344,"column":4},"end":{"line":351,"column":10}},"type":"cond-expr","locations":[{"start":{"line":345,"column":8},"end":{"line":350,"column":13}},{"start":{"line":351,"column":8},"end":{"line":351,"column":10}}],"line":344},"24":{"loc":{"start":{"line":369,"column":2},"end":{"line":371,"column":3}},"type":"if","locations":[{"start":{"line":369,"column":2},"end":{"line":371,"column":3}},{"start":{},"end":{}}],"line":369},"25":{"loc":{"start":{"line":369,"column":6},"end":{"line":369,"column":53}},"type":"binary-expr","locations":[{"start":{"line":369,"column":6},"end":{"line":369,"column":11}},{"start":{"line":369,"column":15},"end":{"line":369,"column":53}}],"line":369},"26":{"loc":{"start":{"line":381,"column":26},"end":{"line":381,"column":37}},"type":"binary-expr","locations":[{"start":{"line":381,"column":26},"end":{"line":381,"column":31}},{"start":{"line":381,"column":35},"end":{"line":381,"column":37}}],"line":381},"27":{"loc":{"start":{"line":382,"column":2},"end":{"line":384,"column":3}},"type":"if","locations":[{"start":{"line":382,"column":2},"end":{"line":384,"column":3}},{"start":{},"end":{}}],"line":382},"28":{"loc":{"start":{"line":394,"column":2},"end":{"line":399,"column":3}},"type":"if","locations":[{"start":{"line":394,"column":2},"end":{"line":399,"column":3}},{"start":{},"end":{}}],"line":394},"29":{"loc":{"start":{"line":416,"column":2},"end":{"line":416,"column":63}},"type":"if","locations":[{"start":{"line":416,"column":2},"end":{"line":416,"column":63}},{"start":{},"end":{}}],"line":416},"30":{"loc":{"start":{"line":435,"column":2},"end":{"line":437,"column":3}},"type":"if","locations":[{"start":{"line":435,"column":2},"end":{"line":437,"column":3}},{"start":{},"end":{}}],"line":435},"31":{"loc":{"start":{"line":435,"column":6},"end":{"line":435,"column":74}},"type":"binary-expr","locations":[{"start":{"line":435,"column":6},"end":{"line":435,"column":17}},{"start":{"line":435,"column":21},"end":{"line":435,"column":47}},{"start":{"line":435,"column":51},"end":{"line":435,"column":74}}],"line":435},"32":{"loc":{"start":{"line":442,"column":2},"end":{"line":444,"column":3}},"type":"if","locations":[{"start":{"line":442,"column":2},"end":{"line":444,"column":3}},{"start":{},"end":{}}],"line":442},"33":{"loc":{"start":{"line":462,"column":4},"end":{"line":465,"column":5}},"type":"if","locations":[{"start":{"line":462,"column":4},"end":{"line":465,"column":5}},{"start":{},"end":{}}],"line":462},"34":{"loc":{"start":{"line":468,"column":2},"end":{"line":470,"column":3}},"type":"if","locations":[{"start":{"line":468,"column":2},"end":{"line":470,"column":3}},{"start":{},"end":{}}],"line":468},"35":{"loc":{"start":{"line":468,"column":6},"end":{"line":468,"column":40}},"type":"binary-expr","locations":[{"start":{"line":468,"column":6},"end":{"line":468,"column":16}},{"start":{"line":468,"column":20},"end":{"line":468,"column":40}}],"line":468},"36":{"loc":{"start":{"line":472,"column":2},"end":{"line":474,"column":3}},"type":"if","locations":[{"start":{"line":472,"column":2},"end":{"line":474,"column":3}},{"start":{},"end":{}}],"line":472}},"s":{"0":1,"1":1,"2":1,"3":1,"4":1,"5":0,"6":1,"7":1,"8":0,"9":1,"10":1,"11":0,"12":1,"13":1,"14":1,"15":1,"16":1,"17":1,"18":1,"19":1,"20":1,"21":1,"22":1,"23":1,"24":0,"25":1,"26":1,"27":0,"28":1,"29":0,"30":1,"31":0,"32":0,"33":0,"34":0,"35":0,"36":0,"37":0,"38":0,"39":0,"40":0,"41":1,"42":1,"43":1,"44":1,"45":1,"46":0,"47":0,"48":0,"49":0,"50":0,"51":0,"52":0,"53":0,"54":0,"55":0,"56":0,"57":0,"58":0,"59":0,"60":0,"61":0,"62":1,"63":0,"64":0,"65":1,"66":0,"67":0,"68":0,"69":0,"70":0,"71":0,"72":0,"73":0,"74":0,"75":0,"76":0,"77":1,"78":0,"79":0,"80":0,"81":0,"82":0,"83":0,"84":0,"85":0,"86":1,"87":0,"88":0,"89":0,"90":0,"91":0,"92":0,"93":0,"94":0,"95":0,"96":0,"97":0,"98":0,"99":0,"100":0,"101":0,"102":0,"103":1,"104":0,"105":0,"106":0,"107":0,"108":0,"109":0,"110":0,"111":0,"112":0,"113":0,"114":0,"115":0,"116":0,"117":0,"118":1,"119":0,"120":0,"121":0,"122":0,"123":1,"124":0,"125":0,"126":0,"127":0,"128":0,"129":0,"130":0,"131":0,"132":0,"133":0,"134":0,"135":0,"136":0,"137":0,"138":0,"139":0,"140":0,"141":0,"142":0,"143":0,"144":0,"145":0,"146":0,"147":0,"148":0,"149":0,"150":0,"151":0,"152":0},"f":{"0":1,"1":1,"2":1,"3":0,"4":0,"5":0,"6":0,"7":0,"8":0,"9":0,"10":0,"11":0,"12":0},"b":{"0":[1,1],"1":[0,1],"2":[0,1],"3":[0,1],"4":[1,0],"5":[0,1],"6":[1,1],"7":[0,1],"8":[1,1],"9":[0,1],"10":[0,1],"11":[0,0],"12":[0,0],"13":[0,0],"14":[0,0],"15":[0,0],"16":[0,0],"17":[0,0],"18":[0,0],"19":[0,0],"20":[0,0],"21":[0,0],"22":[0,0],"23":[0,0],"24":[0,0],"25":[0,0],"26":[0,0],"27":[0,0],"28":[0,0],"29":[0,0],"30":[0,0],"31":[0,0,0],"32":[0,0],"33":[0,0],"34":[0,0],"35":[0,0],"36":[0,0]},"_coverageSchema":"1a1c01bbd47fc00a2c39e90264f33305004495a9","hash":"949540b61221eabdc43d93b3a9ea60a699ef0787"}
,"C:\\Users\\ala\\Desktop\\Nouveau dossier (2)\\Esprit-PIDEV-4TWIN1-2026-Artisant\\server\\src\\controllers\\chat.controller.js": {"path":"C:\\Users\\ala\\Desktop\\Nouveau dossier (2)\\Esprit-PIDEV-4TWIN1-2026-Artisant\\server\\src\\controllers\\chat.controller.js","statementMap":{"0":{"start":{"line":9,"column":19},"end":{"line":9,"column":21}},"1":{"start":{"line":10,"column":0},"end":{"line":15,"column":1}},"2":{"start":{"line":11,"column":19},"end":{"line":11,"column":91}},"3":{"start":{"line":12,"column":2},"end":{"line":12,"column":63}},"4":{"start":{"line":14,"column":2},"end":{"line":14,"column":61}},"5":{"start":{"line":17,"column":22},"end":{"line":34,"column":61}},"6":{"start":{"line":39,"column":20},"end":{"line":122,"column":1}},"7":{"start":{"line":40,"column":2},"end":{"line":121,"column":3}},"8":{"start":{"line":41,"column":25},"end":{"line":41,"column":33}},"9":{"start":{"line":42,"column":19},"end":{"line":42,"column":32}},"10":{"start":{"line":43,"column":4},"end":{"line":43,"column":83}},"11":{"start":{"line":43,"column":17},"end":{"line":43,"column":83}},"12":{"start":{"line":45,"column":21},"end":{"line":45,"column":74}},"13":{"start":{"line":48,"column":26},"end":{"line":48,"column":28}},"14":{"start":{"line":49,"column":4},"end":{"line":54,"column":46}},"15":{"start":{"line":50,"column":6},"end":{"line":53,"column":25}},"16":{"start":{"line":56,"column":23},"end":{"line":58,"column":63}},"17":{"start":{"line":57,"column":56},"end":{"line":57,"column":95}},"18":{"start":{"line":61,"column":18},"end":{"line":61,"column":61}},"19":{"start":{"line":62,"column":4},"end":{"line":67,"column":5}},"20":{"start":{"line":63,"column":6},"end":{"line":66,"column":9}},"21":{"start":{"line":70,"column":27},"end":{"line":74,"column":5}},"22":{"start":{"line":72,"column":44},"end":{"line":72,"column":80}},"23":{"start":{"line":77,"column":16},"end":{"line":77,"column":18}},"24":{"start":{"line":78,"column":19},"end":{"line":78,"column":29}},"25":{"start":{"line":80,"column":4},"end":{"line":93,"column":5}},"26":{"start":{"line":81,"column":6},"end":{"line":81,"column":78}},"27":{"start":{"line":82,"column":6},"end":{"line":82,"column":70}},"28":{"start":{"line":84,"column":6},"end":{"line":84,"column":81}},"29":{"start":{"line":85,"column":6},"end":{"line":85,"column":28}},"30":{"start":{"line":86,"column":6},"end":{"line":92,"column":7}},"31":{"start":{"line":87,"column":8},"end":{"line":87,"column":73}},"32":{"start":{"line":89,"column":8},"end":{"line":89,"column":66}},"33":{"start":{"line":90,"column":8},"end":{"line":90,"column":37}},"34":{"start":{"line":91,"column":8},"end":{"line":91,"column":156}},"35":{"start":{"line":95,"column":4},"end":{"line":95,"column":112}},"36":{"start":{"line":95,"column":16},"end":{"line":95,"column":112}},"37":{"start":{"line":98,"column":4},"end":{"line":98,"column":60}},"38":{"start":{"line":99,"column":4},"end":{"line":99,"column":62}},"39":{"start":{"line":102,"column":4},"end":{"line":102,"column":76}},"40":{"start":{"line":102,"column":35},"end":{"line":102,"column":76}},"41":{"start":{"line":104,"column":4},"end":{"line":104,"column":25}},"42":{"start":{"line":106,"column":4},"end":{"line":116,"column":7}},"43":{"start":{"line":109,"column":49},"end":{"line":115,"column":7}},"44":{"start":{"line":119,"column":4},"end":{"line":119,"column":40}},"45":{"start":{"line":120,"column":4},"end":{"line":120,"column":61}}},"fnMap":{"0":{"name":"(anonymous_0)","decl":{"start":{"line":39,"column":20},"end":{"line":39,"column":21}},"loc":{"start":{"line":39,"column":40},"end":{"line":122,"column":1}},"line":39},"1":{"name":"(anonymous_1)","decl":{"start":{"line":57,"column":51},"end":{"line":57,"column":52}},"loc":{"start":{"line":57,"column":56},"end":{"line":57,"column":95}},"line":57},"2":{"name":"(anonymous_2)","decl":{"start":{"line":72,"column":38},"end":{"line":72,"column":39}},"loc":{"start":{"line":72,"column":44},"end":{"line":72,"column":80}},"line":72},"3":{"name":"(anonymous_3)","decl":{"start":{"line":109,"column":43},"end":{"line":109,"column":44}},"loc":{"start":{"line":109,"column":49},"end":{"line":115,"column":7}},"line":109}},"branchMap":{"0":{"loc":{"start":{"line":43,"column":4},"end":{"line":43,"column":83}},"type":"if","locations":[{"start":{"line":43,"column":4},"end":{"line":43,"column":83}},{"start":{},"end":{}}],"line":43},"1":{"loc":{"start":{"line":45,"column":21},"end":{"line":45,"column":74}},"type":"binary-expr","locations":[{"start":{"line":45,"column":21},"end":{"line":45,"column":68}},{"start":{"line":45,"column":72},"end":{"line":45,"column":74}}],"line":45},"2":{"loc":{"start":{"line":56,"column":23},"end":{"line":58,"column":63}},"type":"cond-expr","locations":[{"start":{"line":57,"column":8},"end":{"line":57,"column":109}},{"start":{"line":58,"column":8},"end":{"line":58,"column":63}}],"line":56},"3":{"loc":{"start":{"line":62,"column":4},"end":{"line":67,"column":5}},"type":"if","locations":[{"start":{"line":62,"column":4},"end":{"line":67,"column":5}},{"start":{},"end":{}}],"line":62},"4":{"loc":{"start":{"line":95,"column":4},"end":{"line":95,"column":112}},"type":"if","locations":[{"start":{"line":95,"column":4},"end":{"line":95,"column":112}},{"start":{},"end":{}}],"line":95},"5":{"loc":{"start":{"line":102,"column":4},"end":{"line":102,"column":76}},"type":"if","locations":[{"start":{"line":102,"column":4},"end":{"line":102,"column":76}},{"start":{},"end":{}}],"line":102}},"s":{"0":1,"1":1,"2":1,"3":1,"4":0,"5":1,"6":1,"7":1,"8":1,"9":1,"10":1,"11":0,"12":1,"13":1,"14":1,"15":1,"16":1,"17":0,"18":1,"19":1,"20":0,"21":1,"22":0,"23":1,"24":1,"25":1,"26":1,"27":1,"28":0,"29":0,"30":0,"31":0,"32":0,"33":0,"34":0,"35":1,"36":0,"37":1,"38":1,"39":1,"40":0,"41":1,"42":1,"43":0,"44":0,"45":0},"f":{"0":1,"1":0,"2":0,"3":0},"b":{"0":[0,1],"1":[1,0],"2":[0,1],"3":[0,1],"4":[0,1],"5":[0,1]},"_coverageSchema":"1a1c01bbd47fc00a2c39e90264f33305004495a9","hash":"2b99d6465904f0e6becbcdb7a05d975be33458f6"}
,"C:\\Users\\ala\\Desktop\\Nouveau dossier (2)\\Esprit-PIDEV-4TWIN1-2026-Artisant\\server\\src\\controllers\\documentController.js": {"path":"C:\\Users\\ala\\Desktop\\Nouveau dossier (2)\\Esprit-PIDEV-4TWIN1-2026-Artisant\\server\\src\\controllers\\documentController.js","statementMap":{"0":{"start":{"line":7,"column":31},"end":{"line":24,"column":1}},"1":{"start":{"line":8,"column":4},"end":{"line":23,"column":5}},"2":{"start":{"line":9,"column":51},"end":{"line":9,"column":60}},"3":{"start":{"line":10,"column":20},"end":{"line":10,"column":22}},"4":{"start":{"line":12,"column":8},"end":{"line":14,"column":9}},"5":{"start":{"line":13,"column":12},"end":{"line":13,"column":60}},"6":{"start":{"line":15,"column":8},"end":{"line":15,"column":36}},"7":{"start":{"line":15,"column":18},"end":{"line":15,"column":36}},"8":{"start":{"line":16,"column":8},"end":{"line":16,"column":45}},"9":{"start":{"line":16,"column":21},"end":{"line":16,"column":45}},"10":{"start":{"line":17,"column":8},"end":{"line":17,"column":45}},"11":{"start":{"line":17,"column":21},"end":{"line":17,"column":45}},"12":{"start":{"line":19,"column":26},"end":{"line":19,"column":80}},"13":{"start":{"line":20,"column":8},"end":{"line":20,"column":100}},"14":{"start":{"line":22,"column":8},"end":{"line":22,"column":55}},"15":{"start":{"line":28,"column":27},"end":{"line":36,"column":1}},"16":{"start":{"line":29,"column":4},"end":{"line":35,"column":5}},"17":{"start":{"line":30,"column":25},"end":{"line":30,"column":91}},"18":{"start":{"line":31,"column":8},"end":{"line":31,"column":86}},"19":{"start":{"line":31,"column":23},"end":{"line":31,"column":86}},"20":{"start":{"line":32,"column":8},"end":{"line":32,"column":72}},"21":{"start":{"line":34,"column":8},"end":{"line":34,"column":55}},"22":{"start":{"line":40,"column":30},"end":{"line":66,"column":1}},"23":{"start":{"line":41,"column":4},"end":{"line":65,"column":5}},"24":{"start":{"line":42,"column":47},"end":{"line":42,"column":55}},"25":{"start":{"line":45,"column":28},"end":{"line":51,"column":9}},"26":{"start":{"line":53,"column":25},"end":{"line":59,"column":10}},"27":{"start":{"line":61,"column":8},"end":{"line":61,"column":72}},"28":{"start":{"line":63,"column":8},"end":{"line":63,"column":58}},"29":{"start":{"line":64,"column":8},"end":{"line":64,"column":71}},"30":{"start":{"line":71,"column":30},"end":{"line":82,"column":1}},"31":{"start":{"line":72,"column":4},"end":{"line":81,"column":5}},"32":{"start":{"line":73,"column":25},"end":{"line":76,"column":10}},"33":{"start":{"line":77,"column":8},"end":{"line":77,"column":86}},"34":{"start":{"line":77,"column":23},"end":{"line":77,"column":86}},"35":{"start":{"line":78,"column":8},"end":{"line":78,"column":72}},"36":{"start":{"line":80,"column":8},"end":{"line":80,"column":55}},"37":{"start":{"line":86,"column":30},"end":{"line":94,"column":1}},"38":{"start":{"line":87,"column":4},"end":{"line":93,"column":5}},"39":{"start":{"line":88,"column":25},"end":{"line":88,"column":72}},"40":{"start":{"line":89,"column":8},"end":{"line":89,"column":86}},"41":{"start":{"line":89,"column":23},"end":{"line":89,"column":86}},"42":{"start":{"line":90,"column":8},"end":{"line":90,"column":62}},"43":{"start":{"line":92,"column":8},"end":{"line":92,"column":55}},"44":{"start":{"line":97,"column":30},"end":{"line":115,"column":1}},"45":{"start":{"line":98,"column":4},"end":{"line":114,"column":5}},"46":{"start":{"line":99,"column":25},"end":{"line":99,"column":63}},"47":{"start":{"line":100,"column":8},"end":{"line":100,"column":86}},"48":{"start":{"line":100,"column":23},"end":{"line":100,"column":86}},"49":{"start":{"line":102,"column":28},"end":{"line":102,"column":70}},"50":{"start":{"line":104,"column":8},"end":{"line":108,"column":9}},"51":{"start":{"line":105,"column":12},"end":{"line":105,"column":111}},"52":{"start":{"line":105,"column":69},"end":{"line":105,"column":109}},"53":{"start":{"line":107,"column":12},"end":{"line":107,"column":51}},"54":{"start":{"line":110,"column":8},"end":{"line":110,"column":30}},"55":{"start":{"line":111,"column":8},"end":{"line":111,"column":72}},"56":{"start":{"line":113,"column":8},"end":{"line":113,"column":55}},"57":{"start":{"line":119,"column":34},"end":{"line":139,"column":1}},"58":{"start":{"line":120,"column":4},"end":{"line":138,"column":5}},"59":{"start":{"line":121,"column":24},"end":{"line":123,"column":36}},"60":{"start":{"line":126,"column":33},"end":{"line":133,"column":11}},"61":{"start":{"line":126,"column":51},"end":{"line":133,"column":9}},"62":{"start":{"line":135,"column":8},"end":{"line":135,"column":72}},"63":{"start":{"line":137,"column":8},"end":{"line":137,"column":55}},"64":{"start":{"line":143,"column":31},"end":{"line":156,"column":1}},"65":{"start":{"line":144,"column":4},"end":{"line":155,"column":5}},"66":{"start":{"line":145,"column":38},"end":{"line":145,"column":46}},"67":{"start":{"line":146,"column":29},"end":{"line":151,"column":10}},"68":{"start":{"line":152,"column":8},"end":{"line":152,"column":68}},"69":{"start":{"line":154,"column":8},"end":{"line":154,"column":71}}},"fnMap":{"0":{"name":"(anonymous_0)","decl":{"start":{"line":7,"column":31},"end":{"line":7,"column":32}},"loc":{"start":{"line":7,"column":51},"end":{"line":24,"column":1}},"line":7},"1":{"name":"(anonymous_1)","decl":{"start":{"line":28,"column":27},"end":{"line":28,"column":28}},"loc":{"start":{"line":28,"column":47},"end":{"line":36,"column":1}},"line":28},"2":{"name":"(anonymous_2)","decl":{"start":{"line":40,"column":30},"end":{"line":40,"column":31}},"loc":{"start":{"line":40,"column":50},"end":{"line":66,"column":1}},"line":40},"3":{"name":"(anonymous_3)","decl":{"start":{"line":71,"column":30},"end":{"line":71,"column":31}},"loc":{"start":{"line":71,"column":50},"end":{"line":82,"column":1}},"line":71},"4":{"name":"(anonymous_4)","decl":{"start":{"line":86,"column":30},"end":{"line":86,"column":31}},"loc":{"start":{"line":86,"column":50},"end":{"line":94,"column":1}},"line":86},"5":{"name":"(anonymous_5)","decl":{"start":{"line":97,"column":30},"end":{"line":97,"column":31}},"loc":{"start":{"line":97,"column":50},"end":{"line":115,"column":1}},"line":97},"6":{"name":"(anonymous_6)","decl":{"start":{"line":105,"column":63},"end":{"line":105,"column":64}},"loc":{"start":{"line":105,"column":69},"end":{"line":105,"column":109}},"line":105},"7":{"name":"(anonymous_7)","decl":{"start":{"line":119,"column":34},"end":{"line":119,"column":35}},"loc":{"start":{"line":119,"column":54},"end":{"line":139,"column":1}},"line":119},"8":{"name":"(anonymous_8)","decl":{"start":{"line":126,"column":45},"end":{"line":126,"column":46}},"loc":{"start":{"line":126,"column":51},"end":{"line":133,"column":9}},"line":126},"9":{"name":"(anonymous_9)","decl":{"start":{"line":143,"column":31},"end":{"line":143,"column":32}},"loc":{"start":{"line":143,"column":51},"end":{"line":156,"column":1}},"line":143}},"branchMap":{"0":{"loc":{"start":{"line":12,"column":8},"end":{"line":14,"column":9}},"type":"if","locations":[{"start":{"line":12,"column":8},"end":{"line":14,"column":9}},{"start":{},"end":{}}],"line":12},"1":{"loc":{"start":{"line":15,"column":8},"end":{"line":15,"column":36}},"type":"if","locations":[{"start":{"line":15,"column":8},"end":{"line":15,"column":36}},{"start":{},"end":{}}],"line":15},"2":{"loc":{"start":{"line":16,"column":8},"end":{"line":16,"column":45}},"type":"if","locations":[{"start":{"line":16,"column":8},"end":{"line":16,"column":45}},{"start":{},"end":{}}],"line":16},"3":{"loc":{"start":{"line":17,"column":8},"end":{"line":17,"column":45}},"type":"if","locations":[{"start":{"line":17,"column":8},"end":{"line":17,"column":45}},{"start":{},"end":{}}],"line":17},"4":{"loc":{"start":{"line":31,"column":8},"end":{"line":31,"column":86}},"type":"if","locations":[{"start":{"line":31,"column":8},"end":{"line":31,"column":86}},{"start":{},"end":{}}],"line":31},"5":{"loc":{"start":{"line":55,"column":18},"end":{"line":55,"column":47}},"type":"binary-expr","locations":[{"start":{"line":55,"column":18},"end":{"line":55,"column":22}},{"start":{"line":55,"column":26},"end":{"line":55,"column":31}},{"start":{"line":55,"column":35},"end":{"line":55,"column":47}}],"line":55},"6":{"loc":{"start":{"line":56,"column":18},"end":{"line":56,"column":46}},"type":"binary-expr","locations":[{"start":{"line":56,"column":18},"end":{"line":56,"column":35}},{"start":{"line":56,"column":39},"end":{"line":56,"column":46}}],"line":56},"7":{"loc":{"start":{"line":57,"column":21},"end":{"line":57,"column":67}},"type":"binary-expr","locations":[{"start":{"line":57,"column":21},"end":{"line":57,"column":28}},{"start":{"line":57,"column":32},"end":{"line":57,"column":67}}],"line":57},"8":{"loc":{"start":{"line":77,"column":8},"end":{"line":77,"column":86}},"type":"if","locations":[{"start":{"line":77,"column":8},"end":{"line":77,"column":86}},{"start":{},"end":{}}],"line":77},"9":{"loc":{"start":{"line":89,"column":8},"end":{"line":89,"column":86}},"type":"if","locations":[{"start":{"line":89,"column":8},"end":{"line":89,"column":86}},{"start":{},"end":{}}],"line":89},"10":{"loc":{"start":{"line":100,"column":8},"end":{"line":100,"column":86}},"type":"if","locations":[{"start":{"line":100,"column":8},"end":{"line":100,"column":86}},{"start":{},"end":{}}],"line":100},"11":{"loc":{"start":{"line":104,"column":8},"end":{"line":108,"column":9}},"type":"if","locations":[{"start":{"line":104,"column":8},"end":{"line":108,"column":9}},{"start":{"line":106,"column":15},"end":{"line":108,"column":9}}],"line":104},"12":{"loc":{"start":{"line":149,"column":20},"end":{"line":149,"column":36}},"type":"binary-expr","locations":[{"start":{"line":149,"column":20},"end":{"line":149,"column":26}},{"start":{"line":149,"column":30},"end":{"line":149,"column":36}}],"line":149},"13":{"loc":{"start":{"line":150,"column":23},"end":{"line":150,"column":38}},"type":"binary-expr","locations":[{"start":{"line":150,"column":23},"end":{"line":150,"column":32}},{"start":{"line":150,"column":36},"end":{"line":150,"column":38}}],"line":150}},"s":{"0":1,"1":1,"2":1,"3":1,"4":1,"5":0,"6":1,"7":0,"8":1,"9":0,"10":1,"11":0,"12":1,"13":1,"14":0,"15":1,"16":0,"17":0,"18":0,"19":0,"20":0,"21":0,"22":1,"23":0,"24":0,"25":0,"26":0,"27":0,"28":0,"29":0,"30":1,"31":0,"32":0,"33":0,"34":0,"35":0,"36":0,"37":1,"38":0,"39":0,"40":0,"41":0,"42":0,"43":0,"44":1,"45":0,"46":0,"47":0,"48":0,"49":0,"50":0,"51":0,"52":0,"53":0,"54":0,"55":0,"56":0,"57":1,"58":0,"59":0,"60":0,"61":0,"62":0,"63":0,"64":1,"65":0,"66":0,"67":0,"68":0,"69":0},"f":{"0":1,"1":0,"2":0,"3":0,"4":0,"5":0,"6":0,"7":0,"8":0,"9":0},"b":{"0":[0,1],"1":[0,1],"2":[0,1],"3":[0,1],"4":[0,0],"5":[0,0,0],"6":[0,0],"7":[0,0],"8":[0,0],"9":[0,0],"10":[0,0],"11":[0,0],"12":[0,0],"13":[0,0]},"_coverageSchema":"1a1c01bbd47fc00a2c39e90264f33305004495a9","hash":"7f292fef31a86db7cb7aef7c6eec5485974c3922"}
,"C:\\Users\\ala\\Desktop\\Nouveau dossier (2)\\Esprit-PIDEV-4TWIN1-2026-Artisant\\server\\src\\controllers\\invoiceController.js": {"path":"C:\\Users\\ala\\Desktop\\Nouveau dossier (2)\\Esprit-PIDEV-4TWIN1-2026-Artisant\\server\\src\\controllers\\invoiceController.js","statementMap":{"0":{"start":{"line":5,"column":29},"end":{"line":15,"column":1}},"1":{"start":{"line":6,"column":4},"end":{"line":14,"column":5}},"2":{"start":{"line":7,"column":24},"end":{"line":10,"column":10}},"3":{"start":{"line":11,"column":8},"end":{"line":11,"column":63}},"4":{"start":{"line":13,"column":8},"end":{"line":13,"column":71}},"5":{"start":{"line":19,"column":29},"end":{"line":37,"column":1}},"6":{"start":{"line":20,"column":4},"end":{"line":36,"column":5}},"7":{"start":{"line":21,"column":25},"end":{"line":23,"column":31}},"8":{"start":{"line":25,"column":31},"end":{"line":31,"column":11}},"9":{"start":{"line":25,"column":52},"end":{"line":31,"column":9}},"10":{"start":{"line":33,"column":8},"end":{"line":33,"column":94}},"11":{"start":{"line":35,"column":8},"end":{"line":35,"column":71}},"12":{"start":{"line":41,"column":29},"end":{"line":52,"column":1}},"13":{"start":{"line":42,"column":4},"end":{"line":51,"column":5}},"14":{"start":{"line":43,"column":24},"end":{"line":46,"column":10}},"15":{"start":{"line":47,"column":8},"end":{"line":47,"column":101}},"16":{"start":{"line":47,"column":22},"end":{"line":47,"column":101}},"17":{"start":{"line":48,"column":8},"end":{"line":48,"column":63}},"18":{"start":{"line":50,"column":8},"end":{"line":50,"column":71}},"19":{"start":{"line":56,"column":29},"end":{"line":64,"column":1}},"20":{"start":{"line":57,"column":4},"end":{"line":63,"column":5}},"21":{"start":{"line":58,"column":24},"end":{"line":58,"column":70}},"22":{"start":{"line":59,"column":8},"end":{"line":59,"column":101}},"23":{"start":{"line":59,"column":22},"end":{"line":59,"column":101}},"24":{"start":{"line":60,"column":8},"end":{"line":60,"column":77}},"25":{"start":{"line":62,"column":8},"end":{"line":62,"column":71}},"26":{"start":{"line":67,"column":35},"end":{"line":86,"column":1}},"27":{"start":{"line":68,"column":4},"end":{"line":85,"column":5}},"28":{"start":{"line":69,"column":25},"end":{"line":69,"column":102}},"29":{"start":{"line":70,"column":24},"end":{"line":81,"column":9}},"30":{"start":{"line":71,"column":55},"end":{"line":71,"column":88}},"31":{"start":{"line":72,"column":51},"end":{"line":72,"column":112}},"32":{"start":{"line":73,"column":58},"end":{"line":73,"column":155}},"33":{"start":{"line":76,"column":46},"end":{"line":76,"column":71}},"34":{"start":{"line":76,"column":92},"end":{"line":76,"column":125}},"35":{"start":{"line":79,"column":44},"end":{"line":79,"column":68}},"36":{"start":{"line":79,"column":89},"end":{"line":79,"column":122}},"37":{"start":{"line":82,"column":8},"end":{"line":82,"column":63}},"38":{"start":{"line":84,"column":8},"end":{"line":84,"column":71}},"39":{"start":{"line":90,"column":29},"end":{"line":101,"column":1}},"40":{"start":{"line":91,"column":4},"end":{"line":100,"column":5}},"41":{"start":{"line":92,"column":24},"end":{"line":95,"column":25}},"42":{"start":{"line":96,"column":8},"end":{"line":96,"column":101}},"43":{"start":{"line":96,"column":22},"end":{"line":96,"column":101}},"44":{"start":{"line":97,"column":8},"end":{"line":97,"column":63}},"45":{"start":{"line":99,"column":8},"end":{"line":99,"column":71}},"46":{"start":{"line":105,"column":27},"end":{"line":113,"column":1}},"47":{"start":{"line":106,"column":4},"end":{"line":112,"column":5}},"48":{"start":{"line":107,"column":24},"end":{"line":107,"column":110}},"49":{"start":{"line":108,"column":8},"end":{"line":108,"column":101}},"50":{"start":{"line":108,"column":22},"end":{"line":108,"column":101}},"51":{"start":{"line":109,"column":8},"end":{"line":109,"column":63}},"52":{"start":{"line":111,"column":8},"end":{"line":111,"column":71}}},"fnMap":{"0":{"name":"(anonymous_0)","decl":{"start":{"line":5,"column":29},"end":{"line":5,"column":30}},"loc":{"start":{"line":5,"column":49},"end":{"line":15,"column":1}},"line":5},"1":{"name":"(anonymous_1)","decl":{"start":{"line":19,"column":29},"end":{"line":19,"column":30}},"loc":{"start":{"line":19,"column":49},"end":{"line":37,"column":1}},"line":19},"2":{"name":"(anonymous_2)","decl":{"start":{"line":25,"column":44},"end":{"line":25,"column":45}},"loc":{"start":{"line":25,"column":52},"end":{"line":31,"column":9}},"line":25},"3":{"name":"(anonymous_3)","decl":{"start":{"line":41,"column":29},"end":{"line":41,"column":30}},"loc":{"start":{"line":41,"column":49},"end":{"line":52,"column":1}},"line":41},"4":{"name":"(anonymous_4)","decl":{"start":{"line":56,"column":29},"end":{"line":56,"column":30}},"loc":{"start":{"line":56,"column":49},"end":{"line":64,"column":1}},"line":56},"5":{"name":"(anonymous_5)","decl":{"start":{"line":67,"column":35},"end":{"line":67,"column":36}},"loc":{"start":{"line":67,"column":55},"end":{"line":86,"column":1}},"line":67},"6":{"name":"(anonymous_6)","decl":{"start":{"line":71,"column":43},"end":{"line":71,"column":44}},"loc":{"start":{"line":71,"column":55},"end":{"line":71,"column":88}},"line":71},"7":{"name":"(anonymous_7)","decl":{"start":{"line":72,"column":39},"end":{"line":72,"column":40}},"loc":{"start":{"line":72,"column":51},"end":{"line":72,"column":112}},"line":72},"8":{"name":"(anonymous_8)","decl":{"start":{"line":73,"column":46},"end":{"line":73,"column":47}},"loc":{"start":{"line":73,"column":58},"end":{"line":73,"column":155}},"line":73},"9":{"name":"(anonymous_9)","decl":{"start":{"line":76,"column":41},"end":{"line":76,"column":42}},"loc":{"start":{"line":76,"column":46},"end":{"line":76,"column":71}},"line":76},"10":{"name":"(anonymous_10)","decl":{"start":{"line":76,"column":80},"end":{"line":76,"column":81}},"loc":{"start":{"line":76,"column":92},"end":{"line":76,"column":125}},"line":76},"11":{"name":"(anonymous_11)","decl":{"start":{"line":79,"column":39},"end":{"line":79,"column":40}},"loc":{"start":{"line":79,"column":44},"end":{"line":79,"column":68}},"line":79},"12":{"name":"(anonymous_12)","decl":{"start":{"line":79,"column":77},"end":{"line":79,"column":78}},"loc":{"start":{"line":79,"column":89},"end":{"line":79,"column":122}},"line":79},"13":{"name":"(anonymous_13)","decl":{"start":{"line":90,"column":29},"end":{"line":90,"column":30}},"loc":{"start":{"line":90,"column":49},"end":{"line":101,"column":1}},"line":90},"14":{"name":"(anonymous_14)","decl":{"start":{"line":105,"column":27},"end":{"line":105,"column":28}},"loc":{"start":{"line":105,"column":47},"end":{"line":113,"column":1}},"line":105}},"branchMap":{"0":{"loc":{"start":{"line":27,"column":28},"end":{"line":27,"column":58}},"type":"binary-expr","locations":[{"start":{"line":27,"column":28},"end":{"line":27,"column":49}},{"start":{"line":27,"column":53},"end":{"line":27,"column":58}}],"line":27},"1":{"loc":{"start":{"line":28,"column":38},"end":{"line":28,"column":65}},"type":"binary-expr","locations":[{"start":{"line":28,"column":38},"end":{"line":28,"column":60}},{"start":{"line":28,"column":64},"end":{"line":28,"column":65}}],"line":28},"2":{"loc":{"start":{"line":30,"column":20},"end":{"line":30,"column":103}},"type":"cond-expr","locations":[{"start":{"line":30,"column":44},"end":{"line":30,"column":50}},{"start":{"line":30,"column":53},"end":{"line":30,"column":103}}],"line":30},"3":{"loc":{"start":{"line":30,"column":53},"end":{"line":30,"column":103}},"type":"cond-expr","locations":[{"start":{"line":30,"column":82},"end":{"line":30,"column":91}},{"start":{"line":30,"column":94},"end":{"line":30,"column":103}}],"line":30},"4":{"loc":{"start":{"line":47,"column":8},"end":{"line":47,"column":101}},"type":"if","locations":[{"start":{"line":47,"column":8},"end":{"line":47,"column":101}},{"start":{},"end":{}}],"line":47},"5":{"loc":{"start":{"line":59,"column":8},"end":{"line":59,"column":101}},"type":"if","locations":[{"start":{"line":59,"column":8},"end":{"line":59,"column":101}},{"start":{},"end":{}}],"line":59},"6":{"loc":{"start":{"line":71,"column":62},"end":{"line":71,"column":87}},"type":"binary-expr","locations":[{"start":{"line":71,"column":62},"end":{"line":71,"column":82}},{"start":{"line":71,"column":86},"end":{"line":71,"column":87}}],"line":71},"7":{"loc":{"start":{"line":72,"column":51},"end":{"line":72,"column":112}},"type":"cond-expr","locations":[{"start":{"line":72,"column":73},"end":{"line":72,"column":106}},{"start":{"line":72,"column":109},"end":{"line":72,"column":112}}],"line":72},"8":{"loc":{"start":{"line":72,"column":80},"end":{"line":72,"column":105}},"type":"binary-expr","locations":[{"start":{"line":72,"column":80},"end":{"line":72,"column":100}},{"start":{"line":72,"column":104},"end":{"line":72,"column":105}}],"line":72},"9":{"loc":{"start":{"line":73,"column":58},"end":{"line":73,"column":155}},"type":"cond-expr","locations":[{"start":{"line":73,"column":116},"end":{"line":73,"column":149}},{"start":{"line":73,"column":152},"end":{"line":73,"column":155}}],"line":73},"10":{"loc":{"start":{"line":73,"column":59},"end":{"line":73,"column":112}},"type":"binary-expr","locations":[{"start":{"line":73,"column":59},"end":{"line":73,"column":84}},{"start":{"line":73,"column":88},"end":{"line":73,"column":112}}],"line":73},"11":{"loc":{"start":{"line":73,"column":123},"end":{"line":73,"column":148}},"type":"binary-expr","locations":[{"start":{"line":73,"column":123},"end":{"line":73,"column":143}},{"start":{"line":73,"column":147},"end":{"line":73,"column":148}}],"line":73},"12":{"loc":{"start":{"line":76,"column":99},"end":{"line":76,"column":124}},"type":"binary-expr","locations":[{"start":{"line":76,"column":99},"end":{"line":76,"column":119}},{"start":{"line":76,"column":123},"end":{"line":76,"column":124}}],"line":76},"13":{"loc":{"start":{"line":79,"column":96},"end":{"line":79,"column":121}},"type":"binary-expr","locations":[{"start":{"line":79,"column":96},"end":{"line":79,"column":116}},{"start":{"line":79,"column":120},"end":{"line":79,"column":121}}],"line":79},"14":{"loc":{"start":{"line":94,"column":24},"end":{"line":94,"column":44}},"type":"binary-expr","locations":[{"start":{"line":94,"column":24},"end":{"line":94,"column":39}},{"start":{"line":94,"column":43},"end":{"line":94,"column":44}}],"line":94},"15":{"loc":{"start":{"line":96,"column":8},"end":{"line":96,"column":101}},"type":"if","locations":[{"start":{"line":96,"column":8},"end":{"line":96,"column":101}},{"start":{},"end":{}}],"line":96},"16":{"loc":{"start":{"line":108,"column":8},"end":{"line":108,"column":101}},"type":"if","locations":[{"start":{"line":108,"column":8},"end":{"line":108,"column":101}},{"start":{},"end":{}}],"line":108}},"s":{"0":1,"1":0,"2":0,"3":0,"4":0,"5":1,"6":1,"7":1,"8":1,"9":1,"10":1,"11":0,"12":1,"13":0,"14":0,"15":0,"16":0,"17":0,"18":0,"19":1,"20":0,"21":0,"22":0,"23":0,"24":0,"25":0,"26":1,"27":0,"28":0,"29":0,"30":0,"31":0,"32":0,"33":0,"34":0,"35":0,"36":0,"37":0,"38":0,"39":1,"40":0,"41":0,"42":0,"43":0,"44":0,"45":0,"46":1,"47":0,"48":0,"49":0,"50":0,"51":0,"52":0},"f":{"0":0,"1":1,"2":1,"3":0,"4":0,"5":0,"6":0,"7":0,"8":0,"9":0,"10":0,"11":0,"12":0,"13":0,"14":0},"b":{"0":[1,1],"1":[1,1],"2":[0,1],"3":[0,1],"4":[0,0],"5":[0,0],"6":[0,0],"7":[0,0],"8":[0,0],"9":[0,0],"10":[0,0],"11":[0,0],"12":[0,0],"13":[0,0],"14":[0,0],"15":[0,0],"16":[0,0]},"_coverageSchema":"1a1c01bbd47fc00a2c39e90264f33305004495a9","hash":"435374e949a4f8c08645b7c50c7bedd03f090da8"}
,"C:\\Users\\ala\\Desktop\\Nouveau dossier (2)\\Esprit-PIDEV-4TWIN1-2026-Artisant\\server\\src\\controllers\\orderController.js": {"path":"C:\\Users\\ala\\Desktop\\Nouveau dossier (2)\\Esprit-PIDEV-4TWIN1-2026-Artisant\\server\\src\\controllers\\orderController.js","statementMap":{"0":{"start":{"line":6,"column":17},"end":{"line":18,"column":2}},"1":{"start":{"line":6,"column":38},"end":{"line":18,"column":1}},"2":{"start":{"line":22,"column":27},"end":{"line":96,"column":1}},"3":{"start":{"line":23,"column":4},"end":{"line":95,"column":5}},"4":{"start":{"line":24,"column":64},"end":{"line":24,"column":72}},"5":{"start":{"line":26,"column":8},"end":{"line":28,"column":9}},"6":{"start":{"line":27,"column":12},"end":{"line":27,"column":104}},"7":{"start":{"line":31,"column":27},"end":{"line":31,"column":52}},"8":{"start":{"line":31,"column":42},"end":{"line":31,"column":51}},"9":{"start":{"line":32,"column":25},"end":{"line":32,"column":73}},"10":{"start":{"line":34,"column":8},"end":{"line":36,"column":9}},"11":{"start":{"line":35,"column":12},"end":{"line":35,"column":101}},"12":{"start":{"line":38,"column":29},"end":{"line":38,"column":40}},"13":{"start":{"line":39,"column":31},"end":{"line":39,"column":56}},"14":{"start":{"line":42,"column":32},"end":{"line":45,"column":13}},"15":{"start":{"line":43,"column":22},"end":{"line":43,"column":81}},"16":{"start":{"line":43,"column":44},"end":{"line":43,"column":80}},"17":{"start":{"line":44,"column":12},"end":{"line":44,"column":61}},"18":{"start":{"line":48,"column":27},"end":{"line":48,"column":104}},"19":{"start":{"line":50,"column":26},"end":{"line":50,"column":57}},"20":{"start":{"line":51,"column":26},"end":{"line":51,"column":82}},"21":{"start":{"line":52,"column":28},"end":{"line":52,"column":59}},"22":{"start":{"line":54,"column":22},"end":{"line":62,"column":10}},"23":{"start":{"line":66,"column":8},"end":{"line":88,"column":9}},"24":{"start":{"line":67,"column":25},"end":{"line":67,"column":78}},"25":{"start":{"line":67,"column":44},"end":{"line":67,"column":77}},"26":{"start":{"line":70,"column":12},"end":{"line":79,"column":13}},"27":{"start":{"line":71,"column":16},"end":{"line":77,"column":17}},"28":{"start":{"line":72,"column":20},"end":{"line":72,"column":57}},"29":{"start":{"line":73,"column":20},"end":{"line":76,"column":21}},"30":{"start":{"line":74,"column":24},"end":{"line":74,"column":48}},"31":{"start":{"line":75,"column":24},"end":{"line":75,"column":49}},"32":{"start":{"line":78,"column":16},"end":{"line":78,"column":34}},"33":{"start":{"line":81,"column":12},"end":{"line":87,"column":15}},"34":{"start":{"line":90,"column":23},"end":{"line":90,"column":48}},"35":{"start":{"line":91,"column":8},"end":{"line":91,"column":62}},"36":{"start":{"line":93,"column":8},"end":{"line":93,"column":63}},"37":{"start":{"line":94,"column":8},"end":{"line":94,"column":90}},"38":{"start":{"line":104,"column":27},"end":{"line":128,"column":1}},"39":{"start":{"line":105,"column":4},"end":{"line":127,"column":5}},"40":{"start":{"line":106,"column":23},"end":{"line":108,"column":31}},"41":{"start":{"line":110,"column":29},"end":{"line":110,"column":31}},"42":{"start":{"line":111,"column":8},"end":{"line":122,"column":9}},"43":{"start":{"line":112,"column":26},"end":{"line":112,"column":88}},"44":{"start":{"line":113,"column":27},"end":{"line":113,"column":52}},"45":{"start":{"line":114,"column":12},"end":{"line":121,"column":15}},"46":{"start":{"line":116,"column":39},"end":{"line":120,"column":17}},"47":{"start":{"line":124,"column":8},"end":{"line":124,"column":90}},"48":{"start":{"line":126,"column":8},"end":{"line":126,"column":71}},"49":{"start":{"line":132,"column":37},"end":{"line":155,"column":1}},"50":{"start":{"line":133,"column":4},"end":{"line":154,"column":5}},"51":{"start":{"line":134,"column":23},"end":{"line":136,"column":31}},"52":{"start":{"line":138,"column":29},"end":{"line":138,"column":31}},"53":{"start":{"line":139,"column":8},"end":{"line":150,"column":9}},"54":{"start":{"line":140,"column":26},"end":{"line":140,"column":88}},"55":{"start":{"line":141,"column":27},"end":{"line":141,"column":57}},"56":{"start":{"line":142,"column":12},"end":{"line":149,"column":15}},"57":{"start":{"line":144,"column":39},"end":{"line":148,"column":17}},"58":{"start":{"line":151,"column":8},"end":{"line":151,"column":90}},"59":{"start":{"line":153,"column":8},"end":{"line":153,"column":71}},"60":{"start":{"line":160,"column":33},"end":{"line":169,"column":1}},"61":{"start":{"line":161,"column":4},"end":{"line":168,"column":5}},"62":{"start":{"line":162,"column":27},"end":{"line":162,"column":35}},"63":{"start":{"line":163,"column":22},"end":{"line":163,"column":93}},"64":{"start":{"line":164,"column":8},"end":{"line":164,"column":97}},"65":{"start":{"line":164,"column":20},"end":{"line":164,"column":97}},"66":{"start":{"line":165,"column":8},"end":{"line":165,"column":61}},"67":{"start":{"line":167,"column":8},"end":{"line":167,"column":71}},"68":{"start":{"line":173,"column":24},"end":{"line":187,"column":1}},"69":{"start":{"line":174,"column":4},"end":{"line":186,"column":5}},"70":{"start":{"line":175,"column":22},"end":{"line":177,"column":52}},"71":{"start":{"line":179,"column":8},"end":{"line":179,"column":97}},"72":{"start":{"line":179,"column":20},"end":{"line":179,"column":97}},"73":{"start":{"line":181,"column":22},"end":{"line":181,"column":84}},"74":{"start":{"line":183,"column":8},"end":{"line":183,"column":72}},"75":{"start":{"line":185,"column":8},"end":{"line":185,"column":71}},"76":{"start":{"line":191,"column":33},"end":{"line":219,"column":1}},"77":{"start":{"line":192,"column":4},"end":{"line":218,"column":5}},"78":{"start":{"line":193,"column":22},"end":{"line":195,"column":38}},"79":{"start":{"line":197,"column":23},"end":{"line":197,"column":46}},"80":{"start":{"line":198,"column":27},"end":{"line":198,"column":82}},"81":{"start":{"line":198,"column":53},"end":{"line":198,"column":78}},"82":{"start":{"line":200,"column":26},"end":{"line":213,"column":9}},"83":{"start":{"line":208,"column":44},"end":{"line":208,"column":69}},"84":{"start":{"line":209,"column":44},"end":{"line":209,"column":66}},"85":{"start":{"line":210,"column":46},"end":{"line":210,"column":66}},"86":{"start":{"line":211,"column":46},"end":{"line":211,"column":67}},"87":{"start":{"line":215,"column":8},"end":{"line":215,"column":65}},"88":{"start":{"line":217,"column":8},"end":{"line":217,"column":71}}},"fnMap":{"0":{"name":"(anonymous_0)","decl":{"start":{"line":6,"column":17},"end":{"line":6,"column":18}},"loc":{"start":{"line":6,"column":38},"end":{"line":18,"column":1}},"line":6},"1":{"name":"(anonymous_1)","decl":{"start":{"line":22,"column":27},"end":{"line":22,"column":28}},"loc":{"start":{"line":22,"column":47},"end":{"line":96,"column":1}},"line":22},"2":{"name":"(anonymous_2)","decl":{"start":{"line":31,"column":37},"end":{"line":31,"column":38}},"loc":{"start":{"line":31,"column":42},"end":{"line":31,"column":51}},"line":31},"3":{"name":"(anonymous_3)","decl":{"start":{"line":42,"column":45},"end":{"line":42,"column":46}},"loc":{"start":{"line":42,"column":60},"end":{"line":45,"column":9}},"line":42},"4":{"name":"(anonymous_4)","decl":{"start":{"line":43,"column":36},"end":{"line":43,"column":37}},"loc":{"start":{"line":43,"column":44},"end":{"line":43,"column":80}},"line":43},"5":{"name":"(anonymous_5)","decl":{"start":{"line":67,"column":39},"end":{"line":67,"column":40}},"loc":{"start":{"line":67,"column":44},"end":{"line":67,"column":77}},"line":67},"6":{"name":"(anonymous_6)","decl":{"start":{"line":104,"column":27},"end":{"line":104,"column":28}},"loc":{"start":{"line":104,"column":47},"end":{"line":128,"column":1}},"line":104},"7":{"name":"(anonymous_7)","decl":{"start":{"line":116,"column":33},"end":{"line":116,"column":34}},"loc":{"start":{"line":116,"column":39},"end":{"line":120,"column":17}},"line":116},"8":{"name":"(anonymous_8)","decl":{"start":{"line":132,"column":37},"end":{"line":132,"column":38}},"loc":{"start":{"line":132,"column":57},"end":{"line":155,"column":1}},"line":132},"9":{"name":"(anonymous_9)","decl":{"start":{"line":144,"column":33},"end":{"line":144,"column":34}},"loc":{"start":{"line":144,"column":39},"end":{"line":148,"column":17}},"line":144},"10":{"name":"(anonymous_10)","decl":{"start":{"line":160,"column":33},"end":{"line":160,"column":34}},"loc":{"start":{"line":160,"column":53},"end":{"line":169,"column":1}},"line":160},"11":{"name":"(anonymous_11)","decl":{"start":{"line":173,"column":24},"end":{"line":173,"column":25}},"loc":{"start":{"line":173,"column":44},"end":{"line":187,"column":1}},"line":173},"12":{"name":"(anonymous_12)","decl":{"start":{"line":191,"column":33},"end":{"line":191,"column":34}},"loc":{"start":{"line":191,"column":53},"end":{"line":219,"column":1}},"line":191},"13":{"name":"(anonymous_13)","decl":{"start":{"line":198,"column":41},"end":{"line":198,"column":42}},"loc":{"start":{"line":198,"column":53},"end":{"line":198,"column":78}},"line":198},"14":{"name":"(anonymous_14)","decl":{"start":{"line":208,"column":39},"end":{"line":208,"column":40}},"loc":{"start":{"line":208,"column":44},"end":{"line":208,"column":69}},"line":208},"15":{"name":"(anonymous_15)","decl":{"start":{"line":209,"column":39},"end":{"line":209,"column":40}},"loc":{"start":{"line":209,"column":44},"end":{"line":209,"column":66}},"line":209},"16":{"name":"(anonymous_16)","decl":{"start":{"line":210,"column":41},"end":{"line":210,"column":42}},"loc":{"start":{"line":210,"column":46},"end":{"line":210,"column":66}},"line":210},"17":{"name":"(anonymous_17)","decl":{"start":{"line":211,"column":41},"end":{"line":211,"column":42}},"loc":{"start":{"line":211,"column":46},"end":{"line":211,"column":67}},"
[...]
cations":[{"start":{"line":852,"column":11},"end":{"line":869,"column":5}},{"start":{"line":860,"column":11},"end":{"line":869,"column":5}}],"line":852},"158":{"loc":{"start":{"line":854,"column":17},"end":{"line":854,"column":45}},"type":"cond-expr","locations":[{"start":{"line":854,"column":30},"end":{"line":854,"column":35}},{"start":{"line":854,"column":38},"end":{"line":854,"column":45}}],"line":854},"159":{"loc":{"start":{"line":855,"column":18},"end":{"line":855,"column":37}},"type":"cond-expr","locations":[{"start":{"line":855,"column":31},"end":{"line":855,"column":33}},{"start":{"line":855,"column":36},"end":{"line":855,"column":37}}],"line":855},"160":{"loc":{"start":{"line":858,"column":20},"end":{"line":858,"column":35}},"type":"cond-expr","locations":[{"start":{"line":858,"column":30},"end":{"line":858,"column":31}},{"start":{"line":858,"column":34},"end":{"line":858,"column":35}}],"line":858},"161":{"loc":{"start":{"line":863,"column":17},"end":{"line":863,"column":45}},"type":"cond-expr","locations":[{"start":{"line":863,"column":30},"end":{"line":863,"column":35}},{"start":{"line":863,"column":38},"end":{"line":863,"column":45}}],"line":863},"162":{"loc":{"start":{"line":864,"column":18},"end":{"line":864,"column":37}},"type":"cond-expr","locations":[{"start":{"line":864,"column":31},"end":{"line":864,"column":33}},{"start":{"line":864,"column":36},"end":{"line":864,"column":37}}],"line":864},"163":{"loc":{"start":{"line":867,"column":20},"end":{"line":867,"column":35}},"type":"cond-expr","locations":[{"start":{"line":867,"column":30},"end":{"line":867,"column":31}},{"start":{"line":867,"column":34},"end":{"line":867,"column":35}}],"line":867},"164":{"loc":{"start":{"line":880,"column":54},"end":{"line":880,"column":67}},"type":"binary-expr","locations":[{"start":{"line":880,"column":54},"end":{"line":880,"column":61}},{"start":{"line":880,"column":65},"end":{"line":880,"column":67}}],"line":880},"165":{"loc":{"start":{"line":882,"column":4},"end":{"line":898,"column":10}},"type":"cond-expr","locations":[{"start":{"line":883,"column":8},"end":{"line":897,"column":21}},{"start":{"line":898,"column":8},"end":{"line":898,"column":10}}],"line":882},"166":{"loc":{"start":{"line":882,"column":4},"end":{"line":882,"column":45}},"type":"binary-expr","locations":[{"start":{"line":882,"column":4},"end":{"line":882,"column":13}},{"start":{"line":882,"column":17},"end":{"line":882,"column":45}}],"line":882},"167":{"loc":{"start":{"line":885,"column":36},"end":{"line":885,"column":49}},"type":"binary-expr","locations":[{"start":{"line":885,"column":36},"end":{"line":885,"column":43}},{"start":{"line":885,"column":47},"end":{"line":885,"column":49}}],"line":885},"168":{"loc":{"start":{"line":886,"column":29},"end":{"line":886,"column":124}},"type":"binary-expr","locations":[{"start":{"line":886,"column":29},"end":{"line":886,"column":53}},{"start":{"line":886,"column":57},"end":{"line":886,"column":124}}],"line":886},"169":{"loc":{"start":{"line":886,"column":82},"end":{"line":886,"column":95}},"type":"binary-expr","locations":[{"start":{"line":886,"column":82},"end":{"line":886,"column":89}},{"start":{"line":886,"column":93},"end":{"line":886,"column":95}}],"line":886},"170":{"loc":{"start":{"line":887,"column":32},"end":{"line":887,"column":45}},"type":"binary-expr","locations":[{"start":{"line":887,"column":32},"end":{"line":887,"column":39}},{"start":{"line":887,"column":43},"end":{"line":887,"column":45}}],"line":887},"171":{"loc":{"start":{"line":890,"column":36},"end":{"line":890,"column":51}},"type":"binary-expr","locations":[{"start":{"line":890,"column":36},"end":{"line":890,"column":44}},{"start":{"line":890,"column":48},"end":{"line":890,"column":51}}],"line":890},"172":{"loc":{"start":{"line":891,"column":26},"end":{"line":891,"column":85}},"type":"cond-expr","locations":[{"start":{"line":891,"column":48},"end":{"line":891,"column":54}},{"start":{"line":891,"column":57},"end":{"line":891,"column":85}}],"line":891},"173":{"loc":{"start":{"line":891,"column":57},"end":{"line":891,"column":85}},"type":"cond-expr","locations":[{"start":{"line":891,"column":76},"end":{"line":891,"column":79}},{"start":{"line":891,"column":82},"end":{"line":891,"column":85}}],"line":891},"174":{"loc":{"start":{"line":892,"column":12},"end":{"line":892,"column":37}},"type":"if","locations":[{"start":{"line":892,"column":12},"end":{"line":892,"column":37}},{"start":{},"end":{}}],"line":892},"175":{"loc":{"start":{"line":893,"column":12},"end":{"line":893,"column":64}},"type":"if","locations":[{"start":{"line":893,"column":12},"end":{"line":893,"column":64}},{"start":{},"end":{}}],"line":893},"176":{"loc":{"start":{"line":894,"column":12},"end":{"line":894,"column":83}},"type":"if","locations":[{"start":{"line":894,"column":12},"end":{"line":894,"column":83}},{"start":{},"end":{}}],"line":894},"177":{"loc":{"start":{"line":894,"column":16},"end":{"line":894,"column":71}},"type":"binary-expr","locations":[{"start":{"line":894,"column":16},"end":{"line":894,"column":42}},{"start":{"line":894,"column":46},"end":{"line":894,"column":71}}],"line":894},"178":{"loc":{"start":{"line":901,"column":19},"end":{"line":901,"column":79}},"type":"cond-expr","locations":[{"start":{"line":901,"column":56},"end":{"line":901,"column":74}},{"start":{"line":901,"column":77},"end":{"line":901,"column":79}}],"line":901},"179":{"loc":{"start":{"line":902,"column":21},"end":{"line":902,"column":85}},"type":"cond-expr","locations":[{"start":{"line":902,"column":60},"end":{"line":902,"column":80}},{"start":{"line":902,"column":83},"end":{"line":902,"column":85}}],"line":902},"180":{"loc":{"start":{"line":903,"column":22},"end":{"line":903,"column":88}},"type":"cond-expr","locations":[{"start":{"line":903,"column":62},"end":{"line":903,"column":83}},{"start":{"line":903,"column":86},"end":{"line":903,"column":88}}],"line":903},"181":{"loc":{"start":{"line":904,"column":36},"end":{"line":904,"column":114}},"type":"cond-expr","locations":[{"start":{"line":904,"column":82},"end":{"line":904,"column":109}},{"start":{"line":904,"column":112},"end":{"line":904,"column":114}}],"line":904},"182":{"loc":{"start":{"line":907,"column":4},"end":{"line":925,"column":10}},"type":"cond-expr","locations":[{"start":{"line":908,"column":8},"end":{"line":924,"column":21}},{"start":{"line":925,"column":8},"end":{"line":925,"column":10}}],"line":907},"183":{"loc":{"start":{"line":907,"column":4},"end":{"line":907,"column":51}},"type":"binary-expr","locations":[{"start":{"line":907,"column":4},"end":{"line":907,"column":32}},{"start":{"line":907,"column":36},"end":{"line":907,"column":51}}],"line":907},"184":{"loc":{"start":{"line":910,"column":22},"end":{"line":910,"column":38}},"type":"binary-expr","locations":[{"start":{"line":910,"column":22},"end":{"line":910,"column":32}},{"start":{"line":910,"column":36},"end":{"line":910,"column":38}}],"line":910},"185":{"loc":{"start":{"line":915,"column":12},"end":{"line":915,"column":78}},"type":"if","locations":[{"start":{"line":915,"column":12},"end":{"line":915,"column":78}},{"start":{},"end":{}}],"line":915},"186":{"loc":{"start":{"line":928,"column":4},"end":{"line":945,"column":10}},"type":"cond-expr","locations":[{"start":{"line":929,"column":8},"end":{"line":944,"column":21}},{"start":{"line":945,"column":8},"end":{"line":945,"column":10}}],"line":928},"187":{"loc":{"start":{"line":928,"column":4},"end":{"line":928,"column":53}},"type":"binary-expr","locations":[{"start":{"line":928,"column":4},"end":{"line":928,"column":32}},{"start":{"line":928,"column":36},"end":{"line":928,"column":53}}],"line":928},"188":{"loc":{"start":{"line":931,"column":22},"end":{"line":931,"column":38}},"type":"binary-expr","locations":[{"start":{"line":931,"column":22},"end":{"line":931,"column":32}},{"start":{"line":931,"column":36},"end":{"line":931,"column":38}}],"line":931},"189":{"loc":{"start":{"line":936,"column":12},"end":{"line":936,"column":78}},"type":"if","locations":[{"start":{"line":936,"column":12},"end":{"line":936,"column":78}},{"start":{},"end":{}}],"line":936},"190":{"loc":{"start":{"line":950,"column":4},"end":{"line":966,"column":10}},"type":"cond-expr","locations":[{"start":{"line":951,"column":8},"end":{"line":965,"column":21}},{"start":{"line":966,"column":8},"end":{"line":966,"column":10}}],"line":950},"191":{"loc":{"start":{"line":950,"column":4},"end":{"line":950,"column":62}},"type":"binary-expr","locations":[{"start":{"line":950,"column":4},"end":{"line":950,"column":32}},{"start":{"line":950,"column":36},"end":{"line":950,"column":62}}],"line":950},"192":{"loc":{"start":{"line":953,"column":22},"end":{"line":953,"column":43}},"type":"binary-expr","locations":[{"start":{"line":953,"column":22},"end":{"line":953,"column":32}},{"start":{"line":953,"column":36},"end":{"line":953,"column":37}},{"start":{"line":953,"column":41},"end":{"line":953,"column":43}}],"line":953},"193":{"loc":{"start":{"line":958,"column":12},"end":{"line":958,"column":78}},"type":"if","locations":[{"start":{"line":958,"column":12},"end":{"line":958,"column":78}},{"start":{},"end":{}}],"line":958},"194":{"loc":{"start":{"line":970,"column":4},"end":{"line":982,"column":10}},"type":"cond-expr","locations":[{"start":{"line":971,"column":8},"end":{"line":981,"column":21}},{"start":{"line":982,"column":8},"end":{"line":982,"column":10}}],"line":970},"195":{"loc":{"start":{"line":970,"column":4},"end":{"line":970,"column":60}},"type":"binary-expr","locations":[{"start":{"line":970,"column":4},"end":{"line":970,"column":32}},{"start":{"line":970,"column":36},"end":{"line":970,"column":60}}],"line":970},"196":{"loc":{"start":{"line":973,"column":22},"end":{"line":973,"column":43}},"type":"binary-expr","locations":[{"start":{"line":973,"column":22},"end":{"line":973,"column":32}},{"start":{"line":973,"column":36},"end":{"line":973,"column":37}},{"start":{"line":973,"column":41},"end":{"line":973,"column":43}}],"line":973},"197":{"loc":{"start":{"line":978,"column":12},"end":{"line":978,"column":78}},"type":"if","locations":[{"start":{"line":978,"column":12},"end":{"line":978,"column":78}},{"start":{},"end":{}}],"line":978},"198":{"loc":{"start":{"line":987,"column":4},"end":{"line":987,"column":48}},"type":"if","locations":[{"start":{"line":987,"column":4},"end":{"line":987,"column":48}},{"start":{},"end":{}}],"line":987},"199":{"loc":{"start":{"line":994,"column":6},"end":{"line":994,"column":71}},"type":"if","locations":[{"start":{"line":994,"column":6},"end":{"line":994,"column":71}},{"start":{},"end":{}}],"line":994},"200":{"loc":{"start":{"line":995,"column":24},"end":{"line":995,"column":37}},"type":"binary-expr","locations":[{"start":{"line":995,"column":24},"end":{"line":995,"column":31}},{"start":{"line":995,"column":35},"end":{"line":995,"column":37}}],"line":995},"201":{"loc":{"start":{"line":996,"column":22},"end":{"line":996,"column":64}},"type":"binary-expr","locations":[{"start":{"line":996,"column":22},"end":{"line":996,"column":41}},{"start":{"line":996,"column":45},"end":{"line":996,"column":64}}],"line":996},"202":{"loc":{"start":{"line":999,"column":13},"end":{"line":999,"column":53}},"type":"binary-expr","locations":[{"start":{"line":999,"column":13},"end":{"line":999,"column":20}},{"start":{"line":999,"column":25},"end":{"line":999,"column":36}},{"start":{"line":999,"column":40},"end":{"line":999,"column":52}}],"line":999},"203":{"loc":{"start":{"line":1001,"column":4},"end":{"line":1001,"column":26}},"type":"if","locations":[{"start":{"line":1001,"column":4},"end":{"line":1001,"column":26}},{"start":{},"end":{}}],"line":1001},"204":{"loc":{"start":{"line":1011,"column":4},"end":{"line":1023,"column":5}},"type":"if","locations":[{"start":{"line":1011,"column":4},"end":{"line":1023,"column":5}},{"start":{},"end":{}}],"line":1011}},"s":{"0":21,"1":7,"2":7,"3":7,"4":0,"5":7,"6":0,"7":0,"8":0,"9":0,"10":0,"11":0,"12":0,"13":0,"14":0,"15":18,"16":18,"17":0,"18":18,"19":18,"20":42,"21":0,"22":42,"23":84,"24":42,"25":42,"26":42,"27":42,"28":0,"29":1,"30":1,"31":1,"32":1,"33":1,"34":1,"35":1,"36":0,"37":1,"38":1,"39":1,"40":2,"41":2,"42":0,"43":2,"44":1,"45":1,"46":1,"47":1,"48":1,"49":0,"50":1,"51":1,"52":1,"53":1,"54":1,"55":0,"56":1,"57":1,"58":1,"59":7,"60":7,"61":21,"62":0,"63":1,"64":0,"65":0,"66":0,"67":0,"68":1,"69":1,"70":0,"71":1,"72":0,"73":1,"74":0,"75":1,"76":1,"77":0,"78":1,"79":0,"80":1,"81":0,"82":2,"83":2,"84":2,"85":1,"86":1,"87":1,"88":2,"89":1,"90":1,"91":1,"92":1,"93":7,"94":7,"95":21,"96":21,"97":21,"98":21,"99":0,"100":0,"101":0,"102":0,"103":0,"104":0,"105":0,"106":0,"107":0,"108":0,"109":0,"110":0,"111":0,"112":0,"113":0,"114":0,"115":0,"116":0,"117":0,"118":0,"119":0,"120":0,"121":0,"122":0,"123":0,"124":0,"125":0,"126":1,"127":17,"128":17,"129":40,"130":7,"131":7,"132":0,"133":7,"134":7,"135":7,"136":7,"137":7,"138":7,"139":3,"140":3,"141":3,"142":3,"143":3,"144":3,"145":3,"146":3,"147":3,"148":3,"149":4,"150":1,"151":1,"152":1,"153":1,"154":1,"155":1,"156":3,"157":1,"158":1,"159":1,"160":1,"161":1,"162":1,"163":1,"164":1,"165":1,"166":2,"167":1,"168":1,"169":1,"170":1,"171":1,"172":1,"173":1,"174":1,"175":1,"176":1,"177":1,"178":1,"179":1,"180":1,"181":0,"182":0,"183":0,"184":0,"185":0,"186":0,"187":1,"188":1,"189":1,"190":1,"191":1,"192":1,"193":1,"194":1,"195":1,"196":1,"197":1,"198":1,"199":1,"200":26,"201":1,"202":23,"203":1,"204":31,"205":1,"206":1,"207":1,"208":1,"209":1,"210":1,"211":1,"212":0,"213":1,"214":1,"215":1,"216":1,"217":1,"218":7,"219":7,"220":7,"221":7,"222":7,"223":28,"224":0,"225":7,"226":3,"227":7,"228":1,"229":7,"230":4,"231":7,"232":1,"233":1,"234":16,"235":16,"236":1,"237":15,"238":2,"239":13,"240":9,"241":4,"242":4,"243":0,"244":0,"245":0,"246":0,"247":0,"248":1,"249":4,"250":8,"251":8,"252":8,"253":5,"254":3,"255":3,"256":3,"257":1,"258":1,"259":1,"260":1,"261":1,"262":1,"263":1,"264":6,"265":6,"266":6,"267":6,"268":6,"269":6,"270":6,"271":6,"272":6,"273":6,"274":6,"275":6,"276":6,"277":6,"278":6,"279":6,"280":6,"281":2,"282":2,"283":2,"284":2,"285":2,"286":2,"287":2,"288":2,"289":4,"290":1,"291":1,"292":1,"293":1,"294":1,"295":1,"296":1,"297":1,"298":3,"299":2,"300":2,"301":2,"302":2,"303":2,"304":2,"305":2,"306":2,"307":1,"308":1,"309":1,"310":1,"311":1,"312":1,"313":1,"314":1,"315":6,"316":6,"317":6,"318":6,"319":1,"320":1,"321":4,"322":4,"323":6,"324":6,"325":1,"326":1,"327":1,"328":1,"329":1,"330":1,"331":1,"332":1,"333":1,"334":1,"335":1,"336":1,"337":0,"338":1,"339":1,"340":1,"341":454,"342":1,"343":7,"344":7,"345":7,"346":7,"347":7,"348":28,"349":0,"350":7,"351":7,"352":7,"353":7,"354":7,"355":14,"356":14,"357":250,"358":7,"359":14,"360":14,"361":204,"362":1,"363":1,"364":1,"365":314,"366":174,"367":140,"368":140,"369":78,"370":78,"371":78,"372":78,"373":2,"374":78,"375":62,"376":62,"377":62,"378":62,"379":4,"380":62,"381":6,"382":0,"383":6,"384":134,"385":6,"386":6,"387":6,"388":6,"389":134,"390":134,"391":0,"392":0,"393":6,"394":6,"395":1,"396":1,"397":2,"398":2,"399":2,"400":2,"401":2,"402":2,"403":1,"404":0,"405":1,"406":1,"407":1,"408":1,"409":1,"410":4,"411":4,"412":4,"413":4,"414":4,"415":1,"416":1,"417":7,"418":7,"419":7,"420":7,"421":7,"422":28,"423":0,"424":7,"425":7,"426":7,"427":7,"428":7,"429":7,"430":7,"431":0,"432":0,"433":0,"434":0,"435":0,"436":0,"437":0,"438":7,"439":7,"440":7,"441":7,"442":1,"443":7,"444":7,"445":7,"446":7,"447":7,"448":28,"449":0,"450":7,"451":7,"452":7,"453":7,"454":7,"455":7,"456":7,"457":0,"458":7,"459":0,"460":7,"461":7,"462":7,"463":7,"464":7,"465":7,"466":7,"467":7,"468":7,"469":0,"470":0,"471":0,"472":0,"473":0,"474":0,"475":0,"476":0,"477":0,"478":0,"479":0,"480":0,"481":0,"482":0,"483":0,"484":0,"485":0,"486":0,"487":0,"488":0,"489":0,"490":0,"491":0,"492":0,"493":0,"494":0,"495":0,"496":0,"497":0,"498":0,"499":0,"500":0,"501":0,"502":0,"503":0,"504":0,"505":0,"506":0,"507":0,"508":0,"509":0,"510":0,"511":0,"512":0,"513":0,"514":0,"515":0,"516":0,"517":0,"518":0,"519":0,"520":0,"521":0,"522":0,"523":0,"524":0,"525":0,"526":0,"527":0,"528":0,"529":0,"530":0,"531":0,"532":0,"533":0,"534":0,"535":0,"536":0,"537":0,"538":0,"539":0,"540":0,"541":0,"542":0,"543":0,"544":0,"545":0,"546":0,"547":0,"548":0,"549":0,"550":0,"551":0,"552":0,"553":1,"554":7,"555":1,"556":0,"557":0,"558":0,"559":0,"560":0,"561":0,"562":0,"563":0,"564":0,"565":0,"566":0,"567":0,"568":0,"569":0,"570":0,"571":1,"572":1,"573":1,"574":1,"575":1,"576":0,"577":0,"578":0,"579":0,"580":0,"581":0,"582":0,"583":0,"584":0,"585":1,"586":0,"587":0,"588":0,"589":0,"590":0,"591":0,"592":0,"593":0,"594":0,"595":1,"596":1,"597":1,"598":1,"599":1,"600":1,"601":1,"602":1,"603":4,"604":0,"605":1,"606":1,"607":1,"608":0,"609":0,"610":0,"611":0,"612":0,"613":0,"614":0,"615":0,"616":0,"617":1,"618":1,"619":0,"620":1,"621":1,"622":3,"623":3,"624":3,"625":3,"626":3,"627":12,"628":0,"629":3,"630":3,"631":3,"632":3,"633":3,"634":1,"635":0,"636":1,"637":1,"638":1,"639":1,"640":1,"641":1,"642":1,"643":1,"644":1,"645":0,"646":0,"647":0,"648":0,"649":0,"650":0,"651":1,"652":1,"653":1,"654":1,"655":1,"656":1,"657":1,"658":1,"659":1,"660":1},"f":{"0":21,"1":7,"2":0,"3":0,"4":18,"5":42,"6":84,"7":1,"8":1,"9":1,"10":0,"11":1,"12":0,"13":2,"14":1,"15":1,"16":1,"17":0,"18":17,"19":40,"20":7,"21":1,"22":26,"23":23,"24":31,"25":1,"26":28,"27":16,"28":4,"29":8,"30":6,"31":1,"32":454,"33":28,"34":6,"35":134,"36":7,"37":28,"38":7,"39":28,"40":0,"41":7,"42":0,"43":0,"44":0,"45":0,"46":0,"47":0,"48":1,"49":4,"50":0,"51":0,"52":1,"53":3,"54":12},"b":{"0":[21,0],"1":[7,0],"2":[0,7],"3":[0,0],"4":[0,0],"5":[0,0],"6":[0,18],"7":[7,11],"8":[0,42],"9":[42,42],"10":[0,84],"11":[42,0],"12":[42,0],"13":[0,0],"14":[0,1],"15":[1,0],"16":[0,2],"17":[1,0],"18":[1,0],"19":[0,1],"20":[1,0],"21":[0,21],"22":[0,1],"23":[1,1],"24":[0,0],"25":[1,0],"26":[1],"27":[0,1],"28":[0,1],"29":[0,1],"30":[1,1],"31":[0,1],"32":[0,1],"33":[2],"34":[1,1],"35":[21,0],"36":[0,0],"37":[0,0],"38":[0,0],"39":[0,0],"40":[0,0],"41":[0,0],"42":[0,0],"43":[17,0],"44":[0,7],"45":[3,4],"46":[3,2],"47":[3,0],"48":[2,0],"49":[1,2],"50":[1,2],"51":[1,3],"52":[1,2],"53":[1,1],"54":[0,1],"55":[0],"56":[1],"57":[1],"58":[1],"59":[0],"60":[0],"61":[1],"62":[1,0],"63":[0,1],"64":[1,0],"65":[1,0],"66":[1,0],"67":[1,0],"68":[1,0],"69":[1,0],"70":[1,0],"71":[1,0],"72":[0,1],"73":[0,7],"74":[3,4],"75":[1,6],"76":[4,3],"77":[1,6],"78":[16,0],"79":[1,15],"80":[16,15,15,15],"81":[2,13],"82":[15,13],"83":[9,4],"84":[13,4],"85":[4,0],"86":[4,0,0],"87":[0,0],"88":[0,0],"89":[0,0],"90":[0,0,0],"91":[0],"92":[5,3],"93":[3,3],"94":[6,4],"95":[3,3],"96":[6,5],"97":[2,4],"98":[1,3],"99":[2,1],"100":[3,3],"101":[6,4],"102":[1,3],"103":[0,1],"104":[454,314],"105":[0,7],"106":[174,140],"107":[78,62],"108":[2,76],"109":[4,58],"110":[0,6],"111":[134,0],"112":[2,0],"113":[0,1],"114":[0,7],"115":[7,0],"116":[7,0],"117":[0,7],"118":[0,0],"119":[0,0],"120":[7,0],"121":[7,0],"122":[7,0],"123":[7,0],"124":[7,0],"125":[6,1],"126":[0,7],"127":[0,7],"128":[0,7],"129":[7,7,7],"130":[7,0],"131":[7,0],"132":[7,0],"133":[7,0],"134":[7,0],"135":[0,0],"136":[0,0],"137":[0,0,0,0,0],"138":[0,0],"139":[0,0],"140":[0,0],"141":[0,0],"142":[0,0],"143":[0,0],"144":[0,0],"145":[0,0],"146":[0,0],"147":[0,0],"148":[0,0],"149":[0,0],"150":[0,0],"151":[0,0],"152":[0,0],"153":[0,0],"154":[0,0],"155":[0,0],"156":[0,0],"157":[0,0],"158":[0,0],"159":[0,0],"160":[0,0],"161":[0,0],"162":[0,0],"163":[0,0],"164":[7,0],"165":[0,1],"166":[1,0],"167":[0,0],"168":[0,0],"169":[0,0],"170":[0,0],"171":[0,0],"172":[0,0],"173":[0,0],"174":[0,0],"175":[0,0],"176":[0,0],"177":[0,0],"178":[1,0],"179":[1,0],"180":[1,0],"181":[1,0],"182":[0,1],"183":[1,1],"184":[0,0],"185":[0,0],"186":[0,1],"187":[1,1],"188":[0,0],"189":[0,0],"190":[1,0],"191":[1,1],"192":[1,0,0],"193":[0,1],"194":[0,1],"195":[1,1],"196":[0,0,0],"197":[0,0],"198":[0,1],"199":[0,3],"200":[3,0],"201":[3,3],"202":[3,1,1],"203":[0,1],"204":[0,1]},"_coverageSchema":"1a1c01bbd47fc00a2c39e90264f33305004495a9","hash":"4361f9eabe98c7743652d61d57f95a118a260177"}
}
