TN:
SF:src\controllers\admin.controller.js
FN:16,(anonymous_0)
FN:70,(anonymous_1)
FN:98,(anonymous_2)
FN:109,(anonymous_3)
FN:123,(anonymous_4)
FNF:5
FNH:2
FNDA:0,(anonymous_0)
FNDA:1,(anonymous_1)
FNDA:0,(anonymous_2)
FNDA:1,(anonymous_3)
FNDA:0,(anonymous_4)
DA:16,1
DA:27,0
DA:55,0
DA:70,1
DA:71,1
DA:73,1
DA:74,1
DA:75,1
DA:76,1
DA:77,1
DA:78,0
DA:85,1
DA:86,1
DA:91,1
DA:98,1
DA:99,0
DA:104,0
DA:106,0
DA:109,1
DA:110,1
DA:111,1
DA:113,1
DA:114,1
DA:116,1
DA:123,1
DA:124,0
DA:125,0
DA:126,0
DA:127,0
DA:130,0
DA:131,0
LF:31
LH:19
BRDA:71,0,0,1
BRDA:71,1,0,1
BRDA:74,2,0,0
BRDA:74,2,1,1
BRDA:75,3,0,0
BRDA:75,3,1,1
BRDA:76,4,0,0
BRDA:76,4,1,1
BRDA:77,5,0,0
BRDA:77,5,1,1
BRDA:104,6,0,0
BRDA:104,6,1,0
BRDA:111,7,0,0
BRDA:111,7,1,1
BRDA:118,8,0,0
BRDA:118,8,1,1
BRDA:125,9,0,0
BRDA:125,9,1,0
BRDA:126,10,0,0
BRDA:126,10,1,0
BRF:20
BRH:8
end_of_record
TN:
SF:src\controllers\aiChantierBrain.controller.js
FN:12,(anonymous_0)
FN:28,(anonymous_1)
FN:28,(anonymous_2)
FN:30,(anonymous_3)
FN:60,(anonymous_4)
FN:70,(anonymous_5)
FN:84,(anonymous_6)
FN:107,(anonymous_7)
FN:122,(anonymous_8)
FN:122,(anonymous_9)
FN:122,(anonymous_10)
FNF:11
FNH:9
FNDA:5,(anonymous_0)
FNDA:4,(anonymous_1)
FNDA:4,(anonymous_2)
FNDA:5,(anonymous_3)
FNDA:1,(anonymous_4)
FNDA:1,(anonymous_5)
FNDA:1,(anonymous_6)
FNDA:0,(anonymous_7)
FNDA:3,(anonymous_8)
FNDA:6,(anonymous_9)
FNDA:0,(anonymous_10)
DA:12,1
DA:13,5
DA:14,5
DA:15,5
DA:16,5
DA:17,5
DA:19,0
DA:24,0
DA:28,4
DA:30,1
DA:31,5
DA:32,5
DA:34,5
DA:35,5
DA:45,5
DA:46,5
DA:48,5
DA:49,0
DA:51,5
DA:53,0
DA:54,0
DA:60,1
DA:61,1
DA:62,1
DA:65,0
DA:66,0
DA:70,1
DA:71,1
DA:72,1
DA:73,1
DA:74,0
DA:77,0
DA:78,0
DA:84,1
DA:85,1
DA:87,1
DA:90,1
DA:91,1
DA:92,0
DA:95,1
DA:98,1
DA:99,1
DA:100,0
DA:102,1
DA:104,1
DA:107,1
DA:108,1
DA:110,1
DA:112,1
DA:116,1
DA:118,1
DA:121,1
DA:122,6
DA:123,1
DA:124,1
DA:126,1
DA:129,1
DA:132,1
LF:58
LH:46
BRDA:14,0,0,0
BRDA:14,0,1,5
BRDA:30,1,0,4
BRDA:45,2,0,5
BRDA:45,2,1,0
BRDA:48,3,0,0
BRDA:48,3,1,5
BRDA:73,4,0,1
BRDA:73,4,1,0
BRDA:87,5,0,0
BRDA:87,5,1,1
BRDA:91,6,0,0
BRDA:91,6,1,1
BRDA:91,7,0,1
BRDA:91,7,1,1
BRDA:91,7,2,1
BRDA:95,8,0,1
BRDA:95,8,1,1
BRDA:98,9,0,1
BRDA:98,9,1,0
BRDA:99,10,0,0
BRDA:99,10,1,1
BRDA:102,11,0,1
BRDA:102,11,1,0
BRDA:107,12,0,0
BRDA:107,12,1,0
BRDA:110,13,0,1
BRDA:110,13,1,0
BRDA:116,14,0,1
BRDA:116,14,1,0
BRDA:123,15,0,0
BRDA:123,15,1,1
BRDA:124,16,0,1
BRDA:124,16,1,0
BRDA:129,17,0,1
BRDA:129,17,1,0
BRF:36
BRH:20
end_of_record
TN:
SF:src\controllers\auth.controller.js
FN:16,(anonymous_0)
FN:46,(anonymous_1)
FN:128,(anonymous_2)
FN:226,(anonymous_3)
FN:286,(anonymous_4)
FN:291,(anonymous_5)
FN:293,(anonymous_6)
FN:307,(anonymous_7)
FN:325,(anonymous_8)
FN:379,(anonymous_9)
FN:415,(anonymous_10)
FN:432,(anonymous_11)
FN:447,(anonymous_12)
FNF:13
FNH:3
FNDA:1,(anonymous_0)
FNDA:1,(anonymous_1)
FNDA:1,(anonymous_2)
FNDA:0,(anonymous_3)
FNDA:0,(anonymous_4)
FNDA:0,(anonymous_5)
FNDA:0,(anonymous_6)
FNDA:0,(anonymous_7)
FNDA:0,(anonymous_8)
FNDA:0,(anonymous_9)
FNDA:0,(anonymous_10)
FNDA:0,(anonymous_11)
FNDA:0,(anonymous_12)
DA:16,1
DA:17,1
DA:46,1
DA:47,1
DA:50,1
DA:51,0
DA:54,1
DA:55,1
DA:57,1
DA:66,1
DA:67,0
DA:70,1
DA:73,1
DA:74,1
DA:75,1
DA:76,1
DA:78,1
DA:80,1
DA:81,1
DA:99,1
DA:128,1
DA:129,1
DA:131,1
DA:132,0
DA:136,1
DA:138,1
DA:139,0
DA:142,1
DA:143,0
DA:147,1
DA:149,0
DA:150,0
DA:151,0
DA:152,0
DA:153,0
DA:156,0
DA:157,0
DA:167,0
DA:169,0
DA:177,0
DA:186,1
DA:187,1
DA:189,1
DA:191,1
DA:226,1
DA:227,0
DA:229,0
DA:230,0
DA:233,0
DA:235,0
DA:236,0
DA:240,0
DA:241,0
DA:244,0
DA:245,0
DA:249,0
DA:250,0
DA:253,0
DA:254,0
DA:256,0
DA:258,0
DA:286,1
DA:287,0
DA:288,0
DA:291,1
DA:292,0
DA:293,0
DA:295,0
DA:296,0
DA:297,0
DA:299,0
DA:304,0
DA:307,1
DA:308,0
DA:309,0
DA:311,0
DA:312,0
DA:315,0
DA:316,0
DA:318,0
DA:319,0
DA:325,1
DA:326,0
DA:328,0
DA:330,0
DA:331,0
DA:332,0
DA:335,0
DA:336,0
DA:337,0
DA:338,0
DA:340,0
DA:341,0
DA:344,0
DA:353,0
DA:369,0
DA:370,0
DA:373,0
DA:379,1
DA:380,0
DA:381,0
DA:382,0
DA:383,0
DA:386,0
DA:387,0
DA:389,0
DA:394,0
DA:395,0
DA:401,0
DA:402,0
DA:403,0
DA:404,0
DA:406,0
DA:415,1
DA:416,0
DA:418,0
DA:424,0
DA:432,1
DA:433,0
DA:435,0
DA:436,0
DA:440,0
DA:442,0
DA:443,0
DA:447,0
DA:448,0
DA:449,0
DA:450,0
DA:451,0
DA:453,0
DA:456,0
DA:457,0
DA:458,0
DA:460,0
DA:461,0
DA:462,0
DA:463,0
DA:464,0
DA:468,0
DA:469,0
DA:472,0
DA:473,0
DA:477,0
DA:478,0
DA:480,0
DA:482,0
LF:146
LH:37
BRDA:17,0,0,1
BRDA:17,0,1,1
BRDA:50,1,0,0
BRDA:50,1,1,1
BRDA:55,2,0,0
BRDA:55,2,1,1
BRDA:66,3,0,0
BRDA:66,3,1,1
BRDA:66,4,0,1
BRDA:66,4,1,0
BRDA:131,5,0,0
BRDA:131,5,1,1
BRDA:131,6,0,1
BRDA:131,6,1,1
BRDA:138,7,0,0
BRDA:138,7,1,1
BRDA:138,8,0,1
BRDA:138,8,1,1
BRDA:142,9,0,0
BRDA:142,9,1,1
BRDA:147,10,0,0
BRDA:147,10,1,1
BRDA:149,11,0,0
BRDA:149,11,1,0
BRDA:229,12,0,0
BRDA:229,12,1,0
BRDA:229,13,0,0
BRDA:229,13,1,0
BRDA:235,14,0,0
BRDA:235,14,1,0
BRDA:240,15,0,0
BRDA:240,15,1,0
BRDA:244,16,0,0
BRDA:244,16,1,0
BRDA:295,17,0,0
BRDA:295,17,1,0
BRDA:296,18,0,0
BRDA:296,18,1,0
BRDA:297,19,0,0
BRDA:297,19,1,0
BRDA:311,20,0,0
BRDA:311,20,1,0
BRDA:331,21,0,0
BRDA:331,21,1,0
BRDA:340,22,0,0
BRDA:340,22,1,0
BRDA:344,23,0,0
BRDA:344,23,1,0
BRDA:369,24,0,0
BRDA:369,24,1,0
BRDA:369,25,0,0
BRDA:369,25,1,0
BRDA:381,26,0,0
BRDA:381,26,1,0
BRDA:382,27,0,0
BRDA:382,27,1,0
BRDA:394,28,0,0
BRDA:394,28,1,0
BRDA:416,29,0,0
BRDA:416,29,1,0
BRDA:435,30,0,0
BRDA:435,30,1,0
BRDA:435,31,0,0
BRDA:435,31,1,0
BRDA:435,31,2,0
BRDA:442,32,0,0
BRDA:442,32,1,0
BRDA:462,33,0,0
BRDA:462,33,1,0
BRDA:468,34,0,0
BRDA:468,34,1,0
BRDA:468,35,0,0
BRDA:468,35,1,0
BRDA:472,36,0,0
BRDA:472,36,1,0
BRF:75
BRH:14
end_of_record
TN:
SF:src\controllers\chat.controller.js
FN:39,(anonymous_0)
FN:57,(anonymous_1)
FN:72,(anonymous_2)
FN:109,(anonymous_3)
FNF:4
FNH:1
FNDA:1,(anonymous_0)
FNDA:0,(anonymous_1)
FNDA:0,(anonymous_2)
FNDA:0,(anonymous_3)
DA:9,1
DA:10,1
DA:11,1
DA:12,1
DA:14,0
DA:17,1
DA:39,1
DA:40,1
DA:41,1
DA:42,1
DA:43,1
DA:45,1
DA:48,1
DA:49,1
DA:50,1
DA:56,1
DA:57,0
DA:61,1
DA:62,1
DA:63,0
DA:70,1
DA:72,0
DA:77,1
DA:78,1
DA:80,1
DA:81,1
DA:82,1
DA:84,0
DA:85,0
DA:86,0
DA:87,0
DA:89,0
DA:90,0
DA:91,0
DA:95,1
DA:98,1
DA:99,1
DA:102,1
DA:104,1
DA:106,1
DA:109,0
DA:119,0
DA:120,0
LF:43
LH:29
BRDA:43,0,0,0
BRDA:43,0,1,1
BRDA:45,1,0,1
BRDA:45,1,1,0
BRDA:56,2,0,0
BRDA:56,2,1,1
BRDA:62,3,0,0
BRDA:62,3,1,1
BRDA:95,4,0,0
BRDA:95,4,1,1
BRDA:102,5,0,0
BRDA:102,5,1,1
BRF:12
BRH:6
end_of_record
TN:
SF:src\controllers\documentController.js
FN:7,(anonymous_0)
FN:28,(anonymous_1)
FN:40,(anonymous_2)
FN:71,(anonymous_3)
FN:86,(anonymous_4)
FN:97,(anonymous_5)
FN:105,(anonymous_6)
FN:119,(anonymous_7)
FN:126,(anonymous_8)
FN:143,(anonymous_9)
FNF:10
FNH:1
FNDA:1,(anonymous_0)
FNDA:0,(anonymous_1)
FNDA:0,(anonymous_2)
FNDA:0,(anonymous_3)
FNDA:0,(anonymous_4)
FNDA:0,(anonymous_5)
FNDA:0,(anonymous_6)
FNDA:0,(anonymous_7)
FNDA:0,(anonymous_8)
FNDA:0,(anonymous_9)
DA:7,1
DA:8,1
DA:9,1
DA:10,1
DA:12,1
DA:13,0
DA:15,1
DA:16,1
DA:17,1
DA:19,1
DA:20,1
DA:22,0
DA:28,1
DA:29,0
DA:30,0
DA:31,0
DA:32,0
DA:34,0
DA:40,1
DA:41,0
DA:42,0
DA:45,0
DA:53,0
DA:61,0
DA:63,0
DA:64,0
DA:71,1
DA:72,0
DA:73,0
DA:77,0
DA:78,0
DA:80,0
DA:86,1
DA:87,0
DA:88,0
DA:89,0
DA:90,0
DA:92,0
DA:97,1
DA:98,0
DA:99,0
DA:100,0
DA:102,0
DA:104,0
DA:105,0
DA:107,0
DA:110,0
DA:111,0
DA:113,0
DA:119,1
DA:120,0
DA:121,0
DA:126,0
DA:135,0
DA:137,0
DA:143,1
DA:144,0
DA:145,0
DA:146,0
DA:152,0
DA:154,0
LF:61
LH:17
BRDA:12,0,0,0
BRDA:12,0,1,1
BRDA:15,1,0,0
BRDA:15,1,1,1
BRDA:16,2,0,0
BRDA:16,2,1,1
BRDA:17,3,0,0
BRDA:17,3,1,1
BRDA:31,4,0,0
BRDA:31,4,1,0
BRDA:55,5,0,0
BRDA:55,5,1,0
BRDA:55,5,2,0
BRDA:56,6,0,0
BRDA:56,6,1,0
BRDA:57,7,0,0
BRDA:57,7,1,0
BRDA:77,8,0,0
BRDA:77,8,1,0
BRDA:89,9,0,0
BRDA:89,9,1,0
BRDA:100,10,0,0
BRDA:100,10,1,0
BRDA:104,11,0,0
BRDA:104,11,1,0
BRDA:149,12,0,0
BRDA:149,12,1,0
BRDA:150,13,0,0
BRDA:150,13,1,0
BRF:29
BRH:4
end_of_record
TN:
SF:src\controllers\invoiceController.js
FN:5,(anonymous_0)
FN:19,(anonymous_1)
FN:25,(anonymous_2)
FN:41,(anonymous_3)
FN:56,(anonymous_4)
FN:67,(anonymous_5)
FN:71,(anonymous_6)
FN:72,(anonymous_7)
FN:73,(anonymous_8)
FN:76,(anonymous_9)
FN:76,(anonymous_10)
FN:79,(anonymous_11)
FN:79,(anonymous_12)
FN:90,(anonymous_13)
FN:105,(anonymous_14)
FNF:15
FNH:2
FNDA:0,(anonymous_0)
FNDA:1,(anonymous_1)
FNDA:1,(anonymous_2)
FNDA:0,(anonymous_3)
FNDA:0,(anonymous_4)
FNDA:0,(anonymous_5)
FNDA:0,(anonymous_6)
FNDA:0,(anonymous_7)
FNDA:0,(anonymous_8)
FNDA:0,(anonymous_9)
FNDA:0,(anonymous_10)
FNDA:0,(anonymous_11)
FNDA:0,(anonymous_12)
FNDA:0,(anonymous_13)
FNDA:0,(anonymous_14)
DA:5,1
DA:6,0
DA:7,0
DA:11,0
DA:13,0
DA:19,1
DA:20,1
DA:21,1
DA:25,1
DA:33,1
DA:35,0
DA:41,1
DA:42,0
DA:43,0
DA:47,0
DA:48,0
DA:50,0
DA:56,1
DA:57,0
DA:58,0
DA:59,0
DA:60,0
DA:62,0
DA:67,1
DA:68,0
DA:69,0
DA:70,0
DA:71,0
DA:72,0
DA:73,0
DA:76,0
DA:79,0
DA:82,0
DA:84,0
DA:90,1
DA:91,0
DA:92,0
DA:96,0
DA:97,0
DA:99,0
DA:105,1
DA:106,0
DA:107,0
DA:108,0
DA:109,0
DA:111,0
LF:46
LH:11
BRDA:27,0,0,1
BRDA:27,0,1,1
BRDA:28,1,0,1
BRDA:28,1,1,1
BRDA:30,2,0,0
BRDA:30,2,1,1
BRDA:30,3,0,0
BRDA:30,3,1,1
BRDA:47,4,0,0
BRDA:47,4,1,0
BRDA:59,5,0,0
BRDA:59,5,1,0
BRDA:71,6,0,0
BRDA:71,6,1,0
BRDA:72,7,0,0
BRDA:72,7,1,0
BRDA:72,8,0,0
BRDA:72,8,1,0
BRDA:73,9,0,0
BRDA:73,9,1,0
BRDA:73,10,0,0
BRDA:73,10,1,0
BRDA:73,11,0,0
BRDA:73,11,1,0
BRDA:76,12,0,0
BRDA:76,12,1,0
BRDA:79,13,0,0
BRDA:79,13,1,0
BRDA:94,14,0,0
BRDA:94,14,1,0
BRDA:96,15,0,0
BRDA:96,15,1,0
BRDA:108,16,0,0
BRDA:108,16,1,0
BRF:34
BRH:6
end_of_record
TN:
SF:src\controllers\orderController.js
FN:6,(anonymous_0)
FN:22,(anonymous_1)
FN:31,(anonymous_2)
FN:42,(anonymous_3)
FN:43,(anonymous_4)
FN:67,(anonymous_5)
FN:104,(anonymous_6)
FN:116,(anonymous_7)
FN:132,(anonymous_8)
FN:144,(anonymous_9)
FN:160,(anonymous_10)
FN:173,(anonymous_11)
FN:191,(anonymous_12)
FN:198,(anonymous_13)
FN:208,(anonymous_14)
FN:209,(anonymous_15)
FN:210,(anonymous_16)
FN:211,(anonymous_17)
FNF:18
FNH:7
FNDA:1,(anonymous_0)
FNDA:1,(anonymous_1)
FNDA:1,(anonymous_2)
FNDA:1,(anonymous_3)
FNDA:1,(anonymous_4)
FNDA:1,(anonymous_5)
FNDA:0,(anonymous_6)
FNDA:0,(anonymous_7)
FNDA:0,(anonymous_8)
FNDA:0,(anonymous_9)
FNDA:0,(anonymous_10)
FNDA:0,(anonymous_11)
FNDA:1,(anonymous_12)
FNDA:0,(anonymous_13)
FNDA:0,(anonymous_14)
FNDA:0,(anonymous_15)
FNDA:0,(anonymous_16)
FNDA:0,(anonymous_17)
DA:6,1
DA:22,1
DA:23,1
DA:24,1
DA:26,1
DA:27,0
DA:31,1
DA:32,1
DA:34,1
DA:35,0
DA:38,1
DA:39,1
DA:42,1
DA:43,1
DA:44,1
DA:48,1
DA:50,1
DA:51,1
DA:52,1
DA:54,1
DA:66,1
DA:67,1
DA:70,1
DA:71,1
DA:72,1
DA:73,1
DA:74,0
DA:75,0
DA:78,1
DA:81,1
DA:90,1
DA:91,1
DA:93,0
DA:94,0
DA:104,1
DA:105,0
DA:106,0
DA:110,0
DA:111,0
DA:112,0
DA:113,0
DA:114,0
DA:116,0
DA:124,0
DA:126,0
DA:132,1
DA:133,0
DA:134,0
DA:138,0
DA:139,0
DA:140,0
DA:141,0
DA:142,0
DA:144,0
DA:151,0
DA:153,0
DA:160,1
DA:161,0
DA:162,0
DA:163,0
DA:164,0
DA:165,0
DA:167,0
DA:173,1
DA:174,0
DA:175,0
DA:179,0
DA:181,0
DA:183,0
DA:185,0
DA:191,1
DA:192,1
DA:193,1
DA:197,1
DA:198,1
DA:200,0
DA:208,0
DA:209,0
DA:210,0
DA:211,0
DA:215,0
DA:217,1
LF:82
LH:38
BRDA:8,0,0,1
BRDA:8,0,1,0
BRDA:10,1,0,1
BRDA:10,1,1,0
BRDA:11,2,0,0
BRDA:11,2,1,0
BRDA:12,3,0,0
BRDA:12,3,1,0
BRDA:13,4,0,0
BRDA:13,4,1,0
BRDA:16,5,0,1
BRDA:16,5,1,1
BRDA:26,6,0,0
BRDA:26,6,1,1
BRDA:26,7,0,1
BRDA:26,7,1,1
BRDA:26,7,2,1
BRDA:34,8,0,0
BRDA:34,8,1,1
BRDA:44,9,0,1
BRDA:44,9,1,0
BRDA:48,10,0,0
BRDA:48,10,1,1
BRDA:58,11,0,1
BRDA:58,11,1,1
BRDA:59,12,0,1
BRDA:59,12,1,1
BRDA:70,13,0,1
BRDA:70,13,1,0
BRDA:71,14,0,1
BRDA:71,14,1,0
BRDA:71,15,0,1
BRDA:71,15,1,1
BRDA:73,16,0,0
BRDA:73,16,1,1
BRDA:85,17,0,1
BRDA:85,17,1,0
BRDA:85,17,2,0
BRDA:85,17,3,0
BRDA:86,18,0,1
BRDA:86,18,1,0
BRDA:86,18,2,0
BRDA:86,18,3,0
BRDA:118,19,0,0
BRDA:118,19,1,0
BRDA:146,20,0,0
BRDA:146,20,1,0
BRDA:164,21,0,0
BRDA:164,21,1,0
BRDA:179,22,0,0
BRDA:179,22,1,0
BRDA:193,23,0,0
BRDA:193,23,1,1
BRDA:198,24,0,0
BRDA:198,24,1,0
BRDA:205,25,0,0
BRDA:205,25,1,0
BRF:57
BRH:23
end_of_record
TN:
SF:src\controllers\product.controller.js
FN:14,(anonymous_0)
FN:70,(anonymous_1)
FN:81,(anonymous_2)
FN:86,(anonymous_3)
FN:128,(anonymous_4)
FN:148,(anonymous_5)
FN:161,(anonymous_6)
FN:171,(anonymous_7)
FN:177,(anonymous_8)
FNF:9
FNH:3
FNDA:1,(anonymous_0)
FNDA:0,(anonymous_1)
FNDA:1,(anonymous_2)
FNDA:0,(anonymous_3)
FNDA:1,(anonymous_4)
FNDA:0,(anonymous_5)
FNDA:0,(anonymous_6)
FNDA:0,(anonymous_7)
FNDA:0,(anonymous_8)
DA:14,1
DA:19,1
DA:21,1
DA:22,1
DA:23,1
DA:24,1
DA:25,1
DA:26,0
DA:27,0
DA:28,0
DA:30,1
DA:32,0
DA:40,1
DA:48,1
DA:49,1
DA:50,0
DA:53,1
DA:54,1
DA:63,1
DA:70,1
DA:71,0
DA:77,0
DA:78,0
DA:81,1
DA:83,1
DA:84,1
DA:86,0
DA:92,1
DA:94,0
DA:98,1
DA:99,1
DA:100,1
DA:101,1
DA:103,1
DA:114,1
DA:115,0
DA:116,0
DA:125,1
DA:128,1
DA:129,1
DA:130,1
DA:133,1
DA:134,0
DA:138,1
DA:139,1
DA:142,1
DA:145,1
DA:148,1
DA:149,0
DA:150,0
DA:152,0
DA:153,0
DA:156,0
DA:157,0
DA:161,1
DA:162,0
DA:163,0
DA:167,0
DA:171,1
DA:172,0
DA:173,0
DA:177,1
DA:178,0
DA:182,0
LF:64
LH:38
BRDA:17,0,0,1
BRDA:17,1,0,1
BRDA:17,2,0,1
BRDA:18,3,0,1
BRDA:22,4,0,1
BRDA:22,4,1,0
BRDA:23,5,0,0
BRDA:23,5,1,1
BRDA:24,6,0,0
BRDA:24,6,1,1
BRDA:25,7,0,0
BRDA:25,7,1,1
BRDA:25,8,0,1
BRDA:25,8,1,1
BRDA:27,9,0,0
BRDA:27,9,1,0
BRDA:28,10,0,0
BRDA:28,10,1,0
BRDA:30,11,0,0
BRDA:30,11,1,1
BRDA:48,12,0,1
BRDA:48,12,1,0
BRDA:49,13,0,0
BRDA:49,13,1,1
BRDA:49,14,0,1
BRDA:49,14,1,0
BRDA:77,15,0,0
BRDA:77,15,1,0
BRDA:84,16,0,0
BRDA:84,16,1,1
BRDA:84,17,0,1
BRDA:84,17,1,0
BRDA:88,18,0,0
BRDA:88,18,1,0
BRDA:89,19,0,0
BRDA:89,19,1,0
BRDA:92,20,0,0
BRDA:92,20,1,1
BRDA:92,21,0,1
BRDA:92,21,1,0
BRDA:92,21,2,0
BRDA:99,22,0,0
BRDA:99,22,1,1
BRDA:100,23,0,0
BRDA:100,23,1,1
BRDA:101,24,0,0
BRDA:101,24,1,1
BRDA:114,25,0,0
BRDA:114,25,1,1
BRDA:130,26,0,0
BRDA:130,26,1,1
BRDA:133,27,0,0
BRDA:133,27,1,1
BRDA:133,28,0,1
BRDA:133,28,1,0
BRDA:138,29,0,1
BRDA:138,29,1,0
BRDA:138,30,0,1
BRDA:138,30,1,1
BRDA:150,31,0,0
BRDA:150,31,1,0
BRDA:152,32,0,0
BRDA:152,32,1,0
BRDA:152,33,0,0
BRDA:152,33,1,0
BRF:65
BRH:28
end_of_record
TN:
SF:src\controllers\quote.controller.js
FN:25,(anonymous_0)
FN:74,(anonymous_1)
FN:106,(anonymous_2)
FN:128,(anonymous_3)
FN:167,(anonymous_4)
FN:180,(anonymous_5)
FN:181,(anonymous_6)
FN:186,(anonymous_7)
FN:198,(anonymous_8)
FN:230,(anonymous_9)
FNF:10
FNH:2
FNDA:1,(anonymous_0)
FNDA:1,(anonymous_1)
FNDA:0,(anonymous_2)
FNDA:0,(anonymous_3)
FNDA:0,(anonymous_4)
FNDA:0,(anonymous_5)
FNDA:0,(anonymous_6)
FNDA:0,(anonymous_7)
FNDA:0,(anonymous_8)
FNDA:0,(anonymous_9)
DA:25,1
DA:26,1
DA:28,1
DA:44,1
DA:54,1
DA:55,1
DA:56,1
DA:60,1
DA:61,0
DA:64,1
DA:74,1
DA:75,1
DA:78,1
DA:79,1
DA:80,0
DA:81,1
DA:82,0
DA:85,1
DA:87,1
DA:88,1
DA:99,1
DA:106,1
DA:107,0
DA:112,0
DA:116,0
DA:120,0
DA:122,0
DA:128,1
DA:129,0
DA:130,0
DA:133,0
DA:134,0
DA:136,0
DA:138,0
DA:139,0
DA:140,0
DA:141,0
DA:142,0
DA:144,0
DA:147,0
DA:156,0
DA:157,0
DA:158,0
DA:161,0
DA:167,1
DA:168,0
DA:169,0
DA:171,0
DA:172,0
DA:174,0
DA:175,0
DA:176,0
DA:179,0
DA:180,0
DA:181,0
DA:183,0
DA:184,0
DA:186,0
DA:188,0
DA:189,0
DA:190,0
DA:198,0
DA:199,0
DA:200,0
DA:206,0
DA:211,0
DA:219,0
DA:220,0
DA:221,0
DA:224,0
DA:230,1
DA:231,0
DA:232,0
DA:234,0
DA:235,0
DA:237,0
DA:238,0
DA:239,0
DA:240,0
DA:242,0
DA:249,0
DA:250,0
DA:251,0
DA:254,0
LF:84
LH:22
BRDA:35,0,0,1
BRDA:35,0,1,1
BRDA:55,1,0,1
BRDA:55,1,1,0
BRDA:60,2,0,0
BRDA:60,2,1,1
BRDA:75,3,0,1
BRDA:75,4,0,1
BRDA:79,5,0,0
BRDA:79,5,1,1
BRDA:81,6,0,0
BRDA:81,6,1,1
BRDA:85,7,0,0
BRDA:85,7,1,1
BRDA:112,8,0,0
BRDA:112,8,1,0
BRDA:116,9,0,0
BRDA:116,9,1,0
BRDA:116,9,2,0
BRDA:120,10,0,0
BRDA:120,10,1,0
BRDA:130,11,0,0
BRDA:130,11,1,0
BRDA:133,12,0,0
BRDA:133,12,1,0
BRDA:134,13,0,0
BRDA:134,13,1,0
BRDA:157,14,0,0
BRDA:157,14,1,0
BRDA:169,15,0,0
BRDA:169,15,1,0
BRDA:171,16,0,0
BRDA:171,16,1,0
BRDA:172,17,0,0
BRDA:172,17,1,0
BRDA:179,18,0,0
BRDA:179,18,1,0
BRDA:184,19,0,0
BRDA:184,19,1,0
BRDA:188,20,0,0
BRDA:188,20,1,0
BRDA:192,21,0,0
BRDA:192,21,1,0
BRDA:220,22,0,0
BRDA:220,22,1,0
BRDA:232,23,0,0
BRDA:232,23,1,0
BRDA:234,24,0,0
BRDA:234,24,1,0
BRDA:235,25,0,0
BRDA:235,25,1,0
BRDA:246,26,0,0
BRDA:246,26,1,0
BRDA:250,27,0,0
BRDA:250,27,1,0
BRF:55
BRH:9
end_of_record
TN:
SF:src\controllers\textTo2dPlan.controller.js
FN:23,cacheGet
FN:33,cacheSet
FN:41,renderPlanSvgs
FN:47,classifyRoomType
FN:65,zoneForType
FN:72,zonesLayoutSummary
FN:78,(anonymous_6)
FN:98,(anonymous_7)
FN:99,(anonymous_8)
FN:99,(anonymous_9)
FN:100,(anonymous_10)
FN:100,(anonymous_11)
FN:101,(anonymous_12)
FN:101,(anonymous_13)
FN:103,(anonymous_14)
FN:123,suggestFixFromWarnings
FN:137,(anonymous_16)
FN:144,(anonymous_17)
FN:150,(anonymous_18)
FN:156,(anonymous_19)
FN:162,(anonymous_20)
FN:172,buildExplain
FN:182,(anonymous_22)
FN:189,(anonymous_23)
FN:190,(anonymous_24)
FN:202,extractJsonPayload
FN:209,buildIntentSystemPrompt
FN:281,hasNonEmptyArray
FN:285,rect
FN:293,areaRect
FN:297,isFiniteRect
FN:298,(anonymous_31)
FN:301,shareBoundary
FN:320,pickEnvelopeFromArea
FN:324,(anonymous_34)
FN:361,classify3BandType
FN:377,infer3HorizontalBands
FN:379,(anonymous_37)
FN:380,(anonymous_38)
FN:381,(anonymous_39)
FN:383,(anonymous_40)
FN:384,(anonymous_41)
FN:385,(anonymous_42)
FN:401,validate3BandSolver
FN:417,(anonymous_44)
FN:464,(anonymous_45)
FN:478,(anonymous_46)
FN:479,(anonymous_47)
FN:481,(anonymous_48)
FN:482,(anonymous_49)
FN:488,validateHouseLivingHub
FN:495,(anonymous_51)
FN:495,(anonymous_52)
FN:496,(anonymous_53)
FN:496,(anonymous_54)
FN:501,(anonymous_55)
FN:505,(anonymous_56)
FN:506,(anonymous_57)
FN:520,(anonymous_58)
FN:530,(anonymous_59)
FN:572,(anonymous_60)
FN:587,(anonymous_61)
FN:587,(anonymous_62)
FN:594,validateIntentReasoningShape
FN:606,buildCanonicalConstraintsFromIntent
FN:642,applyCanonicalToEngineConstraints
FN:659,buildIntentFromExtractedConstraints
FN:666,(anonymous_67)
FN:667,(anonymous_68)
FN:672,(anonymous_69)
FN:673,(anonymous_70)
FN:674,(anonymous_71)
FN:678,(anonymous_72)
FN:678,(anonymous_73)
FN:679,(anonymous_74)
FN:681,(anonymous_75)
FN:784,generateIntentWithLLM
FN:806,normalizeIntent
FN:837,(anonymous_78)
FN:888,(anonymous_79)
FN:888,(anonymous_80)
FN:893,(anonymous_81)
FN:895,(anonymous_82)
FN:951,buildUserMessage
FN:956,buildSystemPrompt
FN:986,createGroqClient
FN:997,createOpenAIClient
FN:1007,getRetryAfterSeconds
FN:1015,sleep
FN:1016,(anonymous_89)
FN:1019,generateLocalFallbackPlan
FN:1025,(anonymous_91)
FN:1044,(anonymous_92)
FN:1055,(anonymous_93)
FN:1056,(anonymous_94)
FN:1094,(anonymous_95)
FN:1198,(anonymous_96)
FN:1290,generatePlanWithLLM
FN:1330,(anonymous_98)
FN:1486,(anonymous_99)
FN:1661,(anonymous_100)
FN:1909,(anonymous_101)
FNF:102
FNH:23
FNDA:1,cacheGet
FNDA:1,cacheSet
FNDA:1,renderPlanSvgs
FNDA:14,classifyRoomType
FNDA:21,zoneForType
FNDA:1,zonesLayoutSummary
FNDA:3,(anonymous_6)
FNDA:7,(anonymous_7)
FNDA:7,(anonymous_8)
FNDA:3,(anonymous_9)
FNDA:7,(anonymous_10)
FNDA:3,(anonymous_11)
FNDA:7,(anonymous_12)
FNDA:1,(anonymous_13)
FNDA:3,(anonymous_14)
FNDA:1,suggestFixFromWarnings
FNDA:0,(anonymous_16)
FNDA:0,(anonymous_17)
FNDA:0,(anonymous_18)
FNDA:0,(anonymous_19)
FNDA:0,(anonymous_20)
FNDA:1,buildExplain
FNDA:2,(anonymous_22)
FNDA:0,(anonymous_23)
FNDA:0,(anonymous_24)
FNDA:0,extractJsonPayload
FNDA:0,buildIntentSystemPrompt
FNDA:0,hasNonEmptyArray
FNDA:0,rect
FNDA:0,areaRect
FNDA:0,isFiniteRect
FNDA:0,(anonymous_31)
FNDA:0,shareBoundary
FNDA:0,pickEnvelopeFromArea
FNDA:0,(anonymous_34)
FNDA:0,classify3BandType
FNDA:0,infer3HorizontalBands
FNDA:0,(anonymous_37)
FNDA:0,(anonymous_38)
FNDA:0,(anonymous_39)
FNDA:0,(anonymous_40)
FNDA:0,(anonymous_41)
FNDA:0,(anonymous_42)
FNDA:0,validate3BandSolver
FNDA:0,(anonymous_44)
FNDA:0,(anonymous_45)
FNDA:0,(anonymous_46)
FNDA:0,(anonymous_47)
FNDA:0,(anonymous_48)
FNDA:0,(anonymous_49)
FNDA:0,validateHouseLivingHub
FNDA:0,(anonymous_51)
FNDA:0,(anonymous_52)
FNDA:0,(anonymous_53)
FNDA:0,(anonymous_54)
FNDA:0,(anonymous_55)
FNDA:0,(anonymous_56)
FNDA:0,(anonymous_57)
FNDA:0,(anonymous_58)
FNDA:0,(anonymous_59)
FNDA:0,(anonymous_60)
FNDA:0,(anonymous_61)
FNDA:0,(anonymous_62)
FNDA:0,validateIntentReasoningShape
FNDA:1,buildCanonicalConstraintsFromIntent
FNDA:1,applyCanonicalToEngineConstraints
FNDA:0,buildIntentFromExtractedConstraints
FNDA:0,(anonymous_67)
FNDA:0,(anonymous_68)
FNDA:0,(anonymous_69)
FNDA:0,(anonymous_70)
FNDA:0,(anonymous_71)
FNDA:0,(anonymous_72)
FNDA:0,(anonymous_73)
FNDA:0,(anonymous_74)
FNDA:0,(anonymous_75)
FNDA:0,generateIntentWithLLM
FNDA:0,normalizeIntent
FNDA:0,(anonymous_78)
FNDA:0,(anonymous_79)
FNDA:0,(anonymous_80)
FNDA:0,(anonymous_81)
FNDA:0,(anonymous_82)
FNDA:0,buildUserMessage
FNDA:0,buildSystemPrompt
FNDA:1,createGroqClient
FNDA:1,createOpenAIClient
FNDA:0,getRetryAfterSeconds
FNDA:0,sleep
FNDA:0,(anonymous_89)
FNDA:0,generateLocalFallbackPlan
FNDA:0,(anonymous_91)
FNDA:0,(anonymous_92)
FNDA:0,(anonymous_93)
FNDA:0,(anonymous_94)
FNDA:0,(anonymous_95)
FNDA:0,(anonymous_96)
FNDA:0,generatePlanWithLLM
FNDA:1,(anonymous_98)
FNDA:0,(anonymous_99)
FNDA:0,(anonymous_100)
FNDA:0,(anonymous_101)
DA:16,1
DA:18,1
DA:19,1
DA:21,1
DA:24,1
DA:25,1
DA:26,0
DA:27,0
DA:28,0
DA:30,0
DA:34,1
DA:35,1
DA:36,1
DA:37,0
DA:38,0
DA:42,1
DA:48,14
DA:49,14
DA:50,12
DA:51,10
DA:52,10
DA:53,4
DA:54,4
DA:55,2
DA:56,2
DA:57,0
DA:58,0
DA:59,0
DA:60,0
DA:61,0
DA:62,0
DA:66,21
DA:67,12
DA:68,3
DA:69,0
DA:73,1
DA:74,1
DA:75,1
DA:76,1
DA:78,1
DA:79,3
DA:80,3
DA:81,3
DA:82,3
DA:83,3
DA:84,7
DA:85,7
DA:86,7
DA:87,7
DA:88,7
DA:89,7
DA:90,7
DA:91,7
DA:92,7
DA:94,3
DA:95,3
DA:98,7
DA:99,7
DA:100,7
DA:101,7
DA:103,1
DA:104,3
DA:105,3
DA:106,3
DA:107,3
DA:108,3
DA:109,3
DA:110,1
DA:113,1
DA:114,1
DA:115,1
DA:116,1
DA:117,1
DA:118,1
DA:119,1
DA:120,1
DA:124,1
DA:125,1
DA:126,1
DA:127,1
DA:128,7
DA:129,7
DA:130,3
DA:131,3
DA:132,3
DA:133,3
DA:134,3
DA:136,1
DA:137,0
DA:138,0
DA:141,1
DA:142,1
DA:143,1
DA:144,0
DA:145,0
DA:146,0
DA:148,0
DA:150,0
DA:151,0
DA:152,0
DA:154,0
DA:156,0
DA:157,0
DA:158,0
DA:160,0
DA:162,0
DA:163,0
DA:164,0
DA:166,0
DA:169,1
DA:173,1
DA:174,1
DA:175,1
DA:177,1
DA:178,1
DA:179,1
DA:180,1
DA:181,1
DA:182,2
DA:183,1
DA:184,1
DA:185,1
DA:186,1
DA:189,1
DA:190,1
DA:191,1
DA:193,1
DA:203,0
DA:205,0
DA:206,0
DA:210,0
DA:282,0
DA:286,0
DA:287,0
DA:288,0
DA:289,0
DA:290,0
DA:294,0
DA:298,0
DA:303,0
DA:304,0
DA:305,0
DA:307,0
DA:308,0
DA:309,0
DA:310,0
DA:312,0
DA:313,0
DA:314,0
DA:315,0
DA:317,0
DA:321,0
DA:322,0
DA:323,0
DA:324,0
DA:325,0
DA:326,0
DA:327,0
DA:329,0
DA:330,0
DA:331,0
DA:333,0
DA:334,0
DA:335,0
DA:336,0
DA:337,0
DA:338,0
DA:339,0
DA:342,0
DA:343,0
DA:344,0
DA:345,0
DA:348,0
DA:349,0
DA:358,0
DA:362,0
DA:363,0
DA:364,0
DA:365,0
DA:366,0
DA:367,0
DA:368,0
DA:369,0
DA:370,0
DA:371,0
DA:372,0
DA:373,0
DA:374,0
DA:378,0
DA:379,0
DA:380,0
DA:381,0
DA:383,0
DA:384,0
DA:385,0
DA:387,0
DA:388,0
DA:389,0
DA:390,0
DA:391,0
DA:392,0
DA:394,0
DA:402,0
DA:403,0
DA:404,0
DA:405,0
DA:406,0
DA:407,0
DA:408,0
DA:410,0
DA:411,0
DA:412,0
DA:413,0
DA:414,0
DA:417,0
DA:420,0
DA:421,0
DA:422,0
DA:423,0
DA:424,0
DA:425,0
DA:426,0
DA:427,0
DA:428,0
DA:430,0
DA:435,0
DA:436,0
DA:437,0
DA:438,0
DA:439,0
DA:440,0
DA:442,0
DA:443,0
DA:445,0
DA:446,0
DA:448,0
DA:449,0
DA:453,0
DA:454,0
DA:455,0
DA:456,0
DA:457,0
DA:459,0
DA:460,0
DA:464,0
DA:465,0
DA:466,0
DA:467,0
DA:468,0
DA:469,0
DA:470,0
DA:473,0
DA:478,0
DA:479,0
DA:481,0
DA:482,0
DA:489,0
DA:490,0
DA:491,0
DA:492,0
DA:493,0
DA:495,0
DA:496,0
DA:498,0
DA:499,0
DA:500,0
DA:501,0
DA:502,0
DA:503,0
DA:504,0
DA:505,0
DA:506,0
DA:509,0
DA:510,0
DA:513,0
DA:514,0
DA:517,0
DA:519,0
DA:520,0
DA:521,0
DA:526,0
DA:527,0
DA:529,0
DA:530,0
DA:531,0
DA:532,0
DA:533,0
DA:534,0
DA:535,0
DA:536,0
DA:538,0
DA:539,0
DA:540,0
DA:545,0
DA:547,0
DA:548,0
DA:549,0
DA:550,0
DA:552,0
DA:556,0
DA:557,0
DA:558,0
DA:559,0
DA:563,0
DA:564,0
DA:565,0
DA:566,0
DA:567,0
DA:572,0
DA:573,0
DA:574,0
DA:575,0
DA:576,0
DA:577,0
DA:580,0
DA:587,0
DA:595,0
DA:596,0
DA:597,0
DA:598,0
DA:599,0
DA:600,0
DA:601,0
DA:602,0
DA:603,0
DA:607,1
DA:608,1
DA:609,1
DA:611,1
DA:644,1
DA:645,1
DA:646,1
DA:656,1
DA:660,0
DA:661,0
DA:662,0
DA:663,0
DA:664,0
DA:666,0
DA:667,0
DA:668,0
DA:669,0
DA:672,0
DA:673,0
DA:674,0
DA:675,0
DA:678,0
DA:679,0
DA:680,0
DA:682,0
DA:691,0
DA:692,0
DA:693,0
DA:694,0
DA:695,0
DA:696,0
DA:697,0
DA:698,0
DA:699,0
DA:700,0
DA:701,0
DA:703,0
DA:704,0
DA:706,0
DA:707,0
DA:710,0
DA:715,0
DA:718,0
DA:719,0
DA:722,0
DA:726,0
DA:727,0
DA:766,0
DA:781,0
DA:785,0
DA:794,0
DA:795,0
DA:796,0
DA:797,0
DA:798,0
DA:799,0
DA:800,0
DA:802,0
DA:807,0
DA:811,0
DA:815,0
DA:821,0
DA:823,0
DA:826,0
DA:827,0
DA:829,0
DA:834,0
DA:837,0
DA:838,0
DA:839,0
DA:841,0
DA:843,0
DA:859,0
DA:860,0
DA:861,0
DA:862,0
DA:865,0
DA:866,0
DA:867,0
DA:869,0
DA:870,0
DA:871,0
DA:873,0
DA:876,0
DA:879,0
DA:882,0
DA:887,0
DA:888,0
DA:890,0
DA:893,0
DA:894,0
DA:896,0
DA:902,0
DA:905,0
DA:952,0
DA:953,0
DA:957,0
DA:987,1
DA:988,1
DA:989,0
DA:998,1
DA:999,1
DA:1000,0
DA:1009,0
DA:1010,0
DA:1011,0
DA:1012,0
DA:1016,0
DA:1020,0
DA:1021,0
DA:1024,0
DA:1025,0
DA:1026,0
DA:1027,0
DA:1029,0
DA:1030,0
DA:1032,0
DA:1033,0
DA:1035,0
DA:1036,0
DA:1037,0
DA:1041,0
DA:1042,0
DA:1044,0
DA:1045,0
DA:1046,0
DA:1047,0
DA:1048,0
DA:1054,0
DA:1055,0
DA:1056,0
DA:1057,0
DA:1059,0
DA:1066,0
DA:1067,0
DA:1068,0
DA:1069,0
DA:1070,0
DA:1071,0
DA:1072,0
DA:1076,0
DA:1077,0
DA:1078,0
DA:1079,0
DA:1080,0
DA:1083,0
DA:1085,0
DA:1091,0
DA:1092,0
DA:1094,0
DA:1096,0
DA:1097,0
DA:1098,0
DA:1103,0
DA:1104,0
DA:1107,0
DA:1108,0
DA:1111,0
DA:1112,0
DA:1113,0
DA:1114,0
DA:1115,0
DA:1118,0
DA:1119,0
DA:1120,0
DA:1121,0
DA:1123,0
DA:1130,0
DA:1131,0
DA:1132,0
DA:1133,0
DA:1134,0
DA:1135,0
DA:1137,0
DA:1138,0
DA:1140,0
DA:1141,0
DA:1143,0
DA:1145,0
DA:1146,0
DA:1148,0
DA:1149,0
DA:1150,0
DA:1151,0
DA:1160,0
DA:1163,0
DA:1164,0
DA:1167,0
DA:1168,0
DA:1169,0
DA:1173,0
DA:1174,0
DA:1175,0
DA:1176,0
DA:1180,0
DA:1181,0
DA:1182,0
DA:1183,0
DA:1184,0
DA:1185,0
DA:1186,0
DA:1187,0
DA:1188,0
DA:1189,0
DA:1192,0
DA:1193,0
DA:1197,0
DA:1198,0
DA:1201,0
DA:1202,0
DA:1203,0
DA:1204,0
DA:1205,0
DA:1207,0
DA:1208,0
DA:1209,0
DA:1210,0
DA:1213,0
DA:1216,0
DA:1217,0
DA:1218,0
DA:1219,0
DA:1220,0
DA:1221,0
DA:1223,0
DA:1224,0
DA:1228,0
DA:1229,0
DA:1231,0
DA:1241,0
DA:1242,0
DA:1243,0
DA:1244,0
DA:1246,0
DA:1247,0
DA:1251,0
DA:1252,0
DA:1253,0
DA:1254,0
DA:1255,0
DA:1260,0
DA:1261,0
DA:1262,0
DA:1264,0
DA:1265,0
DA:1266,0
DA:1267,0
DA:1268,0
DA:1269,0
DA:1270,0
DA:1271,0
DA:1272,0
DA:1273,0
DA:1274,0
DA:1275,0
DA:1276,0
DA:1277,0
DA:1278,0
DA:1281,0
DA:1282,0
DA:1284,0
DA:1285,0
DA:1286,0
DA:1287,0
DA:1298,0
DA:1300,0
DA:1305,0
DA:1307,0
DA:1317,0
DA:1318,0
DA:1321,0
DA:1322,0
DA:1324,0
DA:1327,0
DA:1330,1
DA:1331,1
DA:1332,1
DA:1333,1
DA:1334,1
DA:1335,0
DA:1337,1
DA:1338,0
DA:1341,1
DA:1342,1
DA:1343,0
DA:1346,1
DA:1347,1
DA:1348,1
DA:1350,1
DA:1351,1
DA:1352,1
DA:1353,1
DA:1354,1
DA:1356,1
DA:1366,1
DA:1367,1
DA:1368,1
DA:1370,1
DA:1371,1
DA:1373,1
DA:1374,1
DA:1375,1
DA:1376,1
DA:1377,1
DA:1378,1
DA:1379,1
DA:1380,1
DA:1381,1
DA:1382,1
DA:1383,1
DA:1389,0
DA:1390,0
DA:1391,0
DA:1394,0
DA:1395,0
DA:1396,0
DA:1398,0
DA:1402,0
DA:1405,0
DA:1406,0
DA:1407,0
DA:1421,0
DA:1423,0
DA:1424,0
DA:1425,0
DA:1427,0
DA:1428,0
DA:1429,0
DA:1430,0
DA:1431,0
DA:1446,0
DA:1447,0
DA:1448,0
DA:1449,0
DA:1450,0
DA:1480,0
DA:1481,0
DA:1482,0
DA:1486,0
DA:1491,0
DA:1492,0
DA:1493,0
DA:1494,0
DA:1495,0
DA:1496,0
DA:1503,0
DA:1506,0
DA:1507,0
DA:1508,0
DA:1509,0
DA:1511,0
DA:1512,0
DA:1513,0
DA:1514,0
DA:1515,0
DA:1516,0
DA:1519,0
DA:1520,0
DA:1521,0
DA:1522,0
DA:1523,0
DA:1548,0
DA:1552,0
DA:1553,0
DA:1554,0
DA:1555,0
DA:1556,0
DA:1557,0
DA:1575,0
DA:1588,0
DA:1593,0
DA:1594,0
DA:1595,0
DA:1597,0
DA:1598,0
DA:1599,0
DA:1600,0
DA:1601,0
DA:1619,0
DA:1620,0
DA:1621,0
DA:1622,0
DA:1623,0
DA:1654,0
DA:1655,0
DA:1657,0
DA:1661,0
DA:1673,0
DA:1674,0
DA:1675,0
DA:1676,0
DA:1677,0
DA:1678,0
DA:1685,0
DA:1688,0
DA:1689,0
DA:1690,0
DA:1691,0
DA:1694,0
DA:1696,0
DA:1697,0
DA:1698,0
DA:1699,0
DA:1700,0
DA:1703,0
DA:1704,0
DA:1705,0
DA:1706,0
DA:1707,0
DA:1735,0
DA:1738,0
DA:1743,0
DA:1744,0
DA:1745,0
DA:1746,0
DA:1747,0
DA:1748,0
DA:1761,0
DA:1763,0
DA:1764,0
DA:1765,0
DA:1766,0
DA:1767,0
DA:1768,0
DA:1769,0
DA:1770,0
DA:1784,0
DA:1785,0
DA:1786,0
DA:1787,0
DA:1788,0
DA:1790,0
DA:1792,0
DA:1793,0
DA:1794,0
DA:1795,0
DA:1796,0
DA:1799,0
DA:1800,0
DA:1801,0
DA:1802,0
DA:1803,0
DA:1825,0
DA:1828,0
DA:1832,0
DA:1833,0
DA:1836,0
DA:1837,0
DA:1838,0
DA:1839,0
DA:1840,0
DA:1841,0
DA:1842,0
DA:1843,0
DA:1844,0
DA:1851,0
DA:1852,0
DA:1853,0
DA:1854,0
DA:1855,0
DA:1857,0
DA:1859,0
DA:1860,0
DA:1861,0
DA:1862,0
DA:1863,0
DA:1893,0
DA:1901,0
DA:1902,0
DA:1910,0
DA:1913,0
DA:1914,0
DA:1915,0
DA:1916,0
DA:1917,0
DA:1918,0
DA:1921,0
DA:1922,0
DA:1923,0
DA:1924,0
DA:1932,0
DA:1933,0
DA:1934,0
DA:1935,0
DA:1936,0
DA:1937,0
DA:1938,0
DA:1939,0
DA:1945,0
DA:1946,0
DA:1947,0
DA:1948,0
DA:1949,0
DA:1950,0
DA:1951,0
DA:1952,0
DA:1953,0
DA:1954,0
DA:1955,0
DA:1956,0
DA:1957,0
DA:1969,0
DA:1973,0
LF:828
LH:141
BRDA:16,0,0,1
BRDA:16,0,1,1
BRDA:18,1,0,1
BRDA:18,1,1,1
BRDA:19,2,0,1
BRDA:19,2,1,1
BRDA:25,3,0,1
BRDA:25,3,1,0
BRDA:26,4,0,0
BRDA:26,4,1,0
BRDA:34,5,0,0
BRDA:34,5,1,1
BRDA:36,6,0,1
BRDA:36,6,1,0
BRDA:38,7,0,0
BRDA:38,7,1,0
BRDA:48,8,0,14
BRDA:48,8,1,0
BRDA:49,9,0,2
BRDA:49,9,1,12
BRDA:49,10,0,14
BRDA:49,10,1,12
BRDA:49,10,2,12
BRDA:49,10,3,12
BRDA:50,11,0,2
BRDA:50,11,1,10
BRDA:50,12,0,12
BRDA:50,12,1,10
BRDA:51,13,0,0
BRDA:51,13,1,10
BRDA:51,14,0,10
BRDA:51,14,1,10
BRDA:51,14,2,10
BRDA:52,15,0,6
BRDA:52,15,1,4
BRDA:52,16,0,10
BRDA:52,16,1,4
BRDA:53,17,0,0
BRDA:53,17,1,4
BRDA:54,18,0,2
BRDA:54,18,1,2
BRDA:54,19,0,4
BRDA:54,19,1,2
BRDA:54,19,2,2
BRDA:55,20,0,0
BRDA:55,20,1,2
BRDA:55,21,0,2
BRDA:55,21,1,2
BRDA:56,22,0,2
BRDA:56,22,1,0
BRDA:56,23,0,2
BRDA:56,23,1,0
BRDA:56,23,2,0
BRDA:57,24,0,0
BRDA:57,24,1,0
BRDA:57,25,0,0
BRDA:57,25,1,0
BRDA:58,26,0,0
BRDA:58,26,1,0
BRDA:58,27,0,0
BRDA:58,27,1,0
BRDA:59,28,0,0
BRDA:59,28,1,0
BRDA:59,29,0,0
BRDA:59,29,1,0
BRDA:59,29,2,0
BRDA:59,29,3,0
BRDA:59,29,4,0
BRDA:61,30,0,0
BRDA:61,30,1,0
BRDA:66,31,0,9
BRDA:66,31,1,12
BRDA:66,32,0,21
BRDA:66,32,1,18
BRDA:66,32,2,15
BRDA:66,32,3,15
BRDA:67,33,0,9
BRDA:67,33,1,3
BRDA:68,34,0,3
BRDA:68,34,1,0
BRDA:68,35,0,3
BRDA:68,35,1,0
BRDA:68,35,2,0
BRDA:68,35,3,0
BRDA:68,35,4,0
BRDA:75,36,0,1
BRDA:75,36,1,0
BRDA:76,37,0,0
BRDA:76,37,1,1
BRDA:76,38,0,1
BRDA:76,38,1,1
BRDA:76,38,2,1
BRDA:79,39,0,0
BRDA:79,39,1,3
BRDA:88,40,0,0
BRDA:88,40,1,7
BRDA:94,41,0,0
BRDA:94,41,1,3
BRDA:104,42,0,0
BRDA:104,42,1,3
BRDA:105,43,0,2
BRDA:105,43,1,1
BRDA:105,44,0,1
BRDA:105,44,1,0
BRDA:106,45,0,1
BRDA:106,45,1,2
BRDA:106,46,0,0
BRDA:106,46,1,2
BRDA:107,47,0,0
BRDA:107,47,1,3
BRDA:107,48,0,3
BRDA:107,48,1,0
BRDA:108,49,0,0
BRDA:108,49,1,3
BRDA:109,50,0,2
BRDA:109,50,1,1
BRDA:117,51,0,1
BRDA:117,51,1,0
BRDA:118,52,0,1
BRDA:118,52,1,0
BRDA:119,53,0,1
BRDA:119,53,1,0
BRDA:125,54,0,1
BRDA:125,54,1,0
BRDA:129,55,0,4
BRDA:129,55,1,3
BRDA:132,56,0,0
BRDA:132,56,1,3
BRDA:134,57,0,0
BRDA:134,57,1,3
BRDA:136,58,0,0
BRDA:136,58,1,1
BRDA:138,59,0,0
BRDA:138,59,1,0
BRDA:143,60,0,0
BRDA:143,60,1,1
BRDA:143,61,0,1
BRDA:143,61,1,1
BRDA:143,61,2,1
BRDA:143,61,3,1
BRDA:144,62,0,0
BRDA:144,62,1,0
BRDA:146,63,0,0
BRDA:146,63,1,0
BRDA:150,64,0,0
BRDA:150,64,1,0
BRDA:152,65,0,0
BRDA:152,65,1,0
BRDA:156,66,0,0
BRDA:156,66,1,0
BRDA:158,67,0,0
BRDA:158,67,1,0
BRDA:162,68,0,0
BRDA:162,68,1,0
BRDA:164,69,0,0
BRDA:164,69,1,0
BRDA:172,70,0,0
BRDA:172,71,0,0
BRDA:172,72,0,0
BRDA:172,73,0,0
BRDA:173,74,0,1
BRDA:173,74,1,0
BRDA:174,75,0,1
BRDA:174,75,1,0
BRDA:175,76,0,1
BRDA:175,76,1,0
BRDA:179,77,0,1
BRDA:179,77,1,0
BRDA:180,78,0,1
BRDA:180,78,1,0
BRDA:180,79,0,1
BRDA:180,79,1,1
BRDA:183,80,0,1
BRDA:183,80,1,0
BRDA:184,81,0,0
BRDA:184,81,1,1
BRDA:185,82,0,1
BRDA:185,82,1,0
BRDA:186,83,0,0
BRDA:186,83,1,1
BRDA:198,84,0,1
BRDA:198,84,1,0
BRDA:203,85,0,0
BRDA:203,85,1,0
BRDA:206,86,0,0
BRDA:206,86,1,0
BRDA:282,87,0,0
BRDA:282,87,1,0
BRDA:301,88,0,0
BRDA:305,89,0,0
BRDA:305,89,1,0
BRDA:305,90,0,0
BRDA:305,90,1,0
BRDA:307,91,0,0
BRDA:307,91,1,0
BRDA:308,92,0,0
BRDA:308,92,1,0
BRDA:310,93,0,0
BRDA:310,93,1,0
BRDA:312,94,0,0
BRDA:312,94,1,0
BRDA:313,95,0,0
BRDA:313,95,1,0
BRDA:315,96,0,0
BRDA:315,96,1,0
BRDA:320,97,0,0
BRDA:322,98,0,0
BRDA:322,98,1,0
BRDA:322,99,0,0
BRDA:322,99,1,0
BRDA:322,99,2,0
BRDA:329,100,0,0
BRDA:329,100,1,0
BRDA:330,101,0,0
BRDA:330,101,1,0
BRDA:333,102,0,0
BRDA:333,102,1,0
BRDA:334,103,0,0
BRDA:334,103,1,0
BRDA:334,104,0,0
BRDA:334,104,1,0
BRDA:336,105,0,0
BRDA:336,105,1,0
BRDA:339,106,0,0
BRDA:339,106,1,0
BRDA:339,107,0,0
BRDA:339,107,1,0
BRDA:342,108,0,0
BRDA:342,108,1,0
BRDA:343,109,0,0
BRDA:343,109,1,0
BRDA:348,110,0,0
BRDA:348,110,1,0
BRDA:362,111,0,0
BRDA:362,111,1,0
BRDA:363,112,0,0
BRDA:363,112,1,0
BRDA:363,113,0,0
BRDA:363,113,1,0
BRDA:363,113,2,0
BRDA:363,113,3,0
BRDA:364,114,0,0
BRDA:364,114,1,0
BRDA:365,115,0,0
BRDA:365,115,1,0
BRDA:365,116,0,0
BRDA:365,116,1,0
BRDA:366,117,0,0
BRDA:366,117,1,0
BRDA:366,118,0,0
BRDA:366,118,1,0
BRDA:366,118,2,0
BRDA:367,119,0,0
BRDA:367,119,1,0
BRDA:367,120,0,0
BRDA:367,120,1,0
BRDA:368,121,0,0
BRDA:368,121,1,0
BRDA:368,122,0,0
BRDA:368,122,1,0
BRDA:368,122,2,0
BRDA:369,123,0,0
BRDA:369,123,1,0
BRDA:369,124,0,0
BRDA:369,124,1,0
BRDA:369,124,2,0
BRDA:370,125,0,0
BRDA:370,125,1,0
BRDA:371,126,0,0
BRDA:371,126,1,0
BRDA:371,127,0,0
BRDA:371,127,1,0
BRDA:371,127,2,0
BRDA:372,128,0,0
BRDA:372,128,1,0
BRDA:373,129,0,0
BRDA:373,129,1,0
BRDA:373,130,0,0
BRDA:373,130,1,0
BRDA:378,131,0,0
BRDA:378,131,1,0
BRDA:383,132,0,0
BRDA:383,132,1,0
BRDA:384,133,0,0
BRDA:384,133,1,0
BRDA:385,134,0,0
BRDA:385,134,1,0
BRDA:390,135,0,0
BRDA:390,135,1,0
BRDA:390,136,0,0
BRDA:390,136,1,0
BRDA:405,137,0,0
BRDA:405,137,1,0
BRDA:413,138,0,0
BRDA:413,138,1,0
BRDA:417,139,0,0
BRDA:417,139,1,0
BRDA:422,140,0,0
BRDA:422,140,1,0
BRDA:422,141,0,0
BRDA:422,141,1,0
BRDA:423,142,0,0
BRDA:423,142,1,0
BRDA:424,143,0,0
BRDA:424,143,1,0
BRDA:424,144,0,0
BRDA:424,144,1,0
BRDA:424,144,2,0
BRDA:424,144,3,0
BRDA:425,145,0,0
BRDA:425,145,1,0
BRDA:426,146,0,0
BRDA:426,146,1,0
BRDA:426,147,0,0
BRDA:426,147,1,0
BRDA:427,148,0,0
BRDA:427,148,1,0
BRDA:428,149,0,0
BRDA:428,149,1,0
BRDA:428,150,0,0
BRDA:428,150,1,0
BRDA:428,150,2,0
BRDA:435,151,0,0
BRDA:435,151,1,0
BRDA:436,152,0,0
BRDA:436,152,1,0
BRDA:437,153,0,0
BRDA:437,153,1,0
BRDA:438,154,0,0
BRDA:438,154,1,0
BRDA:439,155,0,0
BRDA:439,155,1,0
BRDA:440,156,0,0
BRDA:440,156,1,0
BRDA:442,157,0,0
BRDA:442,157,1,0
BRDA:442,158,0,0
BRDA:442,158,1,0
BRDA:443,159,0,0
BRDA:443,159,1,0
BRDA:445,160,0,0
BRDA:445,160,1,0
BRDA:446,161,0,0
BRDA:446,161,1,0
BRDA:448,162,0,0
BRDA:448,162,1,0
BRDA:448,163,0,0
BRDA:448,163,1,0
BRDA:449,164,0,0
BRDA:449,164,1,0
BRDA:457,165,0,0
BRDA:457,165,1,0
BRDA:457,166,0,0
BRDA:457,166,1,0
BRDA:460,167,0,0
BRDA:460,167,1,0
BRDA:460,168,0,0
BRDA:460,168,1,0
BRDA:466,169,0,0
BRDA:466,169,1,0
BRDA:468,170,0,0
BRDA:468,170,1,0
BRDA:469,171,0,0
BRDA:469,171,1,0
BRDA:470,172,0,0
BRDA:470,172,1,0
BRDA:478,173,0,0
BRDA:478,173,1,0
BRDA:479,174,0,0
BRDA:479,174,1,0
BRDA:480,175,0,0
BRDA:480,175,1,0
BRDA:480,175,2,0
BRDA:481,176,0,0
BRDA:481,176,1,0
BRDA:482,177,0,0
BRDA:482,177,1,0
BRDA:483,178,0,0
BRDA:483,178,1,0
BRDA:492,179,0,0
BRDA:492,179,1,0
BRDA:495,180,0,0
BRDA:495,180,1,0
BRDA:498,181,0,0
BRDA:498,181,1,0
BRDA:500,182,0,0
BRDA:500,182,1,0
BRDA:501,183,0,0
BRDA:501,183,1,0
BRDA:501,184,0,0
BRDA:501,184,1,0
BRDA:502,185,0,0
BRDA:502,185,1,0
BRDA:503,186,0,0
BRDA:503,186,1,0
BRDA:504,187,0,0
BRDA:504,187,1,0
BRDA:509,188,0,0
BRDA:509,188,1,0
BRDA:510,189,0,0
BRDA:510,189,1,0
BRDA:513,190,0,0
BRDA:513,190,1,0
BRDA:513,191,0,0
BRDA:513,191,1,0
BRDA:514,192,0,0
BRDA:514,192,1,0
BRDA:517,193,0,0
BRDA:517,193,1,0
BRDA:517,194,0,0
BRDA:517,194,1,0
BRDA:521,195,0,0
BRDA:521,195,1,0
BRDA:526,196,0,0
BRDA:526,196,1,0
BRDA:526,197,0,0
BRDA:526,197,1,0
BRDA:527,198,0,0
BRDA:527,198,1,0
BRDA:529,199,0,0
BRDA:529,199,1,0
BRDA:531,200,0,0
BRDA:531,200,1,0
BRDA:532,201,0,0
BRDA:532,201,1,0
BRDA:538,202,0,0
BRDA:538,202,1,0
BRDA:538,202,2,0
BRDA:539,203,0,0
BRDA:539,203,1,0
BRDA:545,204,0,0
BRDA:545,204,1,0
BRDA:547,205,0,0
BRDA:547,205,1,0
BRDA:550,206,0,0
BRDA:550,206,1,0
BRDA:550,206,2,0
BRDA:552,207,0,0
BRDA:552,207,1,0
BRDA:556,208,0,0
BRDA:556,208,1,0
BRDA:557,209,0,0
BRDA:557,209,1,0
BRDA:558,210,0,0
BRDA:558,210,1,0
BRDA:559,211,0,0
BRDA:559,211,1,0
BRDA:559,212,0,0
BRDA:559,212,1,0
BRDA:564,213,0,0
BRDA:564,213,1,0
BRDA:564,214,0,0
BRDA:564,214,1,0
BRDA:564,214,2,0
BRDA:567,215,0,0
BRDA:567,215,1,0
BRDA:567,216,0,0
BRDA:567,216,1,0
BRDA:573,217,0,0
BRDA:573,217,1,0
BRDA:575,218,0,0
BRDA:575,218,1,0
BRDA:576,219,0,0
BRDA:576,219,1,0
BRDA:577,220,0,0
BRDA:577,220,1,0
BRDA:585,221,0,0
BRDA:585,221,1,0
BRDA:586,222,0,0
BRDA:586,222,1,0
BRDA:586,222,2,0
BRDA:587,223,0,0
BRDA:587,223,1,0
BRDA:588,224,0,0
BRDA:588,224,1,0
BRDA:588,224,2,0
BRDA:589,225,0,0
BRDA:589,225,1,0
BRDA:589,225,2,0
BRDA:589,225,3,0
BRDA:589,225,4,0
BRDA:596,226,0,0
BRDA:596,226,1,0
BRDA:596,227,0,0
BRDA:596,227,1,0
BRDA:597,228,0,0
BRDA:597,228,1,0
BRDA:597,229,0,0
BRDA:597,229,1,0
BRDA:598,230,0,0
BRDA:598,230,1,0
BRDA:599,231,0,0
BRDA:599,231,1,0
BRDA:600,232,0,0
BRDA:600,232,1,0
BRDA:600,233,0,0
BRDA:600,233,1,0
BRDA:601,234,0,0
BRDA:601,234,1,0
BRDA:601,235,0,0
BRDA:601,235,1,0
BRDA:602,236,0,0
BRDA:602,236,1,0
BRDA:607,237,0,1
BRDA:607,237,1,0
BRDA:608,238,0,1
BRDA:608,238,1,0
BRDA:609,239,0,1
BRDA:609,239,1,0
BRDA:613,240,0,0
BRDA:613,240,1,1
BRDA:624,241,0,0
BRDA:624,241,1,1
BRDA:628,242,0,0
BRDA:628,242,1,1
BRDA:634,243,0,1
BRDA:634,243,1,1
BRDA:637,244,0,1
BRDA:637,244,1,1
BRDA:638,245,0,1
BRDA:638,245,1,1
BRDA:644,246,0,1
BRDA:644,246,1,0
BRDA:647,247,0,1
BRDA:647,247,1,0
BRDA:660,248,0,0
BRDA:660,248,1,0
BRDA:660,249,0,0
BRDA:660,249,1,0
BRDA:661,250,0,0
BRDA:661,250,1,0
BRDA:662,251,0,0
BRDA:662,251,1,0
BRDA:663,252,0,0
BRDA:663,252,1,0
BRDA:664,253,0,0
BRDA:664,253,1,0
BRDA:664,254,0,0
BRDA:664,254,1,0
BRDA:666,255,0,0
BRDA:667,256,0,0
BRDA:667,256,1,0
BRDA:669,257,0,0
BRDA:669,257,1,0
BRDA:673,258,0,0
BRDA:673,258,1,0
BRDA:674,259,0,0
BRDA:674,259,1,0
BRDA:674,260,0,0
BRDA:674,260,1,0
BRDA:678,261,0,0
BRDA:678,261,1,0
BRDA:682,262,0,0
BRDA:682,262,1,0
BRDA:682,262,2,0
BRDA:682,262,3,0
BRDA:682,262,4,0
BRDA:682,263,0,0
BRDA:682,263,1,0
BRDA:683,264,0,0
BRDA:683,264,1,0
BRDA:684,265,0,0
BRDA:684,265,1,0
BRDA:685,266,0,0
BRDA:685,266,1,0
BRDA:686,267,0,0
BRDA:686,267,1,0
BRDA:692,268,0,0
BRDA:692,268,1,0
BRDA:693,269,0,0
BRDA:693,269,1,0
BRDA:693,270,0,0
BRDA:693,270,1,0
BRDA:704,271,0,0
BRDA:704,271,1,0
BRDA:706,272,0,0
BRDA:706,272,1,0
BRDA:706,273,0,0
BRDA:706,273,1,0
BRDA:710,274,0,0
BRDA:710,274,1,0
BRDA:710,274,2,0
BRDA:712,275,0,0
BRDA:712,275,1,0
BRDA:715,276,0,0
BRDA:715,276,1,0
BRDA:715,276,2,0
BRDA:718,277,0,0
BRDA:718,277,1,0
BRDA:719,278,0,0
BRDA:719,278,1,0
BRDA:722,279,0,0
BRDA:722,279,1,0
BRDA:722,279,2,0
BRDA:722,280,0,0
BRDA:722,280,1,0
BRDA:723,281,0,0
BRDA:723,281,1,0
BRDA:723,282,0,0
BRDA:723,282,1,0
BRDA:728,283,0,0
BRDA:728,283,1,0
BRDA:728,284,0,0
BRDA:728,284,1,0
BRDA:728,284,2,0
BRDA:729,285,0,0
BRDA:729,285,1,0
BRDA:730,286,0,0
BRDA:730,286,1,0
BRDA:730,286,2,0
BRDA:732,287,0,0
BRDA:732,287,1,0
BRDA:732,288,0,0
BRDA:732,288,1,0
BRDA:734,289,0,0
BRDA:734,289,1,0
BRDA:734,290,0,0
BRDA:734,290,1,0
BRDA:739,291,0,0
BRDA:739,291,1,0
BRDA:751,292,0,0
BRDA:751,292,1,0
BRDA:767,293,0,0
BRDA:767,293,1,0
BRDA:772,294,0,0
BRDA:772,294,1,0
BRDA:774,295,0,0
BRDA:774,295,1,0
BRDA:790,296,0,0
BRDA:790,296,1,0
BRDA:795,297,0,0
BRDA:795,297,1,0
BRDA:799,298,0,0
BRDA:799,298,1,0
BRDA:807,299,0,0
BRDA:807,299,1,0
BRDA:807,300,0,0
BRDA:807,300,1,0
BRDA:811,301,0,0
BRDA:811,301,1,0
BRDA:811,302,0,0
BRDA:811,302,1,0
BRDA:815,303,0,0
BRDA:815,303,1,0
BRDA:815,304,0,0
BRDA:815,304,1,0
BRDA:815,304,2,0
BRDA:817,305,0,0
BRDA:817,305,1,0
BRDA:821,306,0,0
BRDA:821,306,1,0
BRDA:823,307,0,0
BRDA:823,307,1,0
BRDA:823,308,0,0
BRDA:823,308,1,0
BRDA:823,309,0,0
BRDA:823,309,1,0
BRDA:824,310,0,0
BRDA:824,310,1,0
BRDA:824,311,0,0
BRDA:824,311,1,0
BRDA:829,312,0,0
BRDA:829,312,1,0
BRDA:829,313,0,0
BRDA:829,313,1,0
BRDA:831,314,0,0
BRDA:831,314,1,0
BRDA:834,315,0,0
BRDA:834,315,1,0
BRDA:834,316,0,0
BRDA:834,316,1,0
BRDA:834,317,0,0
BRDA:834,317,1,0
BRDA:835,318,0,0
BRDA:835,318,1,0
BRDA:835,319,0,0
BRDA:835,319,1,0
BRDA:838,320,0,0
BRDA:838,320,1,0
BRDA:841,321,0,0
BRDA:841,321,1,0
BRDA:859,322,0,0
BRDA:859,322,1,0
BRDA:865,323,0,0
BRDA:865,323,1,0
BRDA:869,324,0,0
BRDA:869,324,1,0
BRDA:873,325,0,0
BRDA:873,325,1,0
BRDA:876,326,0,0
BRDA:876,326,1,0
BRDA:876,327,0,0
BRDA:876,327,1,0
BRDA:879,328,0,0
BRDA:879,328,1,0
BRDA:879,329,0,0
BRDA:879,329,1,0
BRDA:882,330,0,0
BRDA:882,330,1,0
BRDA:882,331,0,0
BRDA:882,331,1,0
BRDA:882,332,0,0
BRDA:882,332,1,0
BRDA:884,333,0,0
BRDA:884,333,1,0
BRDA:884,334,0,0
BRDA:884,334,1,0
BRDA:887,335,0,0
BRDA:887,335,1,0
BRDA:888,336,0,0
BRDA:888,336,1,0
BRDA:888,337,0,0
BRDA:888,337,1,0
BRDA:890,338,0,0
BRDA:890,338,1,0
BRDA:890,339,0,0
BRDA:890,339,1,0
BRDA:896,340,0,0
BRDA:896,340,1,0
BRDA:896,340,2,0
BRDA:896,341,0,0
BRDA:896,341,1,0
BRDA:897,342,0,0
BRDA:897,342,1,0
BRDA:898,343,0,0
BRDA:898,343,1,0
BRDA:902,344,0,0
BRDA:902,344,1,0
BRDA:902,345,0,0
BRDA:902,345,1,0
BRDA:902,346,0,0
BRDA:902,346,1,0
BRDA:903,347,0,0
BRDA:903,347,1,0
BRDA:903,348,0,0
BRDA:903,348,1,0
BRDA:906,349,0,0
BRDA:906,349,1,0
BRDA:906,350,0,0
BRDA:906,350,1,0
BRDA:906,351,0,0
BRDA:906,351,1,0
BRDA:907,352,0,0
BRDA:907,352,1,0
BRDA:907,353,0,0
BRDA:907,353,1,0
BRDA:911,354,0,0
BRDA:911,354,1,0
BRDA:912,355,0,0
BRDA:912,355,1,0
BRDA:913,356,0,0
BRDA:913,356,1,0
BRDA:916,357,0,0
BRDA:916,357,1,0
BRDA:916,358,0,0
BRDA:916,358,1,0
BRDA:917,359,0,0
BRDA:917,359,1,0
BRDA:917,360,0,0
BRDA:917,360,1,0
BRDA:918,361,0,0
BRDA:918,361,1,0
BRDA:918,362,0,0
BRDA:918,362,1,0
BRDA:921,363,0,0
BRDA:921,363,1,0
BRDA:922,364,0,0
BRDA:922,364,1,0
BRDA:923,365,0,0
BRDA:923,365,1,0
BRDA:924,366,0,0
BRDA:924,366,1,0
BRDA:926,367,0,0
BRDA:926,367,1,0
BRDA:926,367,2,0
BRDA:926,367,3,0
BRDA:926,367,4,0
BRDA:931,368,0,0
BRDA:931,368,1,0
BRDA:934,369,0,0
BRDA:934,369,1,0
BRDA:934,370,0,0
BRDA:934,370,1,0
BRDA:936,371,0,0
BRDA:936,371,1,0
BRDA:936,372,0,0
BRDA:936,372,1,0
BRDA:939,373,0,0
BRDA:939,373,1,0
BRDA:940,374,0,0
BRDA:940,374,1,0
BRDA:940,374,2,0
BRDA:941,375,0,0
BRDA:941,375,1,0
BRDA:941,375,2,0
BRDA:944,376,0,0
BRDA:944,376,1,0
BRDA:945,377,0,0
BRDA:945,377,1,0
BRDA:952,378,0,0
BRDA:952,378,1,0
BRDA:988,379,0,1
BRDA:988,379,1,0
BRDA:992,380,0,0
BRDA:992,380,1,0
BRDA:999,381,0,1
BRDA:999,381,1,0
BRDA:1002,382,0,0
BRDA:1002,382,1,0
BRDA:1009,383,0,0
BRDA:1009,383,1,0
BRDA:1009,383,2,0
BRDA:1010,384,0,0
BRDA:1010,384,1,0
BRDA:1012,385,0,0
BRDA:1012,385,1,0
BRDA:1021,386,0,0
BRDA:1021,386,1,0
BRDA:1024,387,0,0
BRDA:1024,387,1,0
BRDA:1026,388,0,0
BRDA:1026,388,1,0
BRDA:1027,389,0,0
BRDA:1027,389,1,0
BRDA:1029,390,0,0
BRDA:1029,390,1,0
BRDA:1030,391,0,0
BRDA:1030,391,1,0
BRDA:1035,392,0,0
BRDA:1035,392,1,0
BRDA:1035,393,0,0
BRDA:1035,393,1,0
BRDA:1036,394,0,0
BRDA:1036,394,1,0
BRDA:1036,395,0,0
BRDA:1036,395,1,0
BRDA:1037,396,0,0
BRDA:1037,396,1,0
BRDA:1037,397,0,0
BRDA:1037,397,1,0
BRDA:1044,398,0,0
BRDA:1046,399,0,0
BRDA:1046,399,1,0
BRDA:1048,400,0,0
BRDA:1048,400,1,0
BRDA:1057,401,0,0
BRDA:1057,401,1,0
BRDA:1059,402,0,0
BRDA:1059,402,1,0
BRDA:1061,403,0,0
BRDA:1061,403,1,0
BRDA:1062,404,0,0
BRDA:1062,404,1,0
BRDA:1063,405,0,0
BRDA:1063,405,1,0
BRDA:1064,406,0,0
BRDA:1064,406,1,0
BRDA:1067,407,0,0
BRDA:1067,407,1,0
BRDA:1071,408,0,0
BRDA:1071,408,1,0
BRDA:1083,409,0,0
BRDA:1083,409,1,0
BRDA:1083,409,2,0
BRDA:1083,409,3,0
BRDA:1083,409,4,0
BRDA:1085,410,0,0
BRDA:1085,410,1,0
BRDA:1145,411,0,0
BRDA:1145,411,1,0
BRDA:1146,412,0,0
BRDA:1146,412,1,0
BRDA:1148,413,0,0
BRDA:1148,413,1,0
BRDA:1149,414,0,0
BRDA:1149,414,1,0
BRDA:1150,415,0,0
BRDA:1150,415,1,0
BRDA:1164,416,0,0
BRDA:1164,416,1,0
BRDA:1175,417,0,0
BRDA:1175,417,1,0
BRDA:1182,418,0,0
BRDA:1182,418,1,0
BRDA:1182,419,0,0
BRDA:1182,419,1,0
BRDA:1182,420,0,0
BRDA:1182,420,1,0
BRDA:1183,421,0,0
BRDA:1183,421,1,0
BRDA:1185,422,0,0
BRDA:1185,422,1,0
BRDA:1186,423,0,0
BRDA:1186,423,1,0
BRDA:1187,424,0,0
BRDA:1187,424,1,0
BRDA:1188,425,0,0
BRDA:1188,425,1,0
BRDA:1189,426,0,0
BRDA:1189,426,1,0
BRDA:1198,427,0,0
BRDA:1198,427,1,0
BRDA:1198,428,0,0
BRDA:1198,428,1,0
BRDA:1209,429,0,0
BRDA:1209,429,1,0
BRDA:1216,430,0,0
BRDA:1216,430,1,0
BRDA:1219,431,0,0
BRDA:1219,431,1,0
BRDA:1241,432,0,0
BRDA:1241,432,1,0
BRDA:1242,433,0,0
BRDA:1242,433,1,0
BRDA:1251,434,0,0
BRDA:1251,434,1,0
BRDA:1251,435,0,0
BRDA:1251,435,1,0
BRDA:1262,436,0,0
BRDA:1262,436,1,0
BRDA:1272,437,0,0
BRDA:1272,437,1,0
BRDA:1275,438,0,0
BRDA:1275,438,1,0
BRDA:1276,439,0,0
BRDA:1276,439,1,0
BRDA:1286,440,0,0
BRDA:1286,440,1,0
BRDA:1294,441,0,0
BRDA:1295,442,0,0
BRDA:1296,443,0,0
BRDA:1300,444,0,0
BRDA:1300,444,1,0
BRDA:1300,445,0,0
BRDA:1300,445,1,0
BRDA:1318,446,0,0
BRDA:1318,446,1,0
BRDA:1331,447,0,1
BRDA:1331,447,1,0
BRDA:1332,448,0,1
BRDA:1332,448,1,0
BRDA:1333,449,0,0
BRDA:1333,449,1,1
BRDA:1333,450,0,1
BRDA:1333,450,1,1
BRDA:1334,451,0,0
BRDA:1334,451,1,1
BRDA:1337,452,0,0
BRDA:1337,452,1,1
BRDA:1342,453,0,0
BRDA:1342,453,1,1
BRDA:1350,454,0,1
BRDA:1350,454,1,1
BRDA:1350,454,2,1
BRDA:1354,455,0,0
BRDA:1354,455,1,1
BRDA:1368,456,0,0
BRDA:1368,456,1,1
BRDA:1370,457,0,1
BRDA:1370,457,1,1
BRDA:1371,458,0,1
BRDA:1371,458,1,0
BRDA:1373,459,0,1
BRDA:1373,459,1,0
BRDA:1374,460,0,1
BRDA:1374,460,1,0
BRDA:1375,461,0,1
BRDA:1375,461,1,0
BRDA:1376,462,0,1
BRDA:1376,462,1,0
BRDA:1377,463,0,0
BRDA:1377,463,1,1
BRDA:1377,464,0,0
BRDA:1377,464,1,0
BRDA:1378,465,0,1
BRDA:1378,465,1,0
BRDA:1378,465,2,0
BRDA:1380,466,0,1
BRDA:1380,466,1,0
BRDA:1380,466,2,0
BRDA:1380,467,0,1
BRDA:1380,467,1,0
BRDA:1396,468,0,0
BRDA:1396,468,1,0
BRDA:1398,469,0,0
BRDA:1398,469,1,0
BRDA:1405,470,0,0
BRDA:1405,470,1,0
BRDA:1405,471,0,0
BRDA:1405,471,1,0
BRDA:1412,472,0,0
BRDA:1412,472,1,0
BRDA:1412,472,2,0
BRDA:1413,473,0,0
BRDA:1413,473,1,0
BRDA:1413,473,2,0
BRDA:1415,474,0,0
BRDA:1415,474,1,0
BRDA:1416,475,0,0
BRDA:1416,475,1,0
BRDA:1424,476,0,0
BRDA:1424,476,1,0
BRDA:1428,477,0,0
BRDA:1428,477,1,0
BRDA:1430,478,0,0
BRDA:1430,478,1,0
BRDA:1431,479,0,0
BRDA:1431,479,1,0
BRDA:1437,480,0,0
BRDA:1437,480,1,0
BRDA:1442,481,0,0
BRDA:1442,481,1,0
BRDA:1447,482,0,0
BRDA:1447,482,1,0
BRDA:1448,483,0,0
BRDA:1448,483,1,0
BRDA:1449,484,0,0
BRDA:1449,484,1,0
BRDA:1449,485,0,0
BRDA:1449,485,1,0
BRDA:1452,486,0,0
BRDA:1452,486,1,0
BRDA:1455,487,0,0
BRDA:1455,487,1,0
BRDA:1456,488,0,0
BRDA:1456,488,1,0
BRDA:1457,489,0,0
BRDA:1457,489,1,0
BRDA:1458,490,0,0
BRDA:1458,490,1,0
BRDA:1462,491,0,0
BRDA:1462,491,1,0
BRDA:1463,492,0,0
BRDA:1463,492,1,0
BRDA:1464,493,0,0
BRDA:1464,493,1,0
BRDA:1475,494,0,0
BRDA:1475,494,1,0
BRDA:1481,495,0,0
BRDA:1481,495,1,0
BRDA:1483,496,0,0
BRDA:1483,496,1,0
BRDA:1484,497,0,0
BRDA:1484,497,1,0
BRDA:1485,498,0,0
BRDA:1485,498,1,0
BRDA:1488,499,0,0
BRDA:1488,499,1,0
BRDA:1489,500,0,0
BRDA:1489,500,1,0
BRDA:1492,501,0,0
BRDA:1492,501,1,0
BRDA:1492,502,0,0
BRDA:1492,502,1,0
BRDA:1492,502,2,0
BRDA:1494,503,0,0
BRDA:1494,503,1,0
BRDA:1495,504,0,0
BRDA:1495,504,1,0
BRDA:1497,505,0,0
BRDA:1497,505,1,0
BRDA:1507,506,0,0
BRDA:1507,506,1,0
BRDA:1512,507,0,0
BRDA:1512,507,1,0
BRDA:1513,508,0,0
BRDA:1513,508,1,0
BRDA:1514,509,0,0
BRDA:1514,509,1,0
BRDA:1520,510,0,0
BRDA:1520,510,1,0
BRDA:1535,511,0,0
BRDA:1535,511,1,0
BRDA:1538,512,0,0
BRDA:1538,512,1,0
BRDA:1539,513,0,0
BRDA:1539,513,1,0
BRDA:1541,514,0,0
BRDA:1541,514,1,0
BRDA:1548,515,0,0
BRDA:1548,515,1,0
BRDA:1561,516,0,0
BRDA:1561,516,1,0
BRDA:1564,517,0,0
BRDA:1564,517,1,0
BRDA:1565,518,0,0
BRDA:1565,518,1,0
BRDA:1566,519,0,0
BRDA:1566,519,1,0
BRDA:1578,520,0,0
BRDA:1578,520,1,0
BRDA:1594,521,0,0
BRDA:1594,521,1,0
BRDA:1598,522,0,0
BRDA:1598,522,1,0
BRDA:1600,523,0,0
BRDA:1600,523,1,0
BRDA:1601,524,0,0
BRDA:1601,524,1,0
BRDA:1607,525,0,0
BRDA:1607,525,1,0
BRDA:1612,526,0,0
BRDA:1612,526,1,0
BRDA:1620,527,0,0
BRDA:1620,527,1,0
BRDA:1621,528,0,0
BRDA:1621,528,1,0
BRDA:1622,529,0,0
BRDA:1622,529,1,0
BRDA:1622,530,0,0
BRDA:1622,530,1,0
BRDA:1625,531,0,0
BRDA:1625,531,1,0
BRDA:1628,532,0,0
BRDA:1628,532,1,0
BRDA:1629,533,0,0
BRDA:1629,533,1,0
BRDA:1630,534,0,0
BRDA:1630,534,1,0
BRDA:1631,535,0,0
BRDA:1631,535,1,0
BRDA:1633,536,0,0
BRDA:1633,536,1,0
BRDA:1634,537,0,0
BRDA:1634,537,1,0
BRDA:1635,538,0,0
BRDA:1635,538,1,0
BRDA:1636,539,0,0
BRDA:1636,539,1,0
BRDA:1637,540,0,0
BRDA:1637,540,1,0
BRDA:1648,541,0,0
BRDA:1648,541,1,0
BRDA:1655,542,0,0
BRDA:1655,542,1,0
BRDA:1658,543,0,0
BRDA:1658,543,1,0
BRDA:1659,544,0,0
BRDA:1659,544,1,0
BRDA:1660,545,0,0
BRDA:1660,545,1,0
BRDA:1670,546,0,0
BRDA:1670,546,1,0
BRDA:1671,547,0,0
BRDA:1671,547,1,0
BRDA:1674,548,0,0
BRDA:1674,548,1,0
BRDA:1674,549,0,0
BRDA:1674,549,1,0
BRDA:1674,549,2,0
BRDA:1676,550,0,0
BRDA:1676,550,1,0
BRDA:1677,551,0,0
BRDA:1677,551,1,0
BRDA:1679,552,0,0
BRDA:1679,552,1,0
BRDA:1689,553,0,0
BRDA:1689,553,1,0
BRDA:1696,554,0,0
BRDA:1696,554,1,0
BRDA:1697,555,0,0
BRDA:1697,555,1,0
BRDA:1698,556,0,0
BRDA:1698,556,1,0
BRDA:1704,557,0,0
BRDA:1704,557,1,0
BRDA:1720,558,0,0
BRDA:1720,558,1,0
BRDA:1723,559,0,0
BRDA:1723,559,1,0
BRDA:1724,560,0,0
BRDA:1724,560,1,0
BRDA:1726,561,0,0
BRDA:1726,561,1,0
BRDA:1735,562,0,0
BRDA:1735,562,1,0
BRDA:1738,563,0,0
BRDA:1738,563,1,0
BRDA:1744,564,0,0
BRDA:1744,564,1,0
BRDA:1745,565,0,0
BRDA:1745,565,1,0
BRDA:1764,566,0,0
BRDA:1764,566,1,0
BRDA:1767,567,0,0
BRDA:1767,567,1,0
BRDA:1769,568,0,0
BRDA:1769,568,1,0
BRDA:1770,569,0,0
BRDA:1770,569,1,0
BRDA:1776,570,0,0
BRDA:1776,570,1,0
BRDA:1781,571,0,0
BRDA:1781,571,1,0
BRDA:1786,572,0,0
BRDA:1786,572,1,0
BRDA:1792,573,0,0
BRDA:1792,573,1,0
BRDA:1793,574,0,0
BRDA:1793,574,1,0
BRDA:1794,575,0,0
BRDA:1794,575,1,0
BRDA:1800,576,0,0
BRDA:1800,576,1,0
BRDA:1815,577,0,0
BRDA:1815,577,1,0
BRDA:1816,578,0,0
BRDA:1816,578,1,0
BRDA:1817,579,0,0
BRDA:1817,579,1,0
BRDA:1818,580,0,0
BRDA:1818,580,1,0
BRDA:1825,581,0,0
BRDA:1825,581,1,0
BRDA:1828,582,0,0
BRDA:1828,582,1,0
BRDA:1832,583,0,0
BRDA:1832,583,1,0
BRDA:1833,584,0,0
BRDA:1833,584,1,0
BRDA:1836,585,0,0
BRDA:1836,585,1,0
BRDA:1837,586,0,0
BRDA:1837,586,1,0
BRDA:1843,587,0,0
BRDA:1843,587,1,0
BRDA:1844,588,0,0
BRDA:1844,588,1,0
BRDA:1853,589,0,0
BRDA:1853,589,1,0
BRDA:1857,590,0,0
BRDA:1857,590,1,0
BRDA:1860,591,0,0
BRDA:1860,591,1,0
BRDA:1860,592,0,0
BRDA:1860,592,1,0
BRDA:1860,593,0,0
BRDA:1860,593,1,0
BRDA:1875,594,0,0
BRDA:1875,594,1,0
BRDA:1876,595,0,0
BRDA:1876,595,1,0
BRDA:1878,596,0,0
BRDA:1878,596,1,0
BRDA:1879,597,0,0
BRDA:1879,597,1,0
BRDA:1880,598,0,0
BRDA:1880,598,1,0
BRDA:1894,599,0,0
BRDA:1894,599,1,0
BRDA:1895,600,0,0
BRDA:1895,600,1,0
BRDA:1914,601,0,0
BRDA:1914,601,1,0
BRDA:1921,602,0,0
BRDA:1921,602,1,0
BRDA:1933,603,0,0
BRDA:1933,603,1,0
BRDA:1935,604,0,0
BRDA:1935,604,1,0
BRDA:1936,605,0,0
BRDA:1936,605,1,0
BRDA:1936,606,0,0
BRDA:1936,606,1,0
BRDA:1946,607,0,0
BRDA:1946,607,1,0
BRDA:1947,608,0,0
BRDA:1947,608,1,0
BRDA:1951,609,0,0
BRDA:1951,609,1,0
BRDA:1951,610,0,0
BRDA:1951,610,1,0
BRDA:1954,611,0,0
BRDA:1954,611,1,0
BRDA:1964,612,0,0
BRDA:1964,612,1,0
BRDA:1965,613,0,0
BRDA:1965,613,1,0
BRDA:1969,614,0,0
BRDA:1969,614,1,0
BRDA:1973,615,0,0
BRDA:1973,615,1,0
BRDA:1973,616,0,0
BRDA:1973,616,1,0
BRF:1284
BRH:135
end_of_record
TN:
SF:src\controllers\workforce.controller.js
FN:4,normalizeText
FN:14,mapExpertsToCrafts
FN:16,(anonymous_2)
FN:19,(anonymous_3)
FN:31,(anonymous_4)
FN:34,haversineKm
FN:35,(anonymous_6)
FN:47,countryMatches
FN:55,getWorkforceStats
FN:96,matchWorkforce
FN:143,(anonymous_10)
FN:161,(anonymous_11)
FN:173,(anonymous_12)
FN:198,(anonymous_13)
FNF:14
FNH:1
FNDA:0,normalizeText
FNDA:0,mapExpertsToCrafts
FNDA:0,(anonymous_2)
FNDA:0,(anonymous_3)
FNDA:0,(anonymous_4)
FNDA:0,haversineKm
FNDA:0,(anonymous_6)
FNDA:0,countryMatches
FNDA:1,getWorkforceStats
FNDA:0,matchWorkforce
FNDA:0,(anonymous_10)
FNDA:0,(anonymous_11)
FNDA:0,(anonymous_12)
FNDA:0,(anonymous_13)
DA:5,0
DA:12,1
DA:15,0
DA:16,0
DA:17,0
DA:19,0
DA:21,0
DA:22,0
DA:23,0
DA:24,0
DA:25,0
DA:26,0
DA:27,0
DA:31,0
DA:35,0
DA:36,0
DA:37,0
DA:38,0
DA:39,0
DA:40,0
DA:42,0
DA:44,0
DA:48,0
DA:49,0
DA:50,0
DA:51,0
DA:52,0
DA:56,1
DA:57,1
DA:58,1
DA:71,0
DA:72,0
DA:78,0
DA:80,0
DA:97,0
DA:98,0
DA:99,0
DA:116,0
DA:117,0
DA:119,0
DA:120,0
DA:121,0
DA:122,0
DA:125,0
DA:126,0
DA:127,0
DA:129,0
DA:138,0
DA:143,0
DA:144,0
DA:145,0
DA:146,0
DA:147,0
DA:148,0
DA:151,0
DA:152,0
DA:154,0
DA:160,0
DA:162,0
DA:163,0
DA:164,0
DA:165,0
DA:166,0
DA:167,0
DA:168,0
DA:169,0
DA:171,0
DA:172,0
DA:173,0
DA:175,0
DA:177,0
DA:181,0
DA:182,0
DA:186,0
DA:198,0
DA:201,0
LF:76
LH:4
BRDA:5,0,0,0
BRDA:5,0,1,0
BRDA:15,1,0,0
BRDA:15,1,1,0
BRDA:22,2,0,0
BRDA:22,2,1,0
BRDA:23,3,0,0
BRDA:23,3,1,0
BRDA:24,4,0,0
BRDA:24,4,1,0
BRDA:25,5,0,0
BRDA:25,5,1,0
BRDA:26,6,0,0
BRDA:26,6,1,0
BRDA:27,7,0,0
BRDA:27,7,1,0
BRDA:50,8,0,0
BRDA:50,8,1,0
BRDA:51,9,0,0
BRDA:51,9,1,0
BRDA:51,10,0,0
BRDA:51,10,1,0
BRDA:51,10,2,0
BRDA:52,11,0,0
BRDA:52,11,1,0
BRDA:57,12,0,1
BRDA:57,12,1,0
BRDA:88,13,0,0
BRDA:88,13,1,0
BRDA:98,14,0,0
BRDA:98,14,1,0
BRDA:106,15,0,0
BRDA:106,15,1,0
BRDA:107,16,0,0
BRDA:107,16,1,0
BRDA:116,17,0,0
BRDA:116,17,1,0
BRDA:121,18,0,0
BRDA:121,18,1,0
BRDA:121,19,0,0
BRDA:121,19,1,0
BRDA:125,20,0,0
BRDA:125,20,1,0
BRDA:126,21,0,0
BRDA:126,21,1,0
BRDA:134,22,0,0
BRDA:134,22,1,0
BRDA:144,23,0,0
BRDA:144,23,1,0
BRDA:145,24,0,0
BRDA:145,24,1,0
BRDA:148,25,0,0
BRDA:148,25,1,0
BRDA:148,25,2,0
BRDA:148,25,3,0
BRDA:152,26,0,0
BRDA:152,26,1,0
BRDA:154,27,0,0
BRDA:154,27,1,0
BRDA:155,28,0,0
BRDA:155,28,1,0
BRDA:164,29,0,0
BRDA:164,29,1,0
BRDA:164,30,0,0
BRDA:164,30,1,0
BRDA:165,31,0,0
BRDA:165,31,1,0
BRDA:166,32,0,0
BRDA:166,32,1,0
BRDA:168,33,0,0
BRDA:168,33,1,0
BRDA:171,34,0,0
BRDA:171,34,1,0
BRDA:171,35,0,0
BRDA:171,35,1,0
BRDA:171,36,0,0
BRDA:171,36,1,0
BRDA:173,37,0,0
BRDA:173,37,1,0
BRDA:177,38,0,0
BRDA:177,38,1,0
BRDA:177,39,0,0
BRDA:177,39,1,0
BRDA:181,40,0,0
BRDA:181,40,1,0
BRDA:182,41,0,0
BRDA:182,41,1,0
BRDA:183,42,0,0
BRDA:183,42,1,0
BRDA:184,43,0,0
BRDA:184,43,1,0
BRDA:189,44,0,0
BRDA:189,44,1,0
BRDA:191,45,0,0
BRDA:191,45,1,0
BRDA:192,46,0,0
BRDA:192,46,1,0
BRDA:206,47,0,0
BRDA:206,47,1,0
BRDA:210,48,0,0
BRDA:210,48,1,0
BRDA:214,49,0,0
BRDA:214,49,1,0
BRDA:215,50,0,0
BRDA:215,50,1,0
BRF:105
BRH:1
end_of_record
TN:
SF:src\middleware\error.middleware.js
FN:7,(anonymous_0)
FN:14,(anonymous_1)
FN:67,(anonymous_2)
FN:78,(anonymous_3)
FN:78,(anonymous_4)
FNF:5
FNH:2
FNDA:0,(anonymous_0)
FNDA:0,(anonymous_1)
FNDA:0,(anonymous_2)
FNDA:31,(anonymous_3)
FNDA:11,(anonymous_4)
DA:7,6
DA:8,0
DA:9,0
DA:12,0
DA:13,0
DA:14,0
DA:18,0
DA:19,0
DA:20,0
DA:21,0
DA:25,0
DA:26,0
DA:27,0
DA:31,0
DA:32,0
DA:33,0
DA:37,0
DA:38,0
DA:39,0
DA:43,0
DA:44,0
DA:45,0
DA:46,0
DA:47,0
DA:48,0
DA:50,0
DA:54,0
DA:68,0
DA:69,0
DA:70,0
DA:78,31
DA:79,11
LF:32
LH:3
BRDA:8,0,0,0
BRDA:8,0,1,0
BRDA:9,1,0,0
BRDA:9,1,1,0
BRDA:12,2,0,0
BRDA:12,2,1,0
BRDA:18,3,0,0
BRDA:18,3,1,0
BRDA:25,4,0,0
BRDA:25,4,1,0
BRDA:31,5,0,0
BRDA:31,5,1,0
BRDA:37,6,0,0
BRDA:37,6,1,0
BRDA:43,7,0,0
BRDA:43,7,1,0
BRDA:47,8,0,0
BRDA:47,8,1,0
BRDA:58,9,0,0
BRDA:58,9,1,0
BRDA:67,10,0,0
BRF:21
BRH:0
end_of_record
TN:
SF:src\models\Consultation.js
FNF:0
FNH:0
DA:3,1
DA:31,1
LF:2
LH:2
BRF:0
BRH:0
end_of_record
TN:
SF:src\plan2d\architecturalRules.js
FN:3,n
FN:7,area
FN:11,cx
FN:15,cy
FN:19,dist
FN:25,isName
FN:27,(anonymous_6)
FN:30,classifyRoom
FN:47,zoneForType
FN:56,validateArchitecturalRules
FN:103,(anonymous_10)
FN:104,(anonymous_11)
FN:105,(anonymous_12)
FN:107,avgPairDist
FN:141,(anonymous_14)
FNF:15
FNH:13
FNDA:86,n
FNDA:3,area
FNDA:20,cx
FNDA:20,cy
FNDA:10,dist
FNDA:0,isName
FNDA:0,(anonymous_6)
FNDA:35,classifyRoom
FNDA:21,zoneForType
FNDA:1,validateArchitecturalRules
FNDA:7,(anonymous_10)
FNDA:7,(anonymous_11)
FNDA:7,(anonymous_12)
FNDA:3,avgPairDist
FNDA:3,(anonymous_14)
DA:4,86
DA:8,3
DA:12,20
DA:16,20
DA:20,10
DA:21,10
DA:22,10
DA:26,0
DA:27,0
DA:31,35
DA:32,35
DA:33,30
DA:34,25
DA:35,25
DA:36,10
DA:37,10
DA:38,5
DA:39,5
DA:40,5
DA:41,5
DA:42,0
DA:43,0
DA:44,0
DA:48,21
DA:49,15
DA:50,6
DA:51,3
DA:52,0
DA:58,1
DA:59,1
DA:60,1
DA:62,1
DA:63,1
DA:64,1
DA:66,1
DA:67,1
DA:68,7
DA:69,7
DA:70,7
DA:74,1
DA:75,1
DA:76,7
DA:77,7
DA:78,7
DA:79,7
DA:80,3
DA:81,3
DA:83,7
DA:84,1
DA:86,7
DA:87,1
DA:89,7
DA:90,1
DA:91,1
DA:92,1
DA:94,7
DA:95,0
DA:96,0
DA:97,0
DA:102,1
DA:103,7
DA:104,7
DA:105,7
DA:108,3
DA:109,2
DA:110,2
DA:111,2
DA:112,6
DA:113,6
DA:114,6
DA:117,2
DA:120,1
DA:121,1
DA:122,1
DA:123,1
DA:124,1
DA:125,1
DA:126,1
DA:129,1
DA:130,1
DA:131,1
DA:132,1
DA:133,1
DA:135,0
DA:138,1
DA:139,1
DA:140,1
DA:141,3
DA:142,1
DA:145,1
DA:146,1
DA:147,1
DA:148,0
DA:149,0
DA:154,1
DA:155,1
DA:156,1
DA:157,0
DA:161,1
DA:162,0
DA:163,0
DA:166,0
DA:167,0
DA:168,0
DA:172,1
DA:173,1
DA:174,1
DA:175,1
DA:177,1
LF:109
LH:91
BRDA:26,0,0,0
BRDA:26,0,1,0
BRDA:31,1,0,35
BRDA:31,1,1,0
BRDA:32,2,0,5
BRDA:32,2,1,30
BRDA:32,3,0,35
BRDA:32,3,1,30
BRDA:32,3,2,30
BRDA:32,3,3,30
BRDA:33,4,0,5
BRDA:33,4,1,25
BRDA:34,5,0,0
BRDA:34,5,1,25
BRDA:34,6,0,25
BRDA:34,6,1,25
BRDA:34,6,2,25
BRDA:35,7,0,15
BRDA:35,7,1,10
BRDA:35,8,0,25
BRDA:35,8,1,10
BRDA:36,9,0,0
BRDA:36,9,1,10
BRDA:37,10,0,5
BRDA:37,10,1,5
BRDA:37,11,0,10
BRDA:37,11,1,5
BRDA:37,11,2,5
BRDA:38,12,0,0
BRDA:38,12,1,5
BRDA:38,13,0,5
BRDA:38,13,1,5
BRDA:39,14,0,0
BRDA:39,14,1,5
BRDA:39,15,0,5
BRDA:39,15,1,5
BRDA:40,16,0,0
BRDA:40,16,1,5
BRDA:40,17,0,5
BRDA:40,17,1,5
BRDA:40,17,2,5
BRDA:40,17,3,5
BRDA:41,18,0,5
BRDA:41,18,1,0
BRDA:41,19,0,5
BRDA:41,19,1,0
BRDA:41,19,2,0
BRDA:42,20,0,0
BRDA:42,20,1,0
BRDA:43,21,0,0
BRDA:43,21,1,0
BRDA:43,22,0,0
BRDA:43,22,1,0
BRDA:48,23,0,6
BRDA:48,23,1,15
BRDA:48,24,0,21
BRDA:48,24,1,18
BRDA:48,24,2,15
BRDA:49,25,0,9
BRDA:49,25,1,6
BRDA:50,26,0,3
BRDA:50,26,1,3
BRDA:50,27,0,6
BRDA:50,27,1,3
BRDA:50,27,2,3
BRDA:50,27,3,3
BRDA:50,27,4,3
BRDA:51,28,0,3
BRDA:51,28,1,0
BRDA:56,29,0,0
BRDA:64,30,0,1
BRDA:64,30,1,0
BRDA:69,31,0,5
BRDA:69,31,1,2
BRDA:79,32,0,3
BRDA:79,32,1,4
BRDA:80,33,0,0
BRDA:80,33,1,3
BRDA:81,34,0,0
BRDA:81,34,1,3
BRDA:83,35,0,1
BRDA:83,35,1,6
BRDA:84,36,0,0
BRDA:84,36,1,1
BRDA:86,37,0,1
BRDA:86,37,1,6
BRDA:87,38,0,0
BRDA:87,38,1,1
BRDA:89,39,0,1
BRDA:89,39,1,6
BRDA:92,40,0,0
BRDA:92,40,1,1
BRDA:92,41,0,1
BRDA:92,41,1,1
BRDA:94,42,0,0
BRDA:94,42,1,7
BRDA:97,43,0,0
BRDA:97,43,1,0
BRDA:97,44,0,0
BRDA:97,44,1,0
BRDA:108,45,0,1
BRDA:108,45,1,2
BRDA:117,46,0,2
BRDA:117,46,1,0
BRDA:120,47,0,1
BRDA:120,47,1,0
BRDA:124,48,0,0
BRDA:124,48,1,1
BRDA:124,49,0,1
BRDA:124,49,1,1
BRDA:125,50,0,0
BRDA:125,50,1,1
BRDA:125,51,0,1
BRDA:125,51,1,1
BRDA:126,52,0,0
BRDA:126,52,1,1
BRDA:126,53,0,1
BRDA:126,53,1,0
BRDA:130,54,0,1
BRDA:130,54,1,0
BRDA:131,55,0,1
BRDA:131,55,1,0
BRDA:132,56,0,1
BRDA:132,56,1,0
BRDA:132,57,0,1
BRDA:132,57,1,1
BRDA:133,58,0,0
BRDA:133,58,1,1
BRDA:138,59,0,1
BRDA:138,59,1,0
BRDA:139,60,0,1
BRDA:139,60,1,0
BRDA:140,61,0,1
BRDA:140,61,1,0
BRDA:140,62,0,1
BRDA:140,62,1,1
BRDA:142,63,0,0
BRDA:142,63,1,1
BRDA:145,64,0,1
BRDA:145,64,1,0
BRDA:146,65,0,1
BRDA:146,65,1,1
BRDA:147,66,0,0
BRDA:147,66,1,1
BRDA:148,67,0,0
BRDA:148,67,1,0
BRDA:148,68,0,0
BRDA:148,68,1,0
BRDA:149,69,0,0
BRDA:149,69,1,0
BRDA:154,70,0,1
BRDA:154,70,1,0
BRDA:155,71,0,1
BRDA:155,71,1,1
BRDA:157,72,0,0
BRDA:157,72,1,0
BRDA:161,73,0,0
BRDA:161,73,1,1
BRDA:162,74,0,0
BRDA:162,74,1,0
BRDA:163,75,0,0
BRDA:163,75,1,0
BRDA:166,76,0,0
BRDA:166,76,1,0
BRDA:166,77,0,0
BRDA:166,77,1,0
BRDA:168,78,0,0
BRDA:168,78,1,0
BRF:168
BRH:102
end_of_record
TN:
SF:src\plan2d\briefInputGuard.js
FN:41,housingScore
FN:57,nonPlanScore
FN:69,longestCharRun
FN:82,dominantCharShare
FN:92,uniqueNonSpaceChars
FN:96,letterRatio
FN:103,tokenCount
FN:110,evaluateBriefInput
FNF:8
FNH:8
FNDA:1,housingScore
FNDA:1,nonPlanScore
FNDA:1,longestCharRun
FNDA:1,dominantCharShare
FNDA:1,uniqueNonSpaceChars
FNDA:1,letterRatio
FNDA:1,tokenCount
FNDA:1,evaluateBriefInput
DA:1,1
DA:25,1
DA:42,1
DA:43,1
DA:44,1
DA:45,1
DA:46,21
DA:47,2
DA:48,2
DA:49,2
DA:50,2
DA:54,1
DA:58,1
DA:59,1
DA:60,1
DA:61,13
DA:63,1
DA:64,1
DA:65,1
DA:66,1
DA:70,1
DA:71,1
DA:72,1
DA:73,1
DA:74,15
DA:75,1
DA:76,1
DA:77,14
DA:79,1
DA:83,1
DA:84,1
DA:85,1
DA:86,1
DA:87,14
DA:89,1
DA:93,1
DA:97,1
DA:98,1
DA:99,1
DA:100,1
DA:104,1
DA:111,1
DA:112,1
DA:113,1
DA:114,1
DA:115,1
DA:116,1
DA:117,1
DA:118,1
DA:119,1
DA:121,1
DA:122,0
DA:125,1
DA:126,0
DA:135,1
DA:139,1
DA:140,0
DA:148,1
DA:149,0
DA:157,1
DA:158,0
DA:166,1
DA:167,0
DA:175,1
DA:176,0
DA:184,1
LF:66
LH:59
BRDA:42,0,0,1
BRDA:42,0,1,0
BRDA:46,1,0,2
BRDA:46,1,1,19
BRDA:48,2,0,2
BRDA:48,2,1,0
BRDA:58,3,0,1
BRDA:58,3,1,0
BRDA:61,4,0,0
BRDA:61,4,1,13
BRDA:63,5,0,1
BRDA:63,5,1,1
BRDA:64,6,0,0
BRDA:64,6,1,1
BRDA:65,7,0,0
BRDA:65,7,1,1
BRDA:70,8,0,1
BRDA:70,8,1,0
BRDA:74,9,0,1
BRDA:74,9,1,14
BRDA:76,10,0,1
BRDA:76,10,1,0
BRDA:83,11,0,1
BRDA:83,11,1,0
BRDA:84,12,0,0
BRDA:84,12,1,1
BRDA:87,13,0,14
BRDA:87,13,1,12
BRDA:93,14,0,1
BRDA:93,14,1,0
BRDA:97,15,0,1
BRDA:97,15,1,0
BRDA:98,16,0,0
BRDA:98,16,1,1
BRDA:99,17,0,1
BRDA:99,17,1,0
BRDA:104,18,0,1
BRDA:104,18,1,0
BRDA:111,19,0,1
BRDA:111,19,1,0
BRDA:121,20,0,0
BRDA:121,20,1,1
BRDA:121,21,0,1
BRDA:121,21,1,1
BRDA:125,22,0,0
BRDA:125,22,1,1
BRDA:125,23,0,1
BRDA:125,23,1,0
BRDA:135,24,0,1
BRDA:135,24,1,0
BRDA:135,24,2,1
BRDA:135,24,3,0
BRDA:135,24,4,0
BRDA:135,24,5,1
BRDA:135,24,6,1
BRDA:135,24,7,0
BRDA:139,25,0,0
BRDA:139,25,1,1
BRDA:148,26,0,0
BRDA:148,26,1,1
BRDA:148,27,0,1
BRDA:148,27,1,0
BRDA:157,28,0,0
BRDA:157,28,1,1
BRDA:157,29,0,1
BRDA:157,29,1,0
BRDA:157,29,2,0
BRDA:166,30,0,0
BRDA:166,30,1,1
BRDA:166,31,0,1
BRDA:166,31,1,0
BRDA:175,32,0,0
BRDA:175,32,1,1
BRDA:175,33,0,1
BRDA:175,33,1,0
BRF:75
BRH:42
end_of_record
TN:
SF:src\plan2d\constraintEngine.js
FN:17,minEnvelopeHeightForApartmentStack
FN:33,applyConstraints
FN:39,(anonymous_2)
FN:164,buildLLMConstraintFooter
FNF:4
FNH:3
FNDA:0,minEnvelopeHeightForApartmentStack
FNDA:1,applyConstraints
FNDA:2,(anonymous_2)
FNDA:1,buildLLMConstraintFooter
DA:10,1
DA:19,0
DA:20,0
DA:22,0
DA:23,0
DA:25,0
DA:26,0
DA:27,0
DA:29,0
DA:35,1
DA:36,1
DA:38,1
DA:39,2
DA:41,1
DA:42,1
DA:43,1
DA:44,1
DA:45,1
DA:47,1
DA:54,0
DA:55,0
DA:56,0
DA:57,0
DA:58,0
DA:59,0
DA:60,0
DA:67,1
DA:68,1
DA:69,0
DA:70,0
DA:71,0
DA:72,0
DA:81,0
DA:82,0
DA:83,0
DA:84,0
DA:85,0
DA:86,0
DA:87,0
DA:88,0
DA:90,0
DA:91,0
DA:92,0
DA:93,0
DA:94,0
DA:100,1
DA:101,1
DA:102,1
DA:109,1
DA:110,1
DA:112,1
DA:113,0
DA:120,1
DA:121,1
DA:122,1
DA:123,0
DA:131,1
DA:132,0
DA:139,1
DA:140,0
DA:143,1
DA:144,1
DA:145,1
DA:146,0
DA:149,1
DA:160,1
DA:165,1
LF:67
LH:30
BRDA:19,0,0,0
BRDA:19,0,1,0
BRDA:20,1,0,0
BRDA:20,1,1,0
BRDA:20,2,0,0
BRDA:20,2,1,0
BRDA:29,3,0,0
BRDA:29,3,1,0
BRDA:44,4,0,1
BRDA:44,4,1,0
BRDA:47,5,0,0
BRDA:47,5,1,1
BRDA:48,6,0,1
BRDA:48,6,1,1
BRDA:48,6,2,0
BRDA:48,6,3,0
BRDA:48,6,4,0
BRDA:55,7,0,0
BRDA:55,7,1,0
BRDA:55,8,0,0
BRDA:55,8,1,0
BRDA:67,9,0,1
BRDA:67,9,1,0
BRDA:67,10,0,1
BRDA:67,10,1,0
BRDA:68,11,0,0
BRDA:68,11,1,1
BRDA:68,12,0,1
BRDA:68,12,1,1
BRDA:68,12,2,0
BRDA:77,13,0,0
BRDA:77,13,1,0
BRDA:77,13,2,0
BRDA:82,14,0,0
BRDA:82,14,1,0
BRDA:83,15,0,0
BRDA:83,15,1,0
BRDA:83,16,0,0
BRDA:83,16,1,0
BRDA:85,17,0,0
BRDA:85,17,1,0
BRDA:88,18,0,0
BRDA:88,18,1,0
BRDA:88,19,0,0
BRDA:88,19,1,0
BRDA:112,20,0,0
BRDA:112,20,1,1
BRDA:112,21,0,1
BRDA:112,21,1,0
BRDA:112,21,2,0
BRDA:120,22,0,1
BRDA:120,22,1,0
BRDA:122,23,0,0
BRDA:122,23,1,1
BRDA:122,24,0,1
BRDA:122,24,1,1
BRDA:131,25,0,0
BRDA:131,25,1,1
BRDA:131,26,0,1
BRDA:131,26,1,0
BRDA:139,27,0,0
BRDA:139,27,1,1
BRDA:145,28,0,0
BRDA:145,28,1,1
BRDA:145,29,0,1
BRDA:145,29,1,0
BRDA:145,29,2,0
BRF:67
BRH:20
end_of_record
TN:
SF:src\plan2d\constraintExtractor.js
FN:3,extractJsonPayload
FN:9,isPlainObject
FN:13,validateConstraintsShape
FN:72,normalizePrompt
FN:80,collectMentionedRoomTypes
FN:98,extractPlacementHintsFromPrompt
FN:111,parseTotalAreaM2
FN:123,parseBedroomCount
FN:134,bool
FN:138,mergeRoomEntry
FN:139,(anonymous_10)
FN:161,ensureMentionedRooms
FN:163,(anonymous_12)
FN:187,(anonymous_13)
FN:193,buildOpenPlanZone
FN:196,(anonymous_15)
FN:197,(anonymous_16)
FN:225,buildConstraintExtractorSystemPrompt
FN:273,parsePromptProgram
FN:340,enrichExtractedConstraints
FN:356,(anonymous_20)
FN:369,(anonymous_21)
FN:379,(anonymous_22)
FN:386,(anonymous_23)
FN:395,(anonymous_24)
FN:412,(anonymous_25)
FN:414,(anonymous_26)
FN:430,countOfType
FN:431,(anonymous_28)
FN:437,extractConstraintsHeuristic
FN:542,extractConstraints
FNF:31
FNH:0
FNDA:0,extractJsonPayload
FNDA:0,isPlainObject
FNDA:0,validateConstraintsShape
FNDA:0,normalizePrompt
FNDA:0,collectMentionedRoomTypes
FNDA:0,extractPlacementHintsFromPrompt
FNDA:0,parseTotalAreaM2
FNDA:0,parseBedroomCount
FNDA:0,bool
FNDA:0,mergeRoomEntry
FNDA:0,(anonymous_10)
FNDA:0,ensureMentionedRooms
FNDA:0,(anonymous_12)
FNDA:0,(anonymous_13)
FNDA:0,buildOpenPlanZone
FNDA:0,(anonymous_15)
FNDA:0,(anonymous_16)
FNDA:0,buildConstraintExtractorSystemPrompt
FNDA:0,parsePromptProgram
FNDA:0,enrichExtractedConstraints
FNDA:0,(anonymous_20)
FNDA:0,(anonymous_21)
FNDA:0,(anonymous_22)
FNDA:0,(anonymous_23)
FNDA:0,(anonymous_24)
FNDA:0,(anonymous_25)
FNDA:0,(anonymous_26)
FNDA:0,countOfType
FNDA:0,(anonymous_28)
FNDA:0,extractConstraintsHeuristic
FNDA:0,extractConstraints
DA:4,0
DA:5,0
DA:6,0
DA:10,0
DA:14,0
DA:15,0
DA:16,0
DA:17,0
DA:18,0
DA:19,0
DA:20,0
DA:24,1
DA:55,1
DA:73,0
DA:81,0
DA:82,0
DA:83,0
DA:84,0
DA:85,0
DA:86,0
DA:87,0
DA:90,0
DA:91,0
DA:92,0
DA:93,0
DA:95,0
DA:99,0
DA:101,0
DA:102,0
DA:103,0
DA:104,0
DA:105,0
DA:108,0
DA:112,0
DA:114,0
DA:116,0
DA:117,0
DA:118,0
DA:119,0
DA:120,0
DA:124,0
DA:125,0
DA:126,0
DA:127,0
DA:128,0
DA:129,0
DA:130,0
DA:131,0
DA:135,0
DA:139,0
DA:140,0
DA:141,0
DA:142,0
DA:143,0
DA:144,0
DA:146,0
DA:147,0
DA:149,0
DA:162,0
DA:163,0
DA:164,0
DA:178,0
DA:179,0
DA:180,0
DA:181,0
DA:182,0
DA:183,0
DA:184,0
DA:185,0
DA:186,0
DA:187,0
DA:194,0
DA:195,0
DA:196,0
DA:197,0
DA:200,0
DA:204,0
DA:206,0
DA:207,0
DA:210,0
DA:211,0
DA:213,0
DA:214,0
DA:216,0
DA:226,0
DA:274,0
DA:275,0
DA:277,0
DA:278,0
DA:280,0
DA:282,0
DA:287,0
DA:293,0
DA:295,0
DA:297,0
DA:298,0
DA:299,0
DA:302,0
DA:303,0
DA:304,0
DA:306,0
DA:307,0
DA:309,0
DA:310,0
DA:311,0
DA:315,0
DA:317,0
DA:319,0
DA:321,0
DA:323,0
DA:341,0
DA:342,0
DA:343,0
DA:345,0
DA:346,0
DA:347,0
DA:348,0
DA:350,0
DA:351,0
DA:352,0
DA:356,0
DA:357,0
DA:358,0
DA:359,0
DA:360,0
DA:363,0
DA:364,0
DA:365,0
DA:366,0
DA:368,0
DA:369,0
DA:370,0
DA:373,0
DA:376,0
DA:377,0
DA:378,0
DA:380,0
DA:382,0
DA:385,0
DA:387,0
DA:391,0
DA:393,0
DA:394,0
DA:396,0
DA:399,0
DA:400,0
DA:404,0
DA:405,0
DA:406,0
DA:407,0
DA:408,0
DA:410,0
DA:412,0
DA:413,0
DA:414,0
DA:415,0
DA:416,0
DA:417,0
DA:420,0
DA:421,0
DA:423,0
DA:424,0
DA:425,0
DA:427,0
DA:431,0
DA:432,0
DA:433,0
DA:438,0
DA:439,0
DA:441,0
DA:442,0
DA:443,0
DA:446,0
DA:447,0
DA:448,0
DA:449,0
DA:457,0
DA:458,0
DA:460,0
DA:468,0
DA:476,0
DA:477,0
DA:486,0
DA:487,0
DA:496,0
DA:497,0
DA:500,0
DA:504,0
DA:505,0
DA:508,0
DA:509,0
DA:510,0
DA:511,0
DA:512,0
DA:514,0
DA:515,0
DA:523,0
DA:534,0
DA:535,0
DA:536,0
DA:538,0
DA:543,0
DA:544,0
DA:545,0
DA:546,0
DA:547,0
DA:549,0
DA:559,0
DA:560,0
DA:563,0
DA:564,0
DA:566,0
DA:569,0
DA:570,0
DA:572,0
LF:215
LH:2
BRDA:4,0,0,0
BRDA:4,0,1,0
BRDA:6,1,0,0
BRDA:6,1,1,0
BRDA:10,2,0,0
BRDA:10,2,1,0
BRDA:10,2,2,0
BRDA:14,3,0,0
BRDA:14,3,1,0
BRDA:15,4,0,0
BRDA:15,4,1,0
BRDA:16,5,0,0
BRDA:16,5,1,0
BRDA:17,6,0,0
BRDA:17,6,1,0
BRDA:18,7,0,0
BRDA:18,7,1,0
BRDA:19,8,0,0
BRDA:19,8,1,0
BRDA:73,9,0,0
BRDA:73,9,1,0
BRDA:83,10,0,0
BRDA:83,10,1,0
BRDA:86,11,0,0
BRDA:86,11,1,0
BRDA:87,12,0,0
BRDA:87,12,1,0
BRDA:90,13,0,0
BRDA:90,13,1,0
BRDA:90,14,0,0
BRDA:90,14,1,0
BRDA:91,15,0,0
BRDA:91,15,1,0
BRDA:91,16,0,0
BRDA:91,16,1,0
BRDA:104,17,0,0
BRDA:104,17,1,0
BRDA:104,18,0,0
BRDA:104,18,1,0
BRDA:117,19,0,0
BRDA:117,19,1,0
BRDA:119,20,0,0
BRDA:119,20,1,0
BRDA:126,21,0,0
BRDA:126,21,1,0
BRDA:128,22,0,0
BRDA:128,22,1,0
BRDA:130,23,0,0
BRDA:130,23,1,0
BRDA:140,24,0,0
BRDA:140,24,1,0
BRDA:143,25,0,0
BRDA:143,25,1,0
BRDA:144,26,0,0
BRDA:144,26,1,0
BRDA:144,27,0,0
BRDA:144,27,1,0
BRDA:151,28,0,0
BRDA:151,28,1,0
BRDA:152,29,0,0
BRDA:152,29,1,0
BRDA:153,30,0,0
BRDA:153,30,1,0
BRDA:154,31,0,0
BRDA:154,31,1,0
BRDA:155,32,0,0
BRDA:155,32,1,0
BRDA:180,33,0,0
BRDA:180,33,1,0
BRDA:180,34,0,0
BRDA:180,34,1,0
BRDA:181,35,0,0
BRDA:181,35,1,0
BRDA:181,36,0,0
BRDA:181,36,1,0
BRDA:183,37,0,0
BRDA:183,37,1,0
BRDA:183,38,0,0
BRDA:183,38,1,0
BRDA:183,38,2,0
BRDA:186,39,0,0
BRDA:186,39,1,0
BRDA:200,40,0,0
BRDA:200,40,1,0
BRDA:200,40,2,0
BRDA:200,40,3,0
BRDA:206,41,0,0
BRDA:206,41,1,0
BRDA:206,42,0,0
BRDA:206,42,1,0
BRDA:211,43,0,0
BRDA:211,43,1,0
BRDA:213,44,0,0
BRDA:213,44,1,0
BRDA:214,45,0,0
BRDA:214,45,1,0
BRDA:274,46,0,0
BRDA:274,46,1,0
BRDA:282,47,0,0
BRDA:282,47,1,0
BRDA:282,47,2,0
BRDA:282,47,3,0
BRDA:282,47,4,0
BRDA:297,48,0,0
BRDA:297,48,1,0
BRDA:298,49,0,0
BRDA:298,49,1,0
BRDA:298,50,0,0
BRDA:298,50,1,0
BRDA:298,50,2,0
BRDA:307,51,0,0
BRDA:307,51,1,0
BRDA:310,52,0,0
BRDA:310,52,1,0
BRDA:311,53,0,0
BRDA:311,53,1,0
BRDA:317,54,0,0
BRDA:317,54,1,0
BRDA:317,55,0,0
BRDA:317,55,1,0
BRDA:319,56,0,0
BRDA:319,56,1,0
BRDA:319,57,0,0
BRDA:319,57,1,0
BRDA:319,57,2,0
BRDA:321,58,0,0
BRDA:321,58,1,0
BRDA:342,59,0,0
BRDA:342,59,1,0
BRDA:342,60,0,0
BRDA:342,60,1,0
BRDA:345,61,0,0
BRDA:345,61,1,0
BRDA:346,62,0,0
BRDA:346,62,1,0
BRDA:347,63,0,0
BRDA:347,63,1,0
BRDA:348,64,0,0
BRDA:348,64,1,0
BRDA:350,65,0,0
BRDA:350,65,1,0
BRDA:350,66,0,0
BRDA:350,66,1,0
BRDA:350,66,2,0
BRDA:357,67,0,0
BRDA:357,67,1,0
BRDA:357,68,0,0
BRDA:357,68,1,0
BRDA:359,69,0,0
BRDA:359,69,1,0
BRDA:368,70,0,0
BRDA:368,70,1,0
BRDA:370,71,0,0
BRDA:370,71,1,0
BRDA:377,72,0,0
BRDA:377,72,1,0
BRDA:380,73,0,0
BRDA:380,73,1,0
BRDA:382,74,0,0
BRDA:382,74,1,0
BRDA:387,75,0,0
BRDA:387,75,1,0
BRDA:387,75,2,0
BRDA:387,75,3,0
BRDA:387,75,4,0
BRDA:391,76,0,0
BRDA:391,76,1,0
BRDA:393,77,0,0
BRDA:393,77,1,0
BRDA:393,78,0,0
BRDA:393,78,1,0
BRDA:396,79,0,0
BRDA:396,79,1,0
BRDA:399,80,0,0
BRDA:399,80,1,0
BRDA:405,81,0,0
BRDA:405,81,1,0
BRDA:405,82,0,0
BRDA:405,82,1,0
BRDA:406,83,0,0
BRDA:406,83,1,0
BRDA:406,84,0,0
BRDA:406,84,1,0
BRDA:407,85,0,0
BRDA:407,85,1,0
BRDA:407,86,0,0
BRDA:407,86,1,0
BRDA:410,87,0,0
BRDA:410,87,1,0
BRDA:410,88,0,0
BRDA:410,88,1,0
BRDA:413,89,0,0
BRDA:413,89,1,0
BRDA:414,90,0,0
BRDA:414,90,1,0
BRDA:415,91,0,0
BRDA:415,91,1,0
BRDA:416,92,0,0
BRDA:416,92,1,0
BRDA:423,93,0,0
BRDA:423,93,1,0
BRDA:423,94,0,0
BRDA:423,94,1,0
BRDA:424,95,0,0
BRDA:424,95,1,0
BRDA:433,96,0,0
BRDA:433,96,1,0
BRDA:438,97,0,0
BRDA:438,97,1,0
BRDA:442,98,0,0
BRDA:442,98,1,0
BRDA:443,99,0,0
BRDA:443,99,1,0
BRDA:457,100,0,0
BRDA:457,100,1,0
BRDA:464,101,0,0
BRDA:464,101,1,0
BRDA:476,102,0,0
BRDA:476,102,1,0
BRDA:486,103,0,0
BRDA:486,103,1,0
BRDA:496,104,0,0
BRDA:496,104,1,0
BRDA:504,105,0,0
BRDA:504,105,1,0
BRDA:509,106,0,0
BRDA:509,106,1,0
BRDA:510,107,0,0
BRDA:510,107,1,0
BRDA:511,108,0,0
BRDA:511,108,1,0
BRDA:512,109,0,0
BRDA:512,109,1,0
BRDA:516,110,0,0
BRDA:516,110,1,0
BRDA:516,111,0,0
BRDA:516,111,1,0
BRDA:536,112,0,0
BRDA:536,112,1,0
BRDA:543,113,0,0
BRDA:543,113,1,0
BRDA:544,114,0,0
BRDA:544,114,1,0
BRDA:545,115,0,0
BRDA:545,115,1,0
BRDA:546,116,0,0
BRDA:546,116,1,0
BRDA:547,117,0,0
BRDA:547,117,1,0
BRDA:560,118,0,0
BRDA:560,118,1,0
BRDA:570,119,0,0
BRDA:570,119,1,0
BRF:253
BRH:0
end_of_record
TN:
SF:src\plan2d\floorPlanArchitectureGuide.js
FN:50,computeFootprintFromAreaM2
FN:54,(anonymous_1)
FN:59,(anonymous_2)
FN:74,getArchitectureGuideText
FN:81,getArchitectureGuideBlockForPrompt
FNF:5
FNH:0
FNDA:0,computeFootprintFromAreaM2
FNDA:0,(anonymous_1)
FNDA:0,(anonymous_2)
FNDA:0,getArchitectureGuideText
FNDA:0,getArchitectureGuideBlockForPrompt
DA:7,1
DA:10,1
DA:19,1
DA:27,1
DA:36,1
DA:51,0
DA:52,0
DA:54,0
DA:56,0
DA:57,0
DA:58,0
DA:59,0
DA:60,0
DA:61,0
DA:62,0
DA:66,1
DA:75,0
DA:76,0
DA:77,0
DA:82,0
DA:84,0
DA:86,0
DA:88,0
DA:89,0
DA:90,0
DA:92,0
LF:26
LH:6
BRDA:50,0,0,0
BRDA:52,1,0,0
BRDA:52,1,1,0
BRDA:52,2,0,0
BRDA:52,2,1,0
BRDA:54,3,0,0
BRDA:54,3,1,0
BRDA:54,4,0,0
BRDA:54,4,1,0
BRDA:76,5,0,0
BRDA:76,5,1,0
BRDA:86,6,0,0
BRDA:86,6,1,0
BRDA:89,7,0,0
BRDA:89,7,1,0
BRDA:89,8,0,0
BRDA:89,8,1,0
BRDA:89,8,2,0
BRF:18
BRH:0
end_of_record
TN:
SF:src\plan2d\intentLayout.js
FN:4,clamp
FN:8,pickCount
FN:14,generatePlanFromIntent
FN:16,(anonymous_3)
FN:69,(anonymous_4)
FN:204,generateApartmentPlanFromIntent
FN:206,(anonymous_6)
FN:224,(anonymous_7)
FN:243,(anonymous_8)
FN:260,(anonymous_9)
FNF:10
FNH:5
FNDA:12,clamp
FNDA:6,pickCount
FNDA:1,generatePlanFromIntent
FNDA:34,(anonymous_3)
FNDA:2,(anonymous_4)
FNDA:0,generateApartmentPlanFromIntent
FNDA:0,(anonymous_6)
FNDA:0,(anonymous_7)
FNDA:0,(anonymous_8)
FNDA:0,(anonymous_9)
DA:5,12
DA:9,6
DA:10,6
DA:15,1
DA:16,34
DA:18,1
DA:19,1
DA:21,1
DA:22,1
DA:23,0
DA:35,1
DA:36,1
DA:37,1
DA:38,1
DA:39,1
DA:40,1
DA:41,1
DA:42,1
DA:43,1
DA:46,1
DA:49,1
DA:52,1
DA:54,1
DA:56,1
DA:63,1
DA:64,1
DA:65,1
DA:66,1
DA:69,1
DA:70,2
DA:71,2
DA:73,1
DA:74,1
DA:84,1
DA:85,1
DA:88,1
DA:89,1
DA:90,1
DA:91,1
DA:92,1
DA:93,1
DA:94,1
DA:95,1
DA:98,1
DA:99,1
DA:100,1
DA:104,1
DA:106,1
DA:107,1
DA:108,1
DA:109,1
DA:110,0
DA:111,0
DA:114,1
DA:115,0
DA:116,0
DA:117,0
DA:118,0
DA:119,0
DA:120,0
DA:126,1
DA:127,1
DA:128,1
DA:129,1
DA:134,1
DA:137,1
DA:138,1
DA:139,1
DA:142,1
DA:143,1
DA:145,1
DA:146,1
DA:147,1
DA:148,1
DA:151,1
DA:152,0
DA:153,0
DA:154,0
DA:157,1
DA:158,1
DA:160,1
DA:161,1
DA:162,1
DA:163,1
DA:164,3
DA:165,3
DA:166,3
DA:170,1
DA:172,1
DA:173,1
DA:174,1
DA:175,1
DA:178,1
DA:180,0
DA:181,0
DA:182,0
DA:183,0
DA:184,0
DA:186,0
DA:187,0
DA:188,0
DA:189,0
DA:192,0
DA:193,0
DA:196,1
DA:197,1
DA:198,1
DA:200,0
DA:205,0
DA:206,0
DA:207,0
DA:208,0
DA:210,0
DA:211,0
DA:212,0
DA:213,0
DA:214,0
DA:215,0
DA:217,0
DA:219,0
DA:222,0
DA:223,0
DA:224,0
DA:225,0
DA:226,0
DA:228,0
DA:229,0
DA:230,0
DA:231,0
DA:232,0
DA:233,0
DA:234,0
DA:236,0
DA:243,0
DA:244,0
DA:256,0
DA:260,0
DA:261,0
DA:271,0
DA:272,0
DA:273,0
DA:277,0
DA:278,0
DA:280,0
DA:282,0
DA:290,0
DA:291,0
DA:292,0
LF:148
LH:84
BRDA:9,0,0,6
BRDA:9,0,1,0
BRDA:21,1,0,1
BRDA:21,1,1,0
BRDA:22,2,0,0
BRDA:22,2,1,1
BRDA:22,3,0,1
BRDA:22,3,1,1
BRDA:35,4,0,1
BRDA:35,4,1,0
BRDA:36,5,0,1
BRDA:36,5,1,0
BRDA:46,6,0,1
BRDA:46,6,1,0
BRDA:46,7,0,1
BRDA:46,7,1,1
BRDA:52,8,0,1
BRDA:52,8,1,1
BRDA:52,8,2,1
BRDA:56,9,0,0
BRDA:56,9,1,1
BRDA:56,10,0,1
BRDA:56,10,1,0
BRDA:71,11,0,0
BRDA:71,11,1,2
BRDA:98,12,0,1
BRDA:98,12,1,0
BRDA:106,13,0,1
BRDA:106,13,1,0
BRDA:109,14,0,0
BRDA:109,14,1,1
BRDA:109,15,0,1
BRDA:109,15,1,0
BRDA:114,16,0,0
BRDA:114,16,1,1
BRDA:127,17,0,1
BRDA:127,17,1,0
BRDA:151,18,0,0
BRDA:151,18,1,1
BRDA:151,19,0,1
BRDA:151,19,1,0
BRDA:158,20,0,1
BRDA:158,20,1,0
BRDA:165,21,0,1
BRDA:165,21,1,2
BRDA:175,22,0,1
BRDA:175,22,1,0
BRDA:178,23,0,0
BRDA:178,23,1,1
BRDA:181,24,0,0
BRDA:181,24,1,0
BRDA:186,25,0,0
BRDA:186,25,1,0
BRDA:198,26,0,1
BRDA:198,26,1,0
BRDA:210,27,0,0
BRDA:210,27,1,0
BRDA:217,28,0,0
BRDA:217,28,1,0
BRDA:217,29,0,0
BRDA:217,29,1,0
BRDA:228,30,0,0
BRDA:228,30,1,0
BRDA:229,31,0,0
BRDA:229,31,1,0
BRDA:232,32,0,0
BRDA:232,32,1,0
BRDA:256,33,0,0
BRDA:256,33,1,0
BRDA:271,34,0,0
BRDA:271,34,1,0
BRDA:272,35,0,0
BRDA:272,35,1,0
BRDA:278,36,0,0
BRDA:278,36,1,0
BRDA:280,37,0,0
BRDA:280,37,1,0
BRDA:291,38,0,0
BRDA:291,38,1,0
BRF:79
BRH:30
end_of_record
TN:
SF:src\plan2d\layoutGenerator.js
FN:6,generateArchitectPlan
FNF:1
FNH:0
FNDA:0,generateArchitectPlan
DA:7,0
DA:9,0
DA:10,0
DA:13,0
DA:14,0
DA:15,0
DA:16,0
DA:17,0
DA:20,0
DA:21,0
DA:22,0
DA:25,0
DA:26,0
DA:29,0
DA:30,0
DA:31,0
DA:32,0
DA:35,0
DA:36,0
DA:37,0
DA:38,0
DA:40,0
DA:41,0
DA:42,0
DA:45,0
DA:60,0
DA:62,0
DA:63,0
DA:64,0
DA:65,0
DA:66,0
LF:31
LH:0
BRDA:64,0,0,0
BRDA:64,0,1,0
BRDA:66,1,0,0
BRDA:66,1,1,0
BRF:4
BRH:0
end_of_record
TN:
SF:src\plan2d\openPlanSegmentsFromRooms.js
FN:5,isLivingName
FN:10,isKitchenName
FN:16,findLivingKitchenPair
FN:18,(anonymous_3)
FN:19,(anonymous_4)
FN:25,livingKitchenVerticalJoint
FN:48,buildOpenPlanSegmentsFromLivingKitchen
FNF:7
FNH:6
FNDA:1,isLivingName
FNDA:2,isKitchenName
FNDA:1,findLivingKitchenPair
FNDA:1,(anonymous_3)
FNDA:2,(anonymous_4)
FNDA:1,livingKitchenVerticalJoint
FNDA:0,buildOpenPlanSegmentsFromLivingKitchen
DA:3,1
DA:6,1
DA:7,1
DA:11,2
DA:12,2
DA:17,1
DA:18,1
DA:19,2
DA:20,1
DA:21,1
DA:26,1
DA:27,1
DA:28,1
DA:29,1
DA:30,1
DA:31,1
DA:32,1
DA:33,1
DA:34,1
DA:35,1
DA:36,1
DA:37,1
DA:38,1
DA:39,1
DA:40,1
DA:41,1
DA:42,1
DA:43,1
DA:44,1
DA:49,0
DA:50,0
DA:51,0
DA:52,0
DA:53,0
DA:54,0
DA:55,0
DA:56,0
LF:37
LH:29
BRDA:6,0,0,1
BRDA:6,0,1,0
BRDA:7,1,0,1
BRDA:7,1,1,0
BRDA:7,1,2,0
BRDA:7,1,3,0
BRDA:11,2,0,2
BRDA:11,2,1,0
BRDA:12,3,0,2
BRDA:12,3,1,1
BRDA:17,4,0,0
BRDA:17,4,1,1
BRDA:18,5,0,1
BRDA:18,5,1,1
BRDA:19,6,0,2
BRDA:19,6,1,2
BRDA:20,7,0,0
BRDA:20,7,1,1
BRDA:20,8,0,1
BRDA:20,8,1,1
BRDA:20,8,2,1
BRDA:27,9,0,0
BRDA:27,9,1,1
BRDA:37,10,0,0
BRDA:37,10,1,1
BRDA:39,11,0,0
BRDA:39,11,1,1
BRDA:43,12,0,0
BRDA:43,12,1,1
BRDA:50,13,0,0
BRDA:50,13,1,0
BRDA:54,14,0,0
BRDA:54,14,1,0
BRF:33
BRH:18
end_of_record
TN:
SF:src\plan2d\placeRooms.js
FN:3,snap
FN:22,getBandRatios
FN:35,calcCircBandWidths
FN:77,placeRooms
FN:82,(anonymous_4)
FN:91,(anonymous_5)
FN:106,(anonymous_6)
FN:107,(anonymous_7)
FN:120,(anonymous_8)
FN:124,(anonymous_9)
FN:132,(anonymous_10)
FN:141,(anonymous_11)
FN:152,(anonymous_12)
FN:170,(anonymous_13)
FN:181,(anonymous_14)
FN:182,(anonymous_15)
FN:229,(anonymous_16)
FN:230,(anonymous_17)
FN:231,(anonymous_18)
FN:234,(anonymous_19)
FN:235,(anonymous_20)
FN:236,(anonymous_21)
FN:275,(anonymous_22)
FNF:23
FNH:0
FNDA:0,snap
FNDA:0,getBandRatios
FNDA:0,calcCircBandWidths
FNDA:0,placeRooms
FNDA:0,(anonymous_4)
FNDA:0,(anonymous_5)
FNDA:0,(anonymous_6)
FNDA:0,(anonymous_7)
FNDA:0,(anonymous_8)
FNDA:0,(anonymous_9)
FNDA:0,(anonymous_10)
FNDA:0,(anonymous_11)
FNDA:0,(anonymous_12)
FNDA:0,(anonymous_13)
FNDA:0,(anonymous_14)
FNDA:0,(anonymous_15)
FNDA:0,(anonymous_16)
FNDA:0,(anonymous_17)
FNDA:0,(anonymous_18)
FNDA:0,(anonymous_19)
FNDA:0,(anonymous_20)
FNDA:0,(anonymous_21)
FNDA:0,(anonymous_22)
DA:4,0
DA:7,1
DA:23,0
DA:24,0
DA:25,0
DA:26,0
DA:28,0
DA:29,0
DA:30,0
DA:31,0
DA:36,0
DA:37,0
DA:43,0
DA:44,0
DA:45,0
DA:47,0
DA:48,0
DA:49,0
DA:51,0
DA:52,0
DA:53,0
DA:54,0
DA:55,0
DA:58,0
DA:59,0
DA:60,0
DA:63,0
DA:64,0
DA:65,0
DA:67,0
DA:78,0
DA:79,0
DA:80,0
DA:82,0
DA:90,0
DA:91,0
DA:92,0
DA:102,0
DA:103,0
DA:104,0
DA:106,0
DA:107,0
DA:108,0
DA:109,0
DA:111,0
DA:112,0
DA:113,0
DA:114,0
DA:116,0
DA:117,0
DA:118,0
DA:120,0
DA:121,0
DA:122,0
DA:124,0
DA:125,0
DA:126,0
DA:127,0
DA:128,0
DA:131,0
DA:132,0
DA:133,0
DA:134,0
DA:135,0
DA:136,0
DA:137,0
DA:141,0
DA:142,0
DA:143,0
DA:144,0
DA:146,0
DA:147,0
DA:148,0
DA:149,0
DA:152,0
DA:153,0
DA:154,0
DA:155,0
DA:156,0
DA:157,0
DA:160,0
DA:161,0
DA:162,0
DA:163,0
DA:164,0
DA:165,0
DA:166,0
DA:167,0
DA:170,0
DA:171,0
DA:172,0
DA:173,0
DA:174,0
DA:175,0
DA:178,0
DA:179,0
DA:181,0
DA:182,0
DA:184,0
DA:185,0
DA:186,0
DA:187,0
DA:188,0
DA:189,0
DA:190,0
DA:191,0
DA:194,0
DA:195,0
DA:196,0
DA:197,0
DA:198,0
DA:201,0
DA:202,0
DA:203,0
DA:204,0
DA:205,0
DA:206,0
DA:208,0
DA:209,0
DA:213,0
DA:214,0
DA:215,0
DA:216,0
DA:217,0
DA:218,0
DA:219,0
DA:220,0
DA:224,0
DA:225,0
DA:229,0
DA:230,0
DA:231,0
DA:234,0
DA:235,0
DA:236,0
DA:238,0
DA:239,0
DA:240,0
DA:241,0
DA:242,0
DA:243,0
DA:244,0
DA:245,0
DA:246,0
DA:247,0
DA:248,0
DA:249,0
DA:250,0
DA:251,0
DA:252,0
DA:253,0
DA:254,0
DA:255,0
DA:256,0
DA:257,0
DA:258,0
DA:259,0
DA:262,0
DA:263,0
DA:264,0
DA:265,0
DA:266,0
DA:267,0
DA:268,0
DA:269,0
DA:270,0
DA:271,0
DA:274,0
DA:275,0
DA:276,0
DA:277,0
DA:278,0
DA:279,0
DA:280,0
DA:281,0
DA:282,0
DA:290,0
DA:291,0
DA:292,0
DA:293,0
DA:294,0
DA:295,0
DA:296,0
DA:297,0
DA:300,0
DA:301,0
DA:302,0
DA:309,0
LF:188
LH:1
BRDA:3,0,0,0
BRDA:25,1,0,0
BRDA:25,1,1,0
BRDA:25,2,0,0
BRDA:25,2,1,0
BRDA:25,2,2,0
BRDA:29,3,0,0
BRDA:29,3,1,0
BRDA:30,4,0,0
BRDA:30,4,1,0
BRDA:51,5,0,0
BRDA:51,5,1,0
BRDA:59,6,0,0
BRDA:59,6,1,0
BRDA:82,7,0,0
BRDA:82,7,1,0
BRDA:90,8,0,0
BRDA:90,8,1,0
BRDA:91,9,0,0
BRDA:91,9,1,0
BRDA:97,10,0,0
BRDA:97,10,1,0
BRDA:98,11,0,0
BRDA:98,11,1,0
BRDA:120,12,0,0
BRDA:120,12,1,0
BRDA:127,13,0,0
BRDA:127,13,1,0
BRDA:131,14,0,0
BRDA:131,14,1,0
BRDA:135,15,0,0
BRDA:135,15,1,0
BRDA:136,16,0,0
BRDA:136,16,1,0
BRDA:137,17,0,0
BRDA:137,17,1,0
BRDA:147,18,0,0
BRDA:147,18,1,0
BRDA:153,19,0,0
BRDA:153,19,1,0
BRDA:160,20,0,0
BRDA:160,20,1,0
BRDA:171,21,0,0
BRDA:171,21,1,0
BRDA:188,22,0,0
BRDA:188,22,1,0
BRDA:188,23,0,0
BRDA:188,23,1,0
BRDA:190,24,0,0
BRDA:190,24,1,0
BRDA:194,25,0,0
BRDA:194,25,1,0
BRDA:198,26,0,0
BRDA:198,26,1,0
BRDA:201,27,0,0
BRDA:201,27,1,0
BRDA:204,28,0,0
BRDA:204,28,1,0
BRDA:214,29,0,0
BRDA:214,29,1,0
BRDA:214,30,0,0
BRDA:214,30,1,0
BRDA:214,30,2,0
BRDA:217,31,0,0
BRDA:217,31,1,0
BRDA:224,32,0,0
BRDA:224,32,1,0
BRDA:224,33,0,0
BRDA:224,33,1,0
BRDA:229,34,0,0
BRDA:229,34,1,0
BRDA:229,34,2,0
BRDA:229,34,3,0
BRDA:238,35,0,0
BRDA:238,35,1,0
BRDA:238,36,0,0
BRDA:238,36,1,0
BRDA:238,36,2,0
BRDA:250,37,0,0
BRDA:250,37,1,0
BRDA:250,38,0,0
BRDA:250,38,1,0
BRDA:262,39,0,0
BRDA:262,39,1,0
BRDA:262,40,0,0
BRDA:262,40,1,0
BRDA:262,40,2,0
BRDA:262,40,3,0
BRDA:278,41,0,0
BRDA:278,41,1,0
BRDA:278,42,0,0
BRDA:278,42,1,0
BRDA:281,43,0,0
BRDA:281,43,1,0
BRDA:281,44,0,0
BRDA:281,44,1,0
BRDA:283,45,0,0
BRDA:283,45,1,0
BRDA:292,46,0,0
BRDA:292,46,1,0
BRDA:292,47,0,0
[...]
BRDA:47,14,0,14
BRDA:47,14,1,14
BRDA:49,15,0,0
BRDA:49,15,1,2
BRDA:49,16,0,2
BRDA:49,16,1,2
BRDA:59,17,0,0
BRDA:59,17,1,14
BRDA:72,18,0,0
BRDA:72,18,1,14
BRDA:72,19,0,14
BRDA:72,19,1,14
BRDA:74,20,0,14
BRDA:74,20,1,0
BRDA:75,21,0,0
BRDA:75,21,1,14
BRDA:76,22,0,0
BRDA:76,22,1,14
BRDA:77,23,0,0
BRDA:77,23,1,14
BRDA:80,24,0,0
BRDA:80,24,1,14
BRDA:93,25,0,0
BRDA:93,25,1,42
BRDA:93,26,0,42
BRDA:93,26,1,42
BRDA:108,27,0,0
BRDA:108,27,1,42
BRDA:108,28,0,42
BRDA:108,28,1,14
BRDA:116,29,0,2
BRDA:116,29,1,0
BRDA:116,30,0,2
BRDA:116,30,1,2
BRDA:121,31,0,0
BRDA:121,31,1,2
BRDA:121,32,0,2
BRDA:121,32,1,2
BRDA:128,33,0,1
BRDA:128,33,1,1
BRDA:129,34,0,1
BRDA:129,34,1,1
BRDA:130,35,0,2
BRDA:130,35,1,0
BRDA:131,36,0,1
BRDA:131,36,1,1
BRDA:138,37,0,2
BRDA:138,37,1,0
BRDA:147,38,0,0
BRDA:147,38,1,2
BRF:80
BRH:53
end_of_record
TN:
SF:src\plan2d\promptInterpreter.js
FN:3,parseNum
FN:8,boolFromRegex
FN:12,maxAllIntMatches
FN:14,(anonymous_3)
FN:15,(anonymous_4)
FN:25,buildSpatialGraphFromIntent
FN:28,(anonymous_6)
FN:31,(anonymous_7)
FN:57,interpretPrompt
FN:161,(anonymous_9)
FN:163,(anonymous_10)
FN:230,summarizeInterpreted
FNF:12
FNH:11
FNDA:0,parseNum
FNDA:9,boolFromRegex
FNDA:4,maxAllIntMatches
FNDA:1,(anonymous_3)
FNDA:1,(anonymous_4)
FNDA:1,buildSpatialGraphFromIntent
FNDA:10,(anonymous_6)
FNDA:5,(anonymous_7)
FNDA:1,interpretPrompt
FNDA:2,(anonymous_9)
FNDA:4,(anonymous_10)
FNDA:1,summarizeInterpreted
DA:4,0
DA:5,0
DA:9,9
DA:13,4
DA:14,1
DA:15,1
DA:16,4
DA:27,1
DA:28,1
DA:29,10
DA:31,1
DA:32,5
DA:33,5
DA:34,5
DA:35,5
DA:39,1
DA:40,1
DA:41,1
DA:42,1
DA:43,1
DA:44,1
DA:45,1
DA:46,1
DA:49,1
DA:50,1
DA:51,1
DA:53,1
DA:58,1
DA:59,1
DA:61,1
DA:62,1
DA:68,1
DA:69,1
DA:75,1
DA:76,1
DA:77,4
DA:78,4
DA:79,0
DA:80,0
DA:84,1
DA:85,1
DA:86,0
DA:87,0
DA:88,0
DA:92,1
DA:96,1
DA:99,1
DA:102,1
DA:104,1
DA:107,1
DA:110,1
DA:114,1
DA:118,1
DA:121,1
DA:124,1
DA:128,1
DA:130,1
DA:133,1
DA:134,1
DA:136,1
DA:137,1
DA:138,1
DA:139,1
DA:140,1
DA:141,1
DA:142,1
DA:143,1
DA:144,1
DA:146,1
DA:160,1
DA:161,2
DA:164,4
DA:165,3
DA:166,2
DA:167,1
DA:168,0
DA:172,1
DA:188,1
DA:210,1
DA:231,1
LF:80
LH:72
BRDA:4,0,0,0
BRDA:4,0,1,0
BRDA:5,1,0,0
BRDA:5,1,1,0
BRDA:13,2,0,4
BRDA:13,2,1,0
BRDA:16,3,0,1
BRDA:16,3,1,3
BRDA:29,4,0,5
BRDA:29,4,1,5
BRDA:32,5,0,0
BRDA:32,5,1,5
BRDA:32,6,0,5
BRDA:32,6,1,5
BRDA:43,7,0,0
BRDA:43,7,1,1
BRDA:44,8,0,0
BRDA:44,8,1,1
BRDA:45,9,0,0
BRDA:45,9,1,1
BRDA:46,10,0,0
BRDA:46,10,1,1
BRDA:49,11,0,1
BRDA:49,11,1,0
BRDA:50,12,0,0
BRDA:50,12,1,1
BRDA:51,13,0,0
BRDA:51,13,1,1
BRDA:58,14,0,1
BRDA:58,14,1,0
BRDA:62,15,0,0
BRDA:62,15,1,1
BRDA:78,16,0,0
BRDA:78,16,1,4
BRDA:85,17,0,0
BRDA:85,17,1,1
BRDA:86,18,0,0
BRDA:86,18,1,0
BRDA:87,19,0,0
BRDA:87,19,1,0
BRDA:88,20,0,0
BRDA:88,20,1,0
BRDA:92,21,0,1
BRDA:92,21,1,0
BRDA:96,22,0,1
BRDA:96,22,1,1
BRDA:102,23,0,1
BRDA:102,23,1,1
BRDA:110,24,0,1
BRDA:110,24,1,1
BRDA:114,25,0,1
BRDA:114,25,1,1
BRDA:118,26,0,1
BRDA:118,26,1,1
BRDA:124,27,0,1
BRDA:124,27,1,1
BRDA:128,28,0,1
BRDA:128,28,1,0
BRDA:128,29,0,0
BRDA:128,29,1,0
BRDA:130,30,0,1
BRDA:130,30,1,1
BRDA:131,31,0,0
BRDA:131,31,1,1
BRDA:131,32,0,0
BRDA:131,32,1,1
BRDA:131,33,0,0
BRDA:131,33,1,1
BRDA:133,34,0,1
BRDA:133,34,1,1
BRDA:133,35,0,0
BRDA:133,35,1,1
BRDA:134,36,0,1
BRDA:134,36,1,1
BRDA:134,37,0,0
BRDA:134,37,1,1
BRDA:147,38,0,1
BRDA:147,38,1,0
BRDA:147,39,0,0
BRDA:147,39,1,0
BRDA:150,40,0,0
BRDA:150,40,1,1
BRDA:151,41,0,0
BRDA:151,41,1,1
BRDA:152,42,0,0
BRDA:152,42,1,1
BRDA:153,43,0,0
BRDA:153,43,1,1
BRDA:154,44,0,0
BRDA:154,44,1,1
BRDA:155,45,0,0
BRDA:155,45,1,1
BRDA:156,46,0,0
BRDA:156,46,1,1
BRDA:157,47,0,0
BRDA:157,47,1,1
BRDA:161,48,0,1
BRDA:161,48,1,1
BRDA:162,49,0,1
BRDA:162,49,1,0
BRDA:164,50,0,1
BRDA:164,50,1,3
BRDA:165,51,0,1
BRDA:165,51,1,2
BRDA:166,52,0,1
BRDA:166,52,1,1
BRDA:167,53,0,1
BRDA:167,53,1,0
BRDA:174,54,0,1
BRDA:174,54,1,0
BRDA:181,55,0,1
BRDA:181,55,1,1
BRDA:192,56,0,1
BRDA:192,56,1,0
BRDA:201,57,0,1
BRDA:201,57,1,0
BRF:116
BRH:68
end_of_record
TN:
SF:src\services\geometryServiceClient.js
FN:3,withTimeout
FN:5,(anonymous_1)
FN:6,(anonymous_2)
FN:10,(anonymous_3)
FN:17,geometryLayout
FN:30,(anonymous_5)
FNF:6
FNH:0
FNDA:0,withTimeout
FNDA:0,(anonymous_1)
FNDA:0,(anonymous_2)
FNDA:0,(anonymous_3)
FNDA:0,geometryLayout
FNDA:0,(anonymous_5)
DA:1,1
DA:4,0
DA:5,0
DA:6,0
DA:7,0
DA:8,0
DA:11,0
DA:12,0
DA:18,0
DA:19,0
DA:21,0
DA:22,0
DA:23,0
DA:29,0
DA:30,0
DA:31,0
DA:33,0
DA:35,0
LF:18
LH:1
BRDA:7,0,0,0
BRDA:7,0,1,0
BRDA:12,1,0,0
BRDA:12,1,1,0
BRDA:17,2,0,0
BRDA:18,3,0,0
BRDA:18,3,1,0
BRDA:19,4,0,0
BRDA:19,4,1,0
BRDA:29,5,0,0
BRDA:29,5,1,0
BRF:11
BRH:0
end_of_record
TN:
SF:src\utils\aiClient.js
FN:23,(anonymous_0)
FNF:1
FNH:0
FNDA:0,(anonymous_0)
DA:8,1
DA:9,1
DA:11,1
DA:23,1
DA:24,0
DA:25,0
DA:33,0
DA:35,0
DA:37,0
DA:38,0
DA:40,0
LF:11
LH:4
BRDA:8,0,0,1
BRDA:8,0,1,1
BRDA:9,1,0,1
BRDA:9,1,1,1
BRDA:12,2,0,1
BRDA:12,2,1,1
BRDA:14,3,0,1
BRDA:14,3,1,1
BRDA:23,4,0,0
BRDA:28,5,0,0
BRDA:28,5,1,0
BRDA:33,6,0,0
BRDA:33,6,1,0
BRDA:37,7,0,0
BRDA:37,7,1,0
BRF:15
BRH:8
end_of_record
TN:
SF:src\utils\aiPrompts.js
FNF:0
FNH:0
DA:6,1
LF:1
LH:1
BRF:0
BRH:0
end_of_record
TN:
SF:src\utils\mailer.js
FN:3,(anonymous_0)
FNF:1
FNH:1
FNDA:1,(anonymous_0)
DA:3,1
DA:5,1
DA:13,1
DA:21,1
DA:22,1
DA:23,0
DA:24,0
DA:26,1
DA:27,1
DA:28,1
LF:10
LH:8
BRDA:14,0,0,1
BRDA:14,0,1,1
BRF:2
BRH:2
end_of_record
TN:
SF:src\utils\math.js
FN:4,(anonymous_0)
FNF:1
FNH:1
FNDA:4,(anonymous_0)
DA:4,1
DA:5,4
DA:6,2
DA:7,2
LF:4
LH:4
BRDA:4,0,0,3
BRDA:5,1,0,2
BRDA:5,1,1,2
BRDA:5,2,0,4
BRDA:5,2,1,3
BRF:5
BRH:5
end_of_record
TN:
SF:src\utils\plan2dRenderer.js
FN:3,escapeXml
FN:12,parseColorToHex
FN:19,hexToRgb
FN:30,rgbaFromHex
FN:36,fmtMeters
FN:43,isOpenPlanPair
FN:45,(anonymous_6)
FN:52,collectOpenPlanVerticalJointSegmentsM
FN:54,(anonymous_8)
FN:72,refineOpenPlanJointsWithRoomOverlap
FN:93,(anonymous_10)
FN:99,subtractOneYRange
FN:106,(anonymous_12)
FN:109,subtractOpenPlanJointsFromVerticalSpan
FN:113,(anonymous_14)
FN:115,(anonymous_15)
FN:118,shouldSkipOpenPlanVerticalWall
FN:134,(anonymous_17)
FN:152,isRoom
FN:154,(anonymous_19)
FN:157,furniturePxForRoom
FN:268,renderPlan2DSvg
FN:295,(anonymous_22)
FN:296,(anonymous_23)
FN:297,(anonymous_24)
FN:309,(anonymous_25)
FN:322,(anonymous_26)
FN:330,(anonymous_27)
FN:341,(anonymous_28)
FN:344,(anonymous_29)
FN:364,(anonymous_30)
FN:520,(anonymous_31)
FN:532,bump
FN:541,(anonymous_33)
FN:584,mergeIntervals
FN:586,(anonymous_35)
FN:632,(anonymous_36)
FN:637,(anonymous_37)
FN:689,(anonymous_38)
FN:694,(anonymous_39)
FN:758,doorPathFor
FN:880,(anonymous_41)
FN:884,(anonymous_42)
FN:886,(anonymous_43)
FN:909,(anonymous_44)
FN:915,(anonymous_45)
FN:930,(anonymous_46)
FN:936,(anonymous_47)
FN:952,(anonymous_48)
FN:958,(anonymous_49)
FN:972,(anonymous_50)
FN:978,(anonymous_51)
FN:986,(anonymous_52)
FN:989,(anonymous_53)
FN:994,(anonymous_54)
FNF:55
FNH:41
FNDA:21,escapeXml
FNDA:7,parseColorToHex
FNDA:0,hexToRgb
FNDA:0,rgbaFromHex
FNDA:18,fmtMeters
FNDA:42,isOpenPlanPair
FNDA:84,(anonymous_6)
FNDA:1,collectOpenPlanVerticalJointSegmentsM
FNDA:1,(anonymous_8)
FNDA:1,refineOpenPlanJointsWithRoomOverlap
FNDA:0,(anonymous_10)
FNDA:1,subtractOneYRange
FNDA:0,(anonymous_12)
FNDA:2,subtractOpenPlanJointsFromVerticalSpan
FNDA:1,(anonymous_14)
FNDA:1,(anonymous_15)
FNDA:1,shouldSkipOpenPlanVerticalWall
FNDA:0,(anonymous_17)
FNDA:17,isRoom
FNDA:40,(anonymous_19)
FNDA:7,furniturePxForRoom
FNDA:1,renderPlan2DSvg
FNDA:26,(anonymous_22)
FNDA:23,(anonymous_23)
FNDA:31,(anonymous_24)
FNDA:1,(anonymous_25)
FNDA:28,(anonymous_26)
FNDA:16,(anonymous_27)
FNDA:4,(anonymous_28)
FNDA:8,(anonymous_29)
FNDA:6,(anonymous_30)
FNDA:1,(anonymous_31)
FNDA:454,bump
FNDA:28,(anonymous_33)
FNDA:6,mergeIntervals
FNDA:134,(anonymous_35)
FNDA:7,(anonymous_36)
FNDA:28,(anonymous_37)
FNDA:7,(anonymous_38)
FNDA:28,(anonymous_39)
FNDA:0,doorPathFor
FNDA:7,(anonymous_41)
FNDA:0,(anonymous_42)
FNDA:0,(anonymous_43)
FNDA:0,(anonymous_44)
FNDA:0,(anonymous_45)
FNDA:0,(anonymous_46)
FNDA:0,(anonymous_47)
FNDA:1,(anonymous_48)
FNDA:4,(anonymous_49)
FNDA:0,(anonymous_50)
FNDA:0,(anonymous_51)
FNDA:1,(anonymous_52)
FNDA:3,(anonymous_53)
FNDA:12,(anonymous_54)
DA:4,21
DA:13,7
DA:14,7
DA:15,7
DA:16,7
DA:20,0
DA:21,0
DA:22,0
DA:23,0
DA:31,0
DA:32,0
DA:33,0
DA:37,18
DA:38,18
DA:39,18
DA:40,18
DA:44,42
DA:45,84
DA:46,42
DA:47,42
DA:48,42
DA:49,0
DA:53,1
DA:54,1
DA:55,1
DA:56,1
DA:57,1
DA:58,1
DA:59,1
DA:60,1
DA:61,1
DA:64,1
DA:65,2
DA:66,2
DA:67,2
DA:69,1
DA:73,1
DA:74,1
DA:75,1
DA:77,1
DA:78,1
DA:79,1
DA:80,1
DA:81,1
DA:83,0
DA:86,1
DA:87,1
DA:88,7
DA:89,21
DA:92,1
DA:93,0
DA:94,0
DA:96,1
DA:100,1
DA:101,1
DA:102,1
DA:103,1
DA:104,1
DA:105,1
DA:106,1
DA:110,2
DA:111,2
DA:112,2
DA:113,1
DA:115,2
DA:119,1
DA:120,1
DA:121,7
DA:122,21
DA:123,21
DA:124,21
DA:125,0
DA:126,0
DA:127,0
DA:128,0
DA:129,0
DA:130,0
DA:131,0
DA:132,0
DA:133,0
DA:134,0
DA:135,0
DA:136,0
DA:137,0
DA:138,0
DA:139,0
DA:140,0
DA:141,0
DA:142,0
DA:143,0
DA:145,0
DA:146,0
DA:149,1
DA:153,17
DA:154,40
DA:159,7
DA:160,7
DA:162,7
DA:163,7
DA:164,7
DA:165,7
DA:166,7
DA:169,7
DA:170,3
DA:171,3
DA:172,3
DA:173,3
DA:174,3
DA:175,3
DA:176,3
DA:177,3
DA:178,3
DA:179,3
DA:190,4
DA:191,1
DA:192,1
DA:193,1
DA:194,1
DA:195,1
DA:196,1
DA:204,3
DA:206,1
DA:207,1
DA:208,1
DA:209,1
DA:211,1
DA:212,1
DA:213,1
DA:214,1
DA:215,1
DA:224,2
DA:227,1
DA:228,1
DA:229,1
DA:230,1
DA:232,1
DA:233,1
DA:234,1
DA:235,1
DA:237,1
DA:238,1
DA:239,1
DA:240,1
DA:241,1
DA:250,1
DA:251,0
DA:252,0
DA:253,0
DA:254,0
DA:255,0
DA:256,0
DA:265,1
DA:280,1
DA:281,1
DA:282,1
DA:283,1
DA:285,1
DA:286,1
DA:288,1
DA:289,1
DA:290,1
DA:292,1
DA:293,1
DA:295,26
DA:296,23
DA:297,31
DA:299,1
DA:300,1
DA:301,1
DA:302,1
DA:304,1
DA:309,1
DA:310,1
DA:311,1
DA:312,1
DA:313,1
DA:316,1
DA:317,1
DA:318,7
DA:319,7
DA:320,7
DA:321,7
DA:322,28
DA:324,7
DA:325,7
DA:326,7
DA:327,7
DA:330,1
DA:331,16
DA:332,16
DA:333,15
DA:334,13
DA:335,4
DA:336,0
DA:337,0
DA:338,0
DA:341,1
DA:342,4
DA:345,8
DA:346,8
DA:347,8
DA:348,3
DA:349,3
DA:350,3
DA:357,1
DA:358,1
DA:359,1
DA:360,1
DA:361,1
DA:362,1
DA:364,1
DA:365,6
DA:366,6
DA:367,6
DA:368,6
DA:370,6
DA:371,6
DA:373,6
DA:374,6
DA:376,6
DA:377,6
DA:378,6
DA:379,6
DA:380,6
DA:381,6
DA:382,6
DA:383,6
DA:385,6
DA:386,2
DA:387,2
DA:388,2
DA:389,2
DA:390,2
DA:391,2
DA:392,2
DA:393,2
DA:394,4
DA:395,1
DA:396,1
DA:397,1
DA:398,1
DA:399,1
DA:400,1
DA:401,1
DA:402,1
DA:403,3
DA:404,2
DA:405,2
DA:406,2
DA:407,2
DA:408,2
DA:409,2
DA:410,2
DA:411,2
DA:414,1
DA:415,1
DA:416,1
DA:417,1
DA:418,1
DA:419,1
DA:420,1
DA:421,1
DA:426,6
DA:430,6
DA:431,6
DA:433,6
DA:436,1
DA:437,1
DA:439,4
DA:440,4
DA:441,6
DA:442,6
DA:449,1
DA:452,1
DA:460,1
DA:461,1
DA:462,1
DA:463,1
DA:466,1
DA:479,1
DA:493,1
DA:506,1
DA:520,1
DA:521,1
DA:523,1
DA:528,1
DA:530,1
DA:533,454
DA:536,1
DA:537,7
DA:538,7
DA:539,7
DA:540,7
DA:541,28
DA:543,7
DA:544,7
DA:545,7
DA:546,7
DA:549,7
DA:550,14
DA:551,250
DA:555,7
DA:556,14
DA:557,204
DA:563,1
DA:564,1
DA:566,1
DA:567,314
DA:568,140
DA:569,140
DA:570,78
DA:571,78
DA:572,78
DA:573,78
DA:574,78
DA:576,62
DA:577,62
DA:578,62
DA:579,62
DA:580,62
DA:585,6
DA:586,134
DA:587,6
DA:588,6
DA:589,6
DA:590,134
DA:592,0
DA:593,0
DA:596,6
DA:597,6
DA:600,1
DA:601,1
DA:602,2
DA:603,2
DA:604,2
DA:605,2
DA:607,2
DA:610,2
DA:611,1
DA:612,1
DA:613,1
DA:614,1
DA:615,1
DA:619,1
DA:620,4
DA:621,4
DA:622,4
DA:623,4
DA:624,4
DA:628,1
DA:631,1
DA:633,7
DA:634,7
DA:635,7
DA:636,7
DA:637,28
DA:639,7
DA:640,7
DA:642,7
DA:643,7
DA:644,7
DA:645,7
DA:648,7
DA:650,0
DA:654,0
DA:655,0
DA:656,0
DA:657,0
DA:661,0
DA:662,0
DA:672,7
DA:674,7
DA:675,7
DA:677,7
DA:688,1
DA:690,7
DA:691,7
DA:692,7
DA:693,7
DA:694,28
DA:696,7
DA:697,7
DA:698,7
DA:699,7
DA:700,7
DA:701,7
DA:704,7
DA:705,7
DA:707,7
DA:708,7
DA:709,7
DA:711,7
DA:712,7
DA:713,7
DA:714,7
DA:717,7
DA:719,7
DA:760,0
DA:761,0
DA:762,0
DA:763,0
DA:764,0
DA:765,0
DA:766,0
DA:767,0
DA:771,0
DA:773,0
DA:778,0
DA:779,0
DA:780,0
DA:783,0
DA:784,0
DA:785,0
DA:786,0
DA:787,0
DA:788,0
DA:789,0
DA:790,0
DA:792,0
DA:793,0
DA:795,0
DA:799,0
DA:800,0
DA:801,0
DA:802,0
DA:803,0
DA:804,0
DA:805,0
DA:806,0
DA:807,0
DA:808,0
DA:809,0
DA:810,0
DA:811,0
DA:812,0
DA:813,0
DA:814,0
DA:815,0
DA:816,0
DA:817,0
DA:820,0
DA:821,0
DA:822,0
DA:823,0
DA:825,0
DA:828,0
DA:829,0
DA:836,0
DA:837,0
DA:838,0
DA:839,0
DA:840,0
DA:841,0
DA:842,0
DA:843,0
DA:844,0
DA:845,0
DA:846,0
DA:847,0
DA:848,0
DA:849,0
DA:850,0
DA:851,0
DA:852,0
DA:853,0
DA:854,0
DA:855,0
DA:856,0
DA:857,0
DA:858,0
DA:859,0
DA:862,0
DA:863,0
DA:864,0
DA:865,0
DA:866,0
DA:867,0
DA:868,0
DA:871,0
DA:880,7
DA:882,1
DA:885,0
DA:886,0
DA:887,0
DA:888,0
DA:889,0
DA:890,0
DA:891,0
DA:892,0
DA:893,0
DA:894,0
DA:895,0
DA:901,1
DA:902,1
DA:903,1
DA:904,1
DA:907,1
DA:910,0
DA:911,0
DA:912,0
DA:913,0
DA:914,0
DA:915,0
DA:917,0
DA:928,1
DA:931,0
DA:932,0
DA:933,0
DA:934,0
DA:935,0
DA:936,0
DA:937,0
DA:948,1
DA:950,1
DA:953,1
DA:954,1
DA:955,1
DA:956,1
DA:957,1
DA:958,4
DA:959,1
DA:968,1
DA:970,1
DA:973,0
DA:974,0
DA:975,0
DA:976,0
DA:977,0
DA:978,0
DA:979,0
DA:986,1
DA:987,1
DA:988,1
DA:989,1
DA:990,3
DA:991,3
DA:992,3
DA:993,3
DA:994,12
DA:995,3
DA:996,3
DA:997,3
DA:998,3
DA:999,3
DA:1001,1
DA:1002,1
DA:1003,1
DA:1004,1
DA:1005,1
DA:1006,1
DA:1007,1
DA:1008,1
DA:1009,1
DA:1011,1
DA:1012,0
DA:1013,0
DA:1014,0
DA:1015,0
DA:1016,0
DA:1017,0
DA:1025,1
DA:1026,1
DA:1027,1
DA:1028,1
DA:1029,1
DA:1030,1
DA:1031,1
DA:1032,1
DA:1040,1
DA:1067,1
LF:570
LH:400
BRDA:4,0,0,21
BRDA:4,0,1,0
BRDA:13,1,0,7
BRDA:13,1,1,0
BRDA:15,2,0,0
BRDA:15,2,1,7
BRDA:20,3,0,0
BRDA:20,3,1,0
BRDA:21,4,0,0
BRDA:21,4,1,0
BRDA:32,5,0,0
BRDA:32,5,1,0
BRDA:38,6,0,0
BRDA:38,6,1,18
BRDA:40,7,0,7
BRDA:40,7,1,11
BRDA:44,8,0,0
BRDA:44,8,1,42
BRDA:44,9,0,42
BRDA:44,9,1,42
BRDA:45,10,0,0
BRDA:45,10,1,84
BRDA:48,11,0,42
BRDA:48,11,1,0
BRDA:48,12,0,42
BRDA:48,12,1,0
BRDA:49,13,0,0
BRDA:49,13,1,0
BRDA:59,14,0,0
BRDA:59,14,1,1
BRDA:60,15,0,1
BRDA:60,15,1,0
BRDA:66,16,0,0
BRDA:66,16,1,2
BRDA:67,17,0,1
BRDA:67,17,1,0
BRDA:73,18,0,1
BRDA:73,18,1,0
BRDA:75,19,0,0
BRDA:75,19,1,1
BRDA:80,20,0,1
BRDA:80,20,1,0
BRDA:89,21,0,0
BRDA:89,21,1,21
BRDA:92,22,0,0
BRDA:92,22,1,1
BRDA:92,23,0,1
BRDA:92,23,1,1
BRDA:94,24,0,0
BRDA:94,24,1,0
BRDA:96,25,0,1
BRDA:96,25,1,0
BRDA:99,26,0,1
BRDA:100,27,0,0
BRDA:100,27,1,1
BRDA:101,28,0,0
BRDA:101,28,1,1
BRDA:102,29,0,0
BRDA:102,29,1,1
BRDA:102,30,0,1
BRDA:102,30,1,1
BRDA:104,31,0,0
BRDA:104,31,1,1
BRDA:105,32,0,0
BRDA:105,32,1,1
BRDA:109,33,0,2
BRDA:112,34,0,1
BRDA:112,34,1,1
BRDA:124,35,0,21
BRDA:124,35,1,0
BRDA:133,36,0,0
BRDA:133,36,1,0
BRDA:137,37,0,0
BRDA:137,37,1,0
BRDA:138,38,0,0
BRDA:138,38,1,0
BRDA:141,39,0,0
BRDA:141,39,1,0
BRDA:143,40,0,0
BRDA:143,40,1,0
BRDA:145,41,0,0
BRDA:145,41,1,0
BRDA:146,42,0,0
BRDA:146,42,1,0
BRDA:153,43,0,17
BRDA:153,43,1,0
BRDA:160,44,0,0
BRDA:160,44,1,7
BRDA:169,45,0,3
BRDA:169,45,1,4
BRDA:174,46,0,3
BRDA:174,46,1,2
BRDA:174,47,0,3
BRDA:174,47,1,0
BRDA:174,48,0,2
BRDA:174,48,1,0
BRDA:176,49,0,1
BRDA:176,49,1,2
BRDA:185,50,0,1
BRDA:185,50,1,2
BRDA:190,51,0,1
BRDA:190,51,1,3
BRDA:204,52,0,1
BRDA:204,52,1,2
BRDA:224,53,0,1
BRDA:224,53,1,1
BRDA:250,54,0,0
BRDA:250,54,1,1
BRDA:270,55,0,0
BRDA:271,56,0,1
BRDA:272,57,0,1
BRDA:273,58,0,1
BRDA:274,59,0,0
BRDA:275,60,0,0
BRDA:277,61,0,1
BRDA:282,62,0,1
BRDA:282,62,1,0
BRDA:283,63,0,0
BRDA:283,63,1,1
BRDA:283,64,0,1
BRDA:283,64,1,0
BRDA:285,65,0,1
BRDA:285,65,1,0
BRDA:286,66,0,1
BRDA:286,66,1,0
BRDA:288,67,0,1
BRDA:288,67,1,0
BRDA:299,68,0,1
BRDA:299,68,1,0
BRDA:300,69,0,1
BRDA:300,69,1,0
BRDA:301,70,0,1
BRDA:301,70,1,0
BRDA:302,71,0,1
BRDA:302,71,1,0
BRDA:310,72,0,0
BRDA:310,72,1,1
BRDA:322,73,0,0
BRDA:322,73,1,7
BRDA:324,74,0,3
BRDA:324,74,1,4
BRDA:325,75,0,1
BRDA:325,75,1,6
BRDA:326,76,0,4
BRDA:326,76,1,3
BRDA:327,77,0,1
BRDA:327,77,1,6
BRDA:331,78,0,16
BRDA:331,78,1,0
BRDA:332,79,0,1
BRDA:332,79,1,15
BRDA:332,80,0,16
BRDA:332,80,1,15
BRDA:332,80,2,15
BRDA:332,80,3,15
BRDA:333,81,0,2
BRDA:333,81,1,13
BRDA:333,82,0,15
BRDA:333,82,1,13
BRDA:334,83,0,9
BRDA:334,83,1,4
BRDA:334,84,0,13
BRDA:334,84,1,4
BRDA:335,85,0,4
BRDA:335,85,1,0
BRDA:335,86,0,4
BRDA:335,86,1,0
BRDA:335,86,2,0
BRDA:336,87,0,0
BRDA:336,87,1,0
BRDA:336,88,0,0
BRDA:336,88,1,0
BRDA:337,89,0,0
BRDA:337,89,1,0
BRDA:337,90,0,0
BRDA:337,90,1,0
BRDA:337,90,2,0
BRDA:341,91,0,0
BRDA:347,92,0,5
BRDA:347,92,1,3
BRDA:370,93,0,3
BRDA:370,93,1,3
BRDA:370,94,0,6
BRDA:370,94,1,4
BRDA:371,95,0,3
BRDA:371,95,1,3
BRDA:371,96,0,6
BRDA:371,96,1,5
BRDA:385,97,0,2
BRDA:385,97,1,4
BRDA:394,98,0,1
BRDA:394,98,1,3
BRDA:403,99,0,2
BRDA:403,99,1,1
BRDA:426,100,0,3
BRDA:426,100,1,3
BRDA:426,101,0,6
BRDA:426,101,1,4
BRDA:439,102,0,1
BRDA:439,102,1,3
BRDA:521,103,0,0
BRDA:521,103,1,1
BRDA:533,104,0,454
BRDA:533,104,1,314
BRDA:541,105,0,0
BRDA:541,105,1,7
BRDA:567,106,0,174
BRDA:567,106,1,140
BRDA:569,107,0,78
BRDA:569,107,1,62
BRDA:573,108,0,2
BRDA:573,108,1,76
BRDA:579,109,0,4
BRDA:579,109,1,58
BRDA:585,110,0,0
BRDA:585,110,1,6
BRDA:590,111,0,134
BRDA:590,111,1,0
BRDA:607,112,0,2
BRDA:607,112,1,0
BRDA:611,113,0,0
BRDA:611,113,1,1
BRDA:637,114,0,0
BRDA:637,114,1,7
BRDA:639,115,0,7
BRDA:639,115,1,0
BRDA:640,116,0,7
BRDA:640,116,1,0
BRDA:648,117,0,0
BRDA:648,117,1,7
BRDA:650,118,0,0
BRDA:650,118,1,0
BRDA:661,119,0,0
BRDA:661,119,1,0
BRDA:672,120,0,7
BRDA:672,120,1,0
BRDA:674,121,0,7
BRDA:674,121,1,0
BRDA:675,122,0,7
BRDA:675,122,1,0
BRDA:680,123,0,7
BRDA:680,123,1,0
BRDA:680,124,0,7
BRDA:680,124,1,0
BRDA:682,125,0,6
BRDA:682,125,1,1
BRDA:694,126,0,0
BRDA:694,126,1,7
BRDA:704,127,0,0
BRDA:704,127,1,7
BRDA:705,128,0,0
BRDA:705,128,1,7
BRDA:705,129,0,7
BRDA:705,129,1,7
BRDA:705,129,2,7
BRDA:707,130,0,7
BRDA:707,130,1,0
BRDA:708,131,0,7
BRDA:708,131,1,0
BRDA:709,132,0,7
BRDA:709,132,1,0
BRDA:717,133,0,7
BRDA:717,133,1,0
BRDA:722,134,0,7
BRDA:722,134,1,0
BRDA:760,135,0,0
BRDA:760,135,1,0
BRDA:771,136,0,0
BRDA:771,136,1,0
BRDA:773,137,0,0
BRDA:773,137,1,0
BRDA:773,137,2,0
BRDA:773,137,3,0
BRDA:773,137,4,0
BRDA:778,138,0,0
BRDA:778,138,1,0
BRDA:779,139,0,0
BRDA:779,139,1,0
BRDA:779,140,0,0
BRDA:779,140,1,0
BRDA:783,141,0,0
BRDA:783,141,1,0
BRDA:783,142,0,0
BRDA:783,142,1,0
BRDA:788,143,0,0
BRDA:788,143,1,0
BRDA:803,144,0,0
BRDA:803,144,1,0
BRDA:808,145,0,0
BRDA:808,145,1,0
BRDA:813,146,0,0
BRDA:813,146,1,0
BRDA:828,147,0,0
BRDA:828,147,1,0
BRDA:828,148,0,0
BRDA:828,148,1,0
BRDA:836,149,0,0
BRDA:836,149,1,0
BRDA:837,150,0,0
BRDA:837,150,1,0
BRDA:839,151,0,0
BRDA:839,151,1,0
BRDA:842,152,0,0
BRDA:842,152,1,0
BRDA:844,153,0,0
BRDA:844,153,1,0
BRDA:845,154,0,0
BRDA:845,154,1,0
BRDA:847,155,0,0
BRDA:847,155,1,0
BRDA:850,156,0,0
BRDA:850,156,1,0
BRDA:852,157,0,0
BRDA:852,157,1,0
BRDA:854,158,0,0
BRDA:854,158,1,0
BRDA:855,159,0,0
BRDA:855,159,1,0
BRDA:858,160,0,0
BRDA:858,160,1,0
BRDA:863,161,0,0
BRDA:863,161,1,0
BRDA:864,162,0,0
BRDA:864,162,1,0
BRDA:867,163,0,0
BRDA:867,163,1,0
BRDA:880,164,0,7
BRDA:880,164,1,0
BRDA:882,165,0,0
BRDA:882,165,1,1
BRDA:882,166,0,1
BRDA:882,166,1,0
BRDA:885,167,0,0
BRDA:885,167,1,0
BRDA:886,168,0,0
BRDA:886,168,1,0
BRDA:886,169,0,0
BRDA:886,169,1,0
BRDA:887,170,0,0
BRDA:887,170,1,0
BRDA:890,171,0,0
BRDA:890,171,1,0
BRDA:891,172,0,0
BRDA:891,172,1,0
BRDA:891,173,0,0
BRDA:891,173,1,0
BRDA:892,174,0,0
BRDA:892,174,1,0
BRDA:893,175,0,0
BRDA:893,175,1,0
BRDA:894,176,0,0
BRDA:894,176,1,0
BRDA:894,177,0,0
BRDA:894,177,1,0
BRDA:901,178,0,1
BRDA:901,178,1,0
BRDA:902,179,0,1
BRDA:902,179,1,0
BRDA:903,180,0,1
BRDA:903,180,1,0
BRDA:904,181,0,1
BRDA:904,181,1,0
BRDA:907,182,0,0
BRDA:907,182,1,1
BRDA:907,183,0,1
BRDA:907,183,1,1
BRDA:910,184,0,0
BRDA:910,184,1,0
BRDA:915,185,0,0
BRDA:915,185,1,0
BRDA:928,186,0,0
BRDA:928,186,1,1
BRDA:928,187,0,1
BRDA:928,187,1,1
BRDA:931,188,0,0
BRDA:931,188,1,0
BRDA:936,189,0,0
BRDA:936,189,1,0
BRDA:950,190,0,1
BRDA:950,190,1,0
BRDA:950,191,0,1
BRDA:950,191,1,1
BRDA:953,192,0,1
BRDA:953,192,1,0
BRDA:953,192,2,0
BRDA:958,193,0,0
BRDA:958,193,1,1
BRDA:970,194,0,0
BRDA:970,194,1,1
BRDA:970,195,0,1
BRDA:970,195,1,1
BRDA:973,196,0,0
BRDA:973,196,1,0
BRDA:973,196,2,0
BRDA:978,197,0,0
BRDA:978,197,1,0
BRDA:987,198,0,0
BRDA:987,198,1,1
BRDA:994,199,0,0
BRDA:994,199,1,3
BRDA:995,200,0,3
BRDA:995,200,1,0
BRDA:996,201,0,3
BRDA:996,201,1,3
BRDA:999,202,0,3
BRDA:999,202,1,1
BRDA:999,202,2,1
BRDA:1001,203,0,0
BRDA:1001,203,1,1
BRDA:1011,204,0,0
BRDA:1011,204,1,1
BRF:411
BRH:187
end_of_record
